Baseline Output:
[  5]   0.00-20.00  sec  12.7 MBytes  5.35 Mbits/sec  446             sender
[  5]   0.00-21.89  sec  6.00 MBytes  2.30 Mbits/sec                  receiver
[  7]   0.00-20.00  sec  10.6 MBytes  4.45 Mbits/sec  412             sender
[  7]   0.00-21.89  sec  6.98 MBytes  2.68 Mbits/sec                  receiver
[  9]   0.00-20.00  sec  10.5 MBytes  4.42 Mbits/sec  471             sender
[  9]   0.00-21.89  sec  7.77 MBytes  2.98 Mbits/sec                  receiver
[SUM]   0.00-20.00  sec  33.9 MBytes  14.2 Mbits/sec  1329             sender
[SUM]   0.00-21.89  sec  20.7 MBytes  7.95 Mbits/sec                  receiver
[  5]   0.00-20.00  sec  12.4 MBytes  5.21 Mbits/sec  500             sender
[  5]   0.00-21.83  sec  7.67 MBytes  2.95 Mbits/sec                  receiver
[  7]   0.00-20.00  sec  12.6 MBytes  5.29 Mbits/sec  472             sender
[  7]   0.00-21.83  sec  7.53 MBytes  2.89 Mbits/sec                  receiver
[  9]   0.00-20.00  sec  11.6 MBytes  4.85 Mbits/sec  413             sender
[  9]   0.00-21.83  sec  6.90 MBytes  2.65 Mbits/sec                  receiver
[SUM]   0.00-20.00  sec  36.6 MBytes  15.4 Mbits/sec  1385             sender
[SUM]   0.00-21.83  sec  22.1 MBytes  8.49 Mbits/sec                  receiver
[  5]   0.00-20.00  sec  12.4 MBytes  5.21 Mbits/sec  495             sender
[  5]   0.00-22.56  sec  8.50 MBytes  3.16 Mbits/sec                  receiver
[  7]   0.00-20.00  sec  11.6 MBytes  4.85 Mbits/sec  464             sender
[  7]   0.00-22.56  sec  7.66 MBytes  2.85 Mbits/sec                  receiver
[  9]   0.00-20.00  sec  10.3 MBytes  4.33 Mbits/sec  405             sender
[  9]   0.00-22.56  sec  7.72 MBytes  2.87 Mbits/sec                  receiver
[SUM]   0.00-20.00  sec  34.3 MBytes  14.4 Mbits/sec  1364             sender
[SUM]   0.00-22.56  sec  23.9 MBytes  8.88 Mbits/sec                  receiver
[  5]   0.00-20.00  sec  10.9 MBytes  4.58 Mbits/sec  407             sender
[  5]   0.00-21.73  sec  7.87 MBytes  3.04 Mbits/sec                  receiver
[  7]   0.00-20.00  sec  12.2 MBytes  5.13 Mbits/sec  485             sender
[  7]   0.00-21.73  sec  8.38 MBytes  3.23 Mbits/sec                  receiver
[  9]   0.00-20.00  sec  11.4 MBytes  4.77 Mbits/sec  497             sender
[  9]   0.00-21.73  sec  7.70 MBytes  2.97 Mbits/sec                  receiver
[SUM]   0.00-20.00  sec  34.5 MBytes  14.5 Mbits/sec  1389             sender
[SUM]   0.00-21.73  sec  23.9 MBytes  9.24 Mbits/sec                  receiver
[  5]   0.00-20.00  sec  10.7 MBytes  4.51 Mbits/sec  295             sender
[  5]   0.00-23.13  sec  6.31 MBytes  2.29 Mbits/sec                  receiver
[  7]   0.00-20.00  sec  11.0 MBytes  4.59 Mbits/sec  298             sender
[  7]   0.00-23.13  sec  6.59 MBytes  2.39 Mbits/sec                  receiver
[  9]   0.00-20.00  sec  12.2 MBytes  5.11 Mbits/sec  351             sender
[  9]   0.00-23.13  sec  6.31 MBytes  2.29 Mbits/sec                  receiver
[SUM]   0.00-20.00  sec  33.9 MBytes  14.2 Mbits/sec  944             sender
[SUM]   0.00-23.13  sec  19.2 MBytes  6.97 Mbits/sec                  receiver
[  5]   0.00-20.00  sec  11.5 MBytes  4.82 Mbits/sec  418             sender
[  5]   0.00-21.96  sec  7.37 MBytes  2.82 Mbits/sec                  receiver
[  7]   0.00-20.00  sec  11.5 MBytes  4.82 Mbits/sec  457             sender
[  7]   0.00-21.96  sec  7.14 MBytes  2.73 Mbits/sec                  receiver
[  9]   0.00-20.00  sec  11.5 MBytes  4.83 Mbits/sec  425             sender
[  9]   0.00-21.96  sec  7.62 MBytes  2.91 Mbits/sec                  receiver
[SUM]   0.00-20.00  sec  34.5 MBytes  14.5 Mbits/sec  1300             sender
[SUM]   0.00-21.96  sec  22.1 MBytes  8.45 Mbits/sec                  receiver
[  5]   0.00-20.00  sec  11.5 MBytes  4.81 Mbits/sec  440             sender
[  5]   0.00-21.89  sec  8.04 MBytes  3.08 Mbits/sec                  receiver
[  7]   0.00-20.00  sec  11.5 MBytes  4.82 Mbits/sec  439             sender
[  7]   0.00-21.89  sec  7.92 MBytes  3.04 Mbits/sec                  receiver
[  9]   0.00-20.00  sec  11.6 MBytes  4.88 Mbits/sec  523             sender
[  9]   0.00-21.89  sec  8.24 MBytes  3.16 Mbits/sec                  receiver
[SUM]   0.00-20.00  sec  34.6 MBytes  14.5 Mbits/sec  1402             sender
[SUM]   0.00-21.89  sec  24.2 MBytes  9.28 Mbits/sec                  receiver
[  5]   0.00-20.00  sec  11.9 MBytes  4.98 Mbits/sec  511             sender
[  5]   0.00-21.92  sec  8.79 MBytes  3.36 Mbits/sec                  receiver
[  7]   0.00-20.00  sec  10.9 MBytes  4.58 Mbits/sec  375             sender
[  7]   0.00-21.92  sec  6.77 MBytes  2.59 Mbits/sec                  receiver
[  9]   0.00-20.00  sec  11.0 MBytes  4.63 Mbits/sec  434             sender
[  9]   0.00-21.92  sec  6.32 MBytes  2.42 Mbits/sec                  receiver
[SUM]   0.00-20.00  sec  33.8 MBytes  14.2 Mbits/sec  1320             sender
[SUM]   0.00-21.92  sec  21.9 MBytes  8.37 Mbits/sec                  receiver
[  5]   0.00-20.00  sec  11.4 MBytes  4.79 Mbits/sec  427             sender
[  5]   0.00-21.91  sec  6.87 MBytes  2.63 Mbits/sec                  receiver
[  7]   0.00-20.00  sec  11.6 MBytes  4.88 Mbits/sec  465             sender
[  7]   0.00-21.91  sec  7.93 MBytes  3.03 Mbits/sec                  receiver
[  9]   0.00-20.00  sec  11.5 MBytes  4.82 Mbits/sec  493             sender
[  9]   0.00-21.91  sec  7.85 MBytes  3.01 Mbits/sec                  receiver
[SUM]   0.00-20.00  sec  34.5 MBytes  14.5 Mbits/sec  1385             sender
[SUM]   0.00-21.91  sec  22.6 MBytes  8.67 Mbits/sec                  receiver
[  5]   0.00-20.00  sec  11.4 MBytes  4.79 Mbits/sec  463             sender
[  5]   0.00-21.95  sec  8.30 MBytes  3.17 Mbits/sec                  receiver
[  7]   0.00-20.00  sec  11.4 MBytes  4.79 Mbits/sec  420             sender
[  7]   0.00-21.95  sec  7.76 MBytes  2.97 Mbits/sec                  receiver
[  9]   0.00-20.00  sec  11.4 MBytes  4.79 Mbits/sec  480             sender
[  9]   0.00-21.95  sec  8.23 MBytes  3.15 Mbits/sec                  receiver
[SUM]   0.00-20.00  sec  34.3 MBytes  14.4 Mbits/sec  1363             sender
[SUM]   0.00-21.95  sec  24.3 MBytes  9.29 Mbits/sec                  receiver
[  5]   0.00-20.00  sec  13.9 MBytes  5.82 Mbits/sec  252             sender
[  5]   0.00-22.14  sec  7.02 MBytes  2.66 Mbits/sec                  receiver
[  7]   0.00-20.00  sec  12.7 MBytes  5.32 Mbits/sec  386             sender
[  7]   0.00-22.14  sec  6.38 MBytes  2.42 Mbits/sec                  receiver
[  9]   0.00-20.00  sec  7.93 MBytes  3.32 Mbits/sec   78             sender
[  9]   0.00-22.14  sec  5.18 MBytes  1.96 Mbits/sec                  receiver
[SUM]   0.00-20.00  sec  34.5 MBytes  14.5 Mbits/sec  716             sender
[SUM]   0.00-22.14  sec  18.6 MBytes  7.04 Mbits/sec                  receiver
[  5]   0.00-20.00  sec  10.2 MBytes  4.27 Mbits/sec  427             sender
[  5]   0.00-22.05  sec  7.09 MBytes  2.70 Mbits/sec                  receiver
[  7]   0.00-20.00  sec  11.4 MBytes  4.80 Mbits/sec  466             sender
[  7]   0.00-22.05  sec  7.52 MBytes  2.86 Mbits/sec                  receiver
[  9]   0.00-20.00  sec  11.6 MBytes  4.88 Mbits/sec  431             sender
[  9]   0.00-22.05  sec  6.40 MBytes  2.43 Mbits/sec                  receiver
[SUM]   0.00-20.00  sec  33.3 MBytes  13.9 Mbits/sec  1324             sender
[SUM]   0.00-22.05  sec  21.0 MBytes  7.99 Mbits/sec                  receiver
[  5]   0.00-20.00  sec  11.4 MBytes  4.80 Mbits/sec  417             sender
[  5]   0.00-21.96  sec  5.65 MBytes  2.16 Mbits/sec                  receiver
[  7]   0.00-20.00  sec  11.4 MBytes  4.79 Mbits/sec  458             sender
[  7]   0.00-21.96  sec  7.88 MBytes  3.01 Mbits/sec                  receiver
[  9]   0.00-20.00  sec  11.5 MBytes  4.82 Mbits/sec  510             sender
[  9]   0.00-21.96  sec  8.38 MBytes  3.20 Mbits/sec                  receiver
[SUM]   0.00-20.00  sec  34.4 MBytes  14.4 Mbits/sec  1385             sender
[SUM]   0.00-21.96  sec  21.9 MBytes  8.37 Mbits/sec                  receiver
[  5]   0.00-20.00  sec  10.2 MBytes  4.27 Mbits/sec  386             sender
[  5]   0.00-22.14  sec  6.68 MBytes  2.53 Mbits/sec                  receiver
[  7]   0.00-20.00  sec  11.4 MBytes  4.79 Mbits/sec  452             sender
[  7]   0.00-22.14  sec  6.98 MBytes  2.64 Mbits/sec                  receiver
[  9]   0.00-20.00  sec  12.7 MBytes  5.34 Mbits/sec  525             sender
[  9]   0.00-22.14  sec  7.42 MBytes  2.81 Mbits/sec                  receiver
[SUM]   0.00-20.00  sec  34.3 MBytes  14.4 Mbits/sec  1363             sender
[SUM]   0.00-22.14  sec  21.1 MBytes  7.99 Mbits/sec                  receiver
[  5]   0.00-20.00  sec  11.4 MBytes  4.79 Mbits/sec  342             sender
[  5]   0.00-21.96  sec  6.57 MBytes  2.51 Mbits/sec                  receiver
[  7]   0.00-20.00  sec  11.4 MBytes  4.79 Mbits/sec  458             sender
[  7]   0.00-21.96  sec  7.89 MBytes  3.01 Mbits/sec                  receiver
[  9]   0.00-20.00  sec  11.9 MBytes  5.00 Mbits/sec  515             sender
[  9]   0.00-21.96  sec  8.35 MBytes  3.19 Mbits/sec                  receiver
[SUM]   0.00-20.00  sec  34.8 MBytes  14.6 Mbits/sec  1315             sender
[SUM]   0.00-21.96  sec  22.8 MBytes  8.71 Mbits/sec                  receiver
[  5]   0.00-20.00  sec  11.2 MBytes  4.70 Mbits/sec  422             sender
[  5]   0.00-25.39  sec  6.83 MBytes  2.26 Mbits/sec                  receiver
[  7]   0.00-20.00  sec  11.5 MBytes  4.80 Mbits/sec  350             sender
[  7]   0.00-25.39  sec  5.97 MBytes  1.97 Mbits/sec                  receiver
[  9]   0.00-20.00  sec  11.6 MBytes  4.86 Mbits/sec  310             sender
[  9]   0.00-25.39  sec  6.33 MBytes  2.09 Mbits/sec                  receiver
[SUM]   0.00-20.00  sec  34.2 MBytes  14.4 Mbits/sec  1082             sender
[SUM]   0.00-25.39  sec  19.1 MBytes  6.32 Mbits/sec                  receiver
[  5]   0.00-20.00  sec  11.4 MBytes  4.79 Mbits/sec  455             sender
[  5]   0.00-21.92  sec  7.31 MBytes  2.80 Mbits/sec                  receiver
[  7]   0.00-20.00  sec  10.2 MBytes  4.27 Mbits/sec  405             sender
[  7]   0.00-21.92  sec  7.64 MBytes  2.92 Mbits/sec                  receiver
[  9]   0.00-20.00  sec  11.4 MBytes  4.79 Mbits/sec  481             sender
[  9]   0.00-21.92  sec  8.16 MBytes  3.12 Mbits/sec                  receiver
[SUM]   0.00-20.00  sec  33.0 MBytes  13.9 Mbits/sec  1341             sender
[SUM]   0.00-21.92  sec  23.1 MBytes  8.84 Mbits/sec                  receiver
[  5]   0.00-20.00  sec  10.4 MBytes  4.38 Mbits/sec  103             sender
[  5]   0.00-21.94  sec  7.81 MBytes  2.99 Mbits/sec                  receiver
[  7]   0.00-20.00  sec  10.6 MBytes  4.43 Mbits/sec  433             sender
[  7]   0.00-21.94  sec  7.51 MBytes  2.87 Mbits/sec                  receiver
[  9]   0.00-20.00  sec  11.9 MBytes  4.98 Mbits/sec  498             sender
[  9]   0.00-21.94  sec  7.90 MBytes  3.02 Mbits/sec                  receiver
[SUM]   0.00-20.00  sec  32.9 MBytes  13.8 Mbits/sec  1034             sender
[SUM]   0.00-21.94  sec  23.2 MBytes  8.88 Mbits/sec                  receiver
[  5]   0.00-20.00  sec  11.4 MBytes  4.77 Mbits/sec  488             sender
[  5]   0.00-21.87  sec  8.45 MBytes  3.24 Mbits/sec                  receiver
[  7]   0.00-20.00  sec  12.5 MBytes  5.24 Mbits/sec  491             sender
[  7]   0.00-21.87  sec  7.79 MBytes  2.99 Mbits/sec                  receiver
[  9]   0.00-20.00  sec  11.4 MBytes  4.80 Mbits/sec  414             sender
[  9]   0.00-21.87  sec  7.70 MBytes  2.95 Mbits/sec                  receiver
[SUM]   0.00-20.00  sec  35.3 MBytes  14.8 Mbits/sec  1393             sender
[SUM]   0.00-21.87  sec  23.9 MBytes  9.18 Mbits/sec                  receiver
[  5]   0.00-20.00  sec  12.2 MBytes  5.13 Mbits/sec  486             sender
[  5]   0.00-21.82  sec  6.81 MBytes  2.62 Mbits/sec                  receiver
[  7]   0.00-20.00  sec  11.5 MBytes  4.82 Mbits/sec  488             sender
[  7]   0.00-21.82  sec  7.77 MBytes  2.99 Mbits/sec                  receiver
[  9]   0.00-20.00  sec  10.3 MBytes  4.33 Mbits/sec  403             sender
[  9]   0.00-21.82  sec  6.99 MBytes  2.69 Mbits/sec                  receiver
[SUM]   0.00-20.00  sec  34.1 MBytes  14.3 Mbits/sec  1377             sender
[SUM]   0.00-21.82  sec  21.6 MBytes  8.29 Mbits/sec                  receiver
Failover Output:
[  5]   0.00-20.00  sec  10.3 MBytes  4.32 Mbits/sec  108             sender
[  5]   0.00-22.60  sec  5.48 MBytes  2.03 Mbits/sec                  receiver
[  7]   0.00-20.00  sec  12.8 MBytes  5.37 Mbits/sec  849             sender
[  7]   0.00-22.60  sec  8.49 MBytes  3.15 Mbits/sec                  receiver
[  9]   0.00-20.00  sec  10.3 MBytes  4.32 Mbits/sec   28             sender
[  9]   0.00-22.60  sec  5.46 MBytes  2.03 Mbits/sec                  receiver
[SUM]   0.00-20.00  sec  33.4 MBytes  14.0 Mbits/sec  985             sender
[SUM]   0.00-22.60  sec  19.4 MBytes  7.21 Mbits/sec                  receiver
[  5]   0.00-20.00  sec  12.5 MBytes  5.24 Mbits/sec  986             sender
[  5]   0.00-22.60  sec  7.39 MBytes  2.74 Mbits/sec                  receiver
[  7]   0.00-20.00  sec  12.6 MBytes  5.29 Mbits/sec  865             sender
[  7]   0.00-22.60  sec  7.98 MBytes  2.96 Mbits/sec                  receiver
[  9]   0.00-20.00  sec  10.3 MBytes  4.30 Mbits/sec   15             sender
[  9]   0.00-22.60  sec  5.55 MBytes  2.06 Mbits/sec                  receiver
[SUM]   0.00-20.00  sec  35.4 MBytes  14.8 Mbits/sec  1866             sender
[SUM]   0.00-22.60  sec  20.9 MBytes  7.77 Mbits/sec                  receiver
[  5]   0.00-20.00  sec  12.6 MBytes  5.29 Mbits/sec  994             sender
[  5]   0.00-22.90  sec  8.31 MBytes  3.04 Mbits/sec                  receiver
[  7]   0.00-20.00  sec  11.4 MBytes  4.76 Mbits/sec  858             sender
[  7]   0.00-22.90  sec  7.16 MBytes  2.62 Mbits/sec                  receiver
[  9]   0.00-20.00  sec  11.0 MBytes  4.61 Mbits/sec   63             sender
[  9]   0.00-22.90  sec  5.60 MBytes  2.05 Mbits/sec                  receiver
[SUM]   0.00-20.00  sec  35.0 MBytes  14.7 Mbits/sec  1915             sender
[SUM]   0.00-22.90  sec  21.1 MBytes  7.72 Mbits/sec                  receiver
[  5]   0.00-20.00  sec  10.2 MBytes  4.27 Mbits/sec  168             sender
[  5]   0.00-21.82  sec  5.81 MBytes  2.23 Mbits/sec                  receiver
[  7]   0.00-20.00  sec  12.7 MBytes  5.32 Mbits/sec  866             sender
[  7]   0.00-21.82  sec  8.76 MBytes  3.37 Mbits/sec                  receiver
[  9]   0.00-20.00  sec  11.4 MBytes  4.79 Mbits/sec   15             sender
[  9]   0.00-21.82  sec  5.83 MBytes  2.24 Mbits/sec                  receiver
[SUM]   0.00-20.00  sec  34.3 MBytes  14.4 Mbits/sec  1049             sender
[SUM]   0.00-21.82  sec  20.4 MBytes  7.84 Mbits/sec                  receiver
[  5]   0.00-20.00  sec  11.4 MBytes  4.79 Mbits/sec   76             sender
[  5]   0.00-21.90  sec  5.74 MBytes  2.20 Mbits/sec                  receiver
[  7]   0.00-20.00  sec  12.8 MBytes  5.38 Mbits/sec  835             sender
[  7]   0.00-21.90  sec  8.73 MBytes  3.34 Mbits/sec                  receiver
[  9]   0.00-20.00  sec  11.4 MBytes  4.79 Mbits/sec  206             sender
[  9]   0.00-21.90  sec  5.97 MBytes  2.28 Mbits/sec                  receiver
[SUM]   0.00-20.00  sec  35.7 MBytes  15.0 Mbits/sec  1117             sender
[SUM]   0.00-21.90  sec  20.4 MBytes  7.82 Mbits/sec                  receiver
[  5]   0.00-20.00  sec  14.0 MBytes  5.87 Mbits/sec  1023             sender
[  5]   0.00-22.03  sec  8.90 MBytes  3.39 Mbits/sec                  receiver
[  7]   0.00-20.00  sec  10.6 MBytes  4.43 Mbits/sec  175             sender
[  7]   0.00-22.03  sec  5.46 MBytes  2.08 Mbits/sec                  receiver
[  9]   0.00-20.00  sec  10.3 MBytes  4.32 Mbits/sec   25             sender
[  9]   0.00-22.03  sec  5.46 MBytes  2.08 Mbits/sec                  receiver
[SUM]   0.00-20.00  sec  34.9 MBytes  14.6 Mbits/sec  1223             sender
[SUM]   0.00-22.03  sec  19.8 MBytes  7.55 Mbits/sec                  receiver
[  5]   0.00-20.00  sec  11.4 MBytes  4.80 Mbits/sec  835             sender
[  5]   0.00-22.50  sec  7.67 MBytes  2.86 Mbits/sec                  receiver
[  7]   0.00-20.00  sec  11.5 MBytes  4.82 Mbits/sec   31             sender
[  7]   0.00-22.50  sec  5.69 MBytes  2.12 Mbits/sec                  receiver
[  9]   0.00-20.00  sec  12.8 MBytes  5.38 Mbits/sec  976             sender
[  9]   0.00-22.50  sec  7.14 MBytes  2.66 Mbits/sec                  receiver
[SUM]   0.00-20.00  sec  35.7 MBytes  15.0 Mbits/sec  1842             sender
[SUM]   0.00-22.50  sec  20.5 MBytes  7.64 Mbits/sec                  receiver
[  5]   0.00-20.00  sec  12.7 MBytes  5.35 Mbits/sec  909             sender
[  5]   0.00-21.92  sec  8.80 MBytes  3.37 Mbits/sec                  receiver
[  7]   0.00-20.00  sec  11.4 MBytes  4.80 Mbits/sec  205             sender
[  7]   0.00-21.92  sec  6.03 MBytes  2.31 Mbits/sec                  receiver
[  9]   0.00-20.00  sec  7.55 MBytes  3.16 Mbits/sec   21             sender
[  9]   0.00-21.92  sec  5.33 MBytes  2.04 Mbits/sec                  receiver
[SUM]   0.00-20.00  sec  31.7 MBytes  13.3 Mbits/sec  1135             sender
[SUM]   0.00-21.92  sec  20.2 MBytes  7.71 Mbits/sec                  receiver
[  5]   0.00-20.00  sec  12.7 MBytes  5.32 Mbits/sec  827             sender
[  5]   0.00-21.52  sec  8.37 MBytes  3.26 Mbits/sec                  receiver
[  7]   0.00-20.00  sec  11.4 MBytes  4.76 Mbits/sec    7             sender
[  7]   0.00-21.52  sec  5.70 MBytes  2.22 Mbits/sec                  receiver
[  9]   0.00-20.00  sec  11.6 MBytes  4.85 Mbits/sec   95             sender
[  9]   0.00-21.52  sec  5.91 MBytes  2.30 Mbits/sec                  receiver
[SUM]   0.00-20.00  sec  35.6 MBytes  14.9 Mbits/sec  929             sender
[SUM]   0.00-21.52  sec  20.0 MBytes  7.79 Mbits/sec                  receiver
[  5]   0.00-20.00  sec  10.2 MBytes  4.27 Mbits/sec  632             sender
[  5]   0.00-22.60  sec  6.31 MBytes  2.34 Mbits/sec                  receiver
[  7]   0.00-20.00  sec  10.9 MBytes  4.58 Mbits/sec  344             sender
[  7]   0.00-22.60  sec  6.36 MBytes  2.36 Mbits/sec                  receiver
[  9]   0.00-20.00  sec  13.5 MBytes  5.66 Mbits/sec  1004             sender
[  9]   0.00-22.60  sec  7.63 MBytes  2.83 Mbits/sec                  receiver
[SUM]   0.00-20.00  sec  34.6 MBytes  14.5 Mbits/sec  1980             sender
[SUM]   0.00-22.60  sec  20.3 MBytes  7.53 Mbits/sec                  receiver
[  5]   0.00-20.00  sec  12.7 MBytes  5.32 Mbits/sec  816             sender
[  5]   0.00-21.76  sec  8.42 MBytes  3.25 Mbits/sec                  receiver
[  7]   0.00-20.00  sec  11.4 MBytes  4.80 Mbits/sec    7             sender
[  7]   0.00-21.76  sec  5.64 MBytes  2.18 Mbits/sec                  receiver
[  9]   0.00-20.00  sec  11.5 MBytes  4.83 Mbits/sec  165             sender
[  9]   0.00-21.76  sec  6.11 MBytes  2.35 Mbits/sec                  receiver
[SUM]   0.00-20.00  sec  35.6 MBytes  14.9 Mbits/sec  988             sender
[SUM]   0.00-21.76  sec  20.2 MBytes  7.78 Mbits/sec                  receiver
[  5]   0.00-20.00  sec  12.7 MBytes  5.32 Mbits/sec  908             sender
[  5]   0.00-21.93  sec  8.38 MBytes  3.20 Mbits/sec                  receiver
[  7]   0.00-20.00  sec  11.6 MBytes  4.88 Mbits/sec   31             sender
[  7]   0.00-21.93  sec  5.87 MBytes  2.24 Mbits/sec                  receiver
[  9]   0.00-20.00  sec  10.6 MBytes  4.43 Mbits/sec  263             sender
[  9]   0.00-21.93  sec  5.83 MBytes  2.23 Mbits/sec                  receiver
[SUM]   0.00-20.00  sec  34.9 MBytes  14.6 Mbits/sec  1202             sender
[SUM]   0.00-21.93  sec  20.1 MBytes  7.68 Mbits/sec                  receiver
[  5]   0.00-20.00  sec  10.3 MBytes  4.31 Mbits/sec  115             sender
[  5]   0.00-22.92  sec  5.64 MBytes  2.06 Mbits/sec                  receiver
[  7]   0.00-20.00  sec  12.8 MBytes  5.38 Mbits/sec  971             sender
[  7]   0.00-22.92  sec  7.50 MBytes  2.74 Mbits/sec                  receiver
[  9]   0.00-20.00  sec  11.5 MBytes  4.82 Mbits/sec  896             sender
[  9]   0.00-22.92  sec  7.51 MBytes  2.75 Mbits/sec                  receiver
[SUM]   0.00-20.00  sec  34.6 MBytes  14.5 Mbits/sec  1982             sender
[SUM]   0.00-22.92  sec  20.6 MBytes  7.56 Mbits/sec                  receiver
[  5]   0.00-20.00  sec  10.2 MBytes  4.27 Mbits/sec  710             sender
[  5]   0.00-23.58  sec  7.07 MBytes  2.51 Mbits/sec                  receiver
[  7]   0.00-20.00  sec  11.5 MBytes  4.82 Mbits/sec  747             sender
[  7]   0.00-23.58  sec  7.31 MBytes  2.60 Mbits/sec                  receiver
[  9]   0.00-20.00  sec  10.3 MBytes  4.32 Mbits/sec   16             sender
[  9]   0.00-23.58  sec  5.43 MBytes  1.93 Mbits/sec                  receiver
[SUM]   0.00-20.00  sec  32.0 MBytes  13.4 Mbits/sec  1473             sender
[SUM]   0.00-23.58  sec  19.8 MBytes  7.05 Mbits/sec                  receiver
[  5]   0.00-20.00  sec  11.6 MBytes  4.85 Mbits/sec   49             sender
[  5]   0.00-22.45  sec  5.81 MBytes  2.17 Mbits/sec                  receiver
[  7]   0.00-20.00  sec  11.6 MBytes  4.85 Mbits/sec  825             sender
[  7]   0.00-22.45  sec  7.46 MBytes  2.79 Mbits/sec                  receiver
[  9]   0.00-20.00  sec  11.5 MBytes  4.83 Mbits/sec  857             sender
[  9]   0.00-22.45  sec  6.62 MBytes  2.47 Mbits/sec                  receiver
[SUM]   0.00-20.00  sec  34.6 MBytes  14.5 Mbits/sec  1731             sender
[SUM]   0.00-22.45  sec  19.9 MBytes  7.43 Mbits/sec                  receiver
[  5]   0.00-20.00  sec  12.7 MBytes  5.32 Mbits/sec  906             sender
[  5]   0.00-21.88  sec  8.47 MBytes  3.25 Mbits/sec                  receiver
[  7]   0.00-20.00  sec  11.5 MBytes  4.82 Mbits/sec   15             sender
[  7]   0.00-21.88  sec  5.83 MBytes  2.24 Mbits/sec                  receiver
[  9]   0.00-20.00  sec  10.3 MBytes  4.33 Mbits/sec  223             sender
[  9]   0.00-21.88  sec  5.59 MBytes  2.14 Mbits/sec                  receiver
[SUM]   0.00-20.00  sec  34.5 MBytes  14.5 Mbits/sec  1144             sender
[SUM]   0.00-21.88  sec  19.9 MBytes  7.63 Mbits/sec                  receiver
[  5]   0.00-20.00  sec  12.7 MBytes  5.32 Mbits/sec  812             sender
[  5]   0.00-21.72  sec  8.51 MBytes  3.29 Mbits/sec                  receiver
[  7]   0.00-20.00  sec  11.5 MBytes  4.82 Mbits/sec    7             sender
[  7]   0.00-21.72  sec  5.62 MBytes  2.17 Mbits/sec                  receiver
[  9]   0.00-20.00  sec  11.5 MBytes  4.83 Mbits/sec  129             sender
[  9]   0.00-21.72  sec  5.98 MBytes  2.31 Mbits/sec                  receiver
[SUM]   0.00-20.00  sec  35.7 MBytes  15.0 Mbits/sec  948             sender
[SUM]   0.00-21.72  sec  20.1 MBytes  7.77 Mbits/sec                  receiver
[  5]   0.00-20.00  sec  12.3 MBytes  5.14 Mbits/sec  1025             sender
[  5]   0.00-22.08  sec  7.56 MBytes  2.87 Mbits/sec                  receiver
[  7]   0.00-20.00  sec  8.50 MBytes  3.56 Mbits/sec  307             sender
[  7]   0.00-22.08  sec  4.73 MBytes  1.80 Mbits/sec                  receiver
[  9]   0.00-20.00  sec  9.93 MBytes  4.16 Mbits/sec    7             sender
[  9]   0.00-22.08  sec  4.35 MBytes  1.65 Mbits/sec                  receiver
[SUM]   0.00-20.00  sec  30.7 MBytes  12.9 Mbits/sec  1339             sender
[SUM]   0.00-22.08  sec  16.6 MBytes  6.32 Mbits/sec                  receiver
[  5]   0.00-20.00  sec  11.2 MBytes  4.71 Mbits/sec   15             sender
[  5]   0.00-22.47  sec  5.95 MBytes  2.22 Mbits/sec                  receiver
[  7]   0.00-20.00  sec  11.4 MBytes  4.76 Mbits/sec  810             sender
[  7]   0.00-22.47  sec  6.67 MBytes  2.49 Mbits/sec                  receiver
[  9]   0.00-20.00  sec  12.8 MBytes  5.37 Mbits/sec  847             sender
[  9]   0.00-22.47  sec  8.09 MBytes  3.02 Mbits/sec                  receiver
[SUM]   0.00-20.00  sec  35.4 MBytes  14.9 Mbits/sec  1672             sender
[SUM]   0.00-22.47  sec  20.7 MBytes  7.73 Mbits/sec                  receiver
[  5]   0.00-20.00  sec  13.5 MBytes  5.66 Mbits/sec  1000             sender
[  5]   0.00-21.95  sec  9.30 MBytes  3.55 Mbits/sec                  receiver
[  7]   0.00-20.00  sec  10.2 MBytes  4.30 Mbits/sec   99             sender
[  7]   0.00-21.95  sec  5.56 MBytes  2.12 Mbits/sec                  receiver
[  9]   0.00-20.00  sec  10.3 MBytes  4.30 Mbits/sec   15             sender
[  9]   0.00-21.95  sec  5.58 MBytes  2.13 Mbits/sec                  receiver
[SUM]   0.00-20.00  sec  34.0 MBytes  14.3 Mbits/sec  1114             sender
[SUM]   0.00-21.95  sec  20.4 MBytes  7.81 Mbits/sec                  receiver
