Baseline Output:
[  5]   0.00-20.00  sec   245 KBytes   100 Kbits/sec  0.000 ms  0/173 (0%)  sender
[  5]   0.00-20.02  sec   245 KBytes   100 Kbits/sec  0.908 ms  0/173 (0%)  receiver
[  7]   0.00-20.00  sec   245 KBytes   100 Kbits/sec  0.000 ms  0/173 (0%)  sender
[  7]   0.00-20.02  sec   245 KBytes   100 Kbits/sec  0.911 ms  0/173 (0%)  receiver
[  9]   0.00-20.00  sec   245 KBytes   100 Kbits/sec  0.000 ms  0/173 (0%)  sender
[  9]   0.00-20.02  sec   245 KBytes   100 Kbits/sec  0.947 ms  0/173 (0%)  receiver
[SUM]   0.00-20.00  sec   734 KBytes   301 Kbits/sec  0.000 ms  0/519 (0%)  sender
[SUM]   0.00-20.02  sec   734 KBytes   300 Kbits/sec  0.922 ms  0/519 (0%)  receiver
[  5]   0.00-20.00  sec   245 KBytes   100 Kbits/sec  0.000 ms  0/173 (0%)  sender
[  5]   0.00-20.03  sec   245 KBytes   100 Kbits/sec  0.819 ms  0/173 (0%)  receiver
[  7]   0.00-20.00  sec   245 KBytes   100 Kbits/sec  0.000 ms  0/173 (0%)  sender
[  7]   0.00-20.03  sec   245 KBytes   100 Kbits/sec  0.816 ms  0/173 (0%)  receiver
[  9]   0.00-20.00  sec   245 KBytes   100 Kbits/sec  0.000 ms  0/173 (0%)  sender
[  9]   0.00-20.03  sec   245 KBytes   100 Kbits/sec  1.369 ms  0/173 (0%)  receiver
[SUM]   0.00-20.00  sec   734 KBytes   301 Kbits/sec  0.000 ms  0/519 (0%)  sender
[SUM]   0.00-20.03  sec   734 KBytes   300 Kbits/sec  1.001 ms  0/519 (0%)  receiver
[  5]   0.00-20.00  sec   245 KBytes   100 Kbits/sec  0.000 ms  0/173 (0%)  sender
[  5]   0.00-20.02  sec   245 KBytes   100 Kbits/sec  0.816 ms  0/173 (0%)  receiver
[  7]   0.00-20.00  sec   245 KBytes   100 Kbits/sec  0.000 ms  0/173 (0%)  sender
[  7]   0.00-20.02  sec   245 KBytes   100 Kbits/sec  0.825 ms  0/173 (0%)  receiver
[  9]   0.00-20.00  sec   245 KBytes   100 Kbits/sec  0.000 ms  0/173 (0%)  sender
[  9]   0.00-20.02  sec   245 KBytes   100 Kbits/sec  0.735 ms  0/173 (0%)  receiver
[SUM]   0.00-20.00  sec   734 KBytes   301 Kbits/sec  0.000 ms  0/519 (0%)  sender
[SUM]   0.00-20.02  sec   734 KBytes   300 Kbits/sec  0.792 ms  0/519 (0%)  receiver
[  5]   0.00-20.00  sec   245 KBytes   100 Kbits/sec  0.000 ms  0/173 (0%)  sender
[  5]   0.00-20.41  sec   245 KBytes  98.2 Kbits/sec  0.758 ms  0/173 (0%)  receiver
[  7]   0.00-20.00  sec   245 KBytes   100 Kbits/sec  0.000 ms  0/173 (0%)  sender
[  7]   0.00-20.41  sec   245 KBytes  98.2 Kbits/sec  0.742 ms  0/173 (0%)  receiver
[  9]   0.00-20.00  sec   245 KBytes   100 Kbits/sec  0.000 ms  0/173 (0%)  sender
[  9]   0.00-20.41  sec   245 KBytes  98.2 Kbits/sec  0.914 ms  0/173 (0%)  receiver
[SUM]   0.00-20.00  sec   734 KBytes   301 Kbits/sec  0.000 ms  0/519 (0%)  sender
[SUM]   0.00-20.41  sec   734 KBytes   295 Kbits/sec  0.805 ms  0/519 (0%)  receiver
[  5]   0.00-20.00  sec   245 KBytes   100 Kbits/sec  0.000 ms  0/173 (0%)  sender
[  5]   0.00-20.02  sec   245 KBytes   100 Kbits/sec  0.626 ms  0/173 (0%)  receiver
[  7]   0.00-20.00  sec   245 KBytes   100 Kbits/sec  0.000 ms  0/173 (0%)  sender
[  7]   0.00-20.02  sec   245 KBytes   100 Kbits/sec  0.626 ms  0/173 (0%)  receiver
[  9]   0.00-20.00  sec   245 KBytes   100 Kbits/sec  0.000 ms  0/173 (0%)  sender
[  9]   0.00-20.02  sec   245 KBytes   100 Kbits/sec  0.779 ms  0/173 (0%)  receiver
[SUM]   0.00-20.00  sec   734 KBytes   301 Kbits/sec  0.000 ms  0/519 (0%)  sender
[SUM]   0.00-20.02  sec   734 KBytes   300 Kbits/sec  0.677 ms  0/519 (0%)  receiver
[  5]   0.00-20.00  sec   245 KBytes   100 Kbits/sec  0.000 ms  0/173 (0%)  sender
[  5]   0.00-20.02  sec   245 KBytes   100 Kbits/sec  1.065 ms  0/173 (0%)  receiver
[  7]   0.00-20.00  sec   245 KBytes   100 Kbits/sec  0.000 ms  0/173 (0%)  sender
[  7]   0.00-20.02  sec   245 KBytes   100 Kbits/sec  1.072 ms  0/173 (0%)  receiver
[  9]   0.00-20.00  sec   245 KBytes   100 Kbits/sec  0.000 ms  0/173 (0%)  sender
[  9]   0.00-20.02  sec   245 KBytes   100 Kbits/sec  1.720 ms  0/173 (0%)  receiver
[SUM]   0.00-20.00  sec   734 KBytes   301 Kbits/sec  0.000 ms  0/519 (0%)  sender
[SUM]   0.00-20.02  sec   734 KBytes   300 Kbits/sec  1.286 ms  0/519 (0%)  receiver
[  5]   0.00-20.00  sec   245 KBytes   100 Kbits/sec  0.000 ms  0/173 (0%)  sender
[  5]   0.00-20.03  sec   245 KBytes   100 Kbits/sec  0.706 ms  0/173 (0%)  receiver
[  7]   0.00-20.00  sec   245 KBytes   100 Kbits/sec  0.000 ms  0/173 (0%)  sender
[  7]   0.00-20.03  sec   245 KBytes   100 Kbits/sec  0.749 ms  0/173 (0%)  receiver
[  9]   0.00-20.00  sec   245 KBytes   100 Kbits/sec  0.000 ms  0/173 (0%)  sender
[  9]   0.00-20.03  sec   245 KBytes   100 Kbits/sec  0.805 ms  0/173 (0%)  receiver
[SUM]   0.00-20.00  sec   734 KBytes   301 Kbits/sec  0.000 ms  0/519 (0%)  sender
[SUM]   0.00-20.03  sec   734 KBytes   300 Kbits/sec  0.754 ms  0/519 (0%)  receiver
[  5]   0.00-20.00  sec   245 KBytes   100 Kbits/sec  0.000 ms  0/173 (0%)  sender
[  5]   0.00-20.02  sec   245 KBytes   100 Kbits/sec  0.955 ms  0/173 (0%)  receiver
[  7]   0.00-20.00  sec   245 KBytes   100 Kbits/sec  0.000 ms  0/173 (0%)  sender
[  7]   0.00-20.02  sec   245 KBytes   100 Kbits/sec  0.927 ms  0/173 (0%)  receiver
[  9]   0.00-20.00  sec   245 KBytes   100 Kbits/sec  0.000 ms  0/173 (0%)  sender
[  9]   0.00-20.02  sec   245 KBytes   100 Kbits/sec  1.129 ms  0/173 (0%)  receiver
[SUM]   0.00-20.00  sec   734 KBytes   301 Kbits/sec  0.000 ms  0/519 (0%)  sender
[SUM]   0.00-20.02  sec   734 KBytes   300 Kbits/sec  1.004 ms  0/519 (0%)  receiver
[  5]   0.00-20.00  sec   245 KBytes   100 Kbits/sec  0.000 ms  0/173 (0%)  sender
[  5]   0.00-20.46  sec   245 KBytes  98.0 Kbits/sec  0.599 ms  0/173 (0%)  receiver
[  7]   0.00-20.00  sec   245 KBytes   100 Kbits/sec  0.000 ms  0/173 (0%)  sender
[  7]   0.00-20.46  sec   245 KBytes  98.0 Kbits/sec  0.629 ms  0/173 (0%)  receiver
[  9]   0.00-20.00  sec   245 KBytes   100 Kbits/sec  0.000 ms  0/173 (0%)  sender
[  9]   0.00-20.46  sec   245 KBytes  98.0 Kbits/sec  0.712 ms  0/173 (0%)  receiver
[SUM]   0.00-20.00  sec   734 KBytes   301 Kbits/sec  0.000 ms  0/519 (0%)  sender
[SUM]   0.00-20.46  sec   734 KBytes   294 Kbits/sec  0.647 ms  0/519 (0%)  receiver
[  5]   0.00-20.00  sec   245 KBytes   100 Kbits/sec  0.000 ms  0/173 (0%)  sender
[  5]   0.00-20.02  sec   245 KBytes   100 Kbits/sec  0.896 ms  0/173 (0%)  receiver
[  7]   0.00-20.00  sec   245 KBytes   100 Kbits/sec  0.000 ms  0/173 (0%)  sender
[  7]   0.00-20.02  sec   245 KBytes   100 Kbits/sec  0.892 ms  0/173 (0%)  receiver
[  9]   0.00-20.00  sec   245 KBytes   100 Kbits/sec  0.000 ms  0/173 (0%)  sender
[  9]   0.00-20.02  sec   245 KBytes   100 Kbits/sec  1.146 ms  0/173 (0%)  receiver
[SUM]   0.00-20.00  sec   734 KBytes   301 Kbits/sec  0.000 ms  0/519 (0%)  sender
[SUM]   0.00-20.02  sec   734 KBytes   300 Kbits/sec  0.978 ms  0/519 (0%)  receiver
[  5]   0.00-20.00  sec   245 KBytes   100 Kbits/sec  0.000 ms  0/173 (0%)  sender
[  5]   0.00-20.02  sec   245 KBytes   100 Kbits/sec  1.159 ms  0/173 (0%)  receiver
[  7]   0.00-20.00  sec   245 KBytes   100 Kbits/sec  0.000 ms  0/173 (0%)  sender
[  7]   0.00-20.02  sec   245 KBytes   100 Kbits/sec  1.745 ms  0/173 (0%)  receiver
[  9]   0.00-20.00  sec   245 KBytes   100 Kbits/sec  0.000 ms  0/173 (0%)  sender
[  9]   0.00-20.02  sec   245 KBytes   100 Kbits/sec  1.691 ms  0/173 (0%)  receiver
[SUM]   0.00-20.00  sec   734 KBytes   301 Kbits/sec  0.000 ms  0/519 (0%)  sender
[SUM]   0.00-20.02  sec   734 KBytes   300 Kbits/sec  1.532 ms  0/519 (0%)  receiver
[  5]   0.00-20.00  sec   245 KBytes   100 Kbits/sec  0.000 ms  0/173 (0%)  sender
[  5]   0.00-20.02  sec   245 KBytes   100 Kbits/sec  0.689 ms  0/173 (0%)  receiver
[  7]   0.00-20.00  sec   245 KBytes   100 Kbits/sec  0.000 ms  0/173 (0%)  sender
[  7]   0.00-20.02  sec   245 KBytes   100 Kbits/sec  0.665 ms  0/173 (0%)  receiver
[  9]   0.00-20.00  sec   245 KBytes   100 Kbits/sec  0.000 ms  0/173 (0%)  sender
[  9]   0.00-20.02  sec   245 KBytes   100 Kbits/sec  0.777 ms  0/173 (0%)  receiver
[SUM]   0.00-20.00  sec   734 KBytes   301 Kbits/sec  0.000 ms  0/519 (0%)  sender
[SUM]   0.00-20.02  sec   734 KBytes   300 Kbits/sec  0.710 ms  0/519 (0%)  receiver
[  5]   0.00-20.00  sec   245 KBytes   100 Kbits/sec  0.000 ms  0/173 (0%)  sender
[  5]   0.00-20.02  sec   245 KBytes   100 Kbits/sec  1.289 ms  0/173 (0%)  receiver
[  7]   0.00-20.00  sec   245 KBytes   100 Kbits/sec  0.000 ms  0/173 (0%)  sender
[  7]   0.00-20.02  sec   245 KBytes   100 Kbits/sec  1.276 ms  0/173 (0%)  receiver
[  9]   0.00-20.00  sec   245 KBytes   100 Kbits/sec  0.000 ms  0/173 (0%)  sender
[  9]   0.00-20.02  sec   245 KBytes   100 Kbits/sec  1.431 ms  0/173 (0%)  receiver
[SUM]   0.00-20.00  sec   734 KBytes   301 Kbits/sec  0.000 ms  0/519 (0%)  sender
[SUM]   0.00-20.02  sec   734 KBytes   300 Kbits/sec  1.332 ms  0/519 (0%)  receiver
[  5]   0.00-20.00  sec   245 KBytes   100 Kbits/sec  0.000 ms  0/173 (0%)  sender
[  5]   0.00-20.02  sec   245 KBytes   100 Kbits/sec  0.970 ms  0/173 (0%)  receiver
[  7]   0.00-20.00  sec   245 KBytes   100 Kbits/sec  0.000 ms  0/173 (0%)  sender
[  7]   0.00-20.02  sec   245 KBytes   100 Kbits/sec  0.964 ms  0/173 (0%)  receiver
[  9]   0.00-20.00  sec   245 KBytes   100 Kbits/sec  0.000 ms  0/173 (0%)  sender
[  9]   0.00-20.02  sec   245 KBytes   100 Kbits/sec  1.301 ms  0/173 (0%)  receiver
[SUM]   0.00-20.00  sec   734 KBytes   301 Kbits/sec  0.000 ms  0/519 (0%)  sender
[SUM]   0.00-20.02  sec   734 KBytes   300 Kbits/sec  1.078 ms  0/519 (0%)  receiver
[  5]   0.00-20.00  sec   245 KBytes   100 Kbits/sec  0.000 ms  0/173 (0%)  sender
[  5]   0.00-20.02  sec   245 KBytes   100 Kbits/sec  0.327 ms  0/173 (0%)  receiver
[  7]   0.00-20.00  sec   245 KBytes   100 Kbits/sec  0.000 ms  0/173 (0%)  sender
[  7]   0.00-20.02  sec   245 KBytes   100 Kbits/sec  0.331 ms  0/173 (0%)  receiver
[  9]   0.00-20.00  sec   245 KBytes   100 Kbits/sec  0.000 ms  0/173 (0%)  sender
[  9]   0.00-20.02  sec   245 KBytes   100 Kbits/sec  0.549 ms  0/173 (0%)  receiver
[SUM]   0.00-20.00  sec   734 KBytes   301 Kbits/sec  0.000 ms  0/519 (0%)  sender
[SUM]   0.00-20.02  sec   734 KBytes   300 Kbits/sec  0.402 ms  0/519 (0%)  receiver
[  5]   0.00-20.01  sec   245 KBytes   100 Kbits/sec  0.000 ms  0/173 (0%)  sender
[  5]   0.00-20.03  sec   245 KBytes   100 Kbits/sec  4.212 ms  0/173 (0%)  receiver
[  7]   0.00-20.01  sec   245 KBytes   100 Kbits/sec  0.000 ms  0/173 (0%)  sender
[  7]   0.00-20.03  sec   245 KBytes   100 Kbits/sec  4.281 ms  0/173 (0%)  receiver
[  9]   0.00-20.01  sec   245 KBytes   100 Kbits/sec  0.000 ms  0/173 (0%)  sender
[  9]   0.00-20.03  sec   245 KBytes   100 Kbits/sec  6.574 ms  0/173 (0%)  receiver
[SUM]   0.00-20.01  sec   734 KBytes   300 Kbits/sec  0.000 ms  0/519 (0%)  sender
[SUM]   0.00-20.03  sec   734 KBytes   300 Kbits/sec  5.023 ms  0/519 (0%)  receiver
[  5]   0.00-20.00  sec   245 KBytes   100 Kbits/sec  0.000 ms  0/173 (0%)  sender
[  5]   0.00-20.02  sec   245 KBytes   100 Kbits/sec  8.665 ms  0/173 (0%)  receiver
[  7]   0.00-20.00  sec   245 KBytes   100 Kbits/sec  0.000 ms  0/173 (0%)  sender
[  7]   0.00-20.02  sec   245 KBytes   100 Kbits/sec  8.676 ms  0/173 (0%)  receiver
[  9]   0.00-20.00  sec   245 KBytes   100 Kbits/sec  0.000 ms  0/173 (0%)  sender
[  9]   0.00-20.02  sec   245 KBytes   100 Kbits/sec  8.702 ms  0/173 (0%)  receiver
[SUM]   0.00-20.00  sec   734 KBytes   301 Kbits/sec  0.000 ms  0/519 (0%)  sender
[SUM]   0.00-20.02  sec   734 KBytes   300 Kbits/sec  8.681 ms  0/519 (0%)  receiver
[  5]   0.00-20.00  sec   245 KBytes   100 Kbits/sec  0.000 ms  0/173 (0%)  sender
[  5]   0.00-20.02  sec   245 KBytes   100 Kbits/sec  3.206 ms  0/173 (0%)  receiver
[  7]   0.00-20.00  sec   245 KBytes   100 Kbits/sec  0.000 ms  0/173 (0%)  sender
[  7]   0.00-20.02  sec   245 KBytes   100 Kbits/sec  3.276 ms  0/173 (0%)  receiver
[  9]   0.00-20.00  sec   245 KBytes   100 Kbits/sec  0.000 ms  0/173 (0%)  sender
[  9]   0.00-20.02  sec   245 KBytes   100 Kbits/sec  3.821 ms  0/173 (0%)  receiver
[SUM]   0.00-20.00  sec   734 KBytes   301 Kbits/sec  0.000 ms  0/519 (0%)  sender
[SUM]   0.00-20.02  sec   734 KBytes   300 Kbits/sec  3.435 ms  0/519 (0%)  receiver
[  5]   0.00-20.00  sec   245 KBytes   100 Kbits/sec  0.000 ms  0/173 (0%)  sender
[  5]   0.00-20.04  sec   245 KBytes   100 Kbits/sec  8.338 ms  0/173 (0%)  receiver
[  7]   0.00-20.00  sec   245 KBytes   100 Kbits/sec  0.000 ms  0/173 (0%)  sender
[  7]   0.00-20.04  sec   245 KBytes   100 Kbits/sec  8.578 ms  0/173 (0%)  receiver
[  9]   0.00-20.00  sec   245 KBytes   100 Kbits/sec  0.000 ms  0/173 (0%)  sender
[  9]   0.00-20.04  sec   245 KBytes   100 Kbits/sec  9.694 ms  0/173 (0%)  receiver
[SUM]   0.00-20.00  sec   734 KBytes   301 Kbits/sec  0.000 ms  0/519 (0%)  sender
[SUM]   0.00-20.04  sec   734 KBytes   300 Kbits/sec  8.870 ms  0/519 (0%)  receiver
[  5]   0.00-20.00  sec   245 KBytes   100 Kbits/sec  0.000 ms  0/173 (0%)  sender
[  5]   0.00-20.02  sec   245 KBytes   100 Kbits/sec  6.908 ms  0/173 (0%)  receiver
[  7]   0.00-20.00  sec   245 KBytes   100 Kbits/sec  0.000 ms  0/173 (0%)  sender
[  7]   0.00-20.02  sec   245 KBytes   100 Kbits/sec  6.862 ms  0/173 (0%)  receiver
[  9]   0.00-20.00  sec   245 KBytes   100 Kbits/sec  0.000 ms  0/173 (0%)  sender
[  9]   0.00-20.02  sec   245 KBytes   100 Kbits/sec  10.499 ms  0/173 (0%)  receiver
[SUM]   0.00-20.00  sec   734 KBytes   301 Kbits/sec  0.000 ms  0/519 (0%)  sender
[SUM]   0.00-20.02  sec   734 KBytes   300 Kbits/sec  8.090 ms  0/519 (0%)  receiver
Failover Output:
[  5]   0.00-20.00  sec   245 KBytes   100 Kbits/sec  0.000 ms  0/173 (0%)  sender
[  5]   0.00-20.04  sec   245 KBytes   100 Kbits/sec  5.021 ms  0/173 (0%)  receiver
[  7]   0.00-20.00  sec   245 KBytes   100 Kbits/sec  0.000 ms  0/173 (0%)  sender
[  7]   0.00-20.04  sec   245 KBytes   100 Kbits/sec  5.038 ms  0/173 (0%)  receiver
[  9]   0.00-20.00  sec   245 KBytes   100 Kbits/sec  0.000 ms  0/173 (0%)  sender
[  9]   0.00-20.04  sec   245 KBytes   100 Kbits/sec  5.647 ms  0/173 (0%)  receiver
[SUM]   0.00-20.00  sec   734 KBytes   301 Kbits/sec  0.000 ms  0/519 (0%)  sender
[SUM]   0.00-20.04  sec   734 KBytes   300 Kbits/sec  5.236 ms  0/519 (0%)  receiver
[  5]   0.00-20.00  sec   245 KBytes   100 Kbits/sec  0.000 ms  0/173 (0%)  sender
[  5]   0.00-20.03  sec   243 KBytes  99.5 Kbits/sec  1.143 ms  1/173 (0.58%)  receiver
[  7]   0.00-20.00  sec   245 KBytes   100 Kbits/sec  0.000 ms  0/173 (0%)  sender
[  7]   0.00-20.03  sec   243 KBytes  99.5 Kbits/sec  1.114 ms  1/173 (0.58%)  receiver
[  9]   0.00-20.00  sec   245 KBytes   100 Kbits/sec  0.000 ms  0/173 (0%)  sender
[  9]   0.00-20.03  sec   243 KBytes  99.5 Kbits/sec  0.917 ms  1/173 (0.58%)  receiver
[SUM]   0.00-20.00  sec   734 KBytes   301 Kbits/sec  0.000 ms  0/519 (0%)  sender
[SUM]   0.00-20.03  sec   730 KBytes   298 Kbits/sec  1.058 ms  3/519 (0.58%)  receiver
[  5]   0.00-20.00  sec   245 KBytes   100 Kbits/sec  0.000 ms  0/173 (0%)  sender
[  5]   0.00-20.03  sec   245 KBytes   100 Kbits/sec  1.645 ms  0/173 (0%)  receiver
[  7]   0.00-20.00  sec   245 KBytes   100 Kbits/sec  0.000 ms  0/173 (0%)  sender
[  7]   0.00-20.03  sec   245 KBytes   100 Kbits/sec  1.629 ms  0/173 (0%)  receiver
[  9]   0.00-20.00  sec   245 KBytes   100 Kbits/sec  0.000 ms  0/173 (0%)  sender
[  9]   0.00-20.03  sec   245 KBytes   100 Kbits/sec  2.241 ms  0/173 (0%)  receiver
[SUM]   0.00-20.00  sec   734 KBytes   301 Kbits/sec  0.000 ms  0/519 (0%)  sender
[SUM]   0.00-20.03  sec   734 KBytes   300 Kbits/sec  1.838 ms  0/519 (0%)  receiver
[  5]   0.00-20.00  sec   245 KBytes   100 Kbits/sec  0.000 ms  0/173 (0%)  sender
[  5]   0.00-21.36  sec   243 KBytes  93.3 Kbits/sec  0.957 ms  1/173 (0.58%)  receiver
[  7]   0.00-20.00  sec   245 KBytes   100 Kbits/sec  0.000 ms  0/173 (0%)  sender
[  7]   0.00-21.36  sec   243 KBytes  93.3 Kbits/sec  0.964 ms  1/173 (0.58%)  receiver
[  9]   0.00-20.00  sec   245 KBytes   100 Kbits/sec  0.000 ms  0/173 (0%)  sender
[  9]   0.00-21.36  sec   243 KBytes  93.3 Kbits/sec  1.054 ms  1/173 (0.58%)  receiver
[SUM]   0.00-20.00  sec   734 KBytes   301 Kbits/sec  0.000 ms  0/519 (0%)  sender
[SUM]   0.00-21.36  sec   730 KBytes   280 Kbits/sec  0.992 ms  3/519 (0.58%)  receiver
[  5]   0.00-20.00  sec   245 KBytes   100 Kbits/sec  0.000 ms  0/173 (0%)  sender
[  5]   0.00-20.03  sec   243 KBytes  99.5 Kbits/sec  1.254 ms  1/173 (0.58%)  receiver
[  7]   0.00-20.00  sec   245 KBytes   100 Kbits/sec  0.000 ms  0/173 (0%)  sender
[  7]   0.00-20.03  sec   243 KBytes  99.5 Kbits/sec  1.301 ms  1/173 (0.58%)  receiver
[  9]   0.00-20.00  sec   245 KBytes   100 Kbits/sec  0.000 ms  0/173 (0%)  sender
[  9]   0.00-20.03  sec   243 KBytes  99.5 Kbits/sec  1.632 ms  1/173 (0.58%)  receiver
[SUM]   0.00-20.00  sec   734 KBytes   301 Kbits/sec  0.000 ms  0/519 (0%)  sender
[SUM]   0.00-20.03  sec   730 KBytes   298 Kbits/sec  1.395 ms  3/519 (0.58%)  receiver
[  5]   0.00-20.00  sec   245 KBytes   100 Kbits/sec  0.000 ms  0/173 (0%)  sender
[  5]   0.00-20.03  sec   243 KBytes  99.5 Kbits/sec  1.145 ms  1/173 (0.58%)  receiver
[  7]   0.00-20.00  sec   245 KBytes   100 Kbits/sec  0.000 ms  0/173 (0%)  sender
[  7]   0.00-20.03  sec   243 KBytes  99.5 Kbits/sec  1.158 ms  1/173 (0.58%)  receiver
[  9]   0.00-20.00  sec   245 KBytes   100 Kbits/sec  0.000 ms  0/173 (0%)  sender
[  9]   0.00-20.03  sec   243 KBytes  99.5 Kbits/sec  1.135 ms  1/173 (0.58%)  receiver
[SUM]   0.00-20.00  sec   734 KBytes   301 Kbits/sec  0.000 ms  0/519 (0%)  sender
[SUM]   0.00-20.03  sec   730 KBytes   298 Kbits/sec  1.146 ms  3/519 (0.58%)  receiver
[  5]   0.00-20.00  sec   245 KBytes   100 Kbits/sec  0.000 ms  0/173 (0%)  sender
[  5]   0.00-20.04  sec   243 KBytes  99.4 Kbits/sec  0.766 ms  1/173 (0.58%)  receiver
[  7]   0.00-20.00  sec   245 KBytes   100 Kbits/sec  0.000 ms  0/173 (0%)  sender
[  7]   0.00-20.04  sec   243 KBytes  99.4 Kbits/sec  0.762 ms  1/173 (0.58%)  receiver
[  9]   0.00-20.00  sec   245 KBytes   100 Kbits/sec  0.000 ms  0/173 (0%)  sender
[  9]   0.00-20.04  sec   243 KBytes  99.4 Kbits/sec  0.834 ms  1/173 (0.58%)  receiver
[SUM]   0.00-20.00  sec   734 KBytes   301 Kbits/sec  0.000 ms  0/519 (0%)  sender
[SUM]   0.00-20.04  sec   730 KBytes   298 Kbits/sec  0.787 ms  3/519 (0.58%)  receiver
[  5]   0.00-20.00  sec   245 KBytes   100 Kbits/sec  0.000 ms  0/173 (0%)  sender
[  5]   0.00-21.95  sec   245 KBytes  91.3 Kbits/sec  0.795 ms  0/173 (0%)  receiver
[  7]   0.00-20.00  sec   245 KBytes   100 Kbits/sec  0.000 ms  0/173 (0%)  sender
[  7]   0.00-21.95  sec   245 KBytes  91.3 Kbits/sec  0.789 ms  0/173 (0%)  receiver
[  9]   0.00-20.00  sec   245 KBytes   100 Kbits/sec  0.000 ms  0/173 (0%)  sender
[  9]   0.00-21.95  sec   245 KBytes  91.3 Kbits/sec  0.718 ms  0/173 (0%)  receiver
[SUM]   0.00-20.00  sec   734 KBytes   301 Kbits/sec  0.000 ms  0/519 (0%)  sender
[SUM]   0.00-21.95  sec   734 KBytes   274 Kbits/sec  0.767 ms  0/519 (0%)  receiver
[  5]   0.00-20.00  sec   245 KBytes   100 Kbits/sec  0.000 ms  0/173 (0%)  sender
[  5]   0.00-20.03  sec   245 KBytes   100 Kbits/sec  0.962 ms  0/173 (0%)  receiver
[  7]   0.00-20.00  sec   245 KBytes   100 Kbits/sec  0.000 ms  0/173 (0%)  sender
[  7]   0.00-20.03  sec   245 KBytes   100 Kbits/sec  0.966 ms  0/173 (0%)  receiver
[  9]   0.00-20.00  sec   245 KBytes   100 Kbits/sec  0.000 ms  0/173 (0%)  sender
[  9]   0.00-20.03  sec   245 KBytes   100 Kbits/sec  1.611 ms  0/173 (0%)  receiver
[SUM]   0.00-20.00  sec   734 KBytes   301 Kbits/sec  0.000 ms  0/519 (0%)  sender
[SUM]   0.00-20.03  sec   734 KBytes   300 Kbits/sec  1.180 ms  0/519 (0%)  receiver
[  5]   0.00-20.00  sec   245 KBytes   100 Kbits/sec  0.000 ms  0/173 (0%)  sender
[  5]   0.00-20.03  sec   245 KBytes   100 Kbits/sec  0.959 ms  0/173 (0%)  receiver
[  7]   0.00-20.00  sec   245 KBytes   100 Kbits/sec  0.000 ms  0/173 (0%)  sender
[  7]   0.00-20.03  sec   245 KBytes   100 Kbits/sec  0.987 ms  0/173 (0%)  receiver
[  9]   0.00-20.00  sec   245 KBytes   100 Kbits/sec  0.000 ms  0/173 (0%)  sender
[  9]   0.00-20.03  sec   245 KBytes   100 Kbits/sec  1.248 ms  0/173 (0%)  receiver
[SUM]   0.00-20.00  sec   734 KBytes   301 Kbits/sec  0.000 ms  0/519 (0%)  sender
[SUM]   0.00-20.03  sec   734 KBytes   300 Kbits/sec  1.065 ms  0/519 (0%)  receiver
[  5]   0.00-20.00  sec   245 KBytes   100 Kbits/sec  0.000 ms  0/173 (0%)  sender
[  5]   0.00-20.16  sec   243 KBytes  98.8 Kbits/sec  0.925 ms  1/173 (0.58%)  receiver
[  7]   0.00-20.00  sec   245 KBytes   100 Kbits/sec  0.000 ms  0/173 (0%)  sender
[  7]   0.00-20.16  sec   243 KBytes  98.8 Kbits/sec  0.925 ms  1/173 (0.58%)  receiver
[  9]   0.00-20.00  sec   245 KBytes   100 Kbits/sec  0.000 ms  0/173 (0%)  sender
[  9]   0.00-20.16  sec   243 KBytes  98.8 Kbits/sec  1.794 ms  1/173 (0.58%)  receiver
[SUM]   0.00-20.00  sec   734 KBytes   301 Kbits/sec  0.000 ms  0/519 (0%)  sender
[SUM]   0.00-20.16  sec   730 KBytes   296 Kbits/sec  1.215 ms  3/519 (0.58%)  receiver
[  5]   0.00-20.00  sec   245 KBytes   100 Kbits/sec  0.000 ms  0/173 (0%)  sender
[  5]   0.00-20.16  sec   245 KBytes  99.4 Kbits/sec  1.369 ms  0/173 (0%)  receiver
[  7]   0.00-20.00  sec   245 KBytes   100 Kbits/sec  0.000 ms  0/173 (0%)  sender
[  7]   0.00-20.16  sec   245 KBytes  99.4 Kbits/sec  1.399 ms  0/173 (0%)  receiver
[  9]   0.00-20.00  sec   245 KBytes   100 Kbits/sec  0.000 ms  0/173 (0%)  sender
[  9]   0.00-20.16  sec   245 KBytes  99.4 Kbits/sec  1.365 ms  0/173 (0%)  receiver
[SUM]   0.00-20.00  sec   734 KBytes   301 Kbits/sec  0.000 ms  0/519 (0%)  sender
[SUM]   0.00-20.16  sec   734 KBytes   298 Kbits/sec  1.378 ms  0/519 (0%)  receiver
[  5]   0.00-20.00  sec   245 KBytes   100 Kbits/sec  0.000 ms  0/173 (0%)  sender
[  5]   0.00-20.69  sec   243 KBytes  96.3 Kbits/sec  1.089 ms  1/173 (0.58%)  receiver
[  7]   0.00-20.00  sec   245 KBytes   100 Kbits/sec  0.000 ms  0/173 (0%)  sender
[  7]   0.00-20.69  sec   243 KBytes  96.3 Kbits/sec  1.128 ms  1/173 (0.58%)  receiver
[  9]   0.00-20.00  sec   245 KBytes   100 Kbits/sec  0.000 ms  0/173 (0%)  sender
[  9]   0.00-20.69  sec   243 KBytes  96.3 Kbits/sec  0.833 ms  1/173 (0.58%)  receiver
[SUM]   0.00-20.00  sec   734 KBytes   301 Kbits/sec  0.000 ms  0/519 (0%)  sender
[SUM]   0.00-20.69  sec   730 KBytes   289 Kbits/sec  1.017 ms  3/519 (0.58%)  receiver
[  5]   0.00-20.00  sec   245 KBytes   100 Kbits/sec  0.000 ms  0/173 (0%)  sender
[  5]   0.00-20.03  sec   245 KBytes   100 Kbits/sec  1.066 ms  0/173 (0%)  receiver
[  7]   0.00-20.00  sec   245 KBytes   100 Kbits/sec  0.000 ms  0/173 (0%)  sender
[  7]   0.00-20.03  sec   245 KBytes   100 Kbits/sec  1.054 ms  0/173 (0%)  receiver
[  9]   0.00-20.00  sec   245 KBytes   100 Kbits/sec  0.000 ms  0/173 (0%)  sender
[  9]   0.00-20.03  sec   245 KBytes   100 Kbits/sec  1.301 ms  0/173 (0%)  receiver
[SUM]   0.00-20.00  sec   734 KBytes   301 Kbits/sec  0.000 ms  0/519 (0%)  sender
[SUM]   0.00-20.03  sec   734 KBytes   300 Kbits/sec  1.140 ms  0/519 (0%)  receiver
[  5]   0.00-20.00  sec   245 KBytes   100 Kbits/sec  0.000 ms  0/173 (0%)  sender
[  5]   0.00-20.04  sec   255 KBytes   104 Kbits/sec  2.819 ms  2/173 (1.2%)  receiver
[  7]   0.00-20.00  sec   245 KBytes   100 Kbits/sec  0.000 ms  0/173 (0%)  sender
[  7]   0.00-20.04  sec   255 KBytes   104 Kbits/sec  2.788 ms  2/173 (1.2%)  receiver
[  9]   0.00-20.00  sec   245 KBytes   100 Kbits/sec  0.000 ms  0/173 (0%)  sender
[  9]   0.00-20.04  sec   255 KBytes   104 Kbits/sec  3.851 ms  2/173 (1.2%)  receiver
[SUM]   0.00-20.00  sec   734 KBytes   301 Kbits/sec  0.000 ms  0/519 (0%)  sender
[SUM]   0.00-20.04  sec   764 KBytes   312 Kbits/sec  3.153 ms  6/519 (1.2%)  receiver
[  5]   0.00-20.00  sec   245 KBytes   100 Kbits/sec  0.000 ms  0/173 (0%)  sender
[  5]   0.00-20.03  sec   243 KBytes  99.5 Kbits/sec  3.185 ms  1/173 (0.58%)  receiver
[  7]   0.00-20.00  sec   245 KBytes   100 Kbits/sec  0.000 ms  0/173 (0%)  sender
[  7]   0.00-20.03  sec   243 KBytes  99.5 Kbits/sec  3.187 ms  1/173 (0.58%)  receiver
[  9]   0.00-20.00  sec   245 KBytes   100 Kbits/sec  0.000 ms  0/173 (0%)  sender
[  9]   0.00-20.03  sec   243 KBytes  99.5 Kbits/sec  3.147 ms  1/173 (0.58%)  receiver
[SUM]   0.00-20.00  sec   734 KBytes   301 Kbits/sec  0.000 ms  0/519 (0%)  sender
[SUM]   0.00-20.03  sec   730 KBytes   298 Kbits/sec  3.173 ms  3/519 (0.58%)  receiver
[  5]   0.00-20.00  sec   245 KBytes   100 Kbits/sec  0.000 ms  0/173 (0%)  sender
[  5]   0.00-20.04  sec   243 KBytes  99.4 Kbits/sec  5.598 ms  1/173 (0.58%)  receiver
[  7]   0.00-20.00  sec   245 KBytes   100 Kbits/sec  0.000 ms  0/173 (0%)  sender
[  7]   0.00-20.04  sec   243 KBytes  99.4 Kbits/sec  5.561 ms  1/173 (0.58%)  receiver
[  9]   0.00-20.00  sec   245 KBytes   100 Kbits/sec  0.000 ms  0/173 (0%)  sender
[  9]   0.00-20.04  sec   243 KBytes  99.4 Kbits/sec  5.959 ms  1/173 (0.58%)  receiver
[SUM]   0.00-20.00  sec   734 KBytes   301 Kbits/sec  0.000 ms  0/519 (0%)  sender
[SUM]   0.00-20.04  sec   730 KBytes   298 Kbits/sec  5.706 ms  3/519 (0.58%)  receiver
[  5]   0.00-20.00  sec   245 KBytes   100 Kbits/sec  0.000 ms  0/173 (0%)  sender
[  5]   0.00-20.06  sec   243 KBytes  99.3 Kbits/sec  5.209 ms  1/173 (0.58%)  receiver
[  7]   0.00-20.00  sec   245 KBytes   100 Kbits/sec  0.000 ms  0/173 (0%)  sender
[  7]   0.00-20.06  sec   243 KBytes  99.3 Kbits/sec  5.302 ms  1/173 (0.58%)  receiver
[  9]   0.00-20.00  sec   245 KBytes   100 Kbits/sec  0.000 ms  0/173 (0%)  sender
[  9]   0.00-20.06  sec   243 KBytes  99.3 Kbits/sec  6.513 ms  1/173 (0.58%)  receiver
[SUM]   0.00-20.00  sec   734 KBytes   301 Kbits/sec  0.000 ms  0/519 (0%)  sender
[SUM]   0.00-20.06  sec   730 KBytes   298 Kbits/sec  5.675 ms  3/519 (0.58%)  receiver
[  5]   0.00-20.00  sec   245 KBytes   100 Kbits/sec  0.000 ms  0/173 (0%)  sender
[  5]   0.00-20.03  sec   245 KBytes   100 Kbits/sec  2.483 ms  0/173 (0%)  receiver
[  7]   0.00-20.00  sec   245 KBytes   100 Kbits/sec  0.000 ms  0/173 (0%)  sender
[  7]   0.00-20.03  sec   245 KBytes   100 Kbits/sec  2.507 ms  0/173 (0%)  receiver
[  9]   0.00-20.00  sec   245 KBytes   100 Kbits/sec  0.000 ms  0/173 (0%)  sender
[  9]   0.00-20.03  sec   245 KBytes   100 Kbits/sec  4.020 ms  0/173 (0%)  receiver
[SUM]   0.00-20.00  sec   734 KBytes   301 Kbits/sec  0.000 ms  0/519 (0%)  sender
[SUM]   0.00-20.03  sec   734 KBytes   300 Kbits/sec  3.003 ms  0/519 (0%)  receiver
[  5]   0.00-20.00  sec   245 KBytes   100 Kbits/sec  0.000 ms  0/173 (0%)  sender
[  5]   0.00-20.03  sec   243 KBytes  99.5 Kbits/sec  2.130 ms  1/173 (0.58%)  receiver
[  7]   0.00-20.00  sec   245 KBytes   100 Kbits/sec  0.000 ms  0/173 (0%)  sender
[  7]   0.00-20.03  sec   243 KBytes  99.5 Kbits/sec  2.111 ms  1/173 (0.58%)  receiver
[  9]   0.00-20.00  sec   245 KBytes   100 Kbits/sec  0.000 ms  0/173 (0%)  sender
[  9]   0.00-20.03  sec   243 KBytes  99.5 Kbits/sec  1.669 ms  1/173 (0.58%)  receiver
[SUM]   0.00-20.00  sec   734 KBytes   301 Kbits/sec  0.000 ms  0/519 (0%)  sender
[SUM]   0.00-20.03  sec   730 KBytes   298 Kbits/sec  1.970 ms  3/519 (0.58%)  receiver
