Baseline Output:
[  5]   0.00-20.00  sec  4.77 MBytes  2.00 Mbits/sec  0.000 ms  0/3453 (0%)  sender
[  5]   0.00-20.04  sec  4.77 MBytes  2.00 Mbits/sec  1.645 ms  0/3453 (0%)  receiver
[  7]   0.00-20.00  sec  4.77 MBytes  2.00 Mbits/sec  0.000 ms  0/3453 (0%)  sender
[  7]   0.00-20.04  sec  4.77 MBytes  2.00 Mbits/sec  1.683 ms  0/3453 (0%)  receiver
[SUM]   0.00-20.00  sec  9.54 MBytes  4.00 Mbits/sec  0.000 ms  0/6906 (0%)  sender
[SUM]   0.00-20.04  sec  9.54 MBytes  3.99 Mbits/sec  1.664 ms  0/6906 (0%)  receiver
[  5]   0.00-20.00  sec  4.77 MBytes  2.00 Mbits/sec  0.000 ms  0/3453 (0%)  sender
[  5]   0.00-20.13  sec  4.77 MBytes  1.99 Mbits/sec  3.254 ms  0/3453 (0%)  receiver
[  7]   0.00-20.00  sec  4.77 MBytes  2.00 Mbits/sec  0.000 ms  0/3453 (0%)  sender
[  7]   0.00-20.13  sec  4.77 MBytes  1.99 Mbits/sec  3.406 ms  0/3452 (0%)  receiver
[SUM]   0.00-20.00  sec  9.54 MBytes  4.00 Mbits/sec  0.000 ms  0/6906 (0%)  sender
[SUM]   0.00-20.13  sec  9.54 MBytes  3.97 Mbits/sec  3.330 ms  0/6905 (0%)  receiver
[  5]   0.00-20.00  sec  4.77 MBytes  2.00 Mbits/sec  0.000 ms  0/3453 (0%)  sender
[  5]   0.00-20.84  sec  4.77 MBytes  1.92 Mbits/sec  47.136 ms  0/3453 (0%)  receiver
[  7]   0.00-20.00  sec  4.77 MBytes  2.00 Mbits/sec  0.000 ms  0/3453 (0%)  sender
[  7]   0.00-20.84  sec  4.77 MBytes  1.92 Mbits/sec  47.149 ms  0/3453 (0%)  receiver
[SUM]   0.00-20.00  sec  9.54 MBytes  4.00 Mbits/sec  0.000 ms  0/6906 (0%)  sender
[SUM]   0.00-20.84  sec  9.54 MBytes  3.84 Mbits/sec  47.143 ms  0/6906 (0%)  receiver
[  5]   0.00-20.00  sec  4.77 MBytes  2.00 Mbits/sec  0.000 ms  0/3453 (0%)  sender
[  5]   0.00-20.04  sec  4.77 MBytes  2.00 Mbits/sec  0.992 ms  0/3453 (0%)  receiver
[  7]   0.00-20.00  sec  4.77 MBytes  2.00 Mbits/sec  0.000 ms  0/3453 (0%)  sender
[  7]   0.00-20.04  sec  4.77 MBytes  2.00 Mbits/sec  1.207 ms  0/3453 (0%)  receiver
[SUM]   0.00-20.00  sec  9.54 MBytes  4.00 Mbits/sec  0.000 ms  0/6906 (0%)  sender
[SUM]   0.00-20.04  sec  9.54 MBytes  3.99 Mbits/sec  1.099 ms  0/6906 (0%)  receiver
[  5]   0.00-20.00  sec  4.77 MBytes  2.00 Mbits/sec  0.000 ms  0/3453 (0%)  sender
[  5]   0.00-20.04  sec  4.77 MBytes  2.00 Mbits/sec  0.210 ms  0/3453 (0%)  receiver
[  7]   0.00-20.00  sec  4.77 MBytes  2.00 Mbits/sec  0.000 ms  0/3453 (0%)  sender
[  7]   0.00-20.04  sec  4.77 MBytes  2.00 Mbits/sec  0.304 ms  0/3453 (0%)  receiver
[SUM]   0.00-20.00  sec  9.54 MBytes  4.00 Mbits/sec  0.000 ms  0/6906 (0%)  sender
[SUM]   0.00-20.04  sec  9.54 MBytes  3.99 Mbits/sec  0.257 ms  0/6906 (0%)  receiver
[  5]   0.00-20.00  sec  4.77 MBytes  2.00 Mbits/sec  0.000 ms  0/3453 (0%)  sender
[  5]   0.00-20.04  sec  4.77 MBytes  2.00 Mbits/sec  0.208 ms  0/3453 (0%)  receiver
[  7]   0.00-20.00  sec  4.77 MBytes  2.00 Mbits/sec  0.000 ms  0/3453 (0%)  sender
[  7]   0.00-20.04  sec  4.77 MBytes  2.00 Mbits/sec  0.212 ms  0/3453 (0%)  receiver
[SUM]   0.00-20.00  sec  9.54 MBytes  4.00 Mbits/sec  0.000 ms  0/6906 (0%)  sender
[SUM]   0.00-20.04  sec  9.54 MBytes  3.99 Mbits/sec  0.210 ms  0/6906 (0%)  receiver
[  5]   0.00-20.00  sec  4.77 MBytes  2.00 Mbits/sec  0.000 ms  0/3453 (0%)  sender
[  5]   0.00-20.04  sec  4.77 MBytes  2.00 Mbits/sec  0.268 ms  0/3453 (0%)  receiver
[  7]   0.00-20.00  sec  4.77 MBytes  2.00 Mbits/sec  0.000 ms  0/3453 (0%)  sender
[  7]   0.00-20.04  sec  4.77 MBytes  2.00 Mbits/sec  0.271 ms  0/3453 (0%)  receiver
[SUM]   0.00-20.00  sec  9.54 MBytes  4.00 Mbits/sec  0.000 ms  0/6906 (0%)  sender
[SUM]   0.00-20.04  sec  9.54 MBytes  3.99 Mbits/sec  0.270 ms  0/6906 (0%)  receiver
[  5]   0.00-20.00  sec  4.77 MBytes  2.00 Mbits/sec  0.000 ms  0/3453 (0%)  sender
[  5]   0.00-20.04  sec  4.77 MBytes  2.00 Mbits/sec  0.313 ms  0/3453 (0%)  receiver
[  7]   0.00-20.00  sec  4.77 MBytes  2.00 Mbits/sec  0.000 ms  0/3453 (0%)  sender
[  7]   0.00-20.04  sec  4.77 MBytes  2.00 Mbits/sec  0.308 ms  0/3453 (0%)  receiver
[SUM]   0.00-20.00  sec  9.54 MBytes  4.00 Mbits/sec  0.000 ms  0/6906 (0%)  sender
[SUM]   0.00-20.04  sec  9.54 MBytes  3.99 Mbits/sec  0.311 ms  0/6906 (0%)  receiver
[  5]   0.00-20.00  sec  4.77 MBytes  2.00 Mbits/sec  0.000 ms  0/3453 (0%)  sender
[  5]   0.00-20.06  sec  4.77 MBytes  1.99 Mbits/sec  0.301 ms  0/3453 (0%)  receiver
[  7]   0.00-20.00  sec  4.77 MBytes  2.00 Mbits/sec  0.000 ms  0/3453 (0%)  sender
[  7]   0.00-20.06  sec  4.77 MBytes  1.99 Mbits/sec  0.324 ms  0/3453 (0%)  receiver
[SUM]   0.00-20.00  sec  9.54 MBytes  4.00 Mbits/sec  0.000 ms  0/6906 (0%)  sender
[SUM]   0.00-20.06  sec  9.54 MBytes  3.99 Mbits/sec  0.313 ms  0/6906 (0%)  receiver
[  5]   0.00-20.00  sec  4.77 MBytes  2.00 Mbits/sec  0.000 ms  0/3453 (0%)  sender
[  5]   0.00-20.04  sec  4.77 MBytes  2.00 Mbits/sec  1.158 ms  0/3453 (0%)  receiver
[  7]   0.00-20.00  sec  4.77 MBytes  2.00 Mbits/sec  0.000 ms  0/3453 (0%)  sender
[  7]   0.00-20.04  sec  4.77 MBytes  2.00 Mbits/sec  1.280 ms  0/3453 (0%)  receiver
[SUM]   0.00-20.00  sec  9.54 MBytes  4.00 Mbits/sec  0.000 ms  0/6906 (0%)  sender
[SUM]   0.00-20.04  sec  9.54 MBytes  3.99 Mbits/sec  1.219 ms  0/6906 (0%)  receiver
[  5]   0.00-20.00  sec  4.77 MBytes  2.00 Mbits/sec  0.000 ms  0/3453 (0%)  sender
[  5]   0.00-20.04  sec  4.77 MBytes  2.00 Mbits/sec  0.356 ms  0/3453 (0%)  receiver
[  7]   0.00-20.00  sec  4.77 MBytes  2.00 Mbits/sec  0.000 ms  0/3453 (0%)  sender
[  7]   0.00-20.04  sec  4.77 MBytes  2.00 Mbits/sec  0.427 ms  0/3453 (0%)  receiver
[SUM]   0.00-20.00  sec  9.54 MBytes  4.00 Mbits/sec  0.000 ms  0/6906 (0%)  sender
[SUM]   0.00-20.04  sec  9.54 MBytes  3.99 Mbits/sec  0.392 ms  0/6906 (0%)  receiver
[  5]   0.00-20.00  sec  4.77 MBytes  2.00 Mbits/sec  0.000 ms  0/3453 (0%)  sender
[  5]   0.00-20.04  sec  4.77 MBytes  2.00 Mbits/sec  1.487 ms  0/3453 (0%)  receiver
[  7]   0.00-20.00  sec  4.77 MBytes  2.00 Mbits/sec  0.000 ms  0/3453 (0%)  sender
[  7]   0.00-20.04  sec  4.77 MBytes  2.00 Mbits/sec  1.962 ms  0/3453 (0%)  receiver
[SUM]   0.00-20.00  sec  9.54 MBytes  4.00 Mbits/sec  0.000 ms  0/6906 (0%)  sender
[SUM]   0.00-20.04  sec  9.54 MBytes  3.99 Mbits/sec  1.725 ms  0/6906 (0%)  receiver
[  5]   0.00-20.00  sec  4.77 MBytes  2.00 Mbits/sec  0.000 ms  0/3453 (0%)  sender
[  5]   0.00-20.04  sec  4.77 MBytes  2.00 Mbits/sec  0.969 ms  0/3453 (0%)  receiver
[  7]   0.00-20.00  sec  4.77 MBytes  2.00 Mbits/sec  0.000 ms  0/3453 (0%)  sender
[  7]   0.00-20.04  sec  4.77 MBytes  2.00 Mbits/sec  0.982 ms  0/3453 (0%)  receiver
[SUM]   0.00-20.00  sec  9.54 MBytes  4.00 Mbits/sec  0.000 ms  0/6906 (0%)  sender
[SUM]   0.00-20.04  sec  9.54 MBytes  3.99 Mbits/sec  0.976 ms  0/6906 (0%)  receiver
[  5]   0.00-20.00  sec  4.77 MBytes  2.00 Mbits/sec  0.000 ms  0/3453 (0%)  sender
[  5]   0.00-20.05  sec  4.77 MBytes  2.00 Mbits/sec  0.437 ms  0/3453 (0%)  receiver
[  7]   0.00-20.00  sec  4.77 MBytes  2.00 Mbits/sec  0.000 ms  0/3453 (0%)  sender
[  7]   0.00-20.05  sec  4.77 MBytes  2.00 Mbits/sec  0.437 ms  0/3453 (0%)  receiver
[SUM]   0.00-20.00  sec  9.54 MBytes  4.00 Mbits/sec  0.000 ms  0/6906 (0%)  sender
[SUM]   0.00-20.05  sec  9.54 MBytes  3.99 Mbits/sec  0.437 ms  0/6906 (0%)  receiver
[  5]   0.00-20.00  sec  4.77 MBytes  2.00 Mbits/sec  0.000 ms  0/3453 (0%)  sender
[  5]   0.00-20.71  sec  4.77 MBytes  1.93 Mbits/sec  37.705 ms  0/3453 (0%)  receiver
[  7]   0.00-20.00  sec  4.77 MBytes  2.00 Mbits/sec  0.000 ms  0/3453 (0%)  sender
[  7]   0.00-20.71  sec  4.77 MBytes  1.93 Mbits/sec  39.602 ms  0/3452 (0%)  receiver
[SUM]   0.00-20.00  sec  9.54 MBytes  4.00 Mbits/sec  0.000 ms  0/6906 (0%)  sender
[SUM]   0.00-20.71  sec  9.54 MBytes  3.86 Mbits/sec  38.653 ms  0/6905 (0%)  receiver
[  5]   0.00-20.00  sec  4.77 MBytes  2.00 Mbits/sec  0.000 ms  0/3453 (0%)  sender
[  5]   0.00-20.04  sec  4.77 MBytes  2.00 Mbits/sec  0.808 ms  0/3453 (0%)  receiver
[  7]   0.00-20.00  sec  4.77 MBytes  2.00 Mbits/sec  0.000 ms  0/3453 (0%)  sender
[  7]   0.00-20.04  sec  4.77 MBytes  2.00 Mbits/sec  0.836 ms  0/3453 (0%)  receiver
[SUM]   0.00-20.00  sec  9.54 MBytes  4.00 Mbits/sec  0.000 ms  0/6906 (0%)  sender
[SUM]   0.00-20.04  sec  9.54 MBytes  3.99 Mbits/sec  0.822 ms  0/6906 (0%)  receiver
[  5]   0.00-20.00  sec  4.77 MBytes  2.00 Mbits/sec  0.000 ms  0/3453 (0%)  sender
[  5]   0.00-20.04  sec  4.77 MBytes  2.00 Mbits/sec  0.285 ms  0/3453 (0%)  receiver
[  7]   0.00-20.00  sec  4.77 MBytes  2.00 Mbits/sec  0.000 ms  0/3453 (0%)  sender
[  7]   0.00-20.04  sec  4.77 MBytes  2.00 Mbits/sec  0.290 ms  0/3453 (0%)  receiver
[SUM]   0.00-20.00  sec  9.54 MBytes  4.00 Mbits/sec  0.000 ms  0/6906 (0%)  sender
[SUM]   0.00-20.04  sec  9.54 MBytes  3.99 Mbits/sec  0.287 ms  0/6906 (0%)  receiver
[  5]   0.00-20.00  sec  4.77 MBytes  2.00 Mbits/sec  0.000 ms  0/3453 (0%)  sender
[  5]   0.00-20.04  sec  4.77 MBytes  2.00 Mbits/sec  0.255 ms  0/3453 (0%)  receiver
[  7]   0.00-20.00  sec  4.77 MBytes  2.00 Mbits/sec  0.000 ms  0/3453 (0%)  sender
[  7]   0.00-20.04  sec  4.77 MBytes  2.00 Mbits/sec  0.254 ms  0/3453 (0%)  receiver
[SUM]   0.00-20.00  sec  9.54 MBytes  4.00 Mbits/sec  0.000 ms  0/6906 (0%)  sender
[SUM]   0.00-20.04  sec  9.54 MBytes  3.99 Mbits/sec  0.254 ms  0/6906 (0%)  receiver
[  5]   0.00-20.00  sec  4.77 MBytes  2.00 Mbits/sec  0.000 ms  0/3453 (0%)  sender
[  5]   0.00-20.08  sec  4.77 MBytes  1.99 Mbits/sec  2.819 ms  0/3453 (0%)  receiver
[  7]   0.00-20.00  sec  4.77 MBytes  2.00 Mbits/sec  0.000 ms  0/3453 (0%)  sender
[  7]   0.00-20.08  sec  4.77 MBytes  1.99 Mbits/sec  2.840 ms  0/3453 (0%)  receiver
[SUM]   0.00-20.00  sec  9.54 MBytes  4.00 Mbits/sec  0.000 ms  0/6906 (0%)  sender
[SUM]   0.00-20.08  sec  9.54 MBytes  3.98 Mbits/sec  2.830 ms  0/6906 (0%)  receiver
[  5]   0.00-20.00  sec  4.77 MBytes  2.00 Mbits/sec  0.000 ms  0/3453 (0%)  sender
[  5]   0.00-20.04  sec  4.77 MBytes  2.00 Mbits/sec  0.352 ms  0/3453 (0%)  receiver
[  7]   0.00-20.00  sec  4.77 MBytes  2.00 Mbits/sec  0.000 ms  0/3453 (0%)  sender
[  7]   0.00-20.04  sec  4.77 MBytes  2.00 Mbits/sec  0.430 ms  0/3453 (0%)  receiver
[SUM]   0.00-20.00  sec  9.54 MBytes  4.00 Mbits/sec  0.000 ms  0/6906 (0%)  sender
[SUM]   0.00-20.04  sec  9.54 MBytes  3.99 Mbits/sec  0.391 ms  0/6906 (0%)  receiver
Failover Output:
[  5]   0.00-20.00  sec  4.77 MBytes  2.00 Mbits/sec  0.000 ms  0/3453 (0%)  sender
[  5]   0.00-20.78  sec  4.75 MBytes  1.92 Mbits/sec  0.469 ms  15/3453 (0.43%)  receiver
[  7]   0.00-20.00  sec  4.77 MBytes  2.00 Mbits/sec  0.000 ms  0/3453 (0%)  sender
[  7]   0.00-20.78  sec  4.75 MBytes  1.92 Mbits/sec  0.488 ms  15/3453 (0.43%)  receiver
[SUM]   0.00-20.00  sec  9.54 MBytes  4.00 Mbits/sec  0.000 ms  0/6906 (0%)  sender
[SUM]   0.00-20.78  sec  9.50 MBytes  3.83 Mbits/sec  0.478 ms  30/6906 (0.43%)  receiver
[  5]   0.00-20.00  sec  4.77 MBytes  2.00 Mbits/sec  0.000 ms  0/3453 (0%)  sender
[  5]   0.00-20.03  sec  4.76 MBytes  1.99 Mbits/sec  0.333 ms  7/3453 (0.2%)  receiver
[  7]   0.00-20.00  sec  4.77 MBytes  2.00 Mbits/sec  0.000 ms  0/3453 (0%)  sender
[  7]   0.00-20.03  sec  4.76 MBytes  1.99 Mbits/sec  0.378 ms  7/3453 (0.2%)  receiver
[SUM]   0.00-20.00  sec  9.54 MBytes  4.00 Mbits/sec  0.000 ms  0/6906 (0%)  sender
[SUM]   0.00-20.03  sec  9.52 MBytes  3.99 Mbits/sec  0.356 ms  14/6906 (0.2%)  receiver
[  5]   0.00-20.00  sec  4.77 MBytes  2.00 Mbits/sec  0.000 ms  0/3453 (0%)  sender
[  5]   0.00-20.04  sec  4.77 MBytes  2.00 Mbits/sec  1.205 ms  0/3453 (0%)  receiver
[  7]   0.00-20.00  sec  4.77 MBytes  2.00 Mbits/sec  0.000 ms  0/3453 (0%)  sender
[  7]   0.00-20.04  sec  4.77 MBytes  2.00 Mbits/sec  1.360 ms  0/3453 (0%)  receiver
[SUM]   0.00-20.00  sec  9.54 MBytes  4.00 Mbits/sec  0.000 ms  0/6906 (0%)  sender
[SUM]   0.00-20.04  sec  9.54 MBytes  3.99 Mbits/sec  1.283 ms  0/6906 (0%)  receiver
[  5]   0.00-20.00  sec  4.77 MBytes  2.00 Mbits/sec  0.000 ms  0/3454 (0%)  sender
[  5]   0.00-20.05  sec  4.77 MBytes  2.00 Mbits/sec  0.190 ms  0/3454 (0%)  receiver
[  7]   0.00-20.00  sec  4.77 MBytes  2.00 Mbits/sec  0.000 ms  0/3454 (0%)  sender
[  7]   0.00-20.05  sec  4.77 MBytes  2.00 Mbits/sec  0.191 ms  0/3454 (0%)  receiver
[SUM]   0.00-20.00  sec  9.54 MBytes  4.00 Mbits/sec  0.000 ms  0/6908 (0%)  sender
[SUM]   0.00-20.05  sec  9.54 MBytes  3.99 Mbits/sec  0.190 ms  0/6908 (0%)  receiver
[  5]   0.00-20.00  sec  4.77 MBytes  2.00 Mbits/sec  0.000 ms  0/3453 (0%)  sender
[  5]   0.00-20.45  sec  4.77 MBytes  1.96 Mbits/sec  0.248 ms  0/3453 (0%)  receiver
[  7]   0.00-20.00  sec  4.77 MBytes  2.00 Mbits/sec  0.000 ms  0/3453 (0%)  sender
[  7]   0.00-20.45  sec  4.77 MBytes  1.96 Mbits/sec  0.287 ms  0/3453 (0%)  receiver
[SUM]   0.00-20.00  sec  9.54 MBytes  4.00 Mbits/sec  0.000 ms  0/6906 (0%)  sender
[SUM]   0.00-20.45  sec  9.54 MBytes  3.91 Mbits/sec  0.268 ms  0/6906 (0%)  receiver
[  5]   0.00-20.00  sec  4.77 MBytes  2.00 Mbits/sec  0.000 ms  0/3453 (0%)  sender
[  5]   0.00-20.04  sec  4.77 MBytes  2.00 Mbits/sec  0.448 ms  0/3453 (0%)  receiver
[  7]   0.00-20.00  sec  4.77 MBytes  2.00 Mbits/sec  0.000 ms  0/3453 (0%)  sender
[  7]   0.00-20.04  sec  4.77 MBytes  2.00 Mbits/sec  0.483 ms  0/3453 (0%)  receiver
[SUM]   0.00-20.00  sec  9.54 MBytes  4.00 Mbits/sec  0.000 ms  0/6906 (0%)  sender
[SUM]   0.00-20.04  sec  9.54 MBytes  3.99 Mbits/sec  0.465 ms  0/6906 (0%)  receiver
[  5]   0.00-20.00  sec  4.77 MBytes  2.00 Mbits/sec  0.000 ms  0/3453 (0%)  sender
[  5]   0.00-20.06  sec  4.76 MBytes  1.99 Mbits/sec  1.463 ms  9/3453 (0.26%)  receiver
[  7]   0.00-20.00  sec  4.77 MBytes  2.00 Mbits/sec  0.000 ms  0/3453 (0%)  sender
[  7]   0.00-20.06  sec  4.76 MBytes  1.99 Mbits/sec  1.469 ms  9/3453 (0.26%)  receiver
[SUM]   0.00-20.00  sec  9.54 MBytes  4.00 Mbits/sec  0.000 ms  0/6906 (0%)  sender
[SUM]   0.00-20.06  sec  9.51 MBytes  3.98 Mbits/sec  1.466 ms  18/6906 (0.26%)  receiver
[  5]   0.00-20.00  sec  4.77 MBytes  2.00 Mbits/sec  0.000 ms  0/3453 (0%)  sender
[  5]   0.00-20.05  sec  4.76 MBytes  1.99 Mbits/sec  0.260 ms  7/3453 (0.2%)  receiver
[  7]   0.00-20.00  sec  4.77 MBytes  2.00 Mbits/sec  0.000 ms  0/3453 (0%)  sender
[  7]   0.00-20.05  sec  4.76 MBytes  1.99 Mbits/sec  0.261 ms  7/3453 (0.2%)  receiver
[SUM]   0.00-20.00  sec  9.54 MBytes  4.00 Mbits/sec  0.000 ms  0/6906 (0%)  sender
[SUM]   0.00-20.05  sec  9.52 MBytes  3.98 Mbits/sec  0.261 ms  14/6906 (0.2%)  receiver
[  5]   0.00-20.00  sec  4.77 MBytes  2.00 Mbits/sec  0.000 ms  0/3453 (0%)  sender
[  5]   0.00-20.75  sec  4.76 MBytes  1.92 Mbits/sec  7.034 ms  6/3453 (0.17%)  receiver
[  7]   0.00-20.00  sec  4.77 MBytes  2.00 Mbits/sec  0.000 ms  0/3453 (0%)  sender
[  7]   0.00-20.75  sec  4.76 MBytes  1.92 Mbits/sec  7.116 ms  6/3453 (0.17%)  receiver
[SUM]   0.00-20.00  sec  9.54 MBytes  4.00 Mbits/sec  0.000 ms  0/6906 (0%)  sender
[SUM]   0.00-20.75  sec  9.52 MBytes  3.85 Mbits/sec  7.075 ms  12/6906 (0.17%)  receiver
[  5]   0.00-20.00  sec  4.77 MBytes  2.00 Mbits/sec  0.000 ms  0/3453 (0%)  sender
[  5]   0.00-20.50  sec  4.76 MBytes  1.95 Mbits/sec  26.619 ms  8/3453 (0.23%)  receiver
[  7]   0.00-20.00  sec  4.77 MBytes  2.00 Mbits/sec  0.000 ms  0/3453 (0%)  sender
[  7]   0.00-20.50  sec  4.76 MBytes  1.95 Mbits/sec  26.636 ms  8/3453 (0.23%)  receiver
[SUM]   0.00-20.00  sec  9.54 MBytes  4.00 Mbits/sec  0.000 ms  0/6906 (0%)  sender
[SUM]   0.00-20.50  sec  9.51 MBytes  3.89 Mbits/sec  26.628 ms  16/6906 (0.23%)  receiver
[  5]   0.00-20.00  sec  4.77 MBytes  2.00 Mbits/sec  0.000 ms  0/3453 (0%)  sender
[  5]   0.00-20.04  sec  4.77 MBytes  2.00 Mbits/sec  0.191 ms  0/3453 (0%)  receiver
[  7]   0.00-20.00  sec  4.77 MBytes  2.00 Mbits/sec  0.000 ms  0/3453 (0%)  sender
[  7]   0.00-20.04  sec  4.77 MBytes  2.00 Mbits/sec  0.191 ms  0/3453 (0%)  receiver
[SUM]   0.00-20.00  sec  9.54 MBytes  4.00 Mbits/sec  0.000 ms  0/6906 (0%)  sender
[SUM]   0.00-20.04  sec  9.54 MBytes  3.99 Mbits/sec  0.191 ms  0/6906 (0%)  receiver
[  5]   0.00-20.00  sec  4.77 MBytes  2.00 Mbits/sec  0.000 ms  0/3453 (0%)  sender
[  5]   0.00-20.03  sec  4.77 MBytes  2.00 Mbits/sec  0.287 ms  0/3453 (0%)  receiver
[  7]   0.00-20.00  sec  4.77 MBytes  2.00 Mbits/sec  0.000 ms  0/3453 (0%)  sender
[  7]   0.00-20.03  sec  4.77 MBytes  2.00 Mbits/sec  0.290 ms  0/3453 (0%)  receiver
[SUM]   0.00-20.00  sec  9.54 MBytes  4.00 Mbits/sec  0.000 ms  0/6906 (0%)  sender
[SUM]   0.00-20.03  sec  9.54 MBytes  3.99 Mbits/sec  0.289 ms  0/6906 (0%)  receiver
[  5]   0.00-20.00  sec  4.77 MBytes  2.00 Mbits/sec  0.000 ms  0/3453 (0%)  sender
[  5]   0.00-21.14  sec  4.75 MBytes  1.89 Mbits/sec  2.378 ms  12/3453 (0.35%)  receiver
[  7]   0.00-20.00  sec  4.77 MBytes  2.00 Mbits/sec  0.000 ms  0/3453 (0%)  sender
[  7]   0.00-21.14  sec  4.75 MBytes  1.89 Mbits/sec  2.822 ms  12/3453 (0.35%)  receiver
[SUM]   0.00-20.00  sec  9.54 MBytes  4.00 Mbits/sec  0.000 ms  0/6906 (0%)  sender
[SUM]   0.00-21.14  sec  9.50 MBytes  3.77 Mbits/sec  2.600 ms  24/6906 (0.35%)  receiver
[  5]   0.00-20.02  sec  4.77 MBytes  2.00 Mbits/sec  0.000 ms  0/3451 (0%)  sender
[  5]   0.00-20.05  sec  4.77 MBytes  1.99 Mbits/sec  3.249 ms  0/3451 (0%)  receiver
[  7]   0.00-20.02  sec  4.77 MBytes  2.00 Mbits/sec  0.000 ms  0/3451 (0%)  sender
[  7]   0.00-20.05  sec  4.77 MBytes  1.99 Mbits/sec  3.009 ms  0/3451 (0%)  receiver
[SUM]   0.00-20.02  sec  9.53 MBytes  3.99 Mbits/sec  0.000 ms  0/6902 (0%)  sender
[SUM]   0.00-20.05  sec  9.53 MBytes  3.99 Mbits/sec  3.129 ms  0/6902 (0%)  receiver
[  5]   0.00-20.00  sec  4.77 MBytes  2.00 Mbits/sec  0.000 ms  0/3453 (0%)  sender
[  5]   0.00-20.05  sec  4.77 MBytes  2.00 Mbits/sec  0.467 ms  0/3453 (0%)  receiver
[  7]   0.00-20.00  sec  4.77 MBytes  2.00 Mbits/sec  0.000 ms  0/3453 (0%)  sender
[  7]   0.00-20.05  sec  4.77 MBytes  2.00 Mbits/sec  0.696 ms  0/3453 (0%)  receiver
[SUM]   0.00-20.00  sec  9.54 MBytes  4.00 Mbits/sec  0.000 ms  0/6906 (0%)  sender
[SUM]   0.00-20.05  sec  9.54 MBytes  3.99 Mbits/sec  0.582 ms  0/6906 (0%)  receiver
[  5]   0.00-20.00  sec  4.77 MBytes  2.00 Mbits/sec  0.000 ms  0/3454 (0%)  sender
[  5]   0.00-20.04  sec  4.77 MBytes  2.00 Mbits/sec  0.468 ms  0/3454 (0%)  receiver
[  7]   0.00-20.00  sec  4.77 MBytes  2.00 Mbits/sec  0.000 ms  0/3454 (0%)  sender
[  7]   0.00-20.04  sec  4.77 MBytes  2.00 Mbits/sec  0.513 ms  0/3454 (0%)  receiver
[SUM]   0.00-20.00  sec  9.54 MBytes  4.00 Mbits/sec  0.000 ms  0/6908 (0%)  sender
[SUM]   0.00-20.04  sec  9.54 MBytes  3.99 Mbits/sec  0.491 ms  0/6908 (0%)  receiver
[  5]   0.00-20.00  sec  4.77 MBytes  2.00 Mbits/sec  0.000 ms  0/3453 (0%)  sender
[  5]   0.00-20.04  sec  4.77 MBytes  2.00 Mbits/sec  0.569 ms  0/3453 (0%)  receiver
[  7]   0.00-20.00  sec  4.77 MBytes  2.00 Mbits/sec  0.000 ms  0/3453 (0%)  sender
[  7]   0.00-20.04  sec  4.77 MBytes  2.00 Mbits/sec  0.574 ms  0/3453 (0%)  receiver
[SUM]   0.00-20.00  sec  9.54 MBytes  4.00 Mbits/sec  0.000 ms  0/6906 (0%)  sender
[SUM]   0.00-20.04  sec  9.54 MBytes  3.99 Mbits/sec  0.571 ms  0/6906 (0%)  receiver
[  5]   0.00-20.00  sec  4.77 MBytes  2.00 Mbits/sec  0.000 ms  0/3453 (0%)  sender
[  5]   0.00-21.55  sec  4.77 MBytes  1.86 Mbits/sec  0.247 ms  0/3453 (0%)  receiver
[  7]   0.00-20.00  sec  4.77 MBytes  2.00 Mbits/sec  0.000 ms  0/3453 (0%)  sender
[  7]   0.00-21.55  sec  4.77 MBytes  1.86 Mbits/sec  0.287 ms  0/3453 (0%)  receiver
[SUM]   0.00-20.00  sec  9.54 MBytes  4.00 Mbits/sec  0.000 ms  0/6906 (0%)  sender
[SUM]   0.00-21.55  sec  9.54 MBytes  3.71 Mbits/sec  0.267 ms  0/6906 (0%)  receiver
[  5]   0.00-20.00  sec  4.77 MBytes  2.00 Mbits/sec  0.000 ms  0/3453 (0%)  sender
[  5]   0.00-20.42  sec  4.77 MBytes  1.96 Mbits/sec  22.692 ms  0/3453 (0%)  receiver
[  7]   0.00-20.00  sec  4.77 MBytes  2.00 Mbits/sec  0.000 ms  0/3453 (0%)  sender
[  7]   0.00-20.42  sec  4.77 MBytes  1.96 Mbits/sec  22.694 ms  0/3453 (0%)  receiver
[SUM]   0.00-20.00  sec  9.54 MBytes  4.00 Mbits/sec  0.000 ms  0/6906 (0%)  sender
[SUM]   0.00-20.42  sec  9.54 MBytes  3.92 Mbits/sec  22.693 ms  0/6906 (0%)  receiver
[  5]   0.00-20.00  sec  4.77 MBytes  2.00 Mbits/sec  0.000 ms  0/3453 (0%)  sender
[  5]   0.00-20.04  sec  4.77 MBytes  2.00 Mbits/sec  0.197 ms  0/3453 (0%)  receiver
[  7]   0.00-20.00  sec  4.77 MBytes  2.00 Mbits/sec  0.000 ms  0/3453 (0%)  sender
[  7]   0.00-20.04  sec  4.77 MBytes  2.00 Mbits/sec  0.196 ms  0/3453 (0%)  receiver
[SUM]   0.00-20.00  sec  9.54 MBytes  4.00 Mbits/sec  0.000 ms  0/6906 (0%)  sender
[SUM]   0.00-20.04  sec  9.54 MBytes  3.99 Mbits/sec  0.196 ms  0/6906 (0%)  receiver
