2024-05-05 21:51:13,289 - INFO - Starting iPerf3 test at 2024-05-05-2151
2024-05-05 21:51:13,289 - INFO - TCP iperf_time: 20s, trial_runs: 1, parallel_connections: 3, bitrate: Default
2024-05-05 21:51:13,385 - INFO - ONOS Docker container is already running.
2024-05-05 21:51:13,386 - INFO - Test Case: Fault Tolerance via Host Intents
2024-05-05 21:51:14,694 - INFO - Starting Mininet topology: TC
2024-05-05 21:51:16,203 - INFO - *** Creating network
*** Adding controller
Connecting to remote controller at 172.17.0.2:6653
*** Adding hosts:
h1 h2 h3 h4 h5 h6 
*** Adding switches:
s1 s2 s3 
*** Adding links:
(h1, s1) (h2, s1) (h3, s2) (h4, s2) (h5, s3) (h6, s3) (50.00Mbit 10ms delay) *** Error: Warning: sch_htb: quantum of class 50001 is big. Consider r2q change.
(50.00Mbit 10ms delay) *** Error: Warning: sch_htb: quantum of class 50001 is big. Consider r2q change.
(s1, s2) (10.00Mbit 10ms delay) (10.00Mbit 10ms delay) (s1, s3) (5.00Mbit 10ms delay) (5.00Mbit 10ms delay) (s2, s3) 
*** Configuring hosts
h1 h2 h3 h4 h5 h6 
*** Starting controller
c0 
*** Starting 3 switches
s1 s2 s3 ...(50.00Mbit 10ms delay) *** Error: Warning: sch_htb: quantum of class 50001 is big. Consider r2q change.
(10.00Mbit 10ms delay) (50.00Mbit 10ms delay) *** Error: Warning: sch_htb: quantum of class 50001 is big. Consider r2q change.
(5.00Mbit 10ms delay) (10.00Mbit 10ms delay) (5.00Mbit 10ms delay) 
*** Starting CLI:
2024-05-05 21:51:16,208 - INFO - Connected (version 2.0, client APACHE-SSHD-2.5.1)
2024-05-05 21:51:16,268 - INFO - Authentication (password) successful!
2024-05-05 21:51:16,396 - INFO - Activated org.onosproject.fwd
2024-05-05 21:51:26,407 - INFO - Executing Mininet command: pingall
2024-05-05 21:51:27,360 - INFO - *** Ping: testing ping reachability
h1 -> h2 h3 h4 h5 h6 
h2 -> h1 h3 h4 h5 h6 
h3 -> h1 h2 h4 h5 h6 
h4 -> h1 h2 h3 h5 h6 
h5 -> h1 h2 h3 h4 h6 
h6 -> h1 h2 h3 h4 h5 
*** Results: 0% dropped (30/30 received)
2024-05-05 21:51:27,362 - INFO - Connected (version 2.0, client APACHE-SSHD-2.5.1)
2024-05-05 21:51:27,414 - INFO - Authentication (password) successful!
2024-05-05 21:51:27,927 - INFO - Deactivated org.onosproject.fwd
2024-05-05 21:51:27,929 - INFO - Starting to clear all intents.
2024-05-05 21:51:27,936 - INFO - List of intents:
2024-05-05 21:51:27,937 - INFO - AppId: org.onosproject.ovsdb, Key: 0x703f83
2024-05-05 21:51:27,937 - INFO - AppId: org.onosproject.ovsdb, Key: 0x703fa4
2024-05-05 21:51:27,937 - INFO - AppId: org.onosproject.ovsdb, Key: 0x703fa1
2024-05-05 21:51:27,938 - INFO - AppId: org.onosproject.ovsdb, Key: 0x703f80
2024-05-05 21:51:27,938 - INFO - AppId: org.onosproject.ovsdb, Key: 0x703f81
2024-05-05 21:51:27,938 - INFO - AppId: org.onosproject.ovsdb, Key: 0x703f7f
2024-05-05 21:51:27,939 - INFO - AppId: org.onosproject.ovsdb, Key: 0x703f9f
2024-05-05 21:51:27,939 - INFO - AppId: org.onosproject.ovsdb, Key: 0x703fa3
2024-05-05 21:51:27,939 - INFO - AppId: org.onosproject.ovsdb, Key: 0x703f84
2024-05-05 21:51:27,939 - INFO - AppId: org.onosproject.ovsdb, Key: 0x703fa2
2024-05-05 21:51:27,939 - INFO - AppId: org.onosproject.ovsdb, Key: 0x703f82
2024-05-05 21:51:27,940 - INFO - AppId: org.onosproject.ovsdb, Key: 0x703fa0
2024-05-05 21:51:27,940 - INFO - AppId: org.onosproject.ovsdb, Key: 0x703fc5
2024-05-05 21:51:27,940 - INFO - AppId: org.onosproject.ovsdb, Key: 0x703f9d
2024-05-05 21:51:27,940 - INFO - AppId: org.onosproject.ovsdb, Key: 0x703f9e
2024-05-05 21:51:27,941 - INFO - Found 15 intents to clear.
2024-05-05 21:51:27,941 - INFO - Clearing intent 1/15 - AppId: org.onosproject.ovsdb, Key: 0x703f83
2024-05-05 21:51:27,960 - INFO - Clearing intent 2/15 - AppId: org.onosproject.ovsdb, Key: 0x703fa4
2024-05-05 21:51:27,982 - INFO - Clearing intent 3/15 - AppId: org.onosproject.ovsdb, Key: 0x703fa1
2024-05-05 21:51:28,002 - INFO - Clearing intent 4/15 - AppId: org.onosproject.ovsdb, Key: 0x703f80
2024-05-05 21:51:28,030 - INFO - Clearing intent 5/15 - AppId: org.onosproject.ovsdb, Key: 0x703f81
2024-05-05 21:51:28,054 - INFO - Clearing intent 6/15 - AppId: org.onosproject.ovsdb, Key: 0x703f7f
2024-05-05 21:51:28,094 - INFO - Clearing intent 7/15 - AppId: org.onosproject.ovsdb, Key: 0x703f9f
2024-05-05 21:51:28,116 - INFO - Clearing intent 8/15 - AppId: org.onosproject.ovsdb, Key: 0x703fa3
2024-05-05 21:51:28,134 - INFO - Clearing intent 9/15 - AppId: org.onosproject.ovsdb, Key: 0x703f84
2024-05-05 21:51:28,154 - INFO - Clearing intent 10/15 - AppId: org.onosproject.ovsdb, Key: 0x703fa2
2024-05-05 21:51:28,174 - INFO - Clearing intent 11/15 - AppId: org.onosproject.ovsdb, Key: 0x703f82
2024-05-05 21:51:28,195 - INFO - Clearing intent 12/15 - AppId: org.onosproject.ovsdb, Key: 0x703fa0
2024-05-05 21:51:28,215 - INFO - Clearing intent 13/15 - AppId: org.onosproject.ovsdb, Key: 0x703fc5
2024-05-05 21:51:28,238 - INFO - Clearing intent 14/15 - AppId: org.onosproject.ovsdb, Key: 0x703f9d
2024-05-05 21:51:28,256 - INFO - Clearing intent 15/15 - AppId: org.onosproject.ovsdb, Key: 0x703f9e
2024-05-05 21:51:29,281 - INFO - No intents found.
2024-05-05 21:51:29,281 - INFO - All intents cleared successfully.
2024-05-05 21:51:29,289 - INFO - MAC addresses of hosts connected to the ONOS controller (sorted):
2024-05-05 21:51:29,290 - INFO - 00:00:00:00:00:01
2024-05-05 21:51:29,291 - INFO - 00:00:00:00:00:02
2024-05-05 21:51:29,291 - INFO - 00:00:00:00:00:03
2024-05-05 21:51:29,292 - INFO - 00:00:00:00:00:04
2024-05-05 21:51:29,292 - INFO - 00:00:00:00:00:05
2024-05-05 21:51:29,292 - INFO - 00:00:00:00:00:06
2024-05-05 21:51:29,300 - INFO - Creating intent from 00:00:00:00:00:01 to 00:00:00:00:00:02...
2024-05-05 21:51:29,306 - INFO - Creating intent from 00:00:00:00:00:01 to 00:00:00:00:00:03...
2024-05-05 21:51:29,312 - INFO - Creating intent from 00:00:00:00:00:01 to 00:00:00:00:00:04...
2024-05-05 21:51:29,317 - INFO - Creating intent from 00:00:00:00:00:01 to 00:00:00:00:00:05...
2024-05-05 21:51:29,324 - INFO - Creating intent from 00:00:00:00:00:01 to 00:00:00:00:00:06...
2024-05-05 21:51:29,329 - INFO - Creating intent from 00:00:00:00:00:02 to 00:00:00:00:00:03...
2024-05-05 21:51:29,335 - INFO - Creating intent from 00:00:00:00:00:02 to 00:00:00:00:00:04...
2024-05-05 21:51:29,340 - INFO - Creating intent from 00:00:00:00:00:02 to 00:00:00:00:00:05...
2024-05-05 21:51:29,346 - INFO - Creating intent from 00:00:00:00:00:02 to 00:00:00:00:00:06...
2024-05-05 21:51:29,353 - INFO - Creating intent from 00:00:00:00:00:03 to 00:00:00:00:00:04...
2024-05-05 21:51:29,363 - INFO - Creating intent from 00:00:00:00:00:03 to 00:00:00:00:00:05...
2024-05-05 21:51:29,369 - INFO - Creating intent from 00:00:00:00:00:03 to 00:00:00:00:00:06...
2024-05-05 21:51:29,375 - INFO - Creating intent from 00:00:00:00:00:04 to 00:00:00:00:00:05...
2024-05-05 21:51:29,382 - INFO - Creating intent from 00:00:00:00:00:04 to 00:00:00:00:00:06...
2024-05-05 21:51:29,389 - INFO - Creating intent from 00:00:00:00:00:05 to 00:00:00:00:00:06...
2024-05-05 21:51:34,394 - INFO - Executing Mininet command: h1 iperf3 -s &
2024-05-05 21:51:34,395 - INFO - Command h1 iperf3 -s & successful
2024-05-05 21:51:44,406 - INFO - Executing Mininet command: h6 iperf3 -c 10.0.10.1 -t 20 -i 1 -f mM -P 3 > iperf/baseline.log &
2024-05-05 21:51:44,406 - INFO - Command h6 iperf3 -c 10.0.10.1 -t 20 -i 1 -f mM -P 3 > iperf/baseline.log & successful
2024-05-05 21:52:09,430 - INFO - Baseline iperf output
2024-05-05 21:52:09,433 - INFO - Found iperf Done.
2024-05-05 21:52:09,434 - INFO - Connecting to host 10.0.10.1, port 5201
2024-05-05 21:52:09,434 - INFO - [  5] local 10.0.30.2 port 35026 connected to 10.0.10.1 port 5201
2024-05-05 21:52:09,434 - INFO - [  7] local 10.0.30.2 port 35042 connected to 10.0.10.1 port 5201
2024-05-05 21:52:09,435 - INFO - [  9] local 10.0.30.2 port 35058 connected to 10.0.10.1 port 5201
2024-05-05 21:52:09,435 - INFO - [ ID] Interval           Transfer     Bitrate         Retr  Cwnd
2024-05-05 21:52:09,435 - INFO - [  5]   0.00-1.00   sec   735 KBytes  6.02 Mbits/sec    0   80.6 KBytes       
2024-05-05 21:52:09,436 - INFO - [  7]   0.00-1.00   sec   742 KBytes  6.08 Mbits/sec    0   80.6 KBytes       
2024-05-05 21:52:09,436 - INFO - [  9]   0.00-1.00   sec   727 KBytes  5.95 Mbits/sec    0   79.2 KBytes       
2024-05-05 21:52:09,436 - INFO - [SUM]   0.00-1.00   sec  2.15 MBytes  18.0 Mbits/sec    0             
2024-05-05 21:52:09,437 - INFO - - - - - - - - - - - - - - - - - - - - - - - - - -
2024-05-05 21:52:09,437 - INFO - [  5]   1.00-2.00   sec   636 KBytes  5.21 Mbits/sec    0    102 KBytes       
2024-05-05 21:52:09,438 - INFO - [  7]   1.00-2.00   sec   382 KBytes  3.13 Mbits/sec    0   97.6 KBytes       
2024-05-05 21:52:09,438 - INFO - [  9]   1.00-2.00   sec   382 KBytes  3.13 Mbits/sec    0   99.0 KBytes       
2024-05-05 21:52:09,439 - INFO - [SUM]   1.00-2.00   sec  1.37 MBytes  11.5 Mbits/sec    0             
2024-05-05 21:52:09,439 - INFO - - - - - - - - - - - - - - - - - - - - - - - - - -
2024-05-05 21:52:09,439 - INFO - [  5]   2.00-3.00   sec   255 KBytes  2.09 Mbits/sec    0    119 KBytes       
2024-05-05 21:52:09,440 - INFO - [  7]   2.00-3.00   sec   509 KBytes  4.17 Mbits/sec    0    119 KBytes       
2024-05-05 21:52:09,441 - INFO - [  9]   2.00-3.00   sec   509 KBytes  4.17 Mbits/sec    0    117 KBytes       
2024-05-05 21:52:09,441 - INFO - [SUM]   2.00-3.00   sec  1.24 MBytes  10.4 Mbits/sec    0             
2024-05-05 21:52:09,441 - INFO - - - - - - - - - - - - - - - - - - - - - - - - - -
2024-05-05 21:52:09,442 - INFO - [  5]   3.00-4.00   sec   573 KBytes  4.68 Mbits/sec    0    137 KBytes       
2024-05-05 21:52:09,442 - INFO - [  7]   3.00-4.00   sec   573 KBytes  4.68 Mbits/sec    0    137 KBytes       
2024-05-05 21:52:09,443 - INFO - [  9]   3.00-4.00   sec   573 KBytes  4.68 Mbits/sec    0    134 KBytes       
2024-05-05 21:52:09,443 - INFO - [SUM]   3.00-4.00   sec  1.68 MBytes  14.1 Mbits/sec    0             
2024-05-05 21:52:09,443 - INFO - - - - - - - - - - - - - - - - - - - - - - - - - -
2024-05-05 21:52:09,444 - INFO - [  5]   4.00-5.00   sec   318 KBytes  2.61 Mbits/sec    0    158 KBytes       
2024-05-05 21:52:09,444 - INFO - [  7]   4.00-5.00   sec   318 KBytes  2.61 Mbits/sec    0    156 KBytes       
2024-05-05 21:52:09,444 - INFO - [  9]   4.00-5.00   sec   318 KBytes  2.61 Mbits/sec    0    153 KBytes       
2024-05-05 21:52:09,444 - INFO - [SUM]   4.00-5.00   sec   954 KBytes  7.82 Mbits/sec    0             
2024-05-05 21:52:09,445 - INFO - - - - - - - - - - - - - - - - - - - - - - - - - -
2024-05-05 21:52:09,445 - INFO - [  5]   5.00-6.00   sec   700 KBytes  5.74 Mbits/sec    0    174 KBytes       
2024-05-05 21:52:09,445 - INFO - [  7]   5.00-6.00   sec   382 KBytes  3.13 Mbits/sec    0    175 KBytes       
2024-05-05 21:52:09,445 - INFO - [  9]   5.00-6.00   sec   700 KBytes  5.74 Mbits/sec    0    173 KBytes       
2024-05-05 21:52:09,445 - INFO - [SUM]   5.00-6.00   sec  1.74 MBytes  14.6 Mbits/sec    0             
2024-05-05 21:52:09,445 - INFO - - - - - - - - - - - - - - - - - - - - - - - - - -
2024-05-05 21:52:09,446 - INFO - [  5]   6.00-7.00   sec   445 KBytes  3.65 Mbits/sec    0    208 KBytes       
2024-05-05 21:52:09,446 - INFO - [  7]   6.00-7.00   sec   827 KBytes  6.77 Mbits/sec    0    214 KBytes       
2024-05-05 21:52:09,446 - INFO - [  9]   6.00-7.00   sec   445 KBytes  3.65 Mbits/sec    0    218 KBytes       
2024-05-05 21:52:09,446 - INFO - [SUM]   6.00-7.00   sec  1.68 MBytes  14.1 Mbits/sec    0             
2024-05-05 21:52:09,447 - INFO - - - - - - - - - - - - - - - - - - - - - - - - - -
2024-05-05 21:52:09,447 - INFO - [  5]   7.00-8.00   sec   509 KBytes  4.17 Mbits/sec    0    284 KBytes       
2024-05-05 21:52:09,447 - INFO - [  7]   7.00-8.00   sec   509 KBytes  4.17 Mbits/sec    0    297 KBytes       
2024-05-05 21:52:09,448 - INFO - [  9]   7.00-8.00   sec   509 KBytes  4.17 Mbits/sec    0    263 KBytes       
2024-05-05 21:52:09,448 - INFO - [SUM]   7.00-8.00   sec  1.49 MBytes  12.5 Mbits/sec    0             
2024-05-05 21:52:09,448 - INFO - - - - - - - - - - - - - - - - - - - - - - - - - -
2024-05-05 21:52:09,448 - INFO - [  5]   8.00-9.00   sec   636 KBytes  5.22 Mbits/sec    0    352 KBytes       
2024-05-05 21:52:09,449 - INFO - [  7]   8.00-9.00   sec   636 KBytes  5.22 Mbits/sec    0    366 KBytes       
2024-05-05 21:52:09,449 - INFO - [  9]   8.00-9.00   sec  1.37 MBytes  11.5 Mbits/sec    0    386 KBytes       
2024-05-05 21:52:09,450 - INFO - [SUM]   8.00-9.00   sec  2.61 MBytes  21.9 Mbits/sec    0             
2024-05-05 21:52:09,450 - INFO - - - - - - - - - - - - - - - - - - - - - - - - - -
2024-05-05 21:52:09,451 - INFO - [  5]   9.00-10.00  sec   764 KBytes  6.26 Mbits/sec    0    465 KBytes       
2024-05-05 21:52:09,451 - INFO - [  7]   9.00-10.00  sec   827 KBytes  6.78 Mbits/sec    0    465 KBytes       
2024-05-05 21:52:09,451 - INFO - [  9]   9.00-10.00  sec  1018 KBytes  8.34 Mbits/sec    0    495 KBytes       
2024-05-05 21:52:09,452 - INFO - [SUM]   9.00-10.00  sec  2.55 MBytes  21.4 Mbits/sec    0             
2024-05-05 21:52:09,452 - INFO - - - - - - - - - - - - - - - - - - - - - - - - - -
2024-05-05 21:52:09,452 - INFO - [  5]  10.00-11.00  sec  1018 KBytes  8.33 Mbits/sec    0    564 KBytes       
2024-05-05 21:52:09,452 - INFO - [  7]  10.00-11.00  sec  1018 KBytes  8.33 Mbits/sec    0    612 KBytes       
2024-05-05 21:52:09,453 - INFO - [  9]  10.00-11.00  sec  0.00 Bytes  0.00 Mbits/sec    0    622 KBytes       
2024-05-05 21:52:09,453 - INFO - [SUM]  10.00-11.00  sec  1.99 MBytes  16.7 Mbits/sec    0             
2024-05-05 21:52:09,453 - INFO - - - - - - - - - - - - - - - - - - - - - - - - - -
2024-05-05 21:52:09,454 - INFO - [  5]  11.00-12.00  sec  1.24 MBytes  10.4 Mbits/sec    0    761 KBytes       
2024-05-05 21:52:09,454 - INFO - [  7]  11.00-12.00  sec  1.25 MBytes  10.5 Mbits/sec    0    779 KBytes       
2024-05-05 21:52:09,455 - INFO - [  9]  11.00-12.00  sec  1.24 MBytes  10.4 Mbits/sec    0    687 KBytes       
2024-05-05 21:52:09,455 - INFO - [SUM]  11.00-12.00  sec  3.74 MBytes  31.4 Mbits/sec    0             
2024-05-05 21:52:09,455 - INFO - - - - - - - - - - - - - - - - - - - - - - - - - -
2024-05-05 21:52:09,455 - INFO - [  5]  12.00-13.00  sec  1.25 MBytes  10.5 Mbits/sec    0    915 KBytes       
2024-05-05 21:52:09,456 - INFO - [  7]  12.00-13.00  sec  0.00 Bytes  0.00 Mbits/sec    0    857 KBytes       
2024-05-05 21:52:09,456 - INFO - [  9]  12.00-13.00  sec  1.25 MBytes  10.5 Mbits/sec    0    932 KBytes       
2024-05-05 21:52:09,456 - INFO - [SUM]  12.00-13.00  sec  2.50 MBytes  21.0 Mbits/sec    0             
2024-05-05 21:52:09,457 - INFO - - - - - - - - - - - - - - - - - - - - - - - - - -
2024-05-05 21:52:09,457 - INFO - [  5]  13.00-14.00  sec  1.25 MBytes  10.5 Mbits/sec    0   1.08 MBytes       
2024-05-05 21:52:09,457 - INFO - [  7]  13.00-14.00  sec  2.50 MBytes  21.0 Mbits/sec    0   1.13 MBytes       
2024-05-05 21:52:09,458 - INFO - [  9]  13.00-14.00  sec  0.00 Bytes  0.00 Mbits/sec    0    980 KBytes       
2024-05-05 21:52:09,458 - INFO - [SUM]  13.00-14.00  sec  3.75 MBytes  31.5 Mbits/sec    0             
2024-05-05 21:52:09,459 - INFO - - - - - - - - - - - - - - - - - - - - - - - - - -
2024-05-05 21:52:09,459 - INFO - [  5]  14.00-15.00  sec  0.00 Bytes  0.00 Mbits/sec    0   1.12 MBytes       
2024-05-05 21:52:09,459 - INFO - [  7]  14.00-15.00  sec  0.00 Bytes  0.00 Mbits/sec    0   1.22 MBytes       
2024-05-05 21:52:09,460 - INFO - [  9]  14.00-15.00  sec  2.50 MBytes  20.9 Mbits/sec    0   1.35 MBytes       
2024-05-05 21:52:09,460 - INFO - [SUM]  14.00-15.00  sec  2.50 MBytes  20.9 Mbits/sec    0             
2024-05-05 21:52:09,460 - INFO - - - - - - - - - - - - - - - - - - - - - - - - - -
2024-05-05 21:52:09,461 - INFO - [  5]  15.00-16.00  sec  1.25 MBytes  10.5 Mbits/sec   65   1.22 MBytes       
2024-05-05 21:52:09,461 - INFO - [  7]  15.00-16.00  sec  0.00 Bytes  0.00 Mbits/sec   46   1.13 MBytes       
2024-05-05 21:52:09,462 - INFO - [  9]  15.00-16.00  sec  0.00 Bytes  0.00 Mbits/sec   28   1.31 MBytes       
2024-05-05 21:52:09,462 - INFO - [SUM]  15.00-16.00  sec  1.25 MBytes  10.5 Mbits/sec  139             
2024-05-05 21:52:09,462 - INFO - - - - - - - - - - - - - - - - - - - - - - - - - -
2024-05-05 21:52:09,463 - INFO - [  5]  16.00-17.00  sec  0.00 Bytes  0.00 Mbits/sec   18   1.18 MBytes       
2024-05-05 21:52:09,463 - INFO - [  7]  16.00-17.00  sec  0.00 Bytes  0.00 Mbits/sec  226    874 KBytes       
2024-05-05 21:52:09,464 - INFO - [  9]  16.00-17.00  sec  0.00 Bytes  0.00 Mbits/sec  131   1.01 MBytes       
2024-05-05 21:52:09,465 - INFO - [SUM]  16.00-17.00  sec  0.00 Bytes  0.00 Mbits/sec  375             
2024-05-05 21:52:09,465 - INFO - - - - - - - - - - - - - - - - - - - - - - - - - -
2024-05-05 21:52:09,467 - INFO - [  5]  17.00-18.00  sec  0.00 Bytes  0.00 Mbits/sec  220    998 KBytes       
2024-05-05 21:52:09,468 - INFO - [  7]  17.00-18.00  sec  0.00 Bytes  0.00 Mbits/sec   13    857 KBytes       
2024-05-05 21:52:09,468 - INFO - [  9]  17.00-18.00  sec  0.00 Bytes  0.00 Mbits/sec  160    952 KBytes       
2024-05-05 21:52:09,469 - INFO - [SUM]  17.00-18.00  sec  0.00 Bytes  0.00 Mbits/sec  393             
2024-05-05 21:52:09,469 - INFO - - - - - - - - - - - - - - - - - - - - - - - - - -
2024-05-05 21:52:09,470 - INFO - [  5]  18.00-19.00  sec  0.00 Bytes  0.00 Mbits/sec   13    980 KBytes       
2024-05-05 21:52:09,470 - INFO - [  7]  18.00-19.00  sec  0.00 Bytes  0.00 Mbits/sec  129    687 KBytes       
2024-05-05 21:52:09,470 - INFO - [  9]  18.00-19.00  sec  0.00 Bytes  0.00 Mbits/sec   35    906 KBytes       
2024-05-05 21:52:09,470 - INFO - [SUM]  18.00-19.00  sec  0.00 Bytes  0.00 Mbits/sec  177             
2024-05-05 21:52:09,471 - INFO - - - - - - - - - - - - - - - - - - - - - - - - - -
2024-05-05 21:52:09,471 - INFO - [  5]  19.00-20.00  sec  1.25 MBytes  10.5 Mbits/sec  152    769 KBytes       
2024-05-05 21:52:09,472 - INFO - [  7]  19.00-20.00  sec  0.00 Bytes  0.00 Mbits/sec    5    680 KBytes       
2024-05-05 21:52:09,472 - INFO - [  9]  19.00-20.00  sec  0.00 Bytes  0.00 Mbits/sec  130    716 KBytes       
2024-05-05 21:52:09,472 - INFO - [SUM]  19.00-20.00  sec  1.25 MBytes  10.5 Mbits/sec  287             
2024-05-05 21:52:09,473 - INFO - - - - - - - - - - - - - - - - - - - - - - - - - -
2024-05-05 21:52:09,473 - INFO - [ ID] Interval           Transfer     Bitrate         Retr
2024-05-05 21:52:09,473 - INFO - [  5]   0.00-20.00  sec  12.7 MBytes  5.32 Mbits/sec  468             sender
2024-05-05 21:52:09,473 - INFO - [  5]   0.00-21.86  sec  8.55 MBytes  3.28 Mbits/sec                  receiver
2024-05-05 21:52:09,474 - INFO - [  7]   0.00-20.00  sec  10.3 MBytes  4.33 Mbits/sec  419             sender
2024-05-05 21:52:09,475 - INFO - [  7]   0.00-21.86  sec  7.72 MBytes  2.96 Mbits/sec                  receiver
2024-05-05 21:52:09,475 - INFO - [  9]   0.00-20.00  sec  11.4 MBytes  4.79 Mbits/sec  484             sender
2024-05-05 21:52:09,475 - INFO - [  9]   0.00-21.86  sec  8.13 MBytes  3.12 Mbits/sec                  receiver
2024-05-05 21:52:09,476 - INFO - [SUM]   0.00-20.00  sec  34.4 MBytes  14.4 Mbits/sec  1371             sender
2024-05-05 21:52:09,476 - INFO - [SUM]   0.00-21.86  sec  24.4 MBytes  9.37 Mbits/sec                  receiver
2024-05-05 21:52:09,476 - INFO - 
2024-05-05 21:52:09,477 - INFO - iperf Done.
2024-05-05 21:52:14,482 - INFO - Executing Mininet command: h6 iperf3 -c 10.0.10.1 -t 20 -i 1 -f mM -P 3 > iperf/failover.log &
2024-05-05 21:52:14,482 - INFO - Command h6 iperf3 -c 10.0.10.1 -t 20 -i 1 -f mM -P 3 > iperf/failover.log & successful
2024-05-05 21:52:19,498 - INFO - MAC addresses of hosts connected to the ONOS controller (sorted):
2024-05-05 21:52:19,499 - INFO - 00:00:00:00:00:01
2024-05-05 21:52:19,499 - INFO - 00:00:00:00:00:02
2024-05-05 21:52:19,500 - INFO - 00:00:00:00:00:03
2024-05-05 21:52:19,500 - INFO - 00:00:00:00:00:04
2024-05-05 21:52:19,501 - INFO - 00:00:00:00:00:05
2024-05-05 21:52:19,501 - INFO - 00:00:00:00:00:06
2024-05-05 21:52:19,506 - INFO - Path between 00:00:00:00:00:01 and 00:00:00:00:00:02: ['00:00:00:00:00:01', 'of:0000000000000001', '00:00:00:00:00:02']
2024-05-05 21:52:19,512 - INFO - Path between 00:00:00:00:00:01 and 00:00:00:00:00:03: ['00:00:00:00:00:01', 'of:0000000000000001', 'of:0000000000000002', '00:00:00:00:00:03']
2024-05-05 21:52:19,518 - INFO - Path between 00:00:00:00:00:01 and 00:00:00:00:00:04: ['00:00:00:00:00:01', 'of:0000000000000001', 'of:0000000000000002', '00:00:00:00:00:04']
2024-05-05 21:52:19,523 - INFO - Path between 00:00:00:00:00:01 and 00:00:00:00:00:05: ['00:00:00:00:00:01', 'of:0000000000000001', 'of:0000000000000003', '00:00:00:00:00:05']
2024-05-05 21:52:19,529 - INFO - Path between 00:00:00:00:00:01 and 00:00:00:00:00:06: ['00:00:00:00:00:01', 'of:0000000000000001', 'of:0000000000000003', '00:00:00:00:00:06']
2024-05-05 21:52:19,535 - INFO - Path between 00:00:00:00:00:02 and 00:00:00:00:00:01: ['00:00:00:00:00:02', 'of:0000000000000001', '00:00:00:00:00:01']
2024-05-05 21:52:19,542 - INFO - Path between 00:00:00:00:00:02 and 00:00:00:00:00:03: ['00:00:00:00:00:02', 'of:0000000000000001', 'of:0000000000000002', '00:00:00:00:00:03']
2024-05-05 21:52:19,548 - INFO - Path between 00:00:00:00:00:02 and 00:00:00:00:00:04: ['00:00:00:00:00:02', 'of:0000000000000001', 'of:0000000000000002', '00:00:00:00:00:04']
2024-05-05 21:52:19,554 - INFO - Path between 00:00:00:00:00:02 and 00:00:00:00:00:05: ['00:00:00:00:00:02', 'of:0000000000000001', 'of:0000000000000003', '00:00:00:00:00:05']
2024-05-05 21:52:19,559 - INFO - Path between 00:00:00:00:00:02 and 00:00:00:00:00:06: ['00:00:00:00:00:02', 'of:0000000000000001', 'of:0000000000000003', '00:00:00:00:00:06']
2024-05-05 21:52:19,565 - INFO - Path between 00:00:00:00:00:03 and 00:00:00:00:00:01: ['00:00:00:00:00:03', 'of:0000000000000002', 'of:0000000000000001', '00:00:00:00:00:01']
2024-05-05 21:52:19,569 - INFO - Path between 00:00:00:00:00:03 and 00:00:00:00:00:02: ['00:00:00:00:00:03', 'of:0000000000000002', 'of:0000000000000001', '00:00:00:00:00:02']
2024-05-05 21:52:19,576 - INFO - Path between 00:00:00:00:00:03 and 00:00:00:00:00:04: ['00:00:00:00:00:03', 'of:0000000000000002', '00:00:00:00:00:04']
2024-05-05 21:52:19,583 - INFO - Path between 00:00:00:00:00:03 and 00:00:00:00:00:05: ['00:00:00:00:00:03', 'of:0000000000000002', 'of:0000000000000001', 'of:0000000000000003', '00:00:00:00:00:05']
2024-05-05 21:52:19,589 - INFO - Path between 00:00:00:00:00:03 and 00:00:00:00:00:06: ['00:00:00:00:00:03', 'of:0000000000000002', 'of:0000000000000001', 'of:0000000000000003', '00:00:00:00:00:06']
2024-05-05 21:52:19,595 - INFO - Path between 00:00:00:00:00:04 and 00:00:00:00:00:01: ['00:00:00:00:00:04', 'of:0000000000000002', 'of:0000000000000001', '00:00:00:00:00:01']
2024-05-05 21:52:19,602 - INFO - Path between 00:00:00:00:00:04 and 00:00:00:00:00:02: ['00:00:00:00:00:04', 'of:0000000000000002', 'of:0000000000000001', '00:00:00:00:00:02']
2024-05-05 21:52:19,608 - INFO - Path between 00:00:00:00:00:04 and 00:00:00:00:00:03: ['00:00:00:00:00:04', 'of:0000000000000002', '00:00:00:00:00:03']
2024-05-05 21:52:19,614 - INFO - Path between 00:00:00:00:00:04 and 00:00:00:00:00:05: ['00:00:00:00:00:04', 'of:0000000000000002', 'of:0000000000000001', 'of:0000000000000003', '00:00:00:00:00:05']
2024-05-05 21:52:19,619 - INFO - Path between 00:00:00:00:00:04 and 00:00:00:00:00:06: ['00:00:00:00:00:04', 'of:0000000000000002', 'of:0000000000000001', 'of:0000000000000003', '00:00:00:00:00:06']
2024-05-05 21:52:19,625 - INFO - Path between 00:00:00:00:00:05 and 00:00:00:00:00:01: ['00:00:00:00:00:05', 'of:0000000000000003', 'of:0000000000000001', '00:00:00:00:00:01']
2024-05-05 21:52:19,633 - INFO - Path between 00:00:00:00:00:05 and 00:00:00:00:00:02: ['00:00:00:00:00:05', 'of:0000000000000003', 'of:0000000000000001', '00:00:00:00:00:02']
2024-05-05 21:52:19,640 - INFO - Path between 00:00:00:00:00:05 and 00:00:00:00:00:03: ['00:00:00:00:00:05', 'of:0000000000000003', 'of:0000000000000002', '00:00:00:00:00:03']
2024-05-05 21:52:19,658 - INFO - Path between 00:00:00:00:00:05 and 00:00:00:00:00:04: ['00:00:00:00:00:05', 'of:0000000000000003', 'of:0000000000000002', '00:00:00:00:00:04']
2024-05-05 21:52:19,664 - INFO - Path between 00:00:00:00:00:05 and 00:00:00:00:00:06: ['00:00:00:00:00:05', 'of:0000000000000003', '00:00:00:00:00:06']
2024-05-05 21:52:19,673 - INFO - Path between 00:00:00:00:00:06 and 00:00:00:00:00:01: ['00:00:00:00:00:06', 'of:0000000000000003', 'of:0000000000000001', '00:00:00:00:00:01']
2024-05-05 21:52:19,680 - INFO - Path between 00:00:00:00:00:06 and 00:00:00:00:00:02: ['00:00:00:00:00:06', 'of:0000000000000003', 'of:0000000000000001', '00:00:00:00:00:02']
2024-05-05 21:52:19,687 - INFO - Path between 00:00:00:00:00:06 and 00:00:00:00:00:03: ['00:00:00:00:00:06', 'of:0000000000000003', 'of:0000000000000002', '00:00:00:00:00:03']
2024-05-05 21:52:19,693 - INFO - Path between 00:00:00:00:00:06 and 00:00:00:00:00:04: ['00:00:00:00:00:06', 'of:0000000000000003', 'of:0000000000000002', '00:00:00:00:00:04']
2024-05-05 21:52:19,698 - INFO - Path between 00:00:00:00:00:06 and 00:00:00:00:00:05: ['00:00:00:00:00:06', 'of:0000000000000003', '00:00:00:00:00:05']
2024-05-05 21:52:29,708 - INFO - Failover at time 10.0s
2024-05-05 21:52:29,709 - INFO - Executing Mininet command: link s1 s3 down
2024-05-05 21:52:29,710 - INFO - Command link s1 s3 down successful
2024-05-05 21:52:39,728 - INFO - Path between 00:00:00:00:00:01 and 00:00:00:00:00:02: ['00:00:00:00:00:01', 'of:0000000000000001', '00:00:00:00:00:02']
2024-05-05 21:52:39,739 - INFO - Path between 00:00:00:00:00:01 and 00:00:00:00:00:03: ['00:00:00:00:00:01', 'of:0000000000000001', 'of:0000000000000002', '00:00:00:00:00:03']
2024-05-05 21:52:39,759 - INFO - Path between 00:00:00:00:00:01 and 00:00:00:00:00:04: ['00:00:00:00:00:01', 'of:0000000000000001', 'of:0000000000000002', '00:00:00:00:00:04']
2024-05-05 21:52:39,782 - INFO - Path between 00:00:00:00:00:02 and 00:00:00:00:00:01: ['00:00:00:00:00:02', 'of:0000000000000001', '00:00:00:00:00:01']
2024-05-05 21:52:39,791 - INFO - Path between 00:00:00:00:00:02 and 00:00:00:00:00:03: ['00:00:00:00:00:02', 'of:0000000000000001', 'of:0000000000000002', '00:00:00:00:00:03']
2024-05-05 21:52:39,798 - INFO - Path between 00:00:00:00:00:02 and 00:00:00:00:00:04: ['00:00:00:00:00:02', 'of:0000000000000001', 'of:0000000000000002', '00:00:00:00:00:04']
2024-05-05 21:52:39,827 - INFO - Path between 00:00:00:00:00:03 and 00:00:00:00:00:01: ['00:00:00:00:00:03', 'of:0000000000000002', 'of:0000000000000001', '00:00:00:00:00:01']
2024-05-05 21:52:39,850 - INFO - Path between 00:00:00:00:00:03 and 00:00:00:00:00:02: ['00:00:00:00:00:03', 'of:0000000000000002', 'of:0000000000000001', '00:00:00:00:00:02']
2024-05-05 21:52:39,865 - INFO - Path between 00:00:00:00:00:03 and 00:00:00:00:00:04: ['00:00:00:00:00:03', 'of:0000000000000002', '00:00:00:00:00:04']
2024-05-05 21:52:39,888 - INFO - Path between 00:00:00:00:00:04 and 00:00:00:00:00:01: ['00:00:00:00:00:04', 'of:0000000000000002', 'of:0000000000000001', '00:00:00:00:00:01']
2024-05-05 21:52:39,899 - INFO - Path between 00:00:00:00:00:04 and 00:00:00:00:00:02: ['00:00:00:00:00:04', 'of:0000000000000002', 'of:0000000000000001', '00:00:00:00:00:02']
2024-05-05 21:52:39,908 - INFO - Path between 00:00:00:00:00:04 and 00:00:00:00:00:03: ['00:00:00:00:00:04', 'of:0000000000000002', '00:00:00:00:00:03']
2024-05-05 21:52:39,936 - INFO - Path between 00:00:00:00:00:05 and 00:00:00:00:00:01: ['00:00:00:00:00:05', 'of:0000000000000003', 'of:0000000000000002', 'of:0000000000000001', '00:00:00:00:00:01']
2024-05-05 21:52:39,944 - INFO - Path between 00:00:00:00:00:05 and 00:00:00:00:00:02: ['00:00:00:00:00:05', 'of:0000000000000003', 'of:0000000000000002', 'of:0000000000000001', '00:00:00:00:00:02']
2024-05-05 21:52:39,957 - INFO - Path between 00:00:00:00:00:05 and 00:00:00:00:00:03: ['00:00:00:00:00:05', 'of:0000000000000003', 'of:0000000000000002', '00:00:00:00:00:03']
2024-05-05 21:52:39,968 - INFO - Path between 00:00:00:00:00:05 and 00:00:00:00:00:04: ['00:00:00:00:00:05', 'of:0000000000000003', 'of:0000000000000002', '00:00:00:00:00:04']
2024-05-05 21:52:39,981 - INFO - Path between 00:00:00:00:00:05 and 00:00:00:00:00:06: ['00:00:00:00:00:05', 'of:0000000000000003', '00:00:00:00:00:06']
2024-05-05 21:52:39,993 - INFO - Path between 00:00:00:00:00:06 and 00:00:00:00:00:01: ['00:00:00:00:00:06', 'of:0000000000000003', 'of:0000000000000002', 'of:0000000000000001', '00:00:00:00:00:01']
2024-05-05 21:52:40,004 - INFO - Path between 00:00:00:00:00:06 and 00:00:00:00:00:02: ['00:00:00:00:00:06', 'of:0000000000000003', 'of:0000000000000002', 'of:0000000000000001', '00:00:00:00:00:02']
2024-05-05 21:52:40,013 - INFO - Path between 00:00:00:00:00:06 and 00:00:00:00:00:03: ['00:00:00:00:00:06', 'of:0000000000000003', 'of:0000000000000002', '00:00:00:00:00:03']
2024-05-05 21:52:40,023 - INFO - Path between 00:00:00:00:00:06 and 00:00:00:00:00:04: ['00:00:00:00:00:06', 'of:0000000000000003', 'of:0000000000000002', '00:00:00:00:00:04']
2024-05-05 21:52:40,058 - INFO - Path between 00:00:00:00:00:06 and 00:00:00:00:00:05: ['00:00:00:00:00:06', 'of:0000000000000003', '00:00:00:00:00:05']
2024-05-05 21:52:50,066 - INFO - Failover iperf output
2024-05-05 21:52:50,070 - INFO - Sleeping 10 seconds before retrying to read iperf/failover.log
2024-05-05 21:53:00,099 - INFO - Sleeping 10 seconds before retrying to read iperf/failover.log
2024-05-05 21:53:10,112 - INFO - Sleeping 10 seconds before retrying to read iperf/failover.log
2024-05-05 21:53:20,627 - INFO - Sleeping 10 seconds before retrying to read iperf/failover.log
2024-05-05 21:53:30,639 - INFO - Sleeping 10 seconds before retrying to read iperf/failover.log
2024-05-05 21:53:40,656 - INFO - Sleeping 10 seconds before retrying to read iperf/failover.log
2024-05-05 21:53:50,669 - INFO - Sleeping 10 seconds before retrying to read iperf/failover.log
2024-05-05 21:54:00,687 - INFO - Sleeping 10 seconds before retrying to read iperf/failover.log
2024-05-05 21:54:11,648 - INFO - Sleeping 10 seconds before retrying to read iperf/failover.log
2024-05-05 21:54:22,635 - INFO - Sleeping 10 seconds before retrying to read iperf/failover.log
2024-05-05 21:54:33,621 - INFO - Sleeping 10 seconds before retrying to read iperf/failover.log
2024-05-05 21:54:44,644 - INFO - Sleeping 10 seconds before retrying to read iperf/failover.log
2024-05-05 21:54:55,601 - INFO - Sleeping 10 seconds before retrying to read iperf/failover.log
2024-05-05 21:55:06,591 - INFO - Sleeping 10 seconds before retrying to read iperf/failover.log
2024-05-05 21:55:16,649 - INFO - Sleeping 10 seconds before retrying to read iperf/failover.log
2024-05-05 21:55:27,569 - INFO - Sleeping 10 seconds before retrying to read iperf/failover.log
2024-05-05 21:55:37,583 - INFO - Sleeping 10 seconds before retrying to read iperf/failover.log
2024-05-05 21:55:48,557 - INFO - Sleeping 10 seconds before retrying to read iperf/failover.log
2024-05-05 21:55:59,545 - INFO - Sleeping 10 seconds before retrying to read iperf/failover.log
2024-05-05 21:56:10,238 - INFO - Sleeping 10 seconds before retrying to read iperf/failover.log
