Baseline Output:
[  5]   0.00-20.00  sec  4.77 MBytes  2.00 Mbits/sec  0.000 ms  0/3453 (0%)  sender
[  5]   0.00-20.06  sec  4.77 MBytes  1.99 Mbits/sec  0.267 ms  0/3453 (0%)  receiver
[  5]   0.00-20.00  sec  4.77 MBytes  2.00 Mbits/sec  0.000 ms  0/3453 (0%)  sender
[  5]   0.00-20.06  sec  4.77 MBytes  1.99 Mbits/sec  0.675 ms  0/3453 (0%)  receiver
[  5]   0.00-20.00  sec  4.77 MBytes  2.00 Mbits/sec  0.000 ms  0/3453 (0%)  sender
[  5]   0.00-20.07  sec  4.77 MBytes  1.99 Mbits/sec  0.591 ms  0/3453 (0%)  receiver
[  5]   0.00-20.00  sec  4.77 MBytes  2.00 Mbits/sec  0.000 ms  0/3453 (0%)  sender
[  5]   0.00-20.06  sec  4.77 MBytes  1.99 Mbits/sec  0.388 ms  0/3453 (0%)  receiver
[  5]   0.00-20.00  sec  4.77 MBytes  2.00 Mbits/sec  0.000 ms  0/3453 (0%)  sender
[  5]   0.00-20.08  sec  4.77 MBytes  1.99 Mbits/sec  0.358 ms  0/3452 (0%)  receiver
[  5]   0.00-20.00  sec  4.77 MBytes  2.00 Mbits/sec  0.000 ms  0/3453 (0%)  sender
[  5]   0.00-21.36  sec  4.77 MBytes  1.87 Mbits/sec  0.232 ms  0/3453 (0%)  receiver
[  5]   0.00-20.00  sec  4.77 MBytes  2.00 Mbits/sec  0.000 ms  0/3453 (0%)  sender
[  5]   0.00-20.07  sec  4.77 MBytes  1.99 Mbits/sec  0.209 ms  0/3453 (0%)  receiver
[  5]   0.00-20.00  sec  4.77 MBytes  2.00 Mbits/sec  0.000 ms  0/3453 (0%)  sender
[  5]   0.00-20.06  sec  4.77 MBytes  1.99 Mbits/sec  0.314 ms  0/3453 (0%)  receiver
[  5]   0.00-20.00  sec  4.77 MBytes  2.00 Mbits/sec  0.000 ms  0/3453 (0%)  sender
[  5]   0.00-20.06  sec  4.77 MBytes  1.99 Mbits/sec  0.283 ms  0/3453 (0%)  receiver
[  5]   0.00-20.00  sec  4.77 MBytes  2.00 Mbits/sec  0.000 ms  0/3453 (0%)  sender
[  5]   0.00-20.07  sec  4.77 MBytes  1.99 Mbits/sec  0.390 ms  0/3453 (0%)  receiver
[  5]   0.00-20.00  sec  4.77 MBytes  2.00 Mbits/sec  0.000 ms  0/3453 (0%)  sender
[  5]   0.00-20.06  sec  4.77 MBytes  1.99 Mbits/sec  0.301 ms  0/3453 (0%)  receiver
[  5]   0.00-20.00  sec  4.77 MBytes  2.00 Mbits/sec  0.000 ms  0/3453 (0%)  sender
[  5]   0.00-20.07  sec  4.77 MBytes  1.99 Mbits/sec  0.440 ms  0/3453 (0%)  receiver
[  5]   0.00-20.00  sec  4.77 MBytes  2.00 Mbits/sec  0.000 ms  0/3453 (0%)  sender
[  5]   0.00-20.06  sec  4.77 MBytes  1.99 Mbits/sec  0.421 ms  0/3453 (0%)  receiver
[  5]   0.00-20.00  sec  4.77 MBytes  2.00 Mbits/sec  0.000 ms  0/3453 (0%)  sender
[  5]   0.00-20.07  sec  4.77 MBytes  1.99 Mbits/sec  0.575 ms  0/3453 (0%)  receiver
[  5]   0.00-20.00  sec  4.77 MBytes  2.00 Mbits/sec  0.000 ms  0/3453 (0%)  sender
[  5]   0.00-20.06  sec  4.77 MBytes  1.99 Mbits/sec  1.319 ms  0/3453 (0%)  receiver
[  5]   0.00-20.00  sec  4.77 MBytes  2.00 Mbits/sec  0.000 ms  0/3453 (0%)  sender
[  5]   0.00-20.06  sec  4.77 MBytes  1.99 Mbits/sec  0.314 ms  0/3452 (0%)  receiver
[  5]   0.00-20.00  sec  4.77 MBytes  2.00 Mbits/sec  0.000 ms  0/3453 (0%)  sender
[  5]   0.00-20.07  sec  4.77 MBytes  1.99 Mbits/sec  0.492 ms  0/3453 (0%)  receiver
[  5]   0.00-20.00  sec  4.77 MBytes  2.00 Mbits/sec  0.000 ms  0/3453 (0%)  sender
[  5]   0.00-22.09  sec  4.77 MBytes  1.81 Mbits/sec  0.360 ms  0/3452 (0%)  receiver
[  5]   0.00-20.00  sec  4.77 MBytes  2.00 Mbits/sec  0.000 ms  0/3453 (0%)  sender
[  5]   0.00-20.48  sec  4.77 MBytes  1.95 Mbits/sec  0.672 ms  0/3453 (0%)  receiver
[  5]   0.00-20.00  sec  4.77 MBytes  2.00 Mbits/sec  0.000 ms  0/3453 (0%)  sender
[  5]   0.00-20.07  sec  4.77 MBytes  1.99 Mbits/sec  0.381 ms  0/3453 (0%)  receiver
Failover Output:
[  5]   0.00-20.00  sec  4.77 MBytes  2.00 Mbits/sec  0.000 ms  0/3453 (0%)  sender
[  5]   0.00-20.08  sec  4.75 MBytes  1.99 Mbits/sec  0.342 ms  11/3453 (0.32%)  receiver
[  5]   0.00-20.00  sec  4.77 MBytes  2.00 Mbits/sec  0.000 ms  0/3453 (0%)  sender
[  5]   0.00-20.08  sec  4.76 MBytes  1.99 Mbits/sec  0.875 ms  9/3453 (0.26%)  receiver
[  5]   0.00-20.00  sec  4.77 MBytes  2.00 Mbits/sec  0.000 ms  0/3453 (0%)  sender
[  5]   0.00-21.08  sec  4.75 MBytes  1.89 Mbits/sec  1.725 ms  12/3453 (0.35%)  receiver
[  5]   0.00-20.00  sec  4.77 MBytes  2.00 Mbits/sec  0.000 ms  0/3453 (0%)  sender
[  5]   0.00-20.10  sec  4.75 MBytes  1.98 Mbits/sec  1.536 ms  10/3452 (0.29%)  receiver
[  5]   0.00-20.00  sec  4.77 MBytes  2.00 Mbits/sec  0.000 ms  0/3453 (0%)  sender
[  5]   0.00-20.07  sec  4.75 MBytes  1.99 Mbits/sec  0.518 ms  10/3453 (0.29%)  receiver
[  5]   0.00-20.00  sec  4.77 MBytes  2.00 Mbits/sec  0.000 ms  0/3453 (0%)  sender
[  5]   0.00-20.08  sec  4.75 MBytes  1.99 Mbits/sec  0.383 ms  10/3453 (0.29%)  receiver
[  5]   0.00-20.00  sec  4.77 MBytes  2.00 Mbits/sec  0.000 ms  0/3453 (0%)  sender
[  5]   0.00-20.07  sec  4.75 MBytes  1.99 Mbits/sec  0.923 ms  10/3453 (0.29%)  receiver
[  5]   0.00-20.00  sec  4.77 MBytes  2.00 Mbits/sec  0.000 ms  0/3453 (0%)  sender
[  5]   0.00-20.07  sec  4.75 MBytes  1.99 Mbits/sec  0.582 ms  10/3453 (0.29%)  receiver
[  5]   0.00-20.00  sec  4.77 MBytes  2.00 Mbits/sec  0.000 ms  0/3453 (0%)  sender
[  5]   0.00-20.07  sec  4.75 MBytes  1.99 Mbits/sec  0.958 ms  11/3453 (0.32%)  receiver
[  5]   0.00-20.00  sec  4.77 MBytes  2.00 Mbits/sec  0.000 ms  0/3454 (0%)  sender
[  5]   0.00-22.39  sec  4.75 MBytes  1.78 Mbits/sec  77.113 ms  15/3454 (0.43%)  receiver
[  5]   0.00-20.00  sec  4.77 MBytes  2.00 Mbits/sec  0.000 ms  0/3453 (0%)  sender
[  5]   0.00-22.03  sec  4.76 MBytes  1.81 Mbits/sec  0.505 ms  9/3453 (0.26%)  receiver
[  5]   0.00-20.00  sec  4.77 MBytes  2.00 Mbits/sec  0.000 ms  0/3453 (0%)  sender
[  5]   0.00-20.08  sec  4.75 MBytes  1.99 Mbits/sec  0.810 ms  10/3453 (0.29%)  receiver
[  5]   0.00-20.00  sec  4.77 MBytes  2.00 Mbits/sec  0.000 ms  0/3453 (0%)  sender
[  5]   0.00-23.46  sec  4.76 MBytes  1.70 Mbits/sec  58.954 ms  9/3453 (0.26%)  receiver
[  5]   0.00-20.00  sec  4.77 MBytes  2.00 Mbits/sec  0.000 ms  0/3453 (0%)  sender
[  5]   0.00-20.08  sec  4.75 MBytes  1.99 Mbits/sec  1.241 ms  10/3452 (0.29%)  receiver
[  5]   0.00-20.00  sec  4.77 MBytes  2.00 Mbits/sec  0.000 ms  0/3453 (0%)  sender
[  5]   0.00-20.08  sec  4.75 MBytes  1.99 Mbits/sec  0.462 ms  11/3453 (0.32%)  receiver
[  5]   0.00-20.00  sec  4.77 MBytes  2.00 Mbits/sec  0.000 ms  0/3453 (0%)  sender
[  5]   0.00-20.76  sec  4.75 MBytes  1.92 Mbits/sec  0.723 ms  10/3453 (0.29%)  receiver
[  5]   0.00-20.00  sec  4.77 MBytes  2.00 Mbits/sec  0.000 ms  0/3453 (0%)  sender
[  5]   0.00-20.48  sec  4.75 MBytes  1.95 Mbits/sec  1.171 ms  12/3452 (0.35%)  receiver
[  5]   0.00-20.00  sec  4.77 MBytes  2.00 Mbits/sec  0.000 ms  0/3453 (0%)  sender
[  5]   0.00-20.07  sec  4.75 MBytes  1.99 Mbits/sec  0.697 ms  12/3453 (0.35%)  receiver
[  5]   0.00-20.00  sec  4.77 MBytes  2.00 Mbits/sec  0.000 ms  0/3453 (0%)  sender
[  5]   0.00-20.08  sec  4.75 MBytes  1.99 Mbits/sec  0.961 ms  10/3453 (0.29%)  receiver
[  5]   0.00-20.00  sec  4.77 MBytes  2.00 Mbits/sec  0.000 ms  0/3453 (0%)  sender
[  5]   0.00-21.02  sec  4.76 MBytes  1.90 Mbits/sec  0.374 ms  9/3453 (0.26%)  receiver
