Baseline Output:
[  5]   0.00-20.00  sec   245 KBytes   100 Kbits/sec  0.000 ms  0/173 (0%)  sender
[  5]   0.00-20.02  sec   245 KBytes   100 Kbits/sec  0.900 ms  0/173 (0%)  receiver
[  7]   0.00-20.00  sec   245 KBytes   100 Kbits/sec  0.000 ms  0/173 (0%)  sender
[  7]   0.00-20.02  sec   245 KBytes   100 Kbits/sec  0.899 ms  0/173 (0%)  receiver
[  9]   0.00-20.00  sec   245 KBytes   100 Kbits/sec  0.000 ms  0/173 (0%)  sender
[  9]   0.00-20.02  sec   245 KBytes   100 Kbits/sec  1.313 ms  0/173 (0%)  receiver
[SUM]   0.00-20.00  sec   734 KBytes   301 Kbits/sec  0.000 ms  0/519 (0%)  sender
[SUM]   0.00-20.02  sec   734 KBytes   300 Kbits/sec  1.037 ms  0/519 (0%)  receiver
[  5]   0.00-20.00  sec   245 KBytes   100 Kbits/sec  0.000 ms  0/173 (0%)  sender
[  5]   0.00-20.02  sec   245 KBytes   100 Kbits/sec  0.319 ms  0/173 (0%)  receiver
[  7]   0.00-20.00  sec   245 KBytes   100 Kbits/sec  0.000 ms  0/173 (0%)  sender
[  7]   0.00-20.02  sec   245 KBytes   100 Kbits/sec  0.316 ms  0/173 (0%)  receiver
[  9]   0.00-20.00  sec   245 KBytes   100 Kbits/sec  0.000 ms  0/173 (0%)  sender
[  9]   0.00-20.02  sec   245 KBytes   100 Kbits/sec  0.458 ms  0/173 (0%)  receiver
[SUM]   0.00-20.00  sec   734 KBytes   301 Kbits/sec  0.000 ms  0/519 (0%)  sender
[SUM]   0.00-20.02  sec   734 KBytes   300 Kbits/sec  0.364 ms  0/519 (0%)  receiver
[  5]   0.00-20.00  sec   245 KBytes   100 Kbits/sec  0.000 ms  0/173 (0%)  sender
[  5]   0.00-20.02  sec   245 KBytes   100 Kbits/sec  0.448 ms  0/173 (0%)  receiver
[  7]   0.00-20.00  sec   245 KBytes   100 Kbits/sec  0.000 ms  0/173 (0%)  sender
[  7]   0.00-20.02  sec   245 KBytes   100 Kbits/sec  0.440 ms  0/173 (0%)  receiver
[  9]   0.00-20.00  sec   245 KBytes   100 Kbits/sec  0.000 ms  0/173 (0%)  sender
[  9]   0.00-20.02  sec   245 KBytes   100 Kbits/sec  0.412 ms  0/173 (0%)  receiver
[SUM]   0.00-20.00  sec   734 KBytes   301 Kbits/sec  0.000 ms  0/519 (0%)  sender
[SUM]   0.00-20.02  sec   734 KBytes   300 Kbits/sec  0.433 ms  0/519 (0%)  receiver
[  5]   0.00-20.00  sec   245 KBytes   100 Kbits/sec  0.000 ms  0/173 (0%)  sender
[  5]   0.00-20.02  sec   245 KBytes   100 Kbits/sec  0.435 ms  0/173 (0%)  receiver
[  7]   0.00-20.00  sec   245 KBytes   100 Kbits/sec  0.000 ms  0/173 (0%)  sender
[  7]   0.00-20.02  sec   245 KBytes   100 Kbits/sec  0.432 ms  0/173 (0%)  receiver
[  9]   0.00-20.00  sec   245 KBytes   100 Kbits/sec  0.000 ms  0/173 (0%)  sender
[  9]   0.00-20.02  sec   245 KBytes   100 Kbits/sec  0.430 ms  0/173 (0%)  receiver
[SUM]   0.00-20.00  sec   734 KBytes   301 Kbits/sec  0.000 ms  0/519 (0%)  sender
[SUM]   0.00-20.02  sec   734 KBytes   300 Kbits/sec  0.432 ms  0/519 (0%)  receiver
[  5]   0.00-20.00  sec   245 KBytes   100 Kbits/sec  0.000 ms  0/173 (0%)  sender
[  5]   0.00-20.57  sec   245 KBytes  97.4 Kbits/sec  1.540 ms  0/173 (0%)  receiver
[  7]   0.00-20.00  sec   245 KBytes   100 Kbits/sec  0.000 ms  0/173 (0%)  sender
[  7]   0.00-20.57  sec   245 KBytes  97.4 Kbits/sec  1.532 ms  0/173 (0%)  receiver
[  9]   0.00-20.00  sec   245 KBytes   100 Kbits/sec  0.000 ms  0/173 (0%)  sender
[  9]   0.00-20.57  sec   245 KBytes  97.4 Kbits/sec  1.552 ms  0/173 (0%)  receiver
[SUM]   0.00-20.00  sec   734 KBytes   301 Kbits/sec  0.000 ms  0/519 (0%)  sender
[SUM]   0.00-20.57  sec   734 KBytes   292 Kbits/sec  1.541 ms  0/519 (0%)  receiver
[  5]   0.00-20.00  sec   245 KBytes   100 Kbits/sec  0.000 ms  0/173 (0%)  sender
[  5]   0.00-20.02  sec   245 KBytes   100 Kbits/sec  0.418 ms  0/173 (0%)  receiver
[  7]   0.00-20.00  sec   245 KBytes   100 Kbits/sec  0.000 ms  0/173 (0%)  sender
[  7]   0.00-20.02  sec   245 KBytes   100 Kbits/sec  0.453 ms  0/173 (0%)  receiver
[  9]   0.00-20.00  sec   245 KBytes   100 Kbits/sec  0.000 ms  0/173 (0%)  sender
[  9]   0.00-20.02  sec   245 KBytes   100 Kbits/sec  0.366 ms  0/173 (0%)  receiver
[SUM]   0.00-20.00  sec   734 KBytes   301 Kbits/sec  0.000 ms  0/519 (0%)  sender
[SUM]   0.00-20.02  sec   734 KBytes   300 Kbits/sec  0.412 ms  0/519 (0%)  receiver
[  5]   0.00-20.00  sec   245 KBytes   100 Kbits/sec  0.000 ms  0/173 (0%)  sender
[  5]   0.00-20.02  sec   245 KBytes   100 Kbits/sec  0.360 ms  0/173 (0%)  receiver
[  7]   0.00-20.00  sec   245 KBytes   100 Kbits/sec  0.000 ms  0/173 (0%)  sender
[  7]   0.00-20.02  sec   245 KBytes   100 Kbits/sec  0.403 ms  0/173 (0%)  receiver
[  9]   0.00-20.00  sec   245 KBytes   100 Kbits/sec  0.000 ms  0/173 (0%)  sender
[  9]   0.00-20.02  sec   245 KBytes   100 Kbits/sec  0.517 ms  0/173 (0%)  receiver
[SUM]   0.00-20.00  sec   734 KBytes   301 Kbits/sec  0.000 ms  0/519 (0%)  sender
[SUM]   0.00-20.02  sec   734 KBytes   300 Kbits/sec  0.427 ms  0/519 (0%)  receiver
[  5]   0.00-20.00  sec   245 KBytes   100 Kbits/sec  0.000 ms  0/173 (0%)  sender
[  5]   0.00-20.02  sec   245 KBytes   100 Kbits/sec  0.488 ms  0/173 (0%)  receiver
[  7]   0.00-20.00  sec   245 KBytes   100 Kbits/sec  0.000 ms  0/173 (0%)  sender
[  7]   0.00-20.02  sec   245 KBytes   100 Kbits/sec  0.476 ms  0/173 (0%)  receiver
[  9]   0.00-20.00  sec   245 KBytes   100 Kbits/sec  0.000 ms  0/173 (0%)  sender
[  9]   0.00-20.02  sec   245 KBytes   100 Kbits/sec  0.566 ms  0/173 (0%)  receiver
[SUM]   0.00-20.00  sec   734 KBytes   301 Kbits/sec  0.000 ms  0/519 (0%)  sender
[SUM]   0.00-20.02  sec   734 KBytes   300 Kbits/sec  0.510 ms  0/519 (0%)  receiver
[  5]   0.00-20.00  sec   245 KBytes   100 Kbits/sec  0.000 ms  0/173 (0%)  sender
[  5]   0.00-20.76  sec   245 KBytes  96.6 Kbits/sec  0.414 ms  0/173 (0%)  receiver
[  7]   0.00-20.00  sec   245 KBytes   100 Kbits/sec  0.000 ms  0/173 (0%)  sender
[  7]   0.00-20.76  sec   245 KBytes  96.6 Kbits/sec  0.418 ms  0/173 (0%)  receiver
[  9]   0.00-20.00  sec   245 KBytes   100 Kbits/sec  0.000 ms  0/173 (0%)  sender
[  9]   0.00-20.76  sec   245 KBytes  96.6 Kbits/sec  0.496 ms  0/173 (0%)  receiver
[SUM]   0.00-20.00  sec   734 KBytes   301 Kbits/sec  0.000 ms  0/519 (0%)  sender
[SUM]   0.00-20.76  sec   734 KBytes   290 Kbits/sec  0.443 ms  0/519 (0%)  receiver
[  5]   0.00-20.00  sec   245 KBytes   100 Kbits/sec  0.000 ms  0/173 (0%)  sender
[  5]   0.00-20.02  sec   245 KBytes   100 Kbits/sec  0.744 ms  0/173 (0%)  receiver
[  7]   0.00-20.00  sec   245 KBytes   100 Kbits/sec  0.000 ms  0/173 (0%)  sender
[  7]   0.00-20.02  sec   245 KBytes   100 Kbits/sec  0.743 ms  0/173 (0%)  receiver
[  9]   0.00-20.00  sec   245 KBytes   100 Kbits/sec  0.000 ms  0/173 (0%)  sender
[  9]   0.00-20.02  sec   245 KBytes   100 Kbits/sec  0.907 ms  0/173 (0%)  receiver
[SUM]   0.00-20.00  sec   734 KBytes   301 Kbits/sec  0.000 ms  0/519 (0%)  sender
[SUM]   0.00-20.02  sec   734 KBytes   300 Kbits/sec  0.798 ms  0/519 (0%)  receiver
[  5]   0.00-20.00  sec   245 KBytes   100 Kbits/sec  0.000 ms  0/173 (0%)  sender
[  5]   0.00-20.02  sec   245 KBytes   100 Kbits/sec  0.345 ms  0/173 (0%)  receiver
[  7]   0.00-20.00  sec   245 KBytes   100 Kbits/sec  0.000 ms  0/173 (0%)  sender
[  7]   0.00-20.02  sec   245 KBytes   100 Kbits/sec  0.358 ms  0/173 (0%)  receiver
[  9]   0.00-20.00  sec   245 KBytes   100 Kbits/sec  0.000 ms  0/173 (0%)  sender
[  9]   0.00-20.02  sec   245 KBytes   100 Kbits/sec  0.784 ms  0/173 (0%)  receiver
[SUM]   0.00-20.00  sec   734 KBytes   301 Kbits/sec  0.000 ms  0/519 (0%)  sender
[SUM]   0.00-20.02  sec   734 KBytes   300 Kbits/sec  0.496 ms  0/519 (0%)  receiver
[  5]   0.00-20.00  sec   245 KBytes   100 Kbits/sec  0.000 ms  0/173 (0%)  sender
[  5]   0.00-20.02  sec   245 KBytes   100 Kbits/sec  2.344 ms  0/173 (0%)  receiver
[  7]   0.00-20.00  sec   245 KBytes   100 Kbits/sec  0.000 ms  0/173 (0%)  sender
[  7]   0.00-20.02  sec   245 KBytes   100 Kbits/sec  2.432 ms  0/173 (0%)  receiver
[  9]   0.00-20.00  sec   245 KBytes   100 Kbits/sec  0.000 ms  0/173 (0%)  sender
[  9]   0.00-20.02  sec   245 KBytes   100 Kbits/sec  2.711 ms  0/173 (0%)  receiver
[SUM]   0.00-20.00  sec   734 KBytes   301 Kbits/sec  0.000 ms  0/519 (0%)  sender
[SUM]   0.00-20.02  sec   734 KBytes   300 Kbits/sec  2.495 ms  0/519 (0%)  receiver
[  5]   0.00-20.00  sec   245 KBytes   100 Kbits/sec  0.000 ms  0/173 (0%)  sender
[  5]   0.00-20.02  sec   245 KBytes   100 Kbits/sec  0.544 ms  0/173 (0%)  receiver
[  7]   0.00-20.00  sec   245 KBytes   100 Kbits/sec  0.000 ms  0/173 (0%)  sender
[  7]   0.00-20.02  sec   245 KBytes   100 Kbits/sec  0.548 ms  0/173 (0%)  receiver
[  9]   0.00-20.00  sec   245 KBytes   100 Kbits/sec  0.000 ms  0/173 (0%)  sender
[  9]   0.00-20.02  sec   245 KBytes   100 Kbits/sec  0.686 ms  0/173 (0%)  receiver
[SUM]   0.00-20.00  sec   734 KBytes   301 Kbits/sec  0.000 ms  0/519 (0%)  sender
[SUM]   0.00-20.02  sec   734 KBytes   300 Kbits/sec  0.593 ms  0/519 (0%)  receiver
[  5]   0.00-20.00  sec   245 KBytes   100 Kbits/sec  0.000 ms  0/173 (0%)  sender
[  5]   0.00-20.02  sec   245 KBytes   100 Kbits/sec  0.654 ms  0/173 (0%)  receiver
[  7]   0.00-20.00  sec   245 KBytes   100 Kbits/sec  0.000 ms  0/173 (0%)  sender
[  7]   0.00-20.02  sec   245 KBytes   100 Kbits/sec  0.656 ms  0/173 (0%)  receiver
[  9]   0.00-20.00  sec   245 KBytes   100 Kbits/sec  0.000 ms  0/173 (0%)  sender
[  9]   0.00-20.02  sec   245 KBytes   100 Kbits/sec  1.065 ms  0/173 (0%)  receiver
[SUM]   0.00-20.00  sec   734 KBytes   301 Kbits/sec  0.000 ms  0/519 (0%)  sender
[SUM]   0.00-20.02  sec   734 KBytes   300 Kbits/sec  0.791 ms  0/519 (0%)  receiver
[  5]   0.00-20.00  sec   245 KBytes   100 Kbits/sec  0.000 ms  0/173 (0%)  sender
[  5]   0.00-20.02  sec   245 KBytes   100 Kbits/sec  0.326 ms  0/173 (0%)  receiver
[  7]   0.00-20.00  sec   245 KBytes   100 Kbits/sec  0.000 ms  0/173 (0%)  sender
[  7]   0.00-20.02  sec   245 KBytes   100 Kbits/sec  0.324 ms  0/173 (0%)  receiver
[  9]   0.00-20.00  sec   245 KBytes   100 Kbits/sec  0.000 ms  0/173 (0%)  sender
[  9]   0.00-20.02  sec   245 KBytes   100 Kbits/sec  0.504 ms  0/173 (0%)  receiver
[SUM]   0.00-20.00  sec   734 KBytes   301 Kbits/sec  0.000 ms  0/519 (0%)  sender
[SUM]   0.00-20.02  sec   734 KBytes   300 Kbits/sec  0.385 ms  0/519 (0%)  receiver
[  5]   0.00-20.00  sec   245 KBytes   100 Kbits/sec  0.000 ms  0/173 (0%)  sender
[  5]   0.00-20.02  sec   245 KBytes   100 Kbits/sec  0.277 ms  0/173 (0%)  receiver
[  7]   0.00-20.00  sec   245 KBytes   100 Kbits/sec  0.000 ms  0/173 (0%)  sender
[  7]   0.00-20.02  sec   245 KBytes   100 Kbits/sec  0.294 ms  0/173 (0%)  receiver
[  9]   0.00-20.00  sec   245 KBytes   100 Kbits/sec  0.000 ms  0/173 (0%)  sender
[  9]   0.00-20.02  sec   245 KBytes   100 Kbits/sec  0.447 ms  0/173 (0%)  receiver
[SUM]   0.00-20.00  sec   734 KBytes   301 Kbits/sec  0.000 ms  0/519 (0%)  sender
[SUM]   0.00-20.02  sec   734 KBytes   300 Kbits/sec  0.339 ms  0/519 (0%)  receiver
[  5]   0.00-20.00  sec   245 KBytes   100 Kbits/sec  0.000 ms  0/173 (0%)  sender
[  5]   0.00-20.30  sec   245 KBytes  98.7 Kbits/sec  0.598 ms  0/173 (0%)  receiver
[  7]   0.00-20.00  sec   245 KBytes   100 Kbits/sec  0.000 ms  0/173 (0%)  sender
[  7]   0.00-20.30  sec   245 KBytes  98.7 Kbits/sec  0.598 ms  0/173 (0%)  receiver
[  9]   0.00-20.00  sec   245 KBytes   100 Kbits/sec  0.000 ms  0/173 (0%)  sender
[  9]   0.00-20.30  sec   245 KBytes  98.7 Kbits/sec  1.073 ms  0/173 (0%)  receiver
[SUM]   0.00-20.00  sec   734 KBytes   301 Kbits/sec  0.000 ms  0/519 (0%)  sender
[SUM]   0.00-20.30  sec   734 KBytes   296 Kbits/sec  0.756 ms  0/519 (0%)  receiver
[  5]   0.00-20.00  sec   245 KBytes   100 Kbits/sec  0.000 ms  0/173 (0%)  sender
[  5]   0.00-20.02  sec   245 KBytes   100 Kbits/sec  0.485 ms  0/173 (0%)  receiver
[  7]   0.00-20.00  sec   245 KBytes   100 Kbits/sec  0.000 ms  0/173 (0%)  sender
[  7]   0.00-20.02  sec   245 KBytes   100 Kbits/sec  0.489 ms  0/173 (0%)  receiver
[  9]   0.00-20.00  sec   245 KBytes   100 Kbits/sec  0.000 ms  0/173 (0%)  sender
[  9]   0.00-20.02  sec   245 KBytes   100 Kbits/sec  3.629 ms  0/173 (0%)  receiver
[SUM]   0.00-20.00  sec   734 KBytes   301 Kbits/sec  0.000 ms  0/519 (0%)  sender
[SUM]   0.00-20.02  sec   734 KBytes   300 Kbits/sec  1.534 ms  0/519 (0%)  receiver
[  5]   0.00-20.00  sec   245 KBytes   100 Kbits/sec  0.000 ms  0/173 (0%)  sender
[  5]   0.00-20.02  sec   245 KBytes   100 Kbits/sec  0.335 ms  0/173 (0%)  receiver
[  7]   0.00-20.00  sec   245 KBytes   100 Kbits/sec  0.000 ms  0/173 (0%)  sender
[  7]   0.00-20.02  sec   245 KBytes   100 Kbits/sec  0.346 ms  0/173 (0%)  receiver
[  9]   0.00-20.00  sec   245 KBytes   100 Kbits/sec  0.000 ms  0/173 (0%)  sender
[  9]   0.00-20.02  sec   245 KBytes   100 Kbits/sec  0.376 ms  0/173 (0%)  receiver
[SUM]   0.00-20.00  sec   734 KBytes   301 Kbits/sec  0.000 ms  0/519 (0%)  sender
[SUM]   0.00-20.02  sec   734 KBytes   300 Kbits/sec  0.352 ms  0/519 (0%)  receiver
[  5]   0.00-20.00  sec   245 KBytes   100 Kbits/sec  0.000 ms  0/173 (0%)  sender
[  5]   0.00-20.02  sec   245 KBytes   100 Kbits/sec  0.524 ms  0/173 (0%)  receiver
[  7]   0.00-20.00  sec   245 KBytes   100 Kbits/sec  0.000 ms  0/173 (0%)  sender
[  7]   0.00-20.02  sec   245 KBytes   100 Kbits/sec  0.538 ms  0/173 (0%)  receiver
[  9]   0.00-20.00  sec   245 KBytes   100 Kbits/sec  0.000 ms  0/173 (0%)  sender
[  9]   0.00-20.02  sec   245 KBytes   100 Kbits/sec  0.684 ms  0/173 (0%)  receiver
[SUM]   0.00-20.00  sec   734 KBytes   301 Kbits/sec  0.000 ms  0/519 (0%)  sender
[SUM]   0.00-20.02  sec   734 KBytes   300 Kbits/sec  0.582 ms  0/519 (0%)  receiver
Failover Output:
[  5]   0.00-20.00  sec   245 KBytes   100 Kbits/sec  0.000 ms  0/173 (0%)  sender
[  5]   0.00-20.03  sec   243 KBytes  99.5 Kbits/sec  0.905 ms  1/173 (0.58%)  receiver
[  7]   0.00-20.00  sec   245 KBytes   100 Kbits/sec  0.000 ms  0/173 (0%)  sender
[  7]   0.00-20.03  sec   243 KBytes  99.5 Kbits/sec  0.912 ms  1/173 (0.58%)  receiver
[  9]   0.00-20.00  sec   245 KBytes   100 Kbits/sec  0.000 ms  0/173 (0%)  sender
[  9]   0.00-20.03  sec   243 KBytes  99.5 Kbits/sec  1.088 ms  1/173 (0.58%)  receiver
[SUM]   0.00-20.00  sec   734 KBytes   301 Kbits/sec  0.000 ms  0/519 (0%)  sender
[SUM]   0.00-20.03  sec   730 KBytes   298 Kbits/sec  0.968 ms  3/519 (0.58%)  receiver
[  5]   0.00-20.00  sec   245 KBytes   100 Kbits/sec  0.000 ms  0/173 (0%)  sender
[  5]   0.00-20.03  sec   243 KBytes  99.5 Kbits/sec  0.310 ms  1/173 (0.58%)  receiver
[  7]   0.00-20.00  sec   245 KBytes   100 Kbits/sec  0.000 ms  0/173 (0%)  sender
[  7]   0.00-20.03  sec   243 KBytes  99.5 Kbits/sec  0.318 ms  1/173 (0.58%)  receiver
[  9]   0.00-20.00  sec   245 KBytes   100 Kbits/sec  0.000 ms  0/173 (0%)  sender
[  9]   0.00-20.03  sec   243 KBytes  99.5 Kbits/sec  0.489 ms  1/173 (0.58%)  receiver
[SUM]   0.00-20.00  sec   734 KBytes   301 Kbits/sec  0.000 ms  0/519 (0%)  sender
[SUM]   0.00-20.03  sec   730 KBytes   298 Kbits/sec  0.372 ms  3/519 (0.58%)  receiver
[  5]   0.00-20.00  sec   245 KBytes   100 Kbits/sec  0.000 ms  0/173 (0%)  sender
[  5]   0.00-20.20  sec   243 KBytes  98.6 Kbits/sec  0.725 ms  1/173 (0.58%)  receiver
[  7]   0.00-20.00  sec   245 KBytes   100 Kbits/sec  0.000 ms  0/173 (0%)  sender
[  7]   0.00-20.20  sec   243 KBytes  98.6 Kbits/sec  0.722 ms  1/173 (0.58%)  receiver
[  9]   0.00-20.00  sec   245 KBytes   100 Kbits/sec  0.000 ms  0/173 (0%)  sender
[  9]   0.00-20.20  sec   243 KBytes  98.6 Kbits/sec  0.782 ms  1/173 (0.58%)  receiver
[SUM]   0.00-20.00  sec   734 KBytes   301 Kbits/sec  0.000 ms  0/519 (0%)  sender
[SUM]   0.00-20.20  sec   730 KBytes   296 Kbits/sec  0.743 ms  3/519 (0.58%)  receiver
[  5]   0.00-20.00  sec   245 KBytes   100 Kbits/sec  0.000 ms  0/173 (0%)  sender
[  5]   0.00-20.04  sec   243 KBytes  99.4 Kbits/sec  0.464 ms  1/173 (0.58%)  receiver
[  7]   0.00-20.00  sec   245 KBytes   100 Kbits/sec  0.000 ms  0/173 (0%)  sender
[  7]   0.00-20.04  sec   243 KBytes  99.4 Kbits/sec  0.466 ms  1/173 (0.58%)  receiver
[  9]   0.00-20.00  sec   245 KBytes   100 Kbits/sec  0.000 ms  0/173 (0%)  sender
[  9]   0.00-20.04  sec   243 KBytes  99.4 Kbits/sec  0.549 ms  1/173 (0.58%)  receiver
[SUM]   0.00-20.00  sec   734 KBytes   301 Kbits/sec  0.000 ms  0/519 (0%)  sender
[SUM]   0.00-20.04  sec   730 KBytes   298 Kbits/sec  0.493 ms  3/519 (0.58%)  receiver
[  5]   0.00-20.00  sec   245 KBytes   100 Kbits/sec  0.000 ms  0/173 (0%)  sender
[  5]   0.00-21.51  sec   245 KBytes  93.2 Kbits/sec  0.525 ms  0/173 (0%)  receiver
[  7]   0.00-20.00  sec   245 KBytes   100 Kbits/sec  0.000 ms  0/173 (0%)  sender
[  7]   0.00-21.51  sec   245 KBytes  93.2 Kbits/sec  0.524 ms  0/173 (0%)  receiver
[  9]   0.00-20.00  sec   245 KBytes   100 Kbits/sec  0.000 ms  0/173 (0%)  sender
[  9]   0.00-21.51  sec   245 KBytes  93.2 Kbits/sec  0.671 ms  0/173 (0%)  receiver
[SUM]   0.00-20.00  sec   734 KBytes   301 Kbits/sec  0.000 ms  0/519 (0%)  sender
[SUM]   0.00-21.51  sec   734 KBytes   279 Kbits/sec  0.573 ms  0/519 (0%)  receiver
[  5]   0.00-20.00  sec   245 KBytes   100 Kbits/sec  0.000 ms  0/173 (0%)  sender
[  5]   0.00-20.21  sec   245 KBytes  99.2 Kbits/sec  0.410 ms  0/173 (0%)  receiver
[  7]   0.00-20.00  sec   245 KBytes   100 Kbits/sec  0.000 ms  0/173 (0%)  sender
[  7]   0.00-20.21  sec   245 KBytes  99.2 Kbits/sec  0.413 ms  0/173 (0%)  receiver
[  9]   0.00-20.00  sec   245 KBytes   100 Kbits/sec  0.000 ms  0/173 (0%)  sender
[  9]   0.00-20.21  sec   245 KBytes  99.2 Kbits/sec  0.549 ms  0/173 (0%)  receiver
[SUM]   0.00-20.00  sec   734 KBytes   301 Kbits/sec  0.000 ms  0/519 (0%)  sender
[SUM]   0.00-20.21  sec   734 KBytes   298 Kbits/sec  0.457 ms  0/519 (0%)  receiver
[  5]   0.00-20.00  sec   245 KBytes   100 Kbits/sec  0.000 ms  0/173 (0%)  sender
[  5]   0.00-20.03  sec   243 KBytes  99.5 Kbits/sec  0.449 ms  1/173 (0.58%)  receiver
[  7]   0.00-20.00  sec   245 KBytes   100 Kbits/sec  0.000 ms  0/173 (0%)  sender
[  7]   0.00-20.03  sec   243 KBytes  99.5 Kbits/sec  0.454 ms  1/173 (0.58%)  receiver
[  9]   0.00-20.00  sec   245 KBytes   100 Kbits/sec  0.000 ms  0/173 (0%)  sender
[  9]   0.00-20.03  sec   243 KBytes  99.5 Kbits/sec  0.489 ms  1/173 (0.58%)  receiver
[SUM]   0.00-20.00  sec   734 KBytes   301 Kbits/sec  0.000 ms  0/519 (0%)  sender
[SUM]   0.00-20.03  sec   730 KBytes   298 Kbits/sec  0.464 ms  3/519 (0.58%)  receiver
[  5]   0.00-20.00  sec   245 KBytes   100 Kbits/sec  0.000 ms  0/173 (0%)  sender
[  5]   0.00-20.03  sec   243 KBytes  99.5 Kbits/sec  0.628 ms  1/173 (0.58%)  receiver
[  7]   0.00-20.00  sec   245 KBytes   100 Kbits/sec  0.000 ms  0/173 (0%)  sender
[  7]   0.00-20.03  sec   243 KBytes  99.5 Kbits/sec  0.775 ms  1/173 (0.58%)  receiver
[  9]   0.00-20.00  sec   245 KBytes   100 Kbits/sec  0.000 ms  0/173 (0%)  sender
[  9]   0.00-20.03  sec   243 KBytes  99.5 Kbits/sec  0.563 ms  1/173 (0.58%)  receiver
[SUM]   0.00-20.00  sec   734 KBytes   301 Kbits/sec  0.000 ms  0/519 (0%)  sender
[SUM]   0.00-20.03  sec   730 KBytes   298 Kbits/sec  0.655 ms  3/519 (0.58%)  receiver
[  5]   0.00-20.00  sec   245 KBytes   100 Kbits/sec  0.000 ms  0/173 (0%)  sender
[  5]   0.00-20.03  sec   243 KBytes  99.5 Kbits/sec  0.550 ms  1/173 (0.58%)  receiver
[  7]   0.00-20.00  sec   245 KBytes   100 Kbits/sec  0.000 ms  0/173 (0%)  sender
[  7]   0.00-20.03  sec   243 KBytes  99.5 Kbits/sec  0.558 ms  1/173 (0.58%)  receiver
[  9]   0.00-20.00  sec   245 KBytes   100 Kbits/sec  0.000 ms  0/173 (0%)  sender
[  9]   0.00-20.03  sec   243 KBytes  99.5 Kbits/sec  0.799 ms  1/173 (0.58%)  receiver
[SUM]   0.00-20.00  sec   734 KBytes   301 Kbits/sec  0.000 ms  0/519 (0%)  sender
[SUM]   0.00-20.03  sec   730 KBytes   298 Kbits/sec  0.636 ms  3/519 (0.58%)  receiver
[  5]   0.00-20.00  sec   245 KBytes   100 Kbits/sec  0.000 ms  0/173 (0%)  sender
[  5]   0.00-20.03  sec   245 KBytes   100 Kbits/sec  0.534 ms  0/173 (0%)  receiver
[  7]   0.00-20.00  sec   245 KBytes   100 Kbits/sec  0.000 ms  0/173 (0%)  sender
[  7]   0.00-20.03  sec   245 KBytes   100 Kbits/sec  0.533 ms  0/173 (0%)  receiver
[  9]   0.00-20.00  sec   245 KBytes   100 Kbits/sec  0.000 ms  0/173 (0%)  sender
[  9]   0.00-20.03  sec   245 KBytes   100 Kbits/sec  0.679 ms  0/173 (0%)  receiver
[SUM]   0.00-20.00  sec   734 KBytes   301 Kbits/sec  0.000 ms  0/519 (0%)  sender
[SUM]   0.00-20.03  sec   734 KBytes   300 Kbits/sec  0.582 ms  0/519 (0%)  receiver
[  5]   0.00-20.00  sec   245 KBytes   100 Kbits/sec  0.000 ms  0/173 (0%)  sender
[  5]   0.00-20.96  sec   243 KBytes  95.1 Kbits/sec  0.542 ms  1/173 (0.58%)  receiver
[  7]   0.00-20.00  sec   245 KBytes   100 Kbits/sec  0.000 ms  0/173 (0%)  sender
[  7]   0.00-20.96  sec   243 KBytes  95.1 Kbits/sec  0.519 ms  1/173 (0.58%)  receiver
[  9]   0.00-20.00  sec   245 KBytes   100 Kbits/sec  0.000 ms  0/173 (0%)  sender
[  9]   0.00-20.96  sec   243 KBytes  95.1 Kbits/sec  0.652 ms  1/173 (0.58%)  receiver
[SUM]   0.00-20.00  sec   734 KBytes   301 Kbits/sec  0.000 ms  0/519 (0%)  sender
[SUM]   0.00-20.96  sec   730 KBytes   285 Kbits/sec  0.571 ms  3/519 (0.58%)  receiver
[  5]   0.00-20.00  sec   245 KBytes   100 Kbits/sec  0.000 ms  0/173 (0%)  sender
[  5]   0.00-20.04  sec   245 KBytes   100 Kbits/sec  1.155 ms  0/173 (0%)  receiver
[  7]   0.00-20.00  sec   245 KBytes   100 Kbits/sec  0.000 ms  0/173 (0%)  sender
[  7]   0.00-20.04  sec   245 KBytes   100 Kbits/sec  1.085 ms  0/173 (0%)  receiver
[  9]   0.00-20.00  sec   245 KBytes   100 Kbits/sec  0.000 ms  0/173 (0%)  sender
[  9]   0.00-20.04  sec   245 KBytes   100 Kbits/sec  1.220 ms  0/173 (0%)  receiver
[SUM]   0.00-20.00  sec   734 KBytes   301 Kbits/sec  0.000 ms  0/519 (0%)  sender
[SUM]   0.00-20.04  sec   734 KBytes   300 Kbits/sec  1.153 ms  0/519 (0%)  receiver
[  5]   0.00-20.00  sec   245 KBytes   100 Kbits/sec  0.000 ms  0/173 (0%)  sender
[  5]   0.00-20.03  sec   245 KBytes   100 Kbits/sec  0.584 ms  0/173 (0%)  receiver
[  7]   0.00-20.00  sec   245 KBytes   100 Kbits/sec  0.000 ms  0/173 (0%)  sender
[  7]   0.00-20.03  sec   245 KBytes   100 Kbits/sec  0.600 ms  0/173 (0%)  receiver
[  9]   0.00-20.00  sec   245 KBytes   100 Kbits/sec  0.000 ms  0/173 (0%)  sender
[  9]   0.00-20.03  sec   245 KBytes   100 Kbits/sec  0.935 ms  0/173 (0%)  receiver
[SUM]   0.00-20.00  sec   734 KBytes   301 Kbits/sec  0.000 ms  0/519 (0%)  sender
[SUM]   0.00-20.03  sec   734 KBytes   300 Kbits/sec  0.706 ms  0/519 (0%)  receiver
[  5]   0.00-20.00  sec   245 KBytes   100 Kbits/sec  0.000 ms  0/173 (0%)  sender
[  5]   0.00-20.04  sec   245 KBytes   100 Kbits/sec  0.825 ms  0/173 (0%)  receiver
[  7]   0.00-20.00  sec   245 KBytes   100 Kbits/sec  0.000 ms  0/173 (0%)  sender
[  7]   0.00-20.04  sec   245 KBytes   100 Kbits/sec  0.834 ms  0/173 (0%)  receiver
[  9]   0.00-20.00  sec   245 KBytes   100 Kbits/sec  0.000 ms  0/173 (0%)  sender
[  9]   0.00-20.04  sec   243 KBytes  99.4 Kbits/sec  0.994 ms  1/173 (0.58%)  receiver
[SUM]   0.00-20.00  sec   734 KBytes   301 Kbits/sec  0.000 ms  0/519 (0%)  sender
[SUM]   0.00-20.04  sec   732 KBytes   299 Kbits/sec  0.885 ms  1/519 (0.19%)  receiver
[  5]   0.00-20.00  sec   245 KBytes   100 Kbits/sec  0.000 ms  0/173 (0%)  sender
[  5]   0.00-20.03  sec   245 KBytes   100 Kbits/sec  0.465 ms  0/173 (0%)  receiver
[  7]   0.00-20.00  sec   245 KBytes   100 Kbits/sec  0.000 ms  0/173 (0%)  sender
[  7]   0.00-20.03  sec   245 KBytes   100 Kbits/sec  0.482 ms  0/173 (0%)  receiver
[  9]   0.00-20.00  sec   245 KBytes   100 Kbits/sec  0.000 ms  0/173 (0%)  sender
[  9]   0.00-20.03  sec   245 KBytes   100 Kbits/sec  0.580 ms  0/173 (0%)  receiver
[SUM]   0.00-20.00  sec   734 KBytes   301 Kbits/sec  0.000 ms  0/519 (0%)  sender
[SUM]   0.00-20.03  sec   734 KBytes   300 Kbits/sec  0.509 ms  0/519 (0%)  receiver
[  5]   0.00-20.00  sec   245 KBytes   100 Kbits/sec  0.000 ms  0/173 (0%)  sender
[  5]   0.00-20.03  sec   243 KBytes  99.5 Kbits/sec  0.706 ms  1/173 (0.58%)  receiver
[  7]   0.00-20.00  sec   245 KBytes   100 Kbits/sec  0.000 ms  0/173 (0%)  sender
[  7]   0.00-20.03  sec   243 KBytes  99.5 Kbits/sec  0.754 ms  1/173 (0.58%)  receiver
[  9]   0.00-20.00  sec   245 KBytes   100 Kbits/sec  0.000 ms  0/173 (0%)  sender
[  9]   0.00-20.03  sec   243 KBytes  99.5 Kbits/sec  0.866 ms  1/173 (0.58%)  receiver
[SUM]   0.00-20.00  sec   734 KBytes   301 Kbits/sec  0.000 ms  0/519 (0%)  sender
[SUM]   0.00-20.03  sec   730 KBytes   298 Kbits/sec  0.775 ms  3/519 (0.58%)  receiver
[  5]   0.00-20.00  sec   245 KBytes   100 Kbits/sec  0.000 ms  0/173 (0%)  sender
[  5]   0.00-20.03  sec   245 KBytes   100 Kbits/sec  0.641 ms  0/173 (0%)  receiver
[  7]   0.00-20.00  sec   245 KBytes   100 Kbits/sec  0.000 ms  0/173 (0%)  sender
[  7]   0.00-20.03  sec   245 KBytes   100 Kbits/sec  0.639 ms  0/173 (0%)  receiver
[  9]   0.00-20.00  sec   245 KBytes   100 Kbits/sec  0.000 ms  0/173 (0%)  sender
[  9]   0.00-20.03  sec   245 KBytes   100 Kbits/sec  0.586 ms  0/173 (0%)  receiver
[SUM]   0.00-20.00  sec   734 KBytes   301 Kbits/sec  0.000 ms  0/519 (0%)  sender
[SUM]   0.00-20.03  sec   734 KBytes   300 Kbits/sec  0.622 ms  0/519 (0%)  receiver
[  5]   0.00-20.00  sec   245 KBytes   100 Kbits/sec  0.000 ms  0/173 (0%)  sender
[  5]   0.00-20.60  sec   245 KBytes  97.3 Kbits/sec  0.405 ms  0/173 (0%)  receiver
[  7]   0.00-20.00  sec   245 KBytes   100 Kbits/sec  0.000 ms  0/173 (0%)  sender
[  7]   0.00-20.60  sec   245 KBytes  97.3 Kbits/sec  0.415 ms  0/173 (0%)  receiver
[  9]   0.00-20.00  sec   245 KBytes   100 Kbits/sec  0.000 ms  0/173 (0%)  sender
[  9]   0.00-20.60  sec   245 KBytes  97.3 Kbits/sec  0.396 ms  0/173 (0%)  receiver
[SUM]   0.00-20.00  sec   734 KBytes   301 Kbits/sec  0.000 ms  0/519 (0%)  sender
[SUM]   0.00-20.60  sec   734 KBytes   292 Kbits/sec  0.405 ms  0/519 (0%)  receiver
[  5]   0.00-20.00  sec   245 KBytes   100 Kbits/sec  0.000 ms  0/173 (0%)  sender
[  5]   0.00-20.03  sec   245 KBytes   100 Kbits/sec  0.706 ms  0/173 (0%)  receiver
[  7]   0.00-20.00  sec   245 KBytes   100 Kbits/sec  0.000 ms  0/173 (0%)  sender
[  7]   0.00-20.03  sec   245 KBytes   100 Kbits/sec  0.704 ms  0/173 (0%)  receiver
[  9]   0.00-20.00  sec   245 KBytes   100 Kbits/sec  0.000 ms  0/173 (0%)  sender
[  9]   0.00-20.03  sec   245 KBytes   100 Kbits/sec  0.825 ms  0/173 (0%)  receiver
[SUM]   0.00-20.00  sec   734 KBytes   301 Kbits/sec  0.000 ms  0/519 (0%)  sender
[SUM]   0.00-20.03  sec   734 KBytes   300 Kbits/sec  0.745 ms  0/519 (0%)  receiver
[  5]   0.00-20.00  sec   245 KBytes   100 Kbits/sec  0.000 ms  0/173 (0%)  sender
[  5]   0.00-20.04  sec   245 KBytes   100 Kbits/sec  0.412 ms  0/173 (0%)  receiver
[  7]   0.00-20.00  sec   245 KBytes   100 Kbits/sec  0.000 ms  0/173 (0%)  sender
[  7]   0.00-20.04  sec   245 KBytes   100 Kbits/sec  0.412 ms  0/173 (0%)  receiver
[  9]   0.00-20.00  sec   245 KBytes   100 Kbits/sec  0.000 ms  0/173 (0%)  sender
[  9]   0.00-20.04  sec   245 KBytes   100 Kbits/sec  0.624 ms  0/173 (0%)  receiver
[SUM]   0.00-20.00  sec   734 KBytes   301 Kbits/sec  0.000 ms  0/519 (0%)  sender
[SUM]   0.00-20.04  sec   734 KBytes   300 Kbits/sec  0.483 ms  0/519 (0%)  receiver
