Baseline Output:
[  5]   0.00-20.00  sec  11.6 MBytes  4.85 Mbits/sec  468             sender
[  5]   0.00-21.98  sec  6.93 MBytes  2.64 Mbits/sec                  receiver
[  7]   0.00-20.00  sec  11.6 MBytes  4.85 Mbits/sec  377             sender
[  7]   0.00-21.98  sec  6.63 MBytes  2.53 Mbits/sec                  receiver
[  9]   0.00-20.00  sec  10.6 MBytes  4.43 Mbits/sec  394             sender
[  9]   0.00-21.98  sec  6.33 MBytes  2.42 Mbits/sec                  receiver
[SUM]   0.00-20.00  sec  33.7 MBytes  14.1 Mbits/sec  1239             sender
[SUM]   0.00-21.98  sec  19.9 MBytes  7.59 Mbits/sec                  receiver
[  5]   0.00-20.00  sec  12.7 MBytes  5.32 Mbits/sec  521             sender
[  5]   0.00-21.91  sec  8.13 MBytes  3.11 Mbits/sec                  receiver
[  7]   0.00-20.00  sec  11.4 MBytes  4.79 Mbits/sec  416             sender
[  7]   0.00-21.91  sec  7.14 MBytes  2.73 Mbits/sec                  receiver
[  9]   0.00-20.00  sec  11.4 MBytes  4.79 Mbits/sec  463             sender
[  9]   0.00-21.91  sec  7.99 MBytes  3.06 Mbits/sec                  receiver
[SUM]   0.00-20.00  sec  35.5 MBytes  14.9 Mbits/sec  1400             sender
[SUM]   0.00-21.91  sec  23.3 MBytes  8.90 Mbits/sec                  receiver
[  5]   0.00-20.00  sec  12.4 MBytes  5.21 Mbits/sec  505             sender
[  5]   0.00-21.87  sec  8.00 MBytes  3.07 Mbits/sec                  receiver
[  7]   0.00-20.00  sec  11.6 MBytes  4.85 Mbits/sec  428             sender
[  7]   0.00-21.87  sec  6.72 MBytes  2.58 Mbits/sec                  receiver
[  9]   0.00-20.00  sec  11.4 MBytes  4.76 Mbits/sec  450             sender
[  9]   0.00-21.87  sec  7.86 MBytes  3.01 Mbits/sec                  receiver
[SUM]   0.00-20.00  sec  35.4 MBytes  14.8 Mbits/sec  1383             sender
[SUM]   0.00-21.87  sec  22.6 MBytes  8.66 Mbits/sec                  receiver
[  5]   0.00-20.00  sec  11.4 MBytes  4.79 Mbits/sec  469             sender
[  5]   0.00-22.60  sec  8.05 MBytes  2.99 Mbits/sec                  receiver
[  7]   0.00-20.00  sec  12.7 MBytes  5.32 Mbits/sec  523             sender
[  7]   0.00-22.60  sec  7.56 MBytes  2.81 Mbits/sec                  receiver
[  9]   0.00-20.00  sec  10.6 MBytes  4.45 Mbits/sec  410             sender
[  9]   0.00-22.60  sec  6.50 MBytes  2.41 Mbits/sec                  receiver
[SUM]   0.00-20.00  sec  34.7 MBytes  14.6 Mbits/sec  1402             sender
[SUM]   0.00-22.60  sec  22.1 MBytes  8.21 Mbits/sec                  receiver
[  5]   0.00-20.00  sec  11.4 MBytes  4.79 Mbits/sec  488             sender
[  5]   0.00-21.90  sec  7.30 MBytes  2.80 Mbits/sec                  receiver
[  7]   0.00-20.00  sec  10.3 MBytes  4.33 Mbits/sec  425             sender
[  7]   0.00-21.90  sec  7.70 MBytes  2.95 Mbits/sec                  receiver
[  9]   0.00-20.00  sec  11.4 MBytes  4.79 Mbits/sec  484             sender
[  9]   0.00-21.90  sec  8.17 MBytes  3.13 Mbits/sec                  receiver
[SUM]   0.00-20.00  sec  33.2 MBytes  13.9 Mbits/sec  1397             sender
[SUM]   0.00-21.90  sec  23.2 MBytes  8.87 Mbits/sec                  receiver
[  5]   0.00-20.00  sec  11.5 MBytes  4.82 Mbits/sec  282             sender
[  5]   0.00-22.04  sec  5.86 MBytes  2.23 Mbits/sec                  receiver
[  7]   0.00-20.00  sec  11.4 MBytes  4.80 Mbits/sec  304             sender
[  7]   0.00-22.04  sec  5.78 MBytes  2.20 Mbits/sec                  receiver
[  9]   0.00-20.00  sec  11.5 MBytes  4.82 Mbits/sec  353             sender
[  9]   0.00-22.04  sec  6.00 MBytes  2.28 Mbits/sec                  receiver
[SUM]   0.00-20.00  sec  34.4 MBytes  14.4 Mbits/sec  939             sender
[SUM]   0.00-22.04  sec  17.6 MBytes  6.72 Mbits/sec                  receiver
Failover Output:
[  5]   0.00-20.00  sec  9.81 MBytes  4.12 Mbits/sec  202             sender
[  5]   0.00-22.45  sec  5.36 MBytes  2.00 Mbits/sec                  receiver
[  7]   0.00-20.00  sec  10.7 MBytes  4.51 Mbits/sec    7             sender
[  7]   0.00-22.45  sec  5.29 MBytes  1.98 Mbits/sec                  receiver
[  9]   0.00-20.00  sec  13.2 MBytes  5.53 Mbits/sec  912             sender
[  9]   0.00-22.45  sec  8.11 MBytes  3.03 Mbits/sec                  receiver
[SUM]   0.00-20.00  sec  33.7 MBytes  14.2 Mbits/sec  1121             sender
[SUM]   0.00-22.45  sec  18.8 MBytes  7.01 Mbits/sec                  receiver
[  5]   0.00-20.00  sec  13.7 MBytes  5.76 Mbits/sec  980             sender
[  5]   0.00-22.54  sec  8.52 MBytes  3.17 Mbits/sec                  receiver
[  7]   0.00-20.00  sec  11.5 MBytes  4.82 Mbits/sec  768             sender
[  7]   0.00-22.54  sec  6.66 MBytes  2.48 Mbits/sec                  receiver
[  9]   0.00-20.00  sec  10.3 MBytes  4.33 Mbits/sec   63             sender
[  9]   0.00-22.54  sec  5.61 MBytes  2.09 Mbits/sec                  receiver
[SUM]   0.00-20.00  sec  35.6 MBytes  14.9 Mbits/sec  1811             sender
[SUM]   0.00-22.54  sec  20.8 MBytes  7.74 Mbits/sec                  receiver
[  5]   0.00-20.00  sec  11.2 MBytes  4.69 Mbits/sec   11             sender
[  5]   0.00-21.55  sec  6.03 MBytes  2.35 Mbits/sec                  receiver
[  7]   0.00-20.00  sec  12.9 MBytes  5.39 Mbits/sec  765             sender
[  7]   0.00-21.55  sec  8.57 MBytes  3.34 Mbits/sec                  receiver
[  9]   0.00-20.00  sec  10.3 MBytes  4.33 Mbits/sec   15             sender
[  9]   0.00-21.55  sec  5.61 MBytes  2.18 Mbits/sec                  receiver
[SUM]   0.00-20.00  sec  34.4 MBytes  14.4 Mbits/sec  791             sender
[SUM]   0.00-21.55  sec  20.2 MBytes  7.87 Mbits/sec                  receiver
[  5]   0.00-20.00  sec  11.5 MBytes  4.82 Mbits/sec  773             sender
[  5]   0.00-22.84  sec  7.88 MBytes  2.89 Mbits/sec                  receiver
[  7]   0.00-20.00  sec  10.1 MBytes  4.24 Mbits/sec   68             sender
[  7]   0.00-22.84  sec  5.25 MBytes  1.93 Mbits/sec                  receiver
[  9]   0.00-20.00  sec  10.2 MBytes  4.30 Mbits/sec  684             sender
[  9]   0.00-22.84  sec  6.54 MBytes  2.40 Mbits/sec                  receiver
[SUM]   0.00-20.00  sec  31.9 MBytes  13.4 Mbits/sec  1525             sender
[SUM]   0.00-22.84  sec  19.7 MBytes  7.22 Mbits/sec                  receiver
[  5]   0.00-20.00  sec  12.7 MBytes  5.32 Mbits/sec  806             sender
[  5]   0.00-21.68  sec  8.80 MBytes  3.41 Mbits/sec                  receiver
[  7]   0.00-20.00  sec  10.3 MBytes  4.33 Mbits/sec    7             sender
[  7]   0.00-21.68  sec  5.61 MBytes  2.17 Mbits/sec                  receiver
[  9]   0.00-20.00  sec  10.3 MBytes  4.31 Mbits/sec   60             sender
[  9]   0.00-21.68  sec  5.53 MBytes  2.14 Mbits/sec                  receiver
[SUM]   0.00-20.00  sec  33.3 MBytes  13.9 Mbits/sec  873             sender
[SUM]   0.00-21.68  sec  19.9 MBytes  7.72 Mbits/sec                  receiver
[  5]   0.00-20.00  sec  12.7 MBytes  5.32 Mbits/sec  780             sender
[  5]   0.00-21.62  sec  8.60 MBytes  3.34 Mbits/sec                  receiver
[  7]   0.00-20.00  sec  10.2 MBytes  4.27 Mbits/sec   63             sender
[  7]   0.00-21.62  sec  5.65 MBytes  2.19 Mbits/sec                  receiver
[  9]   0.00-20.00  sec  11.6 MBytes  4.85 Mbits/sec    7             sender
[  9]   0.00-21.62  sec  5.83 MBytes  2.26 Mbits/sec                  receiver
[SUM]   0.00-20.00  sec  34.4 MBytes  14.4 Mbits/sec  850             sender
[SUM]   0.00-21.62  sec  20.1 MBytes  7.80 Mbits/sec                  receiver
