Baseline Output:
[  5]   0.00-20.00  sec   245 KBytes   100 Kbits/sec  0.000 ms  0/173 (0%)  sender
[  5]   0.00-20.02  sec   245 KBytes   100 Kbits/sec  0.943 ms  0/173 (0%)  receiver
[  7]   0.00-20.00  sec   245 KBytes   100 Kbits/sec  0.000 ms  0/173 (0%)  sender
[  7]   0.00-20.02  sec   245 KBytes   100 Kbits/sec  0.918 ms  0/173 (0%)  receiver
[  9]   0.00-20.00  sec   245 KBytes   100 Kbits/sec  0.000 ms  0/173 (0%)  sender
[  9]   0.00-20.02  sec   245 KBytes   100 Kbits/sec  1.713 ms  0/173 (0%)  receiver
[SUM]   0.00-20.00  sec   734 KBytes   301 Kbits/sec  0.000 ms  0/519 (0%)  sender
[SUM]   0.00-20.02  sec   734 KBytes   300 Kbits/sec  1.191 ms  0/519 (0%)  receiver
[  5]   0.00-20.00  sec   245 KBytes   100 Kbits/sec  0.000 ms  0/173 (0%)  sender
[  5]   0.00-20.62  sec   245 KBytes  97.2 Kbits/sec  0.248 ms  0/173 (0%)  receiver
[  7]   0.00-20.00  sec   245 KBytes   100 Kbits/sec  0.000 ms  0/173 (0%)  sender
[  7]   0.00-20.62  sec   245 KBytes  97.2 Kbits/sec  0.247 ms  0/173 (0%)  receiver
[  9]   0.00-20.00  sec   245 KBytes   100 Kbits/sec  0.000 ms  0/173 (0%)  sender
[  9]   0.00-20.62  sec   245 KBytes  97.2 Kbits/sec  0.539 ms  0/173 (0%)  receiver
[SUM]   0.00-20.00  sec   734 KBytes   301 Kbits/sec  0.000 ms  0/519 (0%)  sender
[SUM]   0.00-20.62  sec   734 KBytes   292 Kbits/sec  0.344 ms  0/519 (0%)  receiver
[  5]   0.00-20.00  sec   245 KBytes   100 Kbits/sec  0.000 ms  0/173 (0%)  sender
[  5]   0.00-20.02  sec   245 KBytes   100 Kbits/sec  0.301 ms  0/173 (0%)  receiver
[  7]   0.00-20.00  sec   245 KBytes   100 Kbits/sec  0.000 ms  0/173 (0%)  sender
[  7]   0.00-20.02  sec   245 KBytes   100 Kbits/sec  0.307 ms  0/173 (0%)  receiver
[  9]   0.00-20.00  sec   245 KBytes   100 Kbits/sec  0.000 ms  0/173 (0%)  sender
[  9]   0.00-20.02  sec   245 KBytes   100 Kbits/sec  0.479 ms  0/173 (0%)  receiver
[SUM]   0.00-20.00  sec   734 KBytes   301 Kbits/sec  0.000 ms  0/519 (0%)  sender
[SUM]   0.00-20.02  sec   734 KBytes   300 Kbits/sec  0.362 ms  0/519 (0%)  receiver
[  5]   0.00-20.00  sec   245 KBytes   100 Kbits/sec  0.000 ms  0/173 (0%)  sender
[  5]   0.00-20.02  sec   245 KBytes   100 Kbits/sec  0.544 ms  0/173 (0%)  receiver
[  7]   0.00-20.00  sec   245 KBytes   100 Kbits/sec  0.000 ms  0/173 (0%)  sender
[  7]   0.00-20.02  sec   245 KBytes   100 Kbits/sec  0.555 ms  0/173 (0%)  receiver
[  9]   0.00-20.00  sec   245 KBytes   100 Kbits/sec  0.000 ms  0/173 (0%)  sender
[  9]   0.00-20.02  sec   245 KBytes   100 Kbits/sec  0.562 ms  0/173 (0%)  receiver
[SUM]   0.00-20.00  sec   734 KBytes   301 Kbits/sec  0.000 ms  0/519 (0%)  sender
[SUM]   0.00-20.02  sec   734 KBytes   300 Kbits/sec  0.554 ms  0/519 (0%)  receiver
[  5]   0.00-20.00  sec   245 KBytes   100 Kbits/sec  0.000 ms  0/173 (0%)  sender
[  5]   0.00-20.04  sec   245 KBytes   100 Kbits/sec  0.446 ms  0/173 (0%)  receiver
[  7]   0.00-20.00  sec   245 KBytes   100 Kbits/sec  0.000 ms  0/173 (0%)  sender
[  7]   0.00-20.04  sec   245 KBytes   100 Kbits/sec  0.468 ms  0/173 (0%)  receiver
[  9]   0.00-20.00  sec   245 KBytes   100 Kbits/sec  0.000 ms  0/173 (0%)  sender
[  9]   0.00-20.04  sec   245 KBytes   100 Kbits/sec  0.492 ms  0/173 (0%)  receiver
[SUM]   0.00-20.00  sec   734 KBytes   301 Kbits/sec  0.000 ms  0/519 (0%)  sender
[SUM]   0.00-20.04  sec   734 KBytes   300 Kbits/sec  0.469 ms  0/519 (0%)  receiver
[  5]   0.00-20.00  sec   245 KBytes   100 Kbits/sec  0.000 ms  0/173 (0%)  sender
[  5]   0.00-20.03  sec   245 KBytes   100 Kbits/sec  0.451 ms  0/173 (0%)  receiver
[  7]   0.00-20.00  sec   245 KBytes   100 Kbits/sec  0.000 ms  0/173 (0%)  sender
[  7]   0.00-20.03  sec   245 KBytes   100 Kbits/sec  0.467 ms  0/173 (0%)  receiver
[  9]   0.00-20.00  sec   245 KBytes   100 Kbits/sec  0.000 ms  0/173 (0%)  sender
[  9]   0.00-20.03  sec   245 KBytes   100 Kbits/sec  0.956 ms  0/173 (0%)  receiver
[SUM]   0.00-20.00  sec   734 KBytes   301 Kbits/sec  0.000 ms  0/519 (0%)  sender
[SUM]   0.00-20.03  sec   734 KBytes   300 Kbits/sec  0.625 ms  0/519 (0%)  receiver
[  5]   0.00-20.00  sec   245 KBytes   100 Kbits/sec  0.000 ms  0/173 (0%)  sender
[  5]   0.00-20.05  sec   245 KBytes   100 Kbits/sec  0.378 ms  0/173 (0%)  receiver
[  7]   0.00-20.00  sec   245 KBytes   100 Kbits/sec  0.000 ms  0/173 (0%)  sender
[  7]   0.00-20.05  sec   245 KBytes   100 Kbits/sec  0.384 ms  0/173 (0%)  receiver
[  9]   0.00-20.00  sec   245 KBytes   100 Kbits/sec  0.000 ms  0/173 (0%)  sender
[  9]   0.00-20.05  sec   245 KBytes   100 Kbits/sec  0.359 ms  0/173 (0%)  receiver
[SUM]   0.00-20.00  sec   734 KBytes   301 Kbits/sec  0.000 ms  0/519 (0%)  sender
[SUM]   0.00-20.05  sec   734 KBytes   300 Kbits/sec  0.374 ms  0/519 (0%)  receiver
[  5]   0.00-20.00  sec   245 KBytes   100 Kbits/sec  0.000 ms  0/173 (0%)  sender
[  5]   0.00-20.05  sec   245 KBytes   100 Kbits/sec  1.098 ms  0/173 (0%)  receiver
[  7]   0.00-20.00  sec   245 KBytes   100 Kbits/sec  0.000 ms  0/173 (0%)  sender
[  7]   0.00-20.05  sec   245 KBytes   100 Kbits/sec  1.082 ms  0/173 (0%)  receiver
[  9]   0.00-20.00  sec   245 KBytes   100 Kbits/sec  0.000 ms  0/173 (0%)  sender
[  9]   0.00-20.05  sec   245 KBytes   100 Kbits/sec  1.712 ms  0/173 (0%)  receiver
[SUM]   0.00-20.00  sec   734 KBytes   301 Kbits/sec  0.000 ms  0/519 (0%)  sender
[SUM]   0.00-20.05  sec   734 KBytes   300 Kbits/sec  1.297 ms  0/519 (0%)  receiver
[  5]   0.00-20.00  sec   245 KBytes   100 Kbits/sec  0.000 ms  0/173 (0%)  sender
[  5]   0.00-20.40  sec   245 KBytes  98.2 Kbits/sec  0.551 ms  0/173 (0%)  receiver
[  7]   0.00-20.00  sec   245 KBytes   100 Kbits/sec  0.000 ms  0/173 (0%)  sender
[  7]   0.00-20.40  sec   245 KBytes  98.2 Kbits/sec  0.578 ms  0/173 (0%)  receiver
[  9]   0.00-20.00  sec   245 KBytes   100 Kbits/sec  0.000 ms  0/173 (0%)  sender
[  9]   0.00-20.40  sec   245 KBytes  98.2 Kbits/sec  0.932 ms  0/173 (0%)  receiver
[SUM]   0.00-20.00  sec   734 KBytes   301 Kbits/sec  0.000 ms  0/519 (0%)  sender
[SUM]   0.00-20.40  sec   734 KBytes   295 Kbits/sec  0.687 ms  0/519 (0%)  receiver
[  5]   0.00-20.00  sec   245 KBytes   100 Kbits/sec  0.000 ms  0/173 (0%)  sender
[  5]   0.00-20.02  sec   245 KBytes   100 Kbits/sec  0.607 ms  0/173 (0%)  receiver
[  7]   0.00-20.00  sec   245 KBytes   100 Kbits/sec  0.000 ms  0/173 (0%)  sender
[  7]   0.00-20.02  sec   245 KBytes   100 Kbits/sec  0.593 ms  0/173 (0%)  receiver
[  9]   0.00-20.00  sec   245 KBytes   100 Kbits/sec  0.000 ms  0/173 (0%)  sender
[  9]   0.00-20.02  sec   245 KBytes   100 Kbits/sec  1.161 ms  0/173 (0%)  receiver
[SUM]   0.00-20.00  sec   734 KBytes   301 Kbits/sec  0.000 ms  0/519 (0%)  sender
[SUM]   0.00-20.02  sec   734 KBytes   300 Kbits/sec  0.787 ms  0/519 (0%)  receiver
[  5]   0.00-20.00  sec   245 KBytes   100 Kbits/sec  0.000 ms  0/173 (0%)  sender
[  5]   0.00-20.02  sec   245 KBytes   100 Kbits/sec  0.881 ms  0/173 (0%)  receiver
[  7]   0.00-20.00  sec   245 KBytes   100 Kbits/sec  0.000 ms  0/173 (0%)  sender
[  7]   0.00-20.02  sec   245 KBytes   100 Kbits/sec  0.900 ms  0/173 (0%)  receiver
[  9]   0.00-20.00  sec   245 KBytes   100 Kbits/sec  0.000 ms  0/173 (0%)  sender
[  9]   0.00-20.02  sec   245 KBytes   100 Kbits/sec  0.960 ms  0/173 (0%)  receiver
[SUM]   0.00-20.00  sec   734 KBytes   301 Kbits/sec  0.000 ms  0/519 (0%)  sender
[SUM]   0.00-20.02  sec   734 KBytes   300 Kbits/sec  0.914 ms  0/519 (0%)  receiver
[  5]   0.00-20.00  sec   245 KBytes   100 Kbits/sec  0.000 ms  0/173 (0%)  sender
[  5]   0.00-20.02  sec   245 KBytes   100 Kbits/sec  0.727 ms  0/173 (0%)  receiver
[  7]   0.00-20.00  sec   245 KBytes   100 Kbits/sec  0.000 ms  0/173 (0%)  sender
[  7]   0.00-20.02  sec   245 KBytes   100 Kbits/sec  0.748 ms  0/173 (0%)  receiver
[  9]   0.00-20.00  sec   245 KBytes   100 Kbits/sec  0.000 ms  0/173 (0%)  sender
[  9]   0.00-20.02  sec   245 KBytes   100 Kbits/sec  1.148 ms  0/173 (0%)  receiver
[SUM]   0.00-20.00  sec   734 KBytes   301 Kbits/sec  0.000 ms  0/519 (0%)  sender
[SUM]   0.00-20.02  sec   734 KBytes   300 Kbits/sec  0.874 ms  0/519 (0%)  receiver
[  5]   0.00-20.00  sec   245 KBytes   100 Kbits/sec  0.000 ms  0/173 (0%)  sender
[  5]   0.00-20.03  sec   245 KBytes   100 Kbits/sec  0.513 ms  0/173 (0%)  receiver
[  7]   0.00-20.00  sec   245 KBytes   100 Kbits/sec  0.000 ms  0/173 (0%)  sender
[  7]   0.00-20.03  sec   245 KBytes   100 Kbits/sec  0.511 ms  0/173 (0%)  receiver
[  9]   0.00-20.00  sec   245 KBytes   100 Kbits/sec  0.000 ms  0/173 (0%)  sender
[  9]   0.00-20.03  sec   245 KBytes   100 Kbits/sec  1.016 ms  0/173 (0%)  receiver
[SUM]   0.00-20.00  sec   734 KBytes   301 Kbits/sec  0.000 ms  0/519 (0%)  sender
[SUM]   0.00-20.03  sec   734 KBytes   300 Kbits/sec  0.680 ms  0/519 (0%)  receiver
[  5]   0.00-20.00  sec   245 KBytes   100 Kbits/sec  0.000 ms  0/173 (0%)  sender
[  5]   0.00-20.02  sec   245 KBytes   100 Kbits/sec  0.684 ms  0/173 (0%)  receiver
[  7]   0.00-20.00  sec   245 KBytes   100 Kbits/sec  0.000 ms  0/173 (0%)  sender
[  7]   0.00-20.02  sec   245 KBytes   100 Kbits/sec  0.704 ms  0/173 (0%)  receiver
[  9]   0.00-20.00  sec   245 KBytes   100 Kbits/sec  0.000 ms  0/173 (0%)  sender
[  9]   0.00-20.02  sec   245 KBytes   100 Kbits/sec  0.863 ms  0/173 (0%)  receiver
[SUM]   0.00-20.00  sec   734 KBytes   301 Kbits/sec  0.000 ms  0/519 (0%)  sender
[SUM]   0.00-20.02  sec   734 KBytes   300 Kbits/sec  0.750 ms  0/519 (0%)  receiver
[  5]   0.00-20.00  sec   245 KBytes   100 Kbits/sec  0.000 ms  0/173 (0%)  sender
[  5]   0.00-20.02  sec   245 KBytes   100 Kbits/sec  0.347 ms  0/173 (0%)  receiver
[  7]   0.00-20.00  sec   245 KBytes   100 Kbits/sec  0.000 ms  0/173 (0%)  sender
[  7]   0.00-20.02  sec   245 KBytes   100 Kbits/sec  0.343 ms  0/173 (0%)  receiver
[  9]   0.00-20.00  sec   245 KBytes   100 Kbits/sec  0.000 ms  0/173 (0%)  sender
[  9]   0.00-20.02  sec   245 KBytes   100 Kbits/sec  0.992 ms  0/173 (0%)  receiver
[SUM]   0.00-20.00  sec   734 KBytes   301 Kbits/sec  0.000 ms  0/519 (0%)  sender
[SUM]   0.00-20.02  sec   734 KBytes   300 Kbits/sec  0.560 ms  0/519 (0%)  receiver
[  5]   0.00-20.00  sec   245 KBytes   100 Kbits/sec  0.000 ms  0/173 (0%)  sender
[  5]   0.00-20.02  sec   245 KBytes   100 Kbits/sec  1.331 ms  0/173 (0%)  receiver
[  7]   0.00-20.00  sec   245 KBytes   100 Kbits/sec  0.000 ms  0/173 (0%)  sender
[  7]   0.00-20.02  sec   245 KBytes   100 Kbits/sec  1.343 ms  0/173 (0%)  receiver
[  9]   0.00-20.00  sec   245 KBytes   100 Kbits/sec  0.000 ms  0/173 (0%)  sender
[  9]   0.00-20.02  sec   245 KBytes   100 Kbits/sec  1.296 ms  0/173 (0%)  receiver
[SUM]   0.00-20.00  sec   734 KBytes   301 Kbits/sec  0.000 ms  0/519 (0%)  sender
[SUM]   0.00-20.02  sec   734 KBytes   300 Kbits/sec  1.323 ms  0/519 (0%)  receiver
[  5]   0.00-20.00  sec   245 KBytes   100 Kbits/sec  0.000 ms  0/173 (0%)  sender
[  5]   0.00-20.02  sec   245 KBytes   100 Kbits/sec  0.488 ms  0/173 (0%)  receiver
[  7]   0.00-20.00  sec   245 KBytes   100 Kbits/sec  0.000 ms  0/173 (0%)  sender
[  7]   0.00-20.02  sec   245 KBytes   100 Kbits/sec  0.598 ms  0/173 (0%)  receiver
[  9]   0.00-20.00  sec   245 KBytes   100 Kbits/sec  0.000 ms  0/173 (0%)  sender
[  9]   0.00-20.02  sec   245 KBytes   100 Kbits/sec  0.515 ms  0/173 (0%)  receiver
[SUM]   0.00-20.00  sec   734 KBytes   301 Kbits/sec  0.000 ms  0/519 (0%)  sender
[SUM]   0.00-20.02  sec   734 KBytes   300 Kbits/sec  0.533 ms  0/519 (0%)  receiver
[  5]   0.00-20.00  sec   245 KBytes   100 Kbits/sec  0.000 ms  0/173 (0%)  sender
[  5]   0.00-20.02  sec   245 KBytes   100 Kbits/sec  0.828 ms  0/173 (0%)  receiver
[  7]   0.00-20.00  sec   245 KBytes   100 Kbits/sec  0.000 ms  0/173 (0%)  sender
[  7]   0.00-20.02  sec   245 KBytes   100 Kbits/sec  0.822 ms  0/173 (0%)  receiver
[  9]   0.00-20.00  sec   245 KBytes   100 Kbits/sec  0.000 ms  0/173 (0%)  sender
[  9]   0.00-20.02  sec   245 KBytes   100 Kbits/sec  1.701 ms  0/173 (0%)  receiver
[SUM]   0.00-20.00  sec   734 KBytes   301 Kbits/sec  0.000 ms  0/519 (0%)  sender
[SUM]   0.00-20.02  sec   734 KBytes   300 Kbits/sec  1.117 ms  0/519 (0%)  receiver
[  5]   0.00-20.00  sec   245 KBytes   100 Kbits/sec  0.000 ms  0/173 (0%)  sender
[  5]   0.00-20.02  sec   245 KBytes   100 Kbits/sec  1.022 ms  0/173 (0%)  receiver
[  7]   0.00-20.00  sec   245 KBytes   100 Kbits/sec  0.000 ms  0/173 (0%)  sender
[  7]   0.00-20.02  sec   245 KBytes   100 Kbits/sec  1.122 ms  0/173 (0%)  receiver
[  9]   0.00-20.00  sec   245 KBytes   100 Kbits/sec  0.000 ms  0/173 (0%)  sender
[  9]   0.00-20.02  sec   245 KBytes   100 Kbits/sec  1.243 ms  0/173 (0%)  receiver
[SUM]   0.00-20.00  sec   734 KBytes   301 Kbits/sec  0.000 ms  0/519 (0%)  sender
[SUM]   0.00-20.02  sec   734 KBytes   300 Kbits/sec  1.129 ms  0/519 (0%)  receiver
[  5]   0.00-20.00  sec   245 KBytes   100 Kbits/sec  0.000 ms  0/173 (0%)  sender
[  5]   0.00-20.04  sec   245 KBytes   100 Kbits/sec  1.013 ms  0/173 (0%)  receiver
[  7]   0.00-20.00  sec   245 KBytes   100 Kbits/sec  0.000 ms  0/173 (0%)  sender
[  7]   0.00-20.04  sec   245 KBytes   100 Kbits/sec  1.048 ms  0/173 (0%)  receiver
[  9]   0.00-20.00  sec   245 KBytes   100 Kbits/sec  0.000 ms  0/173 (0%)  sender
[  9]   0.00-20.04  sec   245 KBytes   100 Kbits/sec  0.823 ms  0/173 (0%)  receiver
[SUM]   0.00-20.00  sec   734 KBytes   301 Kbits/sec  0.000 ms  0/519 (0%)  sender
[SUM]   0.00-20.04  sec   734 KBytes   300 Kbits/sec  0.961 ms  0/519 (0%)  receiver
Failover Output:
[  5]   0.00-20.00  sec   245 KBytes   100 Kbits/sec  0.000 ms  0/173 (0%)  sender
[  5]   0.00-20.03  sec   243 KBytes  99.5 Kbits/sec  0.492 ms  1/173 (0.58%)  receiver
[  7]   0.00-20.00  sec   245 KBytes   100 Kbits/sec  0.000 ms  0/173 (0%)  sender
[  7]   0.00-20.03  sec   243 KBytes  99.5 Kbits/sec  0.498 ms  1/173 (0.58%)  receiver
[  9]   0.00-20.00  sec   245 KBytes   100 Kbits/sec  0.000 ms  0/173 (0%)  sender
[  9]   0.00-20.03  sec   243 KBytes  99.5 Kbits/sec  0.632 ms  1/173 (0.58%)  receiver
[SUM]   0.00-20.00  sec   734 KBytes   301 Kbits/sec  0.000 ms  0/519 (0%)  sender
[SUM]   0.00-20.03  sec   730 KBytes   298 Kbits/sec  0.541 ms  3/519 (0.58%)  receiver
[  5]   0.00-20.00  sec   245 KBytes   100 Kbits/sec  0.000 ms  0/173 (0%)  sender
[  5]   0.00-20.03  sec   245 KBytes   100 Kbits/sec  0.673 ms  0/173 (0%)  receiver
[  7]   0.00-20.00  sec   245 KBytes   100 Kbits/sec  0.000 ms  0/173 (0%)  sender
[  7]   0.00-20.03  sec   245 KBytes   100 Kbits/sec  0.671 ms  0/173 (0%)  receiver
[  9]   0.00-20.00  sec   245 KBytes   100 Kbits/sec  0.000 ms  0/173 (0%)  sender
[  9]   0.00-20.03  sec   245 KBytes   100 Kbits/sec  0.589 ms  0/173 (0%)  receiver
[SUM]   0.00-20.00  sec   734 KBytes   301 Kbits/sec  0.000 ms  0/519 (0%)  sender
[SUM]   0.00-20.03  sec   734 KBytes   300 Kbits/sec  0.644 ms  0/519 (0%)  receiver
[  5]   0.00-20.00  sec   245 KBytes   100 Kbits/sec  0.000 ms  0/173 (0%)  sender
[  5]   0.00-20.03  sec   245 KBytes   100 Kbits/sec  0.609 ms  0/173 (0%)  receiver
[  7]   0.00-20.00  sec   245 KBytes   100 Kbits/sec  0.000 ms  0/173 (0%)  sender
[  7]   0.00-20.03  sec   245 KBytes   100 Kbits/sec  0.632 ms  0/173 (0%)  receiver
[  9]   0.00-20.00  sec   245 KBytes   100 Kbits/sec  0.000 ms  0/173 (0%)  sender
[  9]   0.00-20.03  sec   245 KBytes   100 Kbits/sec  0.850 ms  0/173 (0%)  receiver
[SUM]   0.00-20.00  sec   734 KBytes   301 Kbits/sec  0.000 ms  0/519 (0%)  sender
[SUM]   0.00-20.03  sec   734 KBytes   300 Kbits/sec  0.697 ms  0/519 (0%)  receiver
[  5]   0.00-20.00  sec   245 KBytes   100 Kbits/sec  0.000 ms  0/173 (0%)  sender
[  5]   0.00-20.03  sec   245 KBytes   100 Kbits/sec  0.432 ms  0/173 (0%)  receiver
[  7]   0.00-20.00  sec   245 KBytes   100 Kbits/sec  0.000 ms  0/173 (0%)  sender
[  7]   0.00-20.03  sec   245 KBytes   100 Kbits/sec  0.455 ms  0/173 (0%)  receiver
[  9]   0.00-20.00  sec   245 KBytes   100 Kbits/sec  0.000 ms  0/173 (0%)  sender
[  9]   0.00-20.03  sec   245 KBytes   100 Kbits/sec  0.480 ms  0/173 (0%)  receiver
[SUM]   0.00-20.00  sec   734 KBytes   301 Kbits/sec  0.000 ms  0/519 (0%)  sender
[SUM]   0.00-20.03  sec   734 KBytes   300 Kbits/sec  0.456 ms  0/519 (0%)  receiver
[  5]   0.00-20.00  sec   245 KBytes   100 Kbits/sec  0.000 ms  0/173 (0%)  sender
[  5]   0.00-20.08  sec   245 KBytes  99.8 Kbits/sec  0.572 ms  0/173 (0%)  receiver
[  7]   0.00-20.00  sec   245 KBytes   100 Kbits/sec  0.000 ms  0/173 (0%)  sender
[  7]   0.00-20.08  sec   245 KBytes  99.8 Kbits/sec  0.583 ms  0/173 (0%)  receiver
[  9]   0.00-20.00  sec   245 KBytes   100 Kbits/sec  0.000 ms  0/173 (0%)  sender
[  9]   0.00-20.08  sec   245 KBytes  99.8 Kbits/sec  0.656 ms  0/173 (0%)  receiver
[SUM]   0.00-20.00  sec   734 KBytes   301 Kbits/sec  0.000 ms  0/519 (0%)  sender
[SUM]   0.00-20.08  sec   734 KBytes   299 Kbits/sec  0.603 ms  0/519 (0%)  receiver
[  5]   0.00-20.00  sec   245 KBytes   100 Kbits/sec  0.000 ms  0/173 (0%)  sender
[  5]   0.00-20.95  sec   245 KBytes  95.7 Kbits/sec  0.514 ms  0/173 (0%)  receiver
[  7]   0.00-20.00  sec   245 KBytes   100 Kbits/sec  0.000 ms  0/173 (0%)  sender
[  7]   0.00-20.95  sec   245 KBytes  95.7 Kbits/sec  0.535 ms  0/173 (0%)  receiver
[  9]   0.00-20.00  sec   245 KBytes   100 Kbits/sec  0.000 ms  0/173 (0%)  sender
[  9]   0.00-20.95  sec   245 KBytes  95.7 Kbits/sec  0.787 ms  0/173 (0%)  receiver
[SUM]   0.00-20.00  sec   734 KBytes   301 Kbits/sec  0.000 ms  0/519 (0%)  sender
[SUM]   0.00-20.95  sec   734 KBytes   287 Kbits/sec  0.612 ms  0/519 (0%)  receiver
[  5]   0.00-20.00  sec   245 KBytes   100 Kbits/sec  0.000 ms  0/173 (0%)  sender
[  5]   0.00-20.03  sec   245 KBytes   100 Kbits/sec  0.636 ms  0/173 (0%)  receiver
[  7]   0.00-20.00  sec   245 KBytes   100 Kbits/sec  0.000 ms  0/173 (0%)  sender
[  7]   0.00-20.03  sec   245 KBytes   100 Kbits/sec  0.630 ms  0/173 (0%)  receiver
[  9]   0.00-20.00  sec   245 KBytes   100 Kbits/sec  0.000 ms  0/173 (0%)  sender
[  9]   0.00-20.03  sec   245 KBytes   100 Kbits/sec  0.880 ms  0/173 (0%)  receiver
[SUM]   0.00-20.00  sec   734 KBytes   301 Kbits/sec  0.000 ms  0/519 (0%)  sender
[SUM]   0.00-20.03  sec   734 KBytes   300 Kbits/sec  0.715 ms  0/519 (0%)  receiver
[  5]   0.00-20.00  sec   245 KBytes   100 Kbits/sec  0.000 ms  0/173 (0%)  sender
[  5]   0.00-20.32  sec   245 KBytes  98.6 Kbits/sec  0.843 ms  0/173 (0%)  receiver
[  7]   0.00-20.00  sec   245 KBytes   100 Kbits/sec  0.000 ms  0/173 (0%)  sender
[  7]   0.00-20.32  sec   245 KBytes  98.6 Kbits/sec  0.843 ms  0/173 (0%)  receiver
[  9]   0.00-20.00  sec   245 KBytes   100 Kbits/sec  0.000 ms  0/173 (0%)  sender
[  9]   0.00-20.32  sec   245 KBytes  98.6 Kbits/sec  1.229 ms  0/173 (0%)  receiver
[SUM]   0.00-20.00  sec   734 KBytes   301 Kbits/sec  0.000 ms  0/519 (0%)  sender
[SUM]   0.00-20.32  sec   734 KBytes   296 Kbits/sec  0.972 ms  0/519 (0%)  receiver
[  5]   0.00-20.00  sec   245 KBytes   100 Kbits/sec  0.000 ms  0/173 (0%)  sender
[  5]   0.00-21.44  sec   245 KBytes  93.5 Kbits/sec  0.783 ms  0/173 (0%)  receiver
[  7]   0.00-20.00  sec   245 KBytes   100 Kbits/sec  0.000 ms  0/173 (0%)  sender
[  7]   0.00-21.44  sec   245 KBytes  93.5 Kbits/sec  0.784 ms  0/173 (0%)  receiver
[  9]   0.00-20.00  sec   245 KBytes   100 Kbits/sec  0.000 ms  0/173 (0%)  sender
[  9]   0.00-21.44  sec   245 KBytes  93.5 Kbits/sec  0.494 ms  0/173 (0%)  receiver
[SUM]   0.00-20.00  sec   734 KBytes   301 Kbits/sec  0.000 ms  0/519 (0%)  sender
[SUM]   0.00-21.44  sec   734 KBytes   280 Kbits/sec  0.687 ms  0/519 (0%)  receiver
[  5]   0.00-20.00  sec   245 KBytes   100 Kbits/sec  0.000 ms  0/173 (0%)  sender
[  5]   0.00-20.82  sec   245 KBytes  96.2 Kbits/sec  1.105 ms  0/173 (0%)  receiver
[  7]   0.00-20.00  sec   245 KBytes   100 Kbits/sec  0.000 ms  0/173 (0%)  sender
[  7]   0.00-20.82  sec   245 KBytes  96.2 Kbits/sec  1.080 ms  0/173 (0%)  receiver
[  9]   0.00-20.00  sec   245 KBytes   100 Kbits/sec  0.000 ms  0/173 (0%)  sender
[  9]   0.00-20.82  sec   245 KBytes  96.2 Kbits/sec  1.183 ms  0/173 (0%)  receiver
[SUM]   0.00-20.00  sec   734 KBytes   301 Kbits/sec  0.000 ms  0/519 (0%)  sender
[SUM]   0.00-20.82  sec   734 KBytes   289 Kbits/sec  1.123 ms  0/519 (0%)  receiver
[  5]   0.00-20.00  sec   245 KBytes   100 Kbits/sec  0.000 ms  0/173 (0%)  sender
[  5]   0.00-20.03  sec   243 KBytes  99.5 Kbits/sec  0.724 ms  1/173 (0.58%)  receiver
[  7]   0.00-20.00  sec   245 KBytes   100 Kbits/sec  0.000 ms  0/173 (0%)  sender
[  7]   0.00-20.03  sec   243 KBytes  99.5 Kbits/sec  0.720 ms  1/173 (0.58%)  receiver
[  9]   0.00-20.00  sec   245 KBytes   100 Kbits/sec  0.000 ms  0/173 (0%)  sender
[  9]   0.00-20.03  sec   243 KBytes  99.5 Kbits/sec  0.505 ms  1/173 (0.58%)  receiver
[SUM]   0.00-20.00  sec   734 KBytes   301 Kbits/sec  0.000 ms  0/519 (0%)  sender
[SUM]   0.00-20.03  sec   730 KBytes   298 Kbits/sec  0.649 ms  3/519 (0.58%)  receiver
[  5]   0.00-20.00  sec   245 KBytes   100 Kbits/sec  0.000 ms  0/173 (0%)  sender
[  5]   0.00-20.03  sec   243 KBytes  99.5 Kbits/sec  0.795 ms  1/173 (0.58%)  receiver
[  7]   0.00-20.00  sec   245 KBytes   100 Kbits/sec  0.000 ms  0/173 (0%)  sender
[  7]   0.00-20.03  sec   243 KBytes  99.5 Kbits/sec  0.828 ms  1/173 (0.58%)  receiver
[  9]   0.00-20.00  sec   245 KBytes   100 Kbits/sec  0.000 ms  0/173 (0%)  sender
[  9]   0.00-20.03  sec   243 KBytes  99.5 Kbits/sec  0.859 ms  1/173 (0.58%)  receiver
[SUM]   0.00-20.00  sec   734 KBytes   301 Kbits/sec  0.000 ms  0/519 (0%)  sender
[SUM]   0.00-20.03  sec   730 KBytes   298 Kbits/sec  0.827 ms  3/519 (0.58%)  receiver
[  5]   0.00-20.00  sec   245 KBytes   100 Kbits/sec  0.000 ms  0/173 (0%)  sender
[  5]   0.00-20.03  sec   245 KBytes   100 Kbits/sec  1.007 ms  0/173 (0%)  receiver
[  7]   0.00-20.00  sec   245 KBytes   100 Kbits/sec  0.000 ms  0/173 (0%)  sender
[  7]   0.00-20.03  sec   245 KBytes   100 Kbits/sec  1.021 ms  0/173 (0%)  receiver
[  9]   0.00-20.00  sec   245 KBytes   100 Kbits/sec  0.000 ms  0/173 (0%)  sender
[  9]   0.00-20.03  sec   245 KBytes   100 Kbits/sec  0.914 ms  0/173 (0%)  receiver
[SUM]   0.00-20.00  sec   734 KBytes   301 Kbits/sec  0.000 ms  0/519 (0%)  sender
[SUM]   0.00-20.03  sec   734 KBytes   300 Kbits/sec  0.981 ms  0/519 (0%)  receiver
[  5]   0.00-20.00  sec   245 KBytes   100 Kbits/sec  0.000 ms  0/173 (0%)  sender
[  5]   0.00-20.03  sec   245 KBytes   100 Kbits/sec  0.966 ms  0/173 (0%)  receiver
[  7]   0.00-20.00  sec   245 KBytes   100 Kbits/sec  0.000 ms  0/173 (0%)  sender
[  7]   0.00-20.03  sec   245 KBytes   100 Kbits/sec  0.961 ms  0/173 (0%)  receiver
[  9]   0.00-20.00  sec   245 KBytes   100 Kbits/sec  0.000 ms  0/173 (0%)  sender
[  9]   0.00-20.03  sec   245 KBytes   100 Kbits/sec  0.944 ms  0/173 (0%)  receiver
[SUM]   0.00-20.00  sec   734 KBytes   301 Kbits/sec  0.000 ms  0/519 (0%)  sender
[SUM]   0.00-20.03  sec   734 KBytes   300 Kbits/sec  0.957 ms  0/519 (0%)  receiver
[  5]   0.00-20.00  sec   245 KBytes   100 Kbits/sec  0.000 ms  0/173 (0%)  sender
[  5]   0.00-20.03  sec   245 KBytes   100 Kbits/sec  1.049 ms  0/173 (0%)  receiver
[  7]   0.00-20.00  sec   245 KBytes   100 Kbits/sec  0.000 ms  0/173 (0%)  sender
[  7]   0.00-20.03  sec   245 KBytes   100 Kbits/sec  1.045 ms  0/173 (0%)  receiver
[  9]   0.00-20.00  sec   245 KBytes   100 Kbits/sec  0.000 ms  0/173 (0%)  sender
[  9]   0.00-20.03  sec   245 KBytes   100 Kbits/sec  1.651 ms  0/173 (0%)  receiver
[SUM]   0.00-20.00  sec   734 KBytes   301 Kbits/sec  0.000 ms  0/519 (0%)  sender
[SUM]   0.00-20.03  sec   734 KBytes   300 Kbits/sec  1.248 ms  0/519 (0%)  receiver
[  5]   0.00-20.00  sec   245 KBytes   100 Kbits/sec  0.000 ms  0/173 (0%)  sender
[  5]   0.00-20.04  sec   243 KBytes  99.4 Kbits/sec  1.117 ms  1/173 (0.58%)  receiver
[  7]   0.00-20.00  sec   245 KBytes   100 Kbits/sec  0.000 ms  0/173 (0%)  sender
[  7]   0.00-20.04  sec   243 KBytes  99.4 Kbits/sec  1.117 ms  1/173 (0.58%)  receiver
[  9]   0.00-20.00  sec   245 KBytes   100 Kbits/sec  0.000 ms  0/173 (0%)  sender
[  9]   0.00-20.04  sec   243 KBytes  99.4 Kbits/sec  1.465 ms  1/173 (0.58%)  receiver
[SUM]   0.00-20.00  sec   734 KBytes   301 Kbits/sec  0.000 ms  0/519 (0%)  sender
[SUM]   0.00-20.04  sec   730 KBytes   298 Kbits/sec  1.233 ms  3/519 (0.58%)  receiver
[  5]   0.00-20.00  sec   245 KBytes   100 Kbits/sec  0.000 ms  0/173 (0%)  sender
[  5]   0.00-20.03  sec   245 KBytes   100 Kbits/sec  0.834 ms  0/173 (0%)  receiver
[  7]   0.00-20.00  sec   245 KBytes   100 Kbits/sec  0.000 ms  0/173 (0%)  sender
[  7]   0.00-20.03  sec   245 KBytes   100 Kbits/sec  0.848 ms  0/173 (0%)  receiver
[  9]   0.00-20.00  sec   245 KBytes   100 Kbits/sec  0.000 ms  0/173 (0%)  sender
[  9]   0.00-20.03  sec   245 KBytes   100 Kbits/sec  0.834 ms  0/173 (0%)  receiver
[SUM]   0.00-20.00  sec   734 KBytes   301 Kbits/sec  0.000 ms  0/519 (0%)  sender
[SUM]   0.00-20.03  sec   734 KBytes   300 Kbits/sec  0.839 ms  0/519 (0%)  receiver
[  5]   0.00-20.00  sec   245 KBytes   100 Kbits/sec  0.000 ms  0/173 (0%)  sender
[  5]   0.00-20.03  sec   245 KBytes   100 Kbits/sec  0.725 ms  0/173 (0%)  receiver
[  7]   0.00-20.00  sec   245 KBytes   100 Kbits/sec  0.000 ms  0/173 (0%)  sender
[  7]   0.00-20.03  sec   245 KBytes   100 Kbits/sec  0.735 ms  0/173 (0%)  receiver
[  9]   0.00-20.00  sec   245 KBytes   100 Kbits/sec  0.000 ms  0/173 (0%)  sender
[  9]   0.00-20.03  sec   245 KBytes   100 Kbits/sec  0.668 ms  0/173 (0%)  receiver
[SUM]   0.00-20.00  sec   734 KBytes   301 Kbits/sec  0.000 ms  0/519 (0%)  sender
[SUM]   0.00-20.03  sec   734 KBytes   300 Kbits/sec  0.709 ms  0/519 (0%)  receiver
[  5]   0.00-20.00  sec   245 KBytes   100 Kbits/sec  0.000 ms  0/173 (0%)  sender
[  5]   0.00-20.03  sec   245 KBytes   100 Kbits/sec  0.459 ms  0/173 (0%)  receiver
[  7]   0.00-20.00  sec   245 KBytes   100 Kbits/sec  0.000 ms  0/173 (0%)  sender
[  7]   0.00-20.03  sec   245 KBytes   100 Kbits/sec  0.473 ms  0/173 (0%)  receiver
[  9]   0.00-20.00  sec   245 KBytes   100 Kbits/sec  0.000 ms  0/173 (0%)  sender
[  9]   0.00-20.03  sec   243 KBytes  99.5 Kbits/sec  0.679 ms  1/173 (0.58%)  receiver
[SUM]   0.00-20.00  sec   734 KBytes   301 Kbits/sec  0.000 ms  0/519 (0%)  sender
[SUM]   0.00-20.03  sec   732 KBytes   300 Kbits/sec  0.537 ms  1/519 (0.19%)  receiver
[  5]   0.00-20.00  sec   245 KBytes   100 Kbits/sec  0.000 ms  0/173 (0%)  sender
[  5]   0.00-20.04  sec   245 KBytes   100 Kbits/sec  0.617 ms  0/173 (0%)  receiver
[  7]   0.00-20.00  sec   245 KBytes   100 Kbits/sec  0.000 ms  0/173 (0%)  sender
[  7]   0.00-20.04  sec   245 KBytes   100 Kbits/sec  0.620 ms  0/173 (0%)  receiver
[  9]   0.00-20.00  sec   245 KBytes   100 Kbits/sec  0.000 ms  0/173 (0%)  sender
[  9]   0.00-20.04  sec   245 KBytes   100 Kbits/sec  0.846 ms  0/173 (0%)  receiver
[SUM]   0.00-20.00  sec   734 KBytes   301 Kbits/sec  0.000 ms  0/519 (0%)  sender
[SUM]   0.00-20.04  sec   734 KBytes   300 Kbits/sec  0.694 ms  0/519 (0%)  receiver
