Baseline Output:
[  5]   0.00-20.00  sec  28.0 MBytes  11.8 Mbits/sec    2             sender
[  5]   0.00-23.27  sec  19.9 MBytes  7.18 Mbits/sec                  receiver
[  5]   0.00-20.02  sec  28.7 MBytes  12.0 Mbits/sec    0             sender
[  5]   0.00-23.93  sec  19.9 MBytes  6.97 Mbits/sec                  receiver
[  5]   0.00-20.01  sec  28.9 MBytes  12.1 Mbits/sec    1             sender
[  5]   0.00-22.66  sec  20.3 MBytes  7.51 Mbits/sec                  receiver
[  5]   0.00-20.00  sec  28.4 MBytes  11.9 Mbits/sec    1             sender
[  5]   0.00-22.93  sec  20.1 MBytes  7.34 Mbits/sec                  receiver
[  5]   0.00-20.00  sec  27.7 MBytes  11.6 Mbits/sec    5             sender
[  5]   0.00-22.41  sec  20.9 MBytes  7.82 Mbits/sec                  receiver
[  5]   0.00-20.00  sec  25.7 MBytes  10.8 Mbits/sec    2             sender
[  5]   0.00-30.66  sec  20.4 MBytes  5.59 Mbits/sec                  receiver
[  5]   0.00-20.00  sec  23.1 MBytes  9.69 Mbits/sec    2             sender
[  5]   0.00-21.19  sec  19.4 MBytes  7.68 Mbits/sec                  receiver
[  5]   0.00-20.01  sec  29.2 MBytes  12.2 Mbits/sec    0             sender
[  5]   0.00-22.68  sec  20.4 MBytes  7.56 Mbits/sec                  receiver
[  5]   0.00-20.00  sec  26.6 MBytes  11.1 Mbits/sec    1             sender
[  5]   0.00-58.99  sec  20.8 MBytes  2.96 Mbits/sec                  receiver
[  5]   0.00-20.00  sec  22.7 MBytes  9.51 Mbits/sec    4             sender
[  5]   0.00-21.61  sec  19.0 MBytes  7.38 Mbits/sec                  receiver
[  5]   0.00-20.00  sec  23.2 MBytes  9.74 Mbits/sec    2             sender
[  5]   0.00-21.01  sec  19.4 MBytes  7.74 Mbits/sec                  receiver
[  5]   0.00-20.00  sec  31.9 MBytes  13.4 Mbits/sec    0             sender
[  5]   0.00-22.75  sec  22.7 MBytes  8.36 Mbits/sec                  receiver
[  5]   0.00-20.00  sec  29.3 MBytes  12.3 Mbits/sec    3             sender
[  5]   0.00-21.63  sec  24.2 MBytes  9.37 Mbits/sec                  receiver
[  5]   0.00-20.00  sec  31.6 MBytes  13.2 Mbits/sec    0             sender
[  5]   0.00-22.92  sec  22.9 MBytes  8.39 Mbits/sec                  receiver
[  5]   0.00-20.00  sec  31.9 MBytes  13.4 Mbits/sec    0             sender
[  5]   0.00-22.42  sec  23.2 MBytes  8.67 Mbits/sec                  receiver
[  5]   0.00-20.00  sec  29.8 MBytes  12.5 Mbits/sec    2             sender
[  5]   0.00-22.09  sec  23.6 MBytes  8.94 Mbits/sec                  receiver
[  5]   0.00-20.00  sec  27.6 MBytes  11.6 Mbits/sec    2             sender
[  5]   0.00-22.59  sec  22.4 MBytes  8.32 Mbits/sec                  receiver
[  5]   0.00-20.00  sec  24.4 MBytes  10.2 Mbits/sec    3             sender
[  5]   0.00-20.84  sec  21.0 MBytes  8.46 Mbits/sec                  receiver
[  5]   0.00-20.00  sec  31.9 MBytes  13.4 Mbits/sec    0             sender
[  5]   0.00-22.49  sec  22.5 MBytes  8.40 Mbits/sec                  receiver
[  5]   0.00-20.00  sec  27.9 MBytes  11.7 Mbits/sec    2             sender
[  5]   0.00-22.23  sec  22.7 MBytes  8.55 Mbits/sec                  receiver
Failover Output:
[  5]   0.00-20.01  sec  22.0 MBytes  9.24 Mbits/sec  877             sender
[  5]   0.00-21.03  sec  15.0 MBytes  5.99 Mbits/sec                  receiver
[  5]   0.00-20.02  sec  19.7 MBytes  8.24 Mbits/sec  199             sender
[  5]   0.00-20.22  sec  12.8 MBytes  5.33 Mbits/sec                  receiver
[  5]   0.00-20.00  sec  21.4 MBytes  8.97 Mbits/sec  828             sender
[  5]   0.00-26.77  sec  16.9 MBytes  5.30 Mbits/sec                  receiver
[  5]   0.00-20.01  sec  18.2 MBytes  7.65 Mbits/sec  309             sender
[  5]   0.00-20.74  sec  16.7 MBytes  6.77 Mbits/sec                  receiver
[  5]   0.00-20.00  sec  20.2 MBytes  8.46 Mbits/sec  646             sender
[  5]   0.00-20.31  sec  15.9 MBytes  6.56 Mbits/sec                  receiver
[  5]   0.00-20.00  sec  18.2 MBytes  7.65 Mbits/sec  210             sender
[  5]   0.00-20.57  sec  17.1 MBytes  6.96 Mbits/sec                  receiver
[  5]   0.00-20.00  sec  22.2 MBytes  9.29 Mbits/sec  731             sender
[  5]   0.00-21.66  sec  18.2 MBytes  7.03 Mbits/sec                  receiver
[  5]   0.00-20.00  sec  20.7 MBytes  8.70 Mbits/sec  701             sender
[  5]   0.00-20.84  sec  16.0 MBytes  6.45 Mbits/sec                  receiver
[  5]   0.00-20.00  sec  19.5 MBytes  8.18 Mbits/sec  597             sender
[  5]   0.00-22.09  sec  16.8 MBytes  6.37 Mbits/sec                  receiver
[  5]   0.00-20.00  sec  18.9 MBytes  7.92 Mbits/sec  513             sender
[  5]   0.00-21.31  sec  16.5 MBytes  6.51 Mbits/sec                  receiver
[  5]   0.00-20.01  sec  21.9 MBytes  9.20 Mbits/sec  1009             sender
[  5]   0.00-27.42  sec  17.1 MBytes  5.23 Mbits/sec                  receiver
[  5]   0.00-20.00  sec  22.0 MBytes  9.25 Mbits/sec  660             sender
[  5]   0.00-20.00  sec  0.00 Bytes  0.00 Mbits/sec                  receiver
[  5]   0.00-20.00  sec  24.6 MBytes  10.3 Mbits/sec  949             sender
[  5]   0.00-23.19  sec  20.1 MBytes  7.26 Mbits/sec                  receiver
[  5]   0.00-20.00  sec  25.8 MBytes  10.8 Mbits/sec  1166             sender
[  5]   0.00-22.17  sec  20.8 MBytes  7.88 Mbits/sec                  receiver
[  5]   0.00-20.00  sec  25.8 MBytes  10.8 Mbits/sec  1158             sender
[  5]   0.00-26.94  sec  20.8 MBytes  6.49 Mbits/sec                  receiver
[  5]   0.00-20.00  sec  25.7 MBytes  10.8 Mbits/sec  1162             sender
[  5]   0.00-22.18  sec  20.3 MBytes  7.67 Mbits/sec                  receiver
[  5]   0.00-20.00  sec  24.4 MBytes  10.2 Mbits/sec  1172             sender
[  5]   0.00-22.11  sec  19.4 MBytes  7.35 Mbits/sec                  receiver
[  5]   0.00-20.00  sec  25.7 MBytes  10.8 Mbits/sec  1121             sender
[  5]   0.00-22.08  sec  19.9 MBytes  7.54 Mbits/sec                  receiver
[  5]   0.00-20.00  sec  25.3 MBytes  10.6 Mbits/sec  1177             sender
[  5]   0.00-22.14  sec  20.3 MBytes  7.70 Mbits/sec                  receiver
[  5]   0.00-20.00  sec  21.2 MBytes  8.88 Mbits/sec  559             sender
[  5]   0.00-21.28  sec  18.7 MBytes  7.37 Mbits/sec                  receiver
