Baseline Output:
[  5]   0.00-20.00  sec  12.4 MBytes  5.21 Mbits/sec  482             sender
[  5]   0.00-21.91  sec  8.39 MBytes  3.21 Mbits/sec                  receiver
[  7]   0.00-20.00  sec  11.4 MBytes  4.79 Mbits/sec  473             sender
[  7]   0.00-21.91  sec  7.39 MBytes  2.83 Mbits/sec                  receiver
[  9]   0.00-20.00  sec  11.4 MBytes  4.76 Mbits/sec  410             sender
[  9]   0.00-21.91  sec  6.80 MBytes  2.60 Mbits/sec                  receiver
[SUM]   0.00-20.00  sec  35.2 MBytes  14.8 Mbits/sec  1365             sender
[SUM]   0.00-21.91  sec  22.6 MBytes  8.64 Mbits/sec                  receiver
[  5]   0.00-20.00  sec  9.07 MBytes  3.80 Mbits/sec    0             sender
[  5]   0.00-20.77  sec  3.59 MBytes  1.45 Mbits/sec                  receiver
[  7]   0.00-20.00  sec  9.06 MBytes  3.80 Mbits/sec    2             sender
[  7]   0.00-20.77  sec  3.85 MBytes  1.55 Mbits/sec                  receiver
[  9]   0.00-20.00  sec  9.12 MBytes  3.83 Mbits/sec    2             sender
[  9]   0.00-20.77  sec  4.03 MBytes  1.63 Mbits/sec                  receiver
[SUM]   0.00-20.00  sec  27.2 MBytes  11.4 Mbits/sec    4             sender
[SUM]   0.00-20.77  sec  11.5 MBytes  4.63 Mbits/sec                  receiver
[  5]   0.00-20.00  sec  12.6 MBytes  5.29 Mbits/sec  558             sender
[  5]   0.00-23.14  sec  7.79 MBytes  2.82 Mbits/sec                  receiver
[  7]   0.00-20.00  sec  12.6 MBytes  5.29 Mbits/sec  487             sender
[  7]   0.00-23.14  sec  8.65 MBytes  3.14 Mbits/sec                  receiver
[  9]   0.00-20.00  sec  11.4 MBytes  4.77 Mbits/sec  342             sender
[  9]   0.00-23.14  sec  6.69 MBytes  2.42 Mbits/sec                  receiver
[SUM]   0.00-20.00  sec  36.6 MBytes  15.3 Mbits/sec  1387             sender
[SUM]   0.00-23.14  sec  23.1 MBytes  8.38 Mbits/sec                  receiver
[  5]   0.00-20.00  sec  7.82 MBytes  3.28 Mbits/sec    4             sender
[  5]   0.00-21.70  sec  3.89 MBytes  1.50 Mbits/sec                  receiver
[  7]   0.00-20.00  sec  9.13 MBytes  3.83 Mbits/sec    2             sender
[  7]   0.00-21.70  sec  4.00 MBytes  1.55 Mbits/sec                  receiver
[  9]   0.00-20.00  sec  7.94 MBytes  3.33 Mbits/sec   19             sender
[  9]   0.00-21.70  sec  3.42 MBytes  1.32 Mbits/sec                  receiver
[SUM]   0.00-20.00  sec  24.9 MBytes  10.4 Mbits/sec   25             sender
[SUM]   0.00-21.70  sec  11.3 MBytes  4.37 Mbits/sec                  receiver
[  5]   0.00-20.00  sec  9.07 MBytes  3.80 Mbits/sec    4             sender
[  5]   0.00-21.27  sec  3.95 MBytes  1.56 Mbits/sec                  receiver
[  7]   0.00-20.00  sec  9.07 MBytes  3.80 Mbits/sec    0             sender
[  7]   0.00-21.27  sec  3.61 MBytes  1.42 Mbits/sec                  receiver
[  9]   0.00-20.00  sec  7.88 MBytes  3.30 Mbits/sec  444             sender
[  9]   0.00-21.27  sec  3.82 MBytes  1.50 Mbits/sec                  receiver
[SUM]   0.00-20.00  sec  26.0 MBytes  10.9 Mbits/sec  448             sender
[SUM]   0.00-21.27  sec  11.4 MBytes  4.49 Mbits/sec                  receiver
[  5]   0.00-20.00  sec  12.2 MBytes  5.11 Mbits/sec  611             sender
[  5]   0.00-23.30  sec  7.53 MBytes  2.71 Mbits/sec                  receiver
[  7]   0.00-20.00  sec  12.6 MBytes  5.29 Mbits/sec  568             sender
[  7]   0.00-23.30  sec  8.68 MBytes  3.13 Mbits/sec                  receiver
[  9]   0.00-20.00  sec  11.6 MBytes  4.85 Mbits/sec  630             sender
[  9]   0.00-23.30  sec  7.44 MBytes  2.68 Mbits/sec                  receiver
[SUM]   0.00-20.00  sec  36.4 MBytes  15.3 Mbits/sec  1809             sender
[SUM]   0.00-23.30  sec  23.7 MBytes  8.52 Mbits/sec                  receiver
Failover Output:
[  5]   0.00-20.00  sec  9.07 MBytes  3.80 Mbits/sec    0             sender
[  5]   0.00-26.55  sec  3.57 MBytes  1.13 Mbits/sec                  receiver
[  7]   0.00-20.00  sec  9.13 MBytes  3.83 Mbits/sec    0             sender
[  7]   0.00-26.55  sec  3.83 MBytes  1.21 Mbits/sec                  receiver
[  9]   0.00-20.00  sec  9.12 MBytes  3.83 Mbits/sec    0             sender
[  9]   0.00-26.55  sec  4.08 MBytes  1.29 Mbits/sec                  receiver
[SUM]   0.00-20.00  sec  27.3 MBytes  11.5 Mbits/sec    0             sender
[SUM]   0.00-26.55  sec  11.5 MBytes  3.63 Mbits/sec                  receiver
[  5]   0.00-20.00  sec  12.2 MBytes  5.11 Mbits/sec  964             sender
[  5]   0.00-22.74  sec  7.67 MBytes  2.83 Mbits/sec                  receiver
[  7]   0.00-20.00  sec  11.4 MBytes  4.77 Mbits/sec  773             sender
[  7]   0.00-22.74  sec  7.65 MBytes  2.82 Mbits/sec                  receiver
[  9]   0.00-20.00  sec  10.2 MBytes  4.27 Mbits/sec   15             sender
[  9]   0.00-22.74  sec  5.51 MBytes  2.03 Mbits/sec                  receiver
[SUM]   0.00-20.00  sec  33.7 MBytes  14.1 Mbits/sec  1752             sender
[SUM]   0.00-22.74  sec  20.8 MBytes  7.68 Mbits/sec                  receiver
[  5]   0.00-20.00  sec  9.07 MBytes  3.80 Mbits/sec    0             sender
[  5]   0.00-23.55  sec  3.60 MBytes  1.28 Mbits/sec                  receiver
[  7]   0.00-20.00  sec  9.06 MBytes  3.80 Mbits/sec    0             sender
[  7]   0.00-23.55  sec  3.88 MBytes  1.38 Mbits/sec                  receiver
[  9]   0.00-20.00  sec  9.13 MBytes  3.83 Mbits/sec    0             sender
[  9]   0.00-23.55  sec  4.02 MBytes  1.43 Mbits/sec                  receiver
[SUM]   0.00-20.00  sec  27.3 MBytes  11.4 Mbits/sec    0             sender
[SUM]   0.00-23.55  sec  11.5 MBytes  4.10 Mbits/sec                  receiver
[  5]   0.00-20.00  sec  12.6 MBytes  5.29 Mbits/sec  984             sender
[  5]   0.00-23.12  sec  8.06 MBytes  2.92 Mbits/sec                  receiver
[  7]   0.00-20.00  sec  11.5 MBytes  4.82 Mbits/sec  759             sender
[  7]   0.00-23.12  sec  7.19 MBytes  2.61 Mbits/sec                  receiver
[  9]   0.00-20.00  sec  10.2 MBytes  4.29 Mbits/sec  242             sender
[  9]   0.00-23.12  sec  5.89 MBytes  2.14 Mbits/sec                  receiver
[SUM]   0.00-20.00  sec  34.4 MBytes  14.4 Mbits/sec  1985             sender
[SUM]   0.00-23.12  sec  21.1 MBytes  7.67 Mbits/sec                  receiver
[  5]   0.00-20.00  sec  8.93 MBytes  3.74 Mbits/sec  503             sender
[  5]   0.00-22.19  sec  6.66 MBytes  2.52 Mbits/sec                  receiver
[  7]   0.00-20.00  sec  8.49 MBytes  3.56 Mbits/sec   31             sender
[  7]   0.00-22.19  sec  4.70 MBytes  1.78 Mbits/sec                  receiver
[  9]   0.00-20.00  sec  10.1 MBytes  4.24 Mbits/sec  569             sender
[  9]   0.00-22.19  sec  6.71 MBytes  2.54 Mbits/sec                  receiver
[SUM]   0.00-20.00  sec  27.5 MBytes  11.5 Mbits/sec  1103             sender
[SUM]   0.00-22.19  sec  18.1 MBytes  6.83 Mbits/sec                  receiver
[  5]   0.00-20.00  sec  12.2 MBytes  5.11 Mbits/sec  911             sender
[  5]   0.00-22.94  sec  7.34 MBytes  2.68 Mbits/sec                  receiver
[  7]   0.00-20.00  sec  12.4 MBytes  5.21 Mbits/sec  871             sender
[  7]   0.00-22.94  sec  7.85 MBytes  2.87 Mbits/sec                  receiver
[  9]   0.00-20.00  sec  10.2 MBytes  4.27 Mbits/sec  311             sender
[  9]   0.00-22.94  sec  5.77 MBytes  2.11 Mbits/sec                  receiver
[SUM]   0.00-20.00  sec  34.8 MBytes  14.6 Mbits/sec  2093             sender
[SUM]   0.00-22.94  sec  21.0 MBytes  7.66 Mbits/sec                  receiver
