Baseline Output:
[  5]   0.00-20.00  sec  23.8 MBytes  10.0 Mbits/sec  0.000 ms  0/17265 (0%)  sender
[  5]   0.00-21.20  sec  23.8 MBytes  9.43 Mbits/sec  0.513 ms  0/17265 (0%)  receiver
[  5]   0.00-20.00  sec  23.8 MBytes  10.0 Mbits/sec  0.000 ms  0/17265 (0%)  sender
[  5]   0.00-21.37  sec  23.3 MBytes  9.15 Mbits/sec  0.786 ms  389/17265 (2.3%)  receiver
[  5]   0.00-20.00  sec  23.8 MBytes  10.0 Mbits/sec  0.000 ms  0/17265 (0%)  sender
[  5]   0.00-20.94  sec  22.6 MBytes  9.07 Mbits/sec  1.531 ms  865/17265 (5%)  receiver
[  5]   0.00-20.00  sec  23.8 MBytes  10.0 Mbits/sec  0.000 ms  0/17265 (0%)  sender
[  5]   0.00-21.52  sec  23.3 MBytes  9.09 Mbits/sec  0.711 ms  382/17265 (2.2%)  receiver
[  5]   0.00-20.00  sec  23.8 MBytes  10.0 Mbits/sec  0.000 ms  0/17265 (0%)  sender
[  5]   0.00-24.26  sec  19.9 MBytes  6.89 Mbits/sec  0.892 ms  2843/17264 (16%)  receiver
[  5]   0.00-20.00  sec  23.8 MBytes  10.0 Mbits/sec  0.000 ms  0/17265 (0%)  sender
[  5]   0.00-24.26  sec  18.0 MBytes  6.21 Mbits/sec  0.931 ms  4266/17265 (25%)  receiver
[  5]   0.00-20.00  sec  23.8 MBytes  10.0 Mbits/sec  0.000 ms  0/17261 (0%)  sender
[  5]   0.00-20.82  sec  18.2 MBytes  7.32 Mbits/sec  0.829 ms  4109/17261 (24%)  receiver
[  5]   0.00-20.00  sec  23.8 MBytes  10.0 Mbits/sec  0.000 ms  0/17265 (0%)  sender
[  5]   0.00-21.94  sec  22.6 MBytes  8.66 Mbits/sec  2.045 ms  871/17265 (5%)  receiver
[  5]   0.00-20.00  sec  23.8 MBytes  10.0 Mbits/sec  0.000 ms  0/17265 (0%)  sender
[  5]   0.00-21.31  sec  23.2 MBytes  9.12 Mbits/sec  0.558 ms  480/17265 (2.8%)  receiver
[  5]   0.00-20.00  sec  23.8 MBytes  10.0 Mbits/sec  0.000 ms  0/17265 (0%)  sender
[  5]   0.00-21.51  sec  18.7 MBytes  7.29 Mbits/sec  0.566 ms  3727/17265 (22%)  receiver
[  5]   0.00-20.00  sec  23.8 MBytes  10.0 Mbits/sec  0.000 ms  0/17265 (0%)  sender
[  5]   0.00-22.21  sec  23.7 MBytes  8.97 Mbits/sec  0.503 ms  70/17265 (0.41%)  receiver
[  5]   0.00-20.00  sec  23.8 MBytes  10.0 Mbits/sec  0.000 ms  0/17262 (0%)  sender
[  5]   0.00-20.68  sec  18.4 MBytes  7.45 Mbits/sec  1.288 ms  3959/17262 (23%)  receiver
[  5]   0.00-20.00  sec  23.8 MBytes  10.0 Mbits/sec  0.000 ms  0/17265 (0%)  sender
[  5]   0.00-20.80  sec  18.3 MBytes  7.36 Mbits/sec  0.799 ms  4047/17265 (23%)  receiver
[  5]   0.00-20.00  sec  23.8 MBytes  10.0 Mbits/sec  0.000 ms  0/17265 (0%)  sender
[  5]   0.00-21.26  sec  23.6 MBytes  9.32 Mbits/sec  0.386 ms  158/17265 (0.92%)  receiver
[  5]   0.00-20.00  sec  23.8 MBytes  10.0 Mbits/sec  0.000 ms  0/17265 (0%)  sender
[  5]   0.00-20.85  sec  18.4 MBytes  7.42 Mbits/sec  0.364 ms  3915/17265 (23%)  receiver
[  5]   0.00-20.00  sec  23.8 MBytes  10.0 Mbits/sec  0.000 ms  0/17265 (0%)  sender
[  5]   0.00-21.53  sec  23.2 MBytes  9.04 Mbits/sec  1.316 ms  460/17265 (2.7%)  receiver
[  5]   0.00-20.00  sec  23.8 MBytes  10.0 Mbits/sec  0.000 ms  0/17265 (0%)  sender
[  5]   0.00-22.11  sec  23.8 MBytes  9.05 Mbits/sec  0.545 ms  0/17265 (0%)  receiver
[  5]   0.00-20.00  sec  23.8 MBytes  10.0 Mbits/sec  0.000 ms  0/17265 (0%)  sender
[  5]   0.00-21.27  sec  23.8 MBytes  9.40 Mbits/sec  0.689 ms  0/17265 (0%)  receiver
[  5]   0.00-20.00  sec  23.8 MBytes  10.0 Mbits/sec  0.000 ms  0/17265 (0%)  sender
[  5]   0.00-20.73  sec  18.6 MBytes  7.52 Mbits/sec  0.495 ms  3805/17265 (22%)  receiver
[  5]   0.00-20.00  sec  23.8 MBytes  10.0 Mbits/sec  0.000 ms  0/17265 (0%)  sender
[  5]   0.00-22.42  sec  21.2 MBytes  7.92 Mbits/sec  1.187 ms  1937/17264 (11%)  receiver
Failover Output:
[  5]   0.00-20.00  sec  23.8 MBytes  10.0 Mbits/sec  0.000 ms  0/17265 (0%)  sender
[  5]   0.00-22.49  sec  21.2 MBytes  7.92 Mbits/sec  0.843 ms  1891/17265 (11%)  receiver
[  5]   0.00-20.00  sec  23.8 MBytes  10.0 Mbits/sec  0.000 ms  0/17265 (0%)  sender
[  5]   0.00-22.55  sec  21.0 MBytes  7.81 Mbits/sec  0.934 ms  2068/17265 (12%)  receiver
[  5]   0.00-20.00  sec  23.8 MBytes  10.0 Mbits/sec  0.000 ms  0/17265 (0%)  sender
[  5]   0.00-27.86  sec  16.7 MBytes  5.04 Mbits/sec  0.978 ms  5140/17264 (30%)  receiver
[  5]   0.00-20.00  sec  23.8 MBytes  10.0 Mbits/sec  0.000 ms  0/17265 (0%)  sender
[  5]   0.00-22.46  sec  20.2 MBytes  7.53 Mbits/sec  0.975 ms  2659/17264 (15%)  receiver
[  5]   0.00-20.00  sec  23.8 MBytes  10.0 Mbits/sec  0.000 ms  0/17265 (0%)  sender
[  5]   0.00-24.26  sec  14.1 MBytes  4.86 Mbits/sec  1.952 ms  7088/17264 (41%)  receiver
[  5]   0.00-20.00  sec  23.8 MBytes  10.0 Mbits/sec  0.000 ms  0/17265 (0%)  sender
[  5]   0.00-22.47  sec  19.5 MBytes  7.28 Mbits/sec  1.033 ms  3150/17264 (18%)  receiver
[  5]   0.00-20.00  sec  23.8 MBytes  10.0 Mbits/sec  0.000 ms  0/17266 (0%)  sender
[  5]   0.00-22.91  sec  20.8 MBytes  7.61 Mbits/sec  1.226 ms  2222/17264 (13%)  receiver
[  5]   0.00-20.00  sec  23.8 MBytes  10.0 Mbits/sec  0.000 ms  0/17265 (0%)  sender
[  5]   0.00-22.47  sec  14.5 MBytes  5.40 Mbits/sec  1.644 ms  6782/17265 (39%)  receiver
[  5]   0.00-20.00  sec  23.8 MBytes  10.0 Mbits/sec  0.000 ms  0/17265 (0%)  sender
[  5]   0.00-23.57  sec  18.8 MBytes  6.69 Mbits/sec  0.779 ms  3653/17263 (21%)  receiver
[  5]   0.00-20.00  sec  23.8 MBytes  10.0 Mbits/sec  0.000 ms  0/17266 (0%)  sender
[  5]   0.00-23.30  sec  20.8 MBytes  7.47 Mbits/sec  1.091 ms  2235/17265 (13%)  receiver
[  5]   0.00-20.00  sec  23.8 MBytes  10.0 Mbits/sec  0.000 ms  0/17265 (0%)  sender
[  5]   0.00-22.48  sec  20.7 MBytes  7.73 Mbits/sec  0.744 ms  2273/17264 (13%)  receiver
[  5]   0.00-20.00  sec  23.8 MBytes  10.0 Mbits/sec  0.000 ms  0/17265 (0%)  sender
[  5]   0.00-22.45  sec  20.6 MBytes  7.68 Mbits/sec  0.813 ms  2374/17264 (14%)  receiver
[  5]   0.00-20.00  sec  23.8 MBytes  10.0 Mbits/sec  0.000 ms  0/17265 (0%)  sender
[  5]   0.00-22.64  sec  20.7 MBytes  7.67 Mbits/sec  2.083 ms  2268/17259 (13%)  receiver
[  5]   0.00-20.00  sec  23.8 MBytes  10.0 Mbits/sec  0.000 ms  0/17265 (0%)  sender
[  5]   0.00-23.04  sec  20.6 MBytes  7.49 Mbits/sec  1.148 ms  2368/17264 (14%)  receiver
[  5]   0.00-20.00  sec  23.8 MBytes  10.0 Mbits/sec  0.000 ms  0/17266 (0%)  sender
[  5]   0.00-22.47  sec  21.2 MBytes  7.90 Mbits/sec  1.437 ms  1940/17266 (11%)  receiver
[  5]   0.00-20.00  sec  23.8 MBytes  10.0 Mbits/sec  0.000 ms  0/17265 (0%)  sender
[  5]   0.00-22.56  sec  16.4 MBytes  6.11 Mbits/sec  1.402 ms  5354/17263 (31%)  receiver
[  5]   0.00-20.00  sec  23.8 MBytes  10.0 Mbits/sec  0.000 ms  0/17265 (0%)  sender
[  5]   0.00-24.37  sec  20.6 MBytes  7.10 Mbits/sec  0.896 ms  2335/17263 (14%)  receiver
[  5]   0.00-20.00  sec  23.8 MBytes  10.0 Mbits/sec  0.000 ms  0/17265 (0%)  sender
[  5]   0.00-22.75  sec  21.0 MBytes  7.74 Mbits/sec  0.773 ms  2055/17265 (12%)  receiver
[  5]   0.00-20.00  sec  23.8 MBytes  10.0 Mbits/sec  0.000 ms  0/17265 (0%)  sender
[  5]   0.00-23.48  sec  19.3 MBytes  6.88 Mbits/sec  1.856 ms  3314/17264 (19%)  receiver
[  5]   0.00-20.00  sec  23.8 MBytes  10.0 Mbits/sec  0.000 ms  0/17265 (0%)  sender
[  5]   0.00-22.64  sec  17.1 MBytes  6.32 Mbits/sec  0.902 ms  4913/17264 (28%)  receiver
