Baseline Output:
[  5]   0.00-20.00  sec  30.4 MBytes  12.8 Mbits/sec    0             sender
[  5]   0.00-22.52  sec  21.2 MBytes  7.90 Mbits/sec                  receiver
[  5]   0.00-20.00  sec  33.2 MBytes  13.9 Mbits/sec    0             sender
[  5]   0.00-22.66  sec  23.3 MBytes  8.63 Mbits/sec                  receiver
[  5]   0.00-20.00  sec  32.9 MBytes  13.8 Mbits/sec    0             sender
[  5]   0.00-22.43  sec  23.5 MBytes  8.77 Mbits/sec                  receiver
[  5]   0.00-20.00  sec  33.2 MBytes  13.9 Mbits/sec    0             sender
[  5]   0.00-22.88  sec  23.5 MBytes  8.60 Mbits/sec                  receiver
[  5]   0.00-20.00  sec  33.1 MBytes  13.9 Mbits/sec    0             sender
[  5]   0.00-22.41  sec  23.3 MBytes  8.72 Mbits/sec                  receiver
[  5]   0.00-20.00  sec  31.9 MBytes  13.4 Mbits/sec    0             sender
[  5]   0.00-22.57  sec  23.2 MBytes  8.64 Mbits/sec                  receiver
[  5]   0.00-20.00  sec  32.1 MBytes  13.4 Mbits/sec    0             sender
[  5]   0.00-22.43  sec  23.1 MBytes  8.62 Mbits/sec                  receiver
[  5]   0.00-20.00  sec  30.4 MBytes  12.7 Mbits/sec    0             sender
[  5]   0.00-20.67  sec  20.6 MBytes  8.36 Mbits/sec                  receiver
[  5]   0.00-20.00  sec  30.7 MBytes  12.9 Mbits/sec    0             sender
[  5]   0.00-22.76  sec  22.1 MBytes  8.14 Mbits/sec                  receiver
[  5]   0.00-20.00  sec  28.1 MBytes  11.8 Mbits/sec    2             sender
[  5]   0.00-21.81  sec  22.9 MBytes  8.80 Mbits/sec                  receiver
[  5]   0.00-20.00  sec  30.1 MBytes  12.6 Mbits/sec    0             sender
[  5]   0.00-23.71  sec  21.1 MBytes  7.47 Mbits/sec                  receiver
[  5]   0.00-20.00  sec  29.5 MBytes  12.4 Mbits/sec    0             sender
[  5]   0.00-22.81  sec  20.6 MBytes  7.59 Mbits/sec                  receiver
[  5]   0.00-20.01  sec  29.3 MBytes  12.3 Mbits/sec    0             sender
[  5]   0.00-22.77  sec  21.0 MBytes  7.72 Mbits/sec                  receiver
[  5]   0.00-20.00  sec  30.4 MBytes  12.7 Mbits/sec    0             sender
[  5]   0.00-22.50  sec  21.3 MBytes  7.93 Mbits/sec                  receiver
[  5]   0.00-20.00  sec  29.5 MBytes  12.4 Mbits/sec    0             sender
[  5]   0.00-22.82  sec  20.6 MBytes  7.56 Mbits/sec                  receiver
[  5]   0.00-20.01  sec  29.1 MBytes  12.2 Mbits/sec    0             sender
[  5]   0.00-22.97  sec  20.9 MBytes  7.65 Mbits/sec                  receiver
[  5]   0.00-20.00  sec  30.7 MBytes  12.9 Mbits/sec    0             sender
[  5]   0.00-22.89  sec  21.1 MBytes  7.75 Mbits/sec                  receiver
[  5]   0.00-20.00  sec  29.7 MBytes  12.5 Mbits/sec    0             sender
[  5]   0.00-23.22  sec  21.4 MBytes  7.74 Mbits/sec                  receiver
[  5]   0.00-20.00  sec  29.5 MBytes  12.4 Mbits/sec    2             sender
[  5]   0.00-20.44  sec  19.1 MBytes  7.84 Mbits/sec                  receiver
[  5]   0.00-20.04  sec  29.5 MBytes  12.3 Mbits/sec    0             sender
[  5]   0.00-23.27  sec  20.8 MBytes  7.51 Mbits/sec                  receiver
Failover Output:
[  5]   0.00-20.00  sec  21.5 MBytes  9.01 Mbits/sec    0             sender
[  5]   0.00-26.57  sec  13.7 MBytes  4.33 Mbits/sec                  receiver
[  5]   0.00-20.00  sec  21.4 MBytes  8.97 Mbits/sec    0             sender
[  5]   0.00-27.55  sec  13.8 MBytes  4.21 Mbits/sec                  receiver
[  5]   0.00-20.00  sec  21.5 MBytes  9.04 Mbits/sec    0             sender
[  5]   0.00-24.27  sec  13.5 MBytes  4.65 Mbits/sec                  receiver
[  5]   0.00-20.00  sec  21.4 MBytes  8.97 Mbits/sec    0             sender
[  5]   0.00-27.49  sec  13.8 MBytes  4.22 Mbits/sec                  receiver
[  5]   0.00-20.00  sec  25.4 MBytes  10.6 Mbits/sec  1107             sender
[  5]   0.00-22.10  sec  20.8 MBytes  7.89 Mbits/sec                  receiver
[  5]   0.00-20.00  sec  24.6 MBytes  10.3 Mbits/sec  1107             sender
[  5]   0.00-22.24  sec  19.2 MBytes  7.23 Mbits/sec                  receiver
[  5]   0.00-20.00  sec  21.2 MBytes  8.87 Mbits/sec    0             sender
[  5]   0.00-23.91  sec  12.9 MBytes  4.53 Mbits/sec                  receiver
[  5]   0.00-20.00  sec  25.4 MBytes  10.6 Mbits/sec  1114             sender
[  5]   0.00-22.10  sec  19.8 MBytes  7.51 Mbits/sec                  receiver
[  5]   0.00-20.00  sec  24.4 MBytes  10.2 Mbits/sec  1108             sender
[  5]   0.00-22.10  sec  19.4 MBytes  7.36 Mbits/sec                  receiver
[  5]   0.00-20.00  sec  24.4 MBytes  10.2 Mbits/sec  1100             sender
[  5]   0.00-22.12  sec  18.6 MBytes  7.06 Mbits/sec                  receiver
[  5]   0.00-20.00  sec  24.3 MBytes  10.2 Mbits/sec  1057             sender
[  5]   0.00-22.06  sec  19.1 MBytes  7.26 Mbits/sec                  receiver
[  5]   0.00-20.00  sec  24.4 MBytes  10.2 Mbits/sec  1096             sender
[  5]   0.00-22.10  sec  18.8 MBytes  7.15 Mbits/sec                  receiver
[  5]   0.00-20.00  sec  24.1 MBytes  10.1 Mbits/sec  1066             sender
[  5]   0.00-22.08  sec  18.7 MBytes  7.09 Mbits/sec                  receiver
[  5]   0.00-20.00  sec  20.7 MBytes  8.68 Mbits/sec  638             sender
[  5]   0.00-21.38  sec  18.0 MBytes  7.06 Mbits/sec                  receiver
[  5]   0.00-20.00  sec  24.6 MBytes  10.3 Mbits/sec  1118             sender
[  5]   0.00-22.11  sec  19.4 MBytes  7.35 Mbits/sec                  receiver
[  5]   0.00-20.00  sec  21.7 MBytes  9.09 Mbits/sec  921             sender
[  5]   0.00-21.93  sec  17.7 MBytes  6.77 Mbits/sec                  receiver
[  5]   0.00-20.00  sec  24.6 MBytes  10.3 Mbits/sec  1112             sender
[  5]   0.00-22.12  sec  19.3 MBytes  7.30 Mbits/sec                  receiver
[  5]   0.00-20.00  sec  25.8 MBytes  10.8 Mbits/sec  1110             sender
[  5]   0.00-22.12  sec  20.2 MBytes  7.65 Mbits/sec                  receiver
[  5]   0.00-20.00  sec  23.2 MBytes  9.74 Mbits/sec  1060             sender
[  5]   0.00-22.04  sec  17.9 MBytes  6.80 Mbits/sec                  receiver
[  5]   0.00-20.00  sec  24.7 MBytes  10.4 Mbits/sec  1080             sender
[  5]   0.00-22.06  sec  19.2 MBytes  7.31 Mbits/sec                  receiver
