2024-05-01 11:40:22,697 - INFO - Starting iPerf3 test at 2024-05-01-1140
2024-05-01 11:40:22,698 - INFO - UDP iperf_time: 10s, trial_runs: 3, parallel_connections: 1, bitrate: 1
2024-05-01 11:40:22,790 - INFO - ONOS Docker container is already running.
2024-05-01 11:40:22,791 - INFO - Test Case: Fault Tolerance via Reactive Fwd
2024-05-01 11:40:24,017 - INFO - Starting Mininet topology: TC
2024-05-01 11:40:25,027 - INFO - *** Creating network
*** Adding controller
Connecting to remote controller at 172.17.0.2:6653
*** Adding hosts:
h1 h2 h3 h4 h5 h6 
*** Adding switches:
s1 s2 s3 
*** Adding links:
(h1, s1) (h2, s1) (h3, s2) (h4, s2) (h5, s3) (h6, s3) (50.00Mbit 10ms delay) *** Error: Warning: sch_htb: quantum of class 50001 is big. Consider r2q change.
(50.00Mbit 10ms delay) *** Error: Warning: sch_htb: quantum of class 50001 is big. Consider r2q change.
(s1, s2) (10.00Mbit 10ms delay) (10.00Mbit 10ms delay) (s1, s3) (5.00Mbit 10ms delay) (5.00Mbit 10ms delay) (s2, s3) 
*** Configuring hosts
h1 h2 h3 h4 h5 h6 
*** Starting controller
c0 
*** Starting 3 switches
s1 s2 s3 ...(50.00Mbit 10ms delay) *** Error: Warning: sch_htb: quantum of class 50001 is big. Consider r2q change.
(10.00Mbit 10ms delay) (50.00Mbit 10ms delay) *** Error: Warning: sch_htb: quantum of class 50001 is big. Consider r2q change.
(5.00Mbit 10ms delay) (10.00Mbit 10ms delay) (5.00Mbit 10ms delay) 
*** Starting CLI:
2024-05-01 11:40:25,031 - INFO - Connected (version 2.0, client APACHE-SSHD-2.5.1)
2024-05-01 11:40:25,094 - INFO - Authentication (password) successful!
2024-05-01 11:40:25,213 - INFO - Activated org.onosproject.fwd
2024-05-01 11:40:30,219 - INFO - Executing Mininet command: h1 iperf3 -s &
2024-05-01 11:40:30,220 - INFO - Command h1 iperf3 -s & successful
2024-05-01 11:40:40,228 - INFO - Executing Mininet command: h6 iperf3 -c 10.0.10.1 -u -b 1M -t 10 -i 1 -f mM -P 1 > iperf/baseline.log &
2024-05-01 11:40:40,229 - INFO - Command h6 iperf3 -c 10.0.10.1 -u -b 1M -t 10 -i 1 -f mM -P 1 > iperf/baseline.log & successful
2024-05-01 11:40:55,240 - INFO - Baseline iperf output
2024-05-01 11:40:55,243 - INFO - Connecting to host 10.0.10.1, port 5201
2024-05-01 11:40:55,244 - INFO - [  5] local 10.0.30.2 port 37353 connected to 10.0.10.1 port 5201
2024-05-01 11:40:55,244 - INFO - [ ID] Interval           Transfer     Bitrate         Total Datagrams
2024-05-01 11:40:55,244 - INFO - [  5]   0.00-1.00   sec   123 KBytes  1.01 Mbits/sec  87  
2024-05-01 11:40:55,244 - INFO - [  5]   1.00-2.00   sec   122 KBytes  1.00 Mbits/sec  86  
2024-05-01 11:40:55,245 - INFO - [  5]   2.00-3.00   sec   122 KBytes  1.00 Mbits/sec  86  
2024-05-01 11:40:55,245 - INFO - [  5]   3.00-4.00   sec   123 KBytes  1.01 Mbits/sec  87  
2024-05-01 11:40:55,245 - INFO - [  5]   4.00-5.00   sec   122 KBytes  1.00 Mbits/sec  86  
2024-05-01 11:40:55,246 - INFO - [  5]   5.00-6.00   sec   122 KBytes  1.00 Mbits/sec  86  
2024-05-01 11:40:55,246 - INFO - [  5]   6.00-7.00   sec   123 KBytes  1.01 Mbits/sec  87  
2024-05-01 11:40:55,246 - INFO - [  5]   7.00-8.00   sec   122 KBytes  1.00 Mbits/sec  86  
2024-05-01 11:40:55,247 - INFO - [  5]   8.00-9.00   sec   122 KBytes  1.00 Mbits/sec  86  
2024-05-01 11:40:55,247 - INFO - [  5]   9.00-10.00  sec   123 KBytes  1.01 Mbits/sec  87  
2024-05-01 11:40:55,247 - INFO - - - - - - - - - - - - - - - - - - - - - - - - - -
2024-05-01 11:40:55,248 - INFO - [ ID] Interval           Transfer     Bitrate         Jitter    Lost/Total Datagrams
2024-05-01 11:40:55,248 - INFO - [  5]   0.00-10.00  sec  1.19 MBytes  1.00 Mbits/sec  0.000 ms  0/864 (0%)  sender
2024-05-01 11:40:55,248 - INFO - [  5]   0.00-10.08  sec  1.19 MBytes  0.99 Mbits/sec  0.210 ms  0/864 (0%)  receiver
2024-05-01 11:40:55,249 - INFO - 
2024-05-01 11:40:55,249 - INFO - iperf Done.
2024-05-01 11:41:00,249 - INFO - Executing Mininet command: h6 iperf3 -c 10.0.10.1 -u -b 1M -t 10 -i 1 -f mM -P 1 > iperf/failover.log &
2024-05-01 11:41:00,250 - INFO - Command h6 iperf3 -c 10.0.10.1 -u -b 1M -t 10 -i 1 -f mM -P 1 > iperf/failover.log & successful
2024-05-01 11:41:05,261 - INFO - MAC addresses of hosts connected to the ONOS controller (sorted):
2024-05-01 11:41:05,262 - INFO - 00:00:00:00:00:01
2024-05-01 11:41:05,263 - INFO - 00:00:00:00:00:06
2024-05-01 11:41:05,269 - INFO - Path between 00:00:00:00:00:01 and 00:00:00:00:00:06: ['00:00:00:00:00:01', 'of:0000000000000001', 'of:0000000000000003', '00:00:00:00:00:06']
2024-05-01 11:41:05,275 - INFO - Path between 00:00:00:00:00:06 and 00:00:00:00:00:01: ['00:00:00:00:00:06', 'of:0000000000000003', 'of:0000000000000001', '00:00:00:00:00:01']
2024-05-01 11:41:10,281 - INFO - Failover at time 5.0s
2024-05-01 11:41:10,281 - INFO - Executing Mininet command: link s1 s3 down
2024-05-01 11:41:10,282 - INFO - Command link s1 s3 down successful
2024-05-01 11:41:20,314 - INFO - Path between 00:00:00:00:00:01 and 00:00:00:00:00:06: ['00:00:00:00:00:01', 'of:0000000000000001', 'of:0000000000000002', 'of:0000000000000003', '00:00:00:00:00:06']
2024-05-01 11:41:20,323 - INFO - Path between 00:00:00:00:00:06 and 00:00:00:00:00:01: ['00:00:00:00:00:06', 'of:0000000000000003', 'of:0000000000000002', 'of:0000000000000001', '00:00:00:00:00:01']
2024-05-01 11:41:25,327 - INFO - Failover iperf output
2024-05-01 11:41:25,332 - INFO - Connecting to host 10.0.10.1, port 5201
2024-05-01 11:41:25,332 - INFO - [  5] local 10.0.30.2 port 39600 connected to 10.0.10.1 port 5201
2024-05-01 11:41:25,333 - INFO - [ ID] Interval           Transfer     Bitrate         Total Datagrams
2024-05-01 11:41:25,333 - INFO - [  5]   0.00-1.00   sec   123 KBytes  1.01 Mbits/sec  87  
2024-05-01 11:41:25,333 - INFO - [  5]   1.00-2.00   sec   122 KBytes  1.00 Mbits/sec  86  
2024-05-01 11:41:25,334 - INFO - [  5]   2.00-3.00   sec   122 KBytes  1.00 Mbits/sec  86  
2024-05-01 11:41:25,334 - INFO - [  5]   3.00-4.00   sec   123 KBytes  1.01 Mbits/sec  87  
2024-05-01 11:41:25,335 - INFO - [  5]   4.00-5.00   sec   122 KBytes  1.00 Mbits/sec  86  
2024-05-01 11:41:25,335 - INFO - [  5]   5.00-6.00   sec   122 KBytes  1.00 Mbits/sec  86  
2024-05-01 11:41:25,335 - INFO - [  5]   6.00-7.00   sec   123 KBytes  1.01 Mbits/sec  87  
2024-05-01 11:41:25,336 - INFO - [  5]   7.00-8.00   sec   122 KBytes  1.00 Mbits/sec  86  
2024-05-01 11:41:25,336 - INFO - [  5]   8.00-9.00   sec   122 KBytes  1.00 Mbits/sec  86  
2024-05-01 11:41:25,337 - INFO - [  5]   9.00-10.00  sec   123 KBytes  1.01 Mbits/sec  87  
2024-05-01 11:41:25,338 - INFO - - - - - - - - - - - - - - - - - - - - - - - - - -
2024-05-01 11:41:25,339 - INFO - [ ID] Interval           Transfer     Bitrate         Jitter    Lost/Total Datagrams
2024-05-01 11:41:25,339 - INFO - [  5]   0.00-10.00  sec  1.19 MBytes  1.00 Mbits/sec  0.000 ms  0/864 (0%)  sender
2024-05-01 11:41:25,340 - INFO - [  5]   0.00-10.81  sec  1.19 MBytes  0.92 Mbits/sec  45.475 ms  4/864 (0.46%)  receiver
2024-05-01 11:41:25,340 - INFO - 
2024-05-01 11:41:25,341 - INFO - iperf Done.
2024-05-01 11:41:25,341 - INFO - Paths are different after link s1 s3 down command
2024-05-01 11:41:25,341 - INFO - Added Paths: [['00:00:00:00:00:01', 'of:0000000000000001', 'of:0000000000000002', 'of:0000000000000003', '00:00:00:00:00:06']]
2024-05-01 11:41:25,342 - INFO - Added Paths: [['00:00:00:00:00:06', 'of:0000000000000003', 'of:0000000000000002', 'of:0000000000000001', '00:00:00:00:00:01']]
2024-05-01 11:41:25,343 - INFO - Removed Paths: [['00:00:00:00:00:01', 'of:0000000000000001', 'of:0000000000000003', '00:00:00:00:00:06']]
2024-05-01 11:41:25,343 - INFO - Removed Paths: [['00:00:00:00:00:06', 'of:0000000000000003', 'of:0000000000000001', '00:00:00:00:00:01']]
2024-05-01 11:41:25,882 - INFO - 
*** Stopping 1 controllers
c0 
*** Stopping 9 links
.........
*** Stopping 3 switches
s1 s2 s3 
*** Stopping 6 hosts
h1 h2 h3 h4 h5 h6 
*** Done
2024-05-01 11:41:25,882 - INFO - Fault Tolerance via Reactive Fwd Test Trial 1 Success
2024-05-01 11:41:27,116 - INFO - Starting Mininet topology: TC
2024-05-01 11:41:28,124 - INFO - *** Creating network
*** Adding controller
Connecting to remote controller at 172.17.0.2:6653
*** Adding hosts:
h1 h2 h3 h4 h5 h6 
*** Adding switches:
s1 s2 s3 
*** Adding links:
(h1, s1) (h2, s1) (h3, s2) (h4, s2) (h5, s3) (h6, s3) (50.00Mbit 10ms delay) *** Error: Warning: sch_htb: quantum of class 50001 is big. Consider r2q change.
(50.00Mbit 10ms delay) *** Error: Warning: sch_htb: quantum of class 50001 is big. Consider r2q change.
(s1, s2) (10.00Mbit 10ms delay) (10.00Mbit 10ms delay) (s1, s3) (5.00Mbit 10ms delay) (5.00Mbit 10ms delay) (s2, s3) 
*** Configuring hosts
h1 h2 h3 h4 h5 h6 
*** Starting controller
c0 
*** Starting 3 switches
s1 s2 s3 ...(50.00Mbit 10ms delay) *** Error: Warning: sch_htb: quantum of class 50001 is big. Consider r2q change.
(10.00Mbit 10ms delay) (50.00Mbit 10ms delay) *** Error: Warning: sch_htb: quantum of class 50001 is big. Consider r2q change.
(5.00Mbit 10ms delay) (10.00Mbit 10ms delay) (5.00Mbit 10ms delay) 
*** Starting CLI:
2024-05-01 11:41:28,127 - INFO - Connected (version 2.0, client APACHE-SSHD-2.5.1)
2024-05-01 11:41:28,187 - INFO - Authentication (password) successful!
2024-05-01 11:41:28,304 - INFO - Activated org.onosproject.fwd
2024-05-01 11:41:33,307 - INFO - Executing Mininet command: h1 iperf3 -s &
2024-05-01 11:41:33,308 - INFO - Command h1 iperf3 -s & successful
2024-05-01 11:41:43,314 - INFO - Executing Mininet command: h6 iperf3 -c 10.0.10.1 -u -b 1M -t 10 -i 1 -f mM -P 1 > iperf/baseline.log &
2024-05-01 11:41:43,314 - INFO - Command h6 iperf3 -c 10.0.10.1 -u -b 1M -t 10 -i 1 -f mM -P 1 > iperf/baseline.log & successful
2024-05-01 11:41:58,327 - INFO - Baseline iperf output
2024-05-01 11:41:58,338 - INFO - Connecting to host 10.0.10.1, port 5201
2024-05-01 11:41:58,338 - INFO - [  5] local 10.0.30.2 port 41911 connected to 10.0.10.1 port 5201
2024-05-01 11:41:58,338 - INFO - [ ID] Interval           Transfer     Bitrate         Total Datagrams
2024-05-01 11:41:58,338 - INFO - [  5]   0.00-1.00   sec   123 KBytes  1.01 Mbits/sec  87  
2024-05-01 11:41:58,339 - INFO - [  5]   1.00-2.00   sec   122 KBytes  1.00 Mbits/sec  86  
2024-05-01 11:41:58,340 - INFO - [  5]   2.00-3.00   sec   122 KBytes  1.00 Mbits/sec  86  
2024-05-01 11:41:58,340 - INFO - [  5]   3.00-4.00   sec   123 KBytes  1.01 Mbits/sec  87  
2024-05-01 11:41:58,341 - INFO - [  5]   4.00-5.00   sec   122 KBytes  1.00 Mbits/sec  86  
2024-05-01 11:41:58,341 - INFO - [  5]   5.00-6.00   sec   122 KBytes  1.00 Mbits/sec  86  
2024-05-01 11:41:58,341 - INFO - [  5]   6.00-7.00   sec   123 KBytes  1.01 Mbits/sec  87  
2024-05-01 11:41:58,342 - INFO - [  5]   7.00-8.00   sec   122 KBytes  1.00 Mbits/sec  86  
2024-05-01 11:41:58,342 - INFO - [  5]   8.00-9.00   sec   122 KBytes  1.00 Mbits/sec  86  
2024-05-01 11:41:58,342 - INFO - [  5]   9.00-10.00  sec   123 KBytes  1.01 Mbits/sec  87  
2024-05-01 11:41:58,343 - INFO - - - - - - - - - - - - - - - - - - - - - - - - - -
2024-05-01 11:41:58,344 - INFO - [ ID] Interval           Transfer     Bitrate         Jitter    Lost/Total Datagrams
2024-05-01 11:41:58,345 - INFO - [  5]   0.00-10.00  sec  1.19 MBytes  1.00 Mbits/sec  0.000 ms  0/864 (0%)  sender
2024-05-01 11:41:58,345 - INFO - [  5]   0.00-10.08  sec  1.19 MBytes  0.99 Mbits/sec  0.230 ms  0/864 (0%)  receiver
2024-05-01 11:41:58,346 - INFO - 
2024-05-01 11:41:58,346 - INFO - iperf Done.
2024-05-01 11:42:03,352 - INFO - Executing Mininet command: h6 iperf3 -c 10.0.10.1 -u -b 1M -t 10 -i 1 -f mM -P 1 > iperf/failover.log &
2024-05-01 11:42:03,352 - INFO - Command h6 iperf3 -c 10.0.10.1 -u -b 1M -t 10 -i 1 -f mM -P 1 > iperf/failover.log & successful
2024-05-01 11:42:08,368 - INFO - MAC addresses of hosts connected to the ONOS controller (sorted):
2024-05-01 11:42:08,368 - INFO - 00:00:00:00:00:01
2024-05-01 11:42:08,369 - INFO - 00:00:00:00:00:06
2024-05-01 11:42:08,374 - INFO - Path between 00:00:00:00:00:01 and 00:00:00:00:00:06: ['00:00:00:00:00:01', 'of:0000000000000001', 'of:0000000000000003', '00:00:00:00:00:06']
2024-05-01 11:42:08,385 - INFO - Path between 00:00:00:00:00:06 and 00:00:00:00:00:01: ['00:00:00:00:00:06', 'of:0000000000000003', 'of:0000000000000001', '00:00:00:00:00:01']
2024-05-01 11:42:13,387 - INFO - Failover at time 5.0s
2024-05-01 11:42:13,388 - INFO - Executing Mininet command: link s1 s3 down
2024-05-01 11:42:13,389 - INFO - Command link s1 s3 down successful
2024-05-01 11:42:23,401 - INFO - Path between 00:00:00:00:00:01 and 00:00:00:00:00:06: ['00:00:00:00:00:01', 'of:0000000000000001', 'of:0000000000000002', 'of:0000000000000003', '00:00:00:00:00:06']
2024-05-01 11:42:23,406 - INFO - Path between 00:00:00:00:00:06 and 00:00:00:00:00:01: ['00:00:00:00:00:06', 'of:0000000000000003', 'of:0000000000000002', 'of:0000000000000001', '00:00:00:00:00:01']
2024-05-01 11:42:28,411 - INFO - Failover iperf output
2024-05-01 11:42:28,414 - INFO - Connecting to host 10.0.10.1, port 5201
2024-05-01 11:42:28,414 - INFO - [  5] local 10.0.30.2 port 39371 connected to 10.0.10.1 port 5201
2024-05-01 11:42:28,415 - INFO - [ ID] Interval           Transfer     Bitrate         Total Datagrams
2024-05-01 11:42:28,416 - INFO - [  5]   0.00-1.00   sec   122 KBytes  1.00 Mbits/sec  86  
2024-05-01 11:42:28,417 - INFO - [  5]   1.00-2.00   sec   123 KBytes  1.01 Mbits/sec  87  
2024-05-01 11:42:28,417 - INFO - [  5]   2.00-3.00   sec   122 KBytes  1.00 Mbits/sec  86  
2024-05-01 11:42:28,418 - INFO - [  5]   3.00-4.00   sec   123 KBytes  1.01 Mbits/sec  87  
2024-05-01 11:42:28,418 - INFO - [  5]   4.00-5.00   sec   122 KBytes  1.00 Mbits/sec  86  
2024-05-01 11:42:28,418 - INFO - [  5]   5.00-6.00   sec   122 KBytes  1.00 Mbits/sec  86  
2024-05-01 11:42:28,418 - INFO - [  5]   6.00-7.00   sec   123 KBytes  1.01 Mbits/sec  87  
2024-05-01 11:42:28,418 - INFO - [  5]   7.00-8.00   sec   122 KBytes  1.00 Mbits/sec  86  
2024-05-01 11:42:28,419 - INFO - [  5]   8.00-9.00   sec   122 KBytes  1.00 Mbits/sec  86  
2024-05-01 11:42:28,420 - INFO - [  5]   9.00-10.00  sec   123 KBytes  1.01 Mbits/sec  87  
2024-05-01 11:42:28,420 - INFO - - - - - - - - - - - - - - - - - - - - - - - - - -
2024-05-01 11:42:28,420 - INFO - [ ID] Interval           Transfer     Bitrate         Jitter    Lost/Total Datagrams
2024-05-01 11:42:28,421 - INFO - [  5]   0.00-10.00  sec  1.19 MBytes  1.00 Mbits/sec  0.000 ms  0/864 (0%)  sender
2024-05-01 11:42:28,422 - INFO - [  5]   0.00-10.08  sec  1.19 MBytes  0.99 Mbits/sec  0.710 ms  0/864 (0%)  receiver
2024-05-01 11:42:28,422 - INFO - 
2024-05-01 11:42:28,423 - INFO - iperf Done.
2024-05-01 11:42:28,423 - INFO - Paths are different after link s1 s3 down command
2024-05-01 11:42:28,424 - INFO - Added Paths: [['00:00:00:00:00:01', 'of:0000000000000001', 'of:0000000000000002', 'of:0000000000000003', '00:00:00:00:00:06']]
2024-05-01 11:42:28,424 - INFO - Added Paths: [['00:00:00:00:00:06', 'of:0000000000000003', 'of:0000000000000002', 'of:0000000000000001', '00:00:00:00:00:01']]
2024-05-01 11:42:28,425 - INFO - Removed Paths: [['00:00:00:00:00:01', 'of:0000000000000001', 'of:0000000000000003', '00:00:00:00:00:06']]
2024-05-01 11:42:28,426 - INFO - Removed Paths: [['00:00:00:00:00:06', 'of:0000000000000003', 'of:0000000000000001', '00:00:00:00:00:01']]
2024-05-01 11:42:29,119 - INFO - 
*** Stopping 1 controllers
c0 
*** Stopping 9 links
.........
*** Stopping 3 switches
s1 s2 s3 
*** Stopping 6 hosts
h1 h2 h3 h4 h5 h6 
*** Done
2024-05-01 11:42:29,120 - INFO - Fault Tolerance via Reactive Fwd Test Trial 2 Success
2024-05-01 11:42:30,413 - INFO - Starting Mininet topology: TC
2024-05-01 11:42:31,502 - INFO - *** Creating network
*** Adding controller
Connecting to remote controller at 172.17.0.2:6653
*** Adding hosts:
h1 h2 h3 h4 h5 h6 
*** Adding switches:
s1 s2 s3 
*** Adding links:
(h1, s1) (h2, s1) (h3, s2) (h4, s2) (h5, s3) (h6, s3) (50.00Mbit 10ms delay) *** Error: Warning: sch_htb: quantum of class 50001 is big. Consider r2q change.
(50.00Mbit 10ms delay) *** Error: Warning: sch_htb: quantum of class 50001 is big. Consider r2q change.
(s1, s2) (10.00Mbit 10ms delay) (10.00Mbit 10ms delay) (s1, s3) (5.00Mbit 10ms delay) (5.00Mbit 10ms delay) (s2, s3) 
*** Configuring hosts
h1 h2 h3 h4 h5 h6 
*** Starting controller
c0 
*** Starting 3 switches
s1 s2 s3 ...(50.00Mbit 10ms delay) *** Error: Warning: sch_htb: quantum of class 50001 is big. Consider r2q change.
(10.00Mbit 10ms delay) (50.00Mbit 10ms delay) *** Error: Warning: sch_htb: quantum of class 50001 is big. Consider r2q change.
(5.00Mbit 10ms delay) (10.00Mbit 10ms delay) (5.00Mbit 10ms delay) 
*** Starting CLI:
2024-05-01 11:42:31,504 - INFO - Connected (version 2.0, client APACHE-SSHD-2.5.1)
2024-05-01 11:42:31,585 - INFO - Authentication (password) successful!
2024-05-01 11:42:31,688 - INFO - Activated org.onosproject.fwd
2024-05-01 11:42:36,691 - INFO - Executing Mininet command: h1 iperf3 -s &
2024-05-01 11:42:36,692 - INFO - Command h1 iperf3 -s & successful
2024-05-01 11:42:46,701 - INFO - Executing Mininet command: h6 iperf3 -c 10.0.10.1 -u -b 1M -t 10 -i 1 -f mM -P 1 > iperf/baseline.log &
2024-05-01 11:42:46,702 - INFO - Command h6 iperf3 -c 10.0.10.1 -u -b 1M -t 10 -i 1 -f mM -P 1 > iperf/baseline.log & successful
2024-05-01 11:43:01,713 - INFO - Baseline iperf output
2024-05-01 11:43:01,716 - INFO - Connecting to host 10.0.10.1, port 5201
2024-05-01 11:43:01,716 - INFO - [  5] local 10.0.30.2 port 47780 connected to 10.0.10.1 port 5201
2024-05-01 11:43:01,716 - INFO - [ ID] Interval           Transfer     Bitrate         Total Datagrams
2024-05-01 11:43:01,717 - INFO - [  5]   0.00-1.00   sec   123 KBytes  1.01 Mbits/sec  87  
2024-05-01 11:43:01,717 - INFO - [  5]   1.00-2.00   sec   122 KBytes  1.00 Mbits/sec  86  
2024-05-01 11:43:01,717 - INFO - [  5]   2.00-3.00   sec   122 KBytes  1.00 Mbits/sec  86  
2024-05-01 11:43:01,718 - INFO - [  5]   3.00-4.00   sec   123 KBytes  1.01 Mbits/sec  87  
2024-05-01 11:43:01,718 - INFO - [  5]   4.00-5.00   sec   122 KBytes  1.00 Mbits/sec  86  
2024-05-01 11:43:01,718 - INFO - [  5]   5.00-6.00   sec   122 KBytes  1.00 Mbits/sec  86  
2024-05-01 11:43:01,719 - INFO - [  5]   6.00-7.00   sec   123 KBytes  1.01 Mbits/sec  87  
2024-05-01 11:43:01,719 - INFO - [  5]   7.00-8.00   sec   122 KBytes  1.00 Mbits/sec  86  
2024-05-01 11:43:01,719 - INFO - [  5]   8.00-9.00   sec   122 KBytes  1.00 Mbits/sec  86  
2024-05-01 11:43:01,720 - INFO - [  5]   9.00-10.00  sec   123 KBytes  1.01 Mbits/sec  87  
2024-05-01 11:43:01,720 - INFO - - - - - - - - - - - - - - - - - - - - - - - - - -
2024-05-01 11:43:01,720 - INFO - [ ID] Interval           Transfer     Bitrate         Jitter    Lost/Total Datagrams
2024-05-01 11:43:01,721 - INFO - [  5]   0.00-10.00  sec  1.19 MBytes  1.00 Mbits/sec  0.000 ms  0/864 (0%)  sender
2024-05-01 11:43:01,721 - INFO - [  5]   0.00-10.07  sec  1.19 MBytes  0.99 Mbits/sec  0.990 ms  0/864 (0%)  receiver
2024-05-01 11:43:01,721 - INFO - 
2024-05-01 11:43:01,722 - INFO - iperf Done.
2024-05-01 11:43:06,729 - INFO - Executing Mininet command: h6 iperf3 -c 10.0.10.1 -u -b 1M -t 10 -i 1 -f mM -P 1 > iperf/failover.log &
2024-05-01 11:43:06,730 - INFO - Command h6 iperf3 -c 10.0.10.1 -u -b 1M -t 10 -i 1 -f mM -P 1 > iperf/failover.log & successful
2024-05-01 11:43:11,749 - INFO - MAC addresses of hosts connected to the ONOS controller (sorted):
2024-05-01 11:43:11,750 - INFO - 00:00:00:00:00:01
2024-05-01 11:43:11,750 - INFO - 00:00:00:00:00:06
2024-05-01 11:43:11,759 - INFO - Path between 00:00:00:00:00:01 and 00:00:00:00:00:06: ['00:00:00:00:00:01', 'of:0000000000000001', 'of:0000000000000003', '00:00:00:00:00:06']
2024-05-01 11:43:11,766 - INFO - Path between 00:00:00:00:00:06 and 00:00:00:00:00:01: ['00:00:00:00:00:06', 'of:0000000000000003', 'of:0000000000000001', '00:00:00:00:00:01']
2024-05-01 11:43:16,770 - INFO - Failover at time 5.0s
2024-05-01 11:43:16,771 - INFO - Executing Mininet command: link s1 s3 down
2024-05-01 11:43:16,772 - INFO - Command link s1 s3 down successful
2024-05-01 11:43:26,781 - INFO - Path between 00:00:00:00:00:01 and 00:00:00:00:00:06: ['00:00:00:00:00:01', 'of:0000000000000001', 'of:0000000000000002', 'of:0000000000000003', '00:00:00:00:00:06']
2024-05-01 11:43:26,788 - INFO - Path between 00:00:00:00:00:06 and 00:00:00:00:00:01: ['00:00:00:00:00:06', 'of:0000000000000003', 'of:0000000000000002', 'of:0000000000000001', '00:00:00:00:00:01']
2024-05-01 11:43:31,791 - INFO - Failover iperf output
2024-05-01 11:43:31,795 - INFO - Connecting to host 10.0.10.1, port 5201
2024-05-01 11:43:31,795 - INFO - [  5] local 10.0.30.2 port 52030 connected to 10.0.10.1 port 5201
2024-05-01 11:43:31,795 - INFO - [ ID] Interval           Transfer     Bitrate         Total Datagrams
2024-05-01 11:43:31,796 - INFO - [  5]   0.00-1.00   sec   123 KBytes  1.01 Mbits/sec  87  
2024-05-01 11:43:31,796 - INFO - [  5]   1.00-2.00   sec   122 KBytes  1.00 Mbits/sec  86  
2024-05-01 11:43:31,797 - INFO - [  5]   2.00-3.00   sec   122 KBytes  1.00 Mbits/sec  86  
2024-05-01 11:43:31,797 - INFO - [  5]   3.00-4.00   sec   123 KBytes  1.01 Mbits/sec  87  
2024-05-01 11:43:31,798 - INFO - [  5]   4.00-5.00   sec   122 KBytes  1.00 Mbits/sec  86  
2024-05-01 11:43:31,798 - INFO - [  5]   5.00-6.00   sec   122 KBytes  1.00 Mbits/sec  86  
2024-05-01 11:43:31,799 - INFO - [  5]   6.00-7.00   sec   123 KBytes  1.01 Mbits/sec  87  
2024-05-01 11:43:31,799 - INFO - [  5]   7.00-8.00   sec   122 KBytes  1.00 Mbits/sec  86  
2024-05-01 11:43:31,799 - INFO - [  5]   8.00-9.00   sec   122 KBytes  1.00 Mbits/sec  86  
2024-05-01 11:43:31,800 - INFO - [  5]   9.00-10.00  sec   123 KBytes  1.01 Mbits/sec  87  
2024-05-01 11:43:31,800 - INFO - - - - - - - - - - - - - - - - - - - - - - - - - -
2024-05-01 11:43:31,800 - INFO - [ ID] Interval           Transfer     Bitrate         Jitter    Lost/Total Datagrams
2024-05-01 11:43:31,800 - INFO - [  5]   0.00-10.00  sec  1.19 MBytes  1.00 Mbits/sec  0.000 ms  0/864 (0%)  sender
2024-05-01 11:43:31,801 - INFO - [  5]   0.00-10.07  sec  1.19 MBytes  0.99 Mbits/sec  0.832 ms  0/864 (0%)  receiver
2024-05-01 11:43:31,801 - INFO - 
2024-05-01 11:43:31,801 - INFO - iperf Done.
2024-05-01 11:43:31,802 - INFO - Paths are different after link s1 s3 down command
2024-05-01 11:43:31,802 - INFO - Added Paths: [['00:00:00:00:00:01', 'of:0000000000000001', 'of:0000000000000002', 'of:0000000000000003', '00:00:00:00:00:06']]
2024-05-01 11:43:31,802 - INFO - Added Paths: [['00:00:00:00:00:06', 'of:0000000000000003', 'of:0000000000000002', 'of:0000000000000001', '00:00:00:00:00:01']]
2024-05-01 11:43:31,803 - INFO - Removed Paths: [['00:00:00:00:00:01', 'of:0000000000000001', 'of:0000000000000003', '00:00:00:00:00:06']]
2024-05-01 11:43:31,803 - INFO - Removed Paths: [['00:00:00:00:00:06', 'of:0000000000000003', 'of:0000000000000001', '00:00:00:00:00:01']]
2024-05-01 11:43:32,426 - INFO - 
*** Stopping 1 controllers
c0 
*** Stopping 9 links
.........
*** Stopping 3 switches
s1 s2 s3 
*** Stopping 6 hosts
h1 h2 h3 h4 h5 h6 
*** Done
2024-05-01 11:43:32,426 - INFO - Fault Tolerance via Reactive Fwd Test Trial 3 Success
2024-05-01 11:43:32,429 - INFO - Baseline Output:
2024-05-01 11:43:32,429 - INFO - [  5]   0.00-10.00  sec  1.19 MBytes  1.00 Mbits/sec  0.000 ms  0/864 (0%)  sender
2024-05-01 11:43:32,429 - INFO - [  5]   0.00-10.08  sec  1.19 MBytes  0.99 Mbits/sec  0.210 ms  0/864 (0%)  receiver
2024-05-01 11:43:32,430 - INFO - [  5]   0.00-10.00  sec  1.19 MBytes  1.00 Mbits/sec  0.000 ms  0/864 (0%)  sender
2024-05-01 11:43:32,430 - INFO - [  5]   0.00-10.08  sec  1.19 MBytes  0.99 Mbits/sec  0.230 ms  0/864 (0%)  receiver
2024-05-01 11:43:32,430 - INFO - [  5]   0.00-10.00  sec  1.19 MBytes  1.00 Mbits/sec  0.000 ms  0/864 (0%)  sender
2024-05-01 11:43:32,430 - INFO - [  5]   0.00-10.07  sec  1.19 MBytes  0.99 Mbits/sec  0.990 ms  0/864 (0%)  receiver
2024-05-01 11:43:32,430 - INFO - Failover Output:
2024-05-01 11:43:32,431 - INFO - [  5]   0.00-10.00  sec  1.19 MBytes  1.00 Mbits/sec  0.000 ms  0/864 (0%)  sender
2024-05-01 11:43:32,432 - INFO - [  5]   0.00-10.81  sec  1.19 MBytes  0.92 Mbits/sec  45.475 ms  4/864 (0.46%)  receiver
2024-05-01 11:43:32,432 - INFO - [  5]   0.00-10.00  sec  1.19 MBytes  1.00 Mbits/sec  0.000 ms  0/864 (0%)  sender
2024-05-01 11:43:32,432 - INFO - [  5]   0.00-10.08  sec  1.19 MBytes  0.99 Mbits/sec  0.710 ms  0/864 (0%)  receiver
2024-05-01 11:43:32,433 - INFO - [  5]   0.00-10.00  sec  1.19 MBytes  1.00 Mbits/sec  0.000 ms  0/864 (0%)  sender
2024-05-01 11:43:32,433 - INFO - [  5]   0.00-10.07  sec  1.19 MBytes  0.99 Mbits/sec  0.832 ms  0/864 (0%)  receiver
2024-05-01 11:43:32,434 - INFO - iPerf3 test done, elapsed time: 0:03:09.736591
2024-05-01 11:43:32,436 - INFO - End of Log
