Baseline Output:
[  5]   0.00-20.00  sec  2.38 MBytes  1.00 Mbits/sec  0.000 ms  0/1727 (0%)  sender
[  5]   0.00-20.09  sec  2.38 MBytes  1.00 Mbits/sec  0.395 ms  0/1727 (0%)  receiver
[  5]   0.00-20.00  sec  2.38 MBytes  1.00 Mbits/sec  0.000 ms  0/1727 (0%)  sender
[  5]   0.00-21.03  sec  2.38 MBytes  0.95 Mbits/sec  0.504 ms  0/1727 (0%)  receiver
[  5]   0.00-20.00  sec  2.38 MBytes  1.00 Mbits/sec  0.000 ms  0/1727 (0%)  sender
[  5]   0.00-20.08  sec  2.38 MBytes  1.00 Mbits/sec  0.476 ms  0/1727 (0%)  receiver
[  5]   0.00-20.00  sec  2.38 MBytes  1.00 Mbits/sec  0.000 ms  0/1727 (0%)  sender
[  5]   0.00-20.92  sec  2.38 MBytes  0.96 Mbits/sec  0.580 ms  0/1727 (0%)  receiver
[  5]   0.00-20.00  sec  2.38 MBytes  1.00 Mbits/sec  0.000 ms  0/1727 (0%)  sender
[  5]   0.00-20.09  sec  2.38 MBytes  1.00 Mbits/sec  0.373 ms  0/1727 (0%)  receiver
[  5]   0.00-20.00  sec  2.38 MBytes  1.00 Mbits/sec  0.000 ms  0/1727 (0%)  sender
[  5]   0.00-20.08  sec  2.38 MBytes  1.00 Mbits/sec  0.266 ms  0/1727 (0%)  receiver
[  5]   0.00-20.00  sec  2.38 MBytes  1.00 Mbits/sec  0.000 ms  0/1727 (0%)  sender
[  5]   0.00-20.08  sec  2.38 MBytes  1.00 Mbits/sec  0.710 ms  0/1727 (0%)  receiver
[  5]   0.00-20.00  sec  2.38 MBytes  1.00 Mbits/sec  0.000 ms  0/1727 (0%)  sender
[  5]   0.00-21.08  sec  2.38 MBytes  0.95 Mbits/sec  62.065 ms  0/1727 (0%)  receiver
[  5]   0.00-20.00  sec  2.38 MBytes  1.00 Mbits/sec  0.000 ms  0/1727 (0%)  sender
[  5]   0.00-20.08  sec  2.38 MBytes  1.00 Mbits/sec  1.895 ms  0/1727 (0%)  receiver
[  5]   0.00-20.00  sec  2.38 MBytes  1.00 Mbits/sec  0.000 ms  0/1727 (0%)  sender
[  5]   0.00-20.07  sec  2.38 MBytes  1.00 Mbits/sec  0.468 ms  0/1727 (0%)  receiver
[  5]   0.00-20.00  sec  2.38 MBytes  1.00 Mbits/sec  0.000 ms  0/1727 (0%)  sender
[  5]   0.00-20.06  sec  2.38 MBytes  1.00 Mbits/sec  0.673 ms  0/1727 (0%)  receiver
[  5]   0.00-20.00  sec  2.38 MBytes  1.00 Mbits/sec  0.000 ms  0/1727 (0%)  sender
[  5]   0.00-20.08  sec  2.38 MBytes  1.00 Mbits/sec  0.414 ms  0/1727 (0%)  receiver
[  5]   0.00-20.00  sec  2.38 MBytes  1.00 Mbits/sec  0.000 ms  0/1727 (0%)  sender
[  5]   0.00-20.06  sec  2.38 MBytes  1.00 Mbits/sec  0.916 ms  0/1727 (0%)  receiver
[  5]   0.00-20.00  sec  2.38 MBytes  1.00 Mbits/sec  0.000 ms  0/1727 (0%)  sender
[  5]   0.00-21.04  sec  2.38 MBytes  0.95 Mbits/sec  1.102 ms  0/1726 (0%)  receiver
[  5]   0.00-20.00  sec  2.38 MBytes  1.00 Mbits/sec  0.000 ms  0/1727 (0%)  sender
[  5]   0.00-21.42  sec  2.38 MBytes  0.93 Mbits/sec  0.850 ms  0/1727 (0%)  receiver
[  5]   0.00-20.00  sec  2.38 MBytes  1.00 Mbits/sec  0.000 ms  0/1727 (0%)  sender
[  5]   0.00-20.07  sec  2.38 MBytes  1.00 Mbits/sec  0.706 ms  0/1727 (0%)  receiver
[  5]   0.00-20.00  sec  2.38 MBytes  1.00 Mbits/sec  0.000 ms  0/1727 (0%)  sender
[  5]   0.00-20.09  sec  2.38 MBytes  1.00 Mbits/sec  2.138 ms  0/1727 (0%)  receiver
[  5]   0.00-20.00  sec  2.38 MBytes  1.00 Mbits/sec  0.000 ms  0/1727 (0%)  sender
[  5]   0.00-21.06  sec  2.38 MBytes  0.95 Mbits/sec  0.595 ms  0/1727 (0%)  receiver
[  5]   0.00-20.00  sec  2.38 MBytes  1.00 Mbits/sec  0.000 ms  0/1727 (0%)  sender
[  5]   0.00-20.08  sec  2.38 MBytes  1.00 Mbits/sec  0.457 ms  0/1727 (0%)  receiver
[  5]   0.00-20.00  sec  2.38 MBytes  1.00 Mbits/sec  0.000 ms  0/1727 (0%)  sender
[  5]   0.00-20.08  sec  2.38 MBytes  1.00 Mbits/sec  0.357 ms  0/1727 (0%)  receiver
Failover Output:
[  5]   0.00-20.00  sec  2.38 MBytes  1.00 Mbits/sec  0.000 ms  0/1727 (0%)  sender
[  5]   0.00-20.08  sec  2.38 MBytes  1.00 Mbits/sec  0.409 ms  0/1727 (0%)  receiver
[  5]   0.00-20.00  sec  2.38 MBytes  1.00 Mbits/sec  0.000 ms  0/1727 (0%)  sender
[  5]   0.00-22.05  sec  2.38 MBytes  0.91 Mbits/sec  0.372 ms  0/1727 (0%)  receiver
[  5]   0.00-20.00  sec  2.38 MBytes  1.00 Mbits/sec  0.000 ms  0/1727 (0%)  sender
[  5]   0.00-20.07  sec  2.38 MBytes  1.00 Mbits/sec  0.330 ms  0/1727 (0%)  receiver
[  5]   0.00-20.00  sec  2.38 MBytes  1.00 Mbits/sec  0.000 ms  0/1727 (0%)  sender
[  5]   0.00-20.92  sec  2.38 MBytes  0.96 Mbits/sec  1.081 ms  0/1727 (0%)  receiver
[  5]   0.00-20.00  sec  2.38 MBytes  1.00 Mbits/sec  0.000 ms  0/1727 (0%)  sender
[  5]   0.00-20.55  sec  2.38 MBytes  0.97 Mbits/sec  29.700 ms  0/1726 (0%)  receiver
[  5]   0.00-20.00  sec  2.38 MBytes  1.00 Mbits/sec  0.000 ms  0/1727 (0%)  sender
[  5]   0.00-20.48  sec  2.38 MBytes  0.98 Mbits/sec  0.586 ms  0/1727 (0%)  receiver
[  5]   0.00-20.00  sec  2.38 MBytes  1.00 Mbits/sec  0.000 ms  0/1727 (0%)  sender
[  5]   0.00-20.27  sec  2.38 MBytes  0.99 Mbits/sec  0.358 ms  0/1727 (0%)  receiver
[  5]   0.00-20.00  sec  2.38 MBytes  1.00 Mbits/sec  0.000 ms  0/1727 (0%)  sender
[  5]   0.00-21.07  sec  2.38 MBytes  0.95 Mbits/sec  0.497 ms  0/1727 (0%)  receiver
[  5]   0.00-20.00  sec  2.38 MBytes  1.00 Mbits/sec  0.000 ms  0/1727 (0%)  sender
[  5]   0.00-20.08  sec  2.38 MBytes  1.00 Mbits/sec  0.534 ms  0/1727 (0%)  receiver
[  5]   0.00-20.00  sec  2.38 MBytes  1.00 Mbits/sec  0.000 ms  0/1727 (0%)  sender
[  5]   0.00-21.71  sec  2.38 MBytes  0.92 Mbits/sec  59.370 ms  4/1727 (0.23%)  receiver
[  5]   0.00-20.00  sec  2.38 MBytes  1.00 Mbits/sec  0.000 ms  0/1727 (0%)  sender
[  5]   0.00-20.89  sec  2.38 MBytes  0.96 Mbits/sec  51.728 ms  4/1727 (0.23%)  receiver
[  5]   0.00-20.00  sec  2.38 MBytes  1.00 Mbits/sec  0.000 ms  0/1727 (0%)  sender
[  5]   0.00-20.07  sec  2.38 MBytes  0.99 Mbits/sec  0.512 ms  4/1727 (0.23%)  receiver
[  5]   0.00-20.00  sec  2.38 MBytes  1.00 Mbits/sec  0.000 ms  0/1727 (0%)  sender
[  5]   0.00-20.87  sec  2.38 MBytes  0.96 Mbits/sec  1.606 ms  6/1727 (0.35%)  receiver
[  5]   0.00-20.00  sec  2.38 MBytes  1.00 Mbits/sec  0.000 ms  0/1727 (0%)  sender
[  5]   0.00-20.08  sec  2.38 MBytes  1.00 Mbits/sec  0.529 ms  0/1727 (0%)  receiver
[  5]   0.00-20.00  sec  2.38 MBytes  1.00 Mbits/sec  0.000 ms  0/1727 (0%)  sender
[  5]   0.00-20.07  sec  2.38 MBytes  1.00 Mbits/sec  0.468 ms  0/1727 (0%)  receiver
[  5]   0.00-20.00  sec  2.38 MBytes  1.00 Mbits/sec  0.000 ms  0/1727 (0%)  sender
[  5]   0.00-20.07  sec  2.38 MBytes  0.99 Mbits/sec  0.490 ms  4/1727 (0.23%)  receiver
[  5]   0.00-20.00  sec  2.38 MBytes  1.00 Mbits/sec  0.000 ms  0/1727 (0%)  sender
[  5]   0.00-20.26  sec  2.38 MBytes  0.99 Mbits/sec  0.466 ms  0/1727 (0%)  receiver
[  5]   0.00-20.00  sec  2.38 MBytes  1.00 Mbits/sec  0.000 ms  0/1727 (0%)  sender
[  5]   0.00-22.02  sec  2.38 MBytes  0.91 Mbits/sec  0.943 ms  4/1726 (0.23%)  receiver
[  5]   0.00-20.00  sec  2.38 MBytes  1.00 Mbits/sec  0.000 ms  0/1727 (0%)  sender
[  5]   0.00-20.61  sec  2.38 MBytes  0.97 Mbits/sec  32.951 ms  0/1727 (0%)  receiver
[  5]   0.00-20.00  sec  2.38 MBytes  1.00 Mbits/sec  0.000 ms  0/1727 (0%)  sender
[  5]   0.00-20.09  sec  2.38 MBytes  1.00 Mbits/sec  0.367 ms  0/1727 (0%)  receiver
