Baseline Output:
[  5]   0.00-10.00  sec  6.19 MBytes  5.19 Mbits/sec    0             sender
[  5]   0.00-11.22  sec  4.35 MBytes  3.25 Mbits/sec                  receiver
[  7]   0.00-10.00  sec  5.44 MBytes  4.56 Mbits/sec    0             sender
[  7]   0.00-11.22  sec  4.05 MBytes  3.03 Mbits/sec                  receiver
[  9]   0.00-10.00  sec  5.43 MBytes  4.56 Mbits/sec    0             sender
[  9]   0.00-11.22  sec  4.16 MBytes  3.11 Mbits/sec                  receiver
[SUM]   0.00-10.00  sec  17.1 MBytes  14.3 Mbits/sec    0             sender
[SUM]   0.00-11.22  sec  12.6 MBytes  9.39 Mbits/sec                  receiver
[  5]   0.00-10.00  sec  2.77 MBytes  2.32 Mbits/sec    0             sender
[  5]   0.00-11.29  sec  1.80 MBytes  1.34 Mbits/sec                  receiver
[  7]   0.00-10.00  sec  2.77 MBytes  2.32 Mbits/sec    0             sender
[  7]   0.00-11.29  sec  1.71 MBytes  1.27 Mbits/sec                  receiver
[  9]   0.00-10.00  sec  2.77 MBytes  2.32 Mbits/sec    2             sender
[  9]   0.00-11.29  sec  1.75 MBytes  1.30 Mbits/sec                  receiver
[SUM]   0.00-10.00  sec  8.31 MBytes  6.97 Mbits/sec    2             sender
[SUM]   0.00-11.29  sec  5.26 MBytes  3.91 Mbits/sec                  receiver
Failover Output:
[  5]   0.00-10.00  sec  5.25 MBytes  4.41 Mbits/sec    9             sender
[  5]   0.00-10.06  sec  3.56 MBytes  2.97 Mbits/sec                  receiver
[  7]   0.00-10.00  sec  5.44 MBytes  4.56 Mbits/sec   23             sender
[  7]   0.00-10.06  sec  3.60 MBytes  3.00 Mbits/sec                  receiver
[  9]   0.00-10.00  sec  5.44 MBytes  4.56 Mbits/sec   13             sender
[  9]   0.00-10.06  sec  3.53 MBytes  2.94 Mbits/sec                  receiver
[SUM]   0.00-10.00  sec  16.1 MBytes  13.5 Mbits/sec   45             sender
[SUM]   0.00-10.06  sec  10.7 MBytes  8.91 Mbits/sec                  receiver
[  5]   0.00-10.00  sec  3.39 MBytes  2.84 Mbits/sec    0             sender
[  5]   0.00-12.05  sec  2.22 MBytes  1.55 Mbits/sec                  receiver
[  7]   0.00-10.00  sec  3.40 MBytes  2.85 Mbits/sec    0             sender
[  7]   0.00-12.05  sec  2.31 MBytes  1.61 Mbits/sec                  receiver
[  9]   0.00-10.00  sec  3.40 MBytes  2.85 Mbits/sec    0             sender
[  9]   0.00-12.05  sec  2.25 MBytes  1.57 Mbits/sec                  receiver
[SUM]   0.00-10.00  sec  10.2 MBytes  8.54 Mbits/sec    0             sender
[SUM]   0.00-12.05  sec  6.79 MBytes  4.72 Mbits/sec                  receiver
