Baseline Output:
[  5]   0.00-20.00  sec  2.38 MBytes  1.00 Mbits/sec  0.000 ms  0/1727 (0%)  sender
[  5]   0.00-20.02  sec  2.38 MBytes  1.00 Mbits/sec  0.252 ms  0/1727 (0%)  receiver
[  7]   0.00-20.00  sec  2.38 MBytes  1.00 Mbits/sec  0.000 ms  0/1727 (0%)  sender
[  7]   0.00-20.02  sec  2.38 MBytes  1.00 Mbits/sec  0.222 ms  0/1727 (0%)  receiver
[  9]   0.00-20.00  sec  2.38 MBytes  1.00 Mbits/sec  0.000 ms  0/1727 (0%)  sender
[  9]   0.00-20.02  sec  2.38 MBytes  1.00 Mbits/sec  0.283 ms  0/1727 (0%)  receiver
[SUM]   0.00-20.00  sec  7.15 MBytes  3.00 Mbits/sec  0.000 ms  0/5181 (0%)  sender
[SUM]   0.00-20.02  sec  7.15 MBytes  3.00 Mbits/sec  0.253 ms  0/5181 (0%)  receiver
[  5]   0.00-20.00  sec  2.38 MBytes  1.00 Mbits/sec  0.000 ms  0/1727 (0%)  sender
[  5]   0.00-20.88  sec  2.38 MBytes  0.96 Mbits/sec  52.357 ms  0/1727 (0%)  receiver
[  7]   0.00-20.00  sec  2.38 MBytes  1.00 Mbits/sec  0.000 ms  0/1727 (0%)  sender
[  7]   0.00-20.88  sec  2.38 MBytes  0.96 Mbits/sec  52.376 ms  0/1727 (0%)  receiver
[  9]   0.00-20.00  sec  2.38 MBytes  1.00 Mbits/sec  0.000 ms  0/1727 (0%)  sender
[  9]   0.00-20.88  sec  2.38 MBytes  0.96 Mbits/sec  0.594 ms  0/1726 (0%)  receiver
[SUM]   0.00-20.00  sec  7.15 MBytes  3.00 Mbits/sec  0.000 ms  0/5181 (0%)  sender
[SUM]   0.00-20.88  sec  7.15 MBytes  2.87 Mbits/sec  35.109 ms  0/5180 (0%)  receiver
[  5]   0.00-20.06  sec  2.35 MBytes  0.98 Mbits/sec  0.000 ms  0/1705 (0%)  sender
[  5]   0.00-20.08  sec  2.35 MBytes  0.98 Mbits/sec  19.671 ms  0/1705 (0%)  receiver
[  7]   0.00-20.06  sec  2.35 MBytes  0.98 Mbits/sec  0.000 ms  0/1705 (0%)  sender
[  7]   0.00-20.08  sec  2.35 MBytes  0.98 Mbits/sec  19.678 ms  0/1705 (0%)  receiver
[  9]   0.00-20.06  sec  2.35 MBytes  0.98 Mbits/sec  0.000 ms  0/1705 (0%)  sender
[  9]   0.00-20.08  sec  2.35 MBytes  0.98 Mbits/sec  19.661 ms  0/1705 (0%)  receiver
[SUM]   0.00-20.06  sec  7.06 MBytes  2.95 Mbits/sec  0.000 ms  0/5115 (0%)  sender
[SUM]   0.00-20.08  sec  7.06 MBytes  2.95 Mbits/sec  19.670 ms  0/5115 (0%)  receiver
[  5]   0.00-20.00  sec  2.38 MBytes  1.00 Mbits/sec  0.000 ms  0/1727 (0%)  sender
[  5]   0.00-20.04  sec  2.38 MBytes  1.00 Mbits/sec  0.409 ms  0/1727 (0%)  receiver
[  7]   0.00-20.00  sec  2.38 MBytes  1.00 Mbits/sec  0.000 ms  0/1727 (0%)  sender
[  7]   0.00-20.04  sec  2.38 MBytes  1.00 Mbits/sec  0.402 ms  0/1727 (0%)  receiver
[  9]   0.00-20.00  sec  2.38 MBytes  1.00 Mbits/sec  0.000 ms  0/1727 (0%)  sender
[  9]   0.00-20.04  sec  2.38 MBytes  1.00 Mbits/sec  0.370 ms  0/1727 (0%)  receiver
[SUM]   0.00-20.00  sec  7.15 MBytes  3.00 Mbits/sec  0.000 ms  0/5181 (0%)  sender
[SUM]   0.00-20.04  sec  7.15 MBytes  2.99 Mbits/sec  0.394 ms  0/5181 (0%)  receiver
[  5]   0.00-20.00  sec  2.38 MBytes  1.00 Mbits/sec  0.000 ms  0/1727 (0%)  sender
[  5]   0.00-20.02  sec  2.38 MBytes  1.00 Mbits/sec  0.336 ms  0/1727 (0%)  receiver
[  7]   0.00-20.00  sec  2.38 MBytes  1.00 Mbits/sec  0.000 ms  0/1727 (0%)  sender
[  7]   0.00-20.02  sec  2.38 MBytes  1.00 Mbits/sec  0.345 ms  0/1727 (0%)  receiver
[  9]   0.00-20.00  sec  2.38 MBytes  1.00 Mbits/sec  0.000 ms  0/1727 (0%)  sender
[  9]   0.00-20.02  sec  2.38 MBytes  1.00 Mbits/sec  0.343 ms  0/1727 (0%)  receiver
[SUM]   0.00-20.00  sec  7.15 MBytes  3.00 Mbits/sec  0.000 ms  0/5181 (0%)  sender
[SUM]   0.00-20.02  sec  7.15 MBytes  3.00 Mbits/sec  0.341 ms  0/5181 (0%)  receiver
[  5]   0.00-20.00  sec  2.38 MBytes  1.00 Mbits/sec  0.000 ms  0/1727 (0%)  sender
[  5]   0.00-20.02  sec  2.38 MBytes  1.00 Mbits/sec  0.322 ms  0/1727 (0%)  receiver
[  7]   0.00-20.00  sec  2.38 MBytes  1.00 Mbits/sec  0.000 ms  0/1727 (0%)  sender
[  7]   0.00-20.02  sec  2.38 MBytes  1.00 Mbits/sec  0.315 ms  0/1727 (0%)  receiver
[  9]   0.00-20.00  sec  2.38 MBytes  1.00 Mbits/sec  0.000 ms  0/1727 (0%)  sender
[  9]   0.00-20.02  sec  2.38 MBytes  1.00 Mbits/sec  0.415 ms  0/1727 (0%)  receiver
[SUM]   0.00-20.00  sec  7.15 MBytes  3.00 Mbits/sec  0.000 ms  0/5181 (0%)  sender
[SUM]   0.00-20.02  sec  7.15 MBytes  3.00 Mbits/sec  0.351 ms  0/5181 (0%)  receiver
[  5]   0.00-20.00  sec  2.38 MBytes  1.00 Mbits/sec  0.000 ms  0/1727 (0%)  sender
[  5]   0.00-20.04  sec  2.38 MBytes  1.00 Mbits/sec  0.846 ms  0/1727 (0%)  receiver
[  7]   0.00-20.00  sec  2.38 MBytes  1.00 Mbits/sec  0.000 ms  0/1727 (0%)  sender
[  7]   0.00-20.04  sec  2.38 MBytes  1.00 Mbits/sec  1.135 ms  0/1727 (0%)  receiver
[  9]   0.00-20.00  sec  2.38 MBytes  1.00 Mbits/sec  0.000 ms  0/1727 (0%)  sender
[  9]   0.00-20.04  sec  2.38 MBytes  1.00 Mbits/sec  1.578 ms  0/1727 (0%)  receiver
[SUM]   0.00-20.00  sec  7.15 MBytes  3.00 Mbits/sec  0.000 ms  0/5181 (0%)  sender
[SUM]   0.00-20.04  sec  7.15 MBytes  2.99 Mbits/sec  1.186 ms  0/5181 (0%)  receiver
[  5]   0.00-20.00  sec  2.38 MBytes  1.00 Mbits/sec  0.000 ms  0/1727 (0%)  sender
[  5]   0.00-20.04  sec  2.38 MBytes  1.00 Mbits/sec  0.753 ms  0/1727 (0%)  receiver
[  7]   0.00-20.00  sec  2.38 MBytes  1.00 Mbits/sec  0.000 ms  0/1727 (0%)  sender
[  7]   0.00-20.04  sec  2.38 MBytes  1.00 Mbits/sec  0.746 ms  0/1727 (0%)  receiver
[  9]   0.00-20.00  sec  2.38 MBytes  1.00 Mbits/sec  0.000 ms  0/1727 (0%)  sender
[  9]   0.00-20.04  sec  2.38 MBytes  1.00 Mbits/sec  0.785 ms  0/1727 (0%)  receiver
[SUM]   0.00-20.00  sec  7.15 MBytes  3.00 Mbits/sec  0.000 ms  0/5181 (0%)  sender
[SUM]   0.00-20.04  sec  7.15 MBytes  3.00 Mbits/sec  0.762 ms  0/5181 (0%)  receiver
[  5]   0.00-20.00  sec  2.38 MBytes  1.00 Mbits/sec  0.000 ms  0/1727 (0%)  sender
[  5]   0.00-21.46  sec  2.38 MBytes  0.93 Mbits/sec  89.333 ms  0/1727 (0%)  receiver
[  7]   0.00-20.00  sec  2.38 MBytes  1.00 Mbits/sec  0.000 ms  0/1727 (0%)  sender
[  7]   0.00-21.46  sec  2.38 MBytes  0.93 Mbits/sec  89.352 ms  0/1727 (0%)  receiver
[  9]   0.00-20.00  sec  2.38 MBytes  1.00 Mbits/sec  0.000 ms  0/1727 (0%)  sender
[  9]   0.00-21.46  sec  2.38 MBytes  0.93 Mbits/sec  0.258 ms  0/1726 (0%)  receiver
[SUM]   0.00-20.00  sec  7.15 MBytes  3.00 Mbits/sec  0.000 ms  0/5181 (0%)  sender
[SUM]   0.00-21.46  sec  7.15 MBytes  2.80 Mbits/sec  59.648 ms  0/5180 (0%)  receiver
[  5]   0.00-20.00  sec  2.38 MBytes  1.00 Mbits/sec  0.000 ms  0/1727 (0%)  sender
[  5]   0.00-20.02  sec  2.38 MBytes  1.00 Mbits/sec  0.108 ms  0/1727 (0%)  receiver
[  7]   0.00-20.00  sec  2.38 MBytes  1.00 Mbits/sec  0.000 ms  0/1727 (0%)  sender
[  7]   0.00-20.02  sec  2.38 MBytes  1.00 Mbits/sec  0.099 ms  0/1727 (0%)  receiver
[  9]   0.00-20.00  sec  2.38 MBytes  1.00 Mbits/sec  0.000 ms  0/1727 (0%)  sender
[  9]   0.00-20.02  sec  2.38 MBytes  1.00 Mbits/sec  0.209 ms  0/1727 (0%)  receiver
[SUM]   0.00-20.00  sec  7.15 MBytes  3.00 Mbits/sec  0.000 ms  0/5181 (0%)  sender
[SUM]   0.00-20.02  sec  7.15 MBytes  3.00 Mbits/sec  0.139 ms  0/5181 (0%)  receiver
[  5]   0.00-20.00  sec  2.38 MBytes  1.00 Mbits/sec  0.000 ms  0/1727 (0%)  sender
[  5]   0.00-20.08  sec  2.38 MBytes  1.00 Mbits/sec  4.111 ms  0/1727 (0%)  receiver
[  7]   0.00-20.00  sec  2.38 MBytes  1.00 Mbits/sec  0.000 ms  0/1727 (0%)  sender
[  7]   0.00-20.08  sec  2.38 MBytes  1.00 Mbits/sec  4.131 ms  0/1727 (0%)  receiver
[  9]   0.00-20.00  sec  2.38 MBytes  1.00 Mbits/sec  0.000 ms  0/1727 (0%)  sender
[  9]   0.00-20.08  sec  2.38 MBytes  1.00 Mbits/sec  4.155 ms  0/1727 (0%)  receiver
[SUM]   0.00-20.00  sec  7.15 MBytes  3.00 Mbits/sec  0.000 ms  0/5181 (0%)  sender
[SUM]   0.00-20.08  sec  7.15 MBytes  2.99 Mbits/sec  4.132 ms  0/5181 (0%)  receiver
[  5]   0.00-20.00  sec  2.38 MBytes  1.00 Mbits/sec  0.000 ms  0/1727 (0%)  sender
[  5]   0.00-20.04  sec  2.38 MBytes  1.00 Mbits/sec  0.337 ms  0/1727 (0%)  receiver
[  7]   0.00-20.00  sec  2.38 MBytes  1.00 Mbits/sec  0.000 ms  0/1727 (0%)  sender
[  7]   0.00-20.04  sec  2.38 MBytes  1.00 Mbits/sec  0.347 ms  0/1727 (0%)  receiver
[  9]   0.00-20.00  sec  2.38 MBytes  1.00 Mbits/sec  0.000 ms  0/1727 (0%)  sender
[  9]   0.00-20.04  sec  2.38 MBytes  1.00 Mbits/sec  0.424 ms  0/1727 (0%)  receiver
[SUM]   0.00-20.00  sec  7.15 MBytes  3.00 Mbits/sec  0.000 ms  0/5181 (0%)  sender
[SUM]   0.00-20.04  sec  7.15 MBytes  2.99 Mbits/sec  0.370 ms  0/5181 (0%)  receiver
[  5]   0.00-20.00  sec  2.38 MBytes  1.00 Mbits/sec  0.000 ms  0/1727 (0%)  sender
[  5]   0.00-20.04  sec  2.38 MBytes  1.00 Mbits/sec  0.459 ms  0/1727 (0%)  receiver
[  7]   0.00-20.00  sec  2.38 MBytes  1.00 Mbits/sec  0.000 ms  0/1727 (0%)  sender
[  7]   0.00-20.04  sec  2.38 MBytes  1.00 Mbits/sec  0.463 ms  0/1727 (0%)  receiver
[  9]   0.00-20.00  sec  2.38 MBytes  1.00 Mbits/sec  0.000 ms  0/1727 (0%)  sender
[  9]   0.00-20.04  sec  2.38 MBytes  1.00 Mbits/sec  0.351 ms  0/1727 (0%)  receiver
[SUM]   0.00-20.00  sec  7.15 MBytes  3.00 Mbits/sec  0.000 ms  0/5181 (0%)  sender
[SUM]   0.00-20.04  sec  7.15 MBytes  2.99 Mbits/sec  0.425 ms  0/5181 (0%)  receiver
[  5]   0.00-20.00  sec  2.38 MBytes  1.00 Mbits/sec  0.000 ms  0/1727 (0%)  sender
[  5]   0.00-20.41  sec  2.38 MBytes  0.98 Mbits/sec  21.813 ms  0/1727 (0%)  receiver
[  7]   0.00-20.00  sec  2.38 MBytes  1.00 Mbits/sec  0.000 ms  0/1727 (0%)  sender
[  7]   0.00-20.41  sec  2.38 MBytes  0.98 Mbits/sec  21.805 ms  0/1727 (0%)  receiver
[  9]   0.00-20.00  sec  2.38 MBytes  1.00 Mbits/sec  0.000 ms  0/1727 (0%)  sender
[  9]   0.00-20.41  sec  2.38 MBytes  0.98 Mbits/sec  21.789 ms  0/1727 (0%)  receiver
[SUM]   0.00-20.00  sec  7.15 MBytes  3.00 Mbits/sec  0.000 ms  0/5181 (0%)  sender
[SUM]   0.00-20.41  sec  7.15 MBytes  2.94 Mbits/sec  21.802 ms  0/5181 (0%)  receiver
[  5]   0.00-20.00  sec  2.38 MBytes  1.00 Mbits/sec  0.000 ms  0/1727 (0%)  sender
[  5]   0.00-20.03  sec  2.38 MBytes  1.00 Mbits/sec  0.218 ms  0/1727 (0%)  receiver
[  7]   0.00-20.00  sec  2.38 MBytes  1.00 Mbits/sec  0.000 ms  0/1727 (0%)  sender
[  7]   0.00-20.03  sec  2.38 MBytes  1.00 Mbits/sec  0.222 ms  0/1727 (0%)  receiver
[  9]   0.00-20.00  sec  2.38 MBytes  1.00 Mbits/sec  0.000 ms  0/1727 (0%)  sender
[  9]   0.00-20.03  sec  2.38 MBytes  1.00 Mbits/sec  0.217 ms  0/1727 (0%)  receiver
[SUM]   0.00-20.00  sec  7.15 MBytes  3.00 Mbits/sec  0.000 ms  0/5181 (0%)  sender
[SUM]   0.00-20.03  sec  7.15 MBytes  3.00 Mbits/sec  0.219 ms  0/5181 (0%)  receiver
[  5]   0.00-20.00  sec  2.38 MBytes  1.00 Mbits/sec  0.000 ms  0/1727 (0%)  sender
[  5]   0.00-20.04  sec  2.38 MBytes  1.00 Mbits/sec  0.308 ms  0/1727 (0%)  receiver
[  7]   0.00-20.00  sec  2.38 MBytes  1.00 Mbits/sec  0.000 ms  0/1727 (0%)  sender
[  7]   0.00-20.04  sec  2.38 MBytes  1.00 Mbits/sec  0.347 ms  0/1727 (0%)  receiver
[  9]   0.00-20.00  sec  2.38 MBytes  1.00 Mbits/sec  0.000 ms  0/1727 (0%)  sender
[  9]   0.00-20.04  sec  2.38 MBytes  1.00 Mbits/sec  0.450 ms  0/1727 (0%)  receiver
[SUM]   0.00-20.00  sec  7.15 MBytes  3.00 Mbits/sec  0.000 ms  0/5181 (0%)  sender
[SUM]   0.00-20.04  sec  7.15 MBytes  2.99 Mbits/sec  0.369 ms  0/5181 (0%)  receiver
[  5]   0.00-20.00  sec  2.38 MBytes  1.00 Mbits/sec  0.000 ms  0/1727 (0%)  sender
[  5]   0.00-20.04  sec  2.38 MBytes  1.00 Mbits/sec  1.217 ms  0/1727 (0%)  receiver
[  7]   0.00-20.00  sec  2.38 MBytes  1.00 Mbits/sec  0.000 ms  0/1727 (0%)  sender
[  7]   0.00-20.04  sec  2.38 MBytes  1.00 Mbits/sec  1.274 ms  0/1727 (0%)  receiver
[  9]   0.00-20.00  sec  2.38 MBytes  1.00 Mbits/sec  0.000 ms  0/1727 (0%)  sender
[  9]   0.00-20.04  sec  2.38 MBytes  1.00 Mbits/sec  1.114 ms  0/1727 (0%)  receiver
[SUM]   0.00-20.00  sec  7.15 MBytes  3.00 Mbits/sec  0.000 ms  0/5181 (0%)  sender
[SUM]   0.00-20.04  sec  7.15 MBytes  2.99 Mbits/sec  1.202 ms  0/5181 (0%)  receiver
[  5]   0.00-20.00  sec  2.38 MBytes  1.00 Mbits/sec  0.000 ms  0/1727 (0%)  sender
[  5]   0.00-20.04  sec  2.38 MBytes  1.00 Mbits/sec  0.377 ms  0/1727 (0%)  receiver
[  7]   0.00-20.00  sec  2.38 MBytes  1.00 Mbits/sec  0.000 ms  0/1727 (0%)  sender
[  7]   0.00-20.04  sec  2.38 MBytes  1.00 Mbits/sec  0.367 ms  0/1727 (0%)  receiver
[  9]   0.00-20.00  sec  2.38 MBytes  1.00 Mbits/sec  0.000 ms  0/1727 (0%)  sender
[  9]   0.00-20.04  sec  2.38 MBytes  1.00 Mbits/sec  0.375 ms  0/1727 (0%)  receiver
[SUM]   0.00-20.00  sec  7.15 MBytes  3.00 Mbits/sec  0.000 ms  0/5181 (0%)  sender
[SUM]   0.00-20.04  sec  7.15 MBytes  2.99 Mbits/sec  0.373 ms  0/5181 (0%)  receiver
[  5]   0.00-20.00  sec  2.38 MBytes  1.00 Mbits/sec  0.000 ms  0/1727 (0%)  sender
[  5]   0.00-20.04  sec  2.38 MBytes  1.00 Mbits/sec  0.165 ms  0/1727 (0%)  receiver
[  7]   0.00-20.00  sec  2.38 MBytes  1.00 Mbits/sec  0.000 ms  0/1727 (0%)  sender
[  7]   0.00-20.04  sec  2.38 MBytes  1.00 Mbits/sec  0.163 ms  0/1727 (0%)  receiver
[  9]   0.00-20.00  sec  2.38 MBytes  1.00 Mbits/sec  0.000 ms  0/1727 (0%)  sender
[  9]   0.00-20.04  sec  2.38 MBytes  1.00 Mbits/sec  0.372 ms  0/1727 (0%)  receiver
[SUM]   0.00-20.00  sec  7.15 MBytes  3.00 Mbits/sec  0.000 ms  0/5181 (0%)  sender
[SUM]   0.00-20.04  sec  7.15 MBytes  2.99 Mbits/sec  0.233 ms  0/5181 (0%)  receiver
[  5]   0.00-20.00  sec  2.38 MBytes  1.00 Mbits/sec  0.000 ms  0/1727 (0%)  sender
[  5]   0.00-20.03  sec  2.38 MBytes  1.00 Mbits/sec  0.274 ms  0/1727 (0%)  receiver
[  7]   0.00-20.00  sec  2.38 MBytes  1.00 Mbits/sec  0.000 ms  0/1727 (0%)  sender
[  7]   0.00-20.03  sec  2.38 MBytes  1.00 Mbits/sec  0.277 ms  0/1727 (0%)  receiver
[  9]   0.00-20.00  sec  2.38 MBytes  1.00 Mbits/sec  0.000 ms  0/1727 (0%)  sender
[  9]   0.00-20.03  sec  2.38 MBytes  1.00 Mbits/sec  0.280 ms  0/1727 (0%)  receiver
[SUM]   0.00-20.00  sec  7.15 MBytes  3.00 Mbits/sec  0.000 ms  0/5181 (0%)  sender
[SUM]   0.00-20.03  sec  7.15 MBytes  3.00 Mbits/sec  0.277 ms  0/5181 (0%)  receiver
Failover Output:
[  5]   0.00-20.00  sec  2.38 MBytes  1.00 Mbits/sec  0.000 ms  0/1727 (0%)  sender
[  5]   0.00-21.37  sec  2.38 MBytes  0.93 Mbits/sec  21.496 ms  6/1727 (0.35%)  receiver
[  7]   0.00-20.00  sec  2.38 MBytes  1.00 Mbits/sec  0.000 ms  0/1727 (0%)  sender
[  7]   0.00-21.37  sec  2.38 MBytes  0.93 Mbits/sec  21.497 ms  6/1727 (0.35%)  receiver
[  9]   0.00-20.00  sec  2.38 MBytes  1.00 Mbits/sec  0.000 ms  0/1727 (0%)  sender
[  9]   0.00-21.37  sec  2.38 MBytes  0.93 Mbits/sec  21.463 ms  7/1727 (0.41%)  receiver
[SUM]   0.00-20.00  sec  7.15 MBytes  3.00 Mbits/sec  0.000 ms  0/5181 (0%)  sender
[SUM]   0.00-21.37  sec  7.13 MBytes  2.80 Mbits/sec  21.486 ms  19/5181 (0.37%)  receiver
[  5]   0.00-20.00  sec  2.38 MBytes  1.00 Mbits/sec  0.000 ms  0/1727 (0%)  sender
[  5]   0.00-21.87  sec  2.38 MBytes  0.91 Mbits/sec  53.093 ms  0/1727 (0%)  receiver
[  7]   0.00-20.00  sec  2.38 MBytes  1.00 Mbits/sec  0.000 ms  0/1727 (0%)  sender
[  7]   0.00-21.87  sec  2.38 MBytes  0.91 Mbits/sec  53.088 ms  0/1727 (0%)  receiver
[  9]   0.00-20.00  sec  2.38 MBytes  1.00 Mbits/sec  0.000 ms  0/1727 (0%)  sender
[  9]   0.00-21.87  sec  2.38 MBytes  0.91 Mbits/sec  52.974 ms  0/1727 (0%)  receiver
[SUM]   0.00-20.00  sec  7.15 MBytes  3.00 Mbits/sec  0.000 ms  0/5181 (0%)  sender
[SUM]   0.00-21.87  sec  7.15 MBytes  2.74 Mbits/sec  53.052 ms  0/5181 (0%)  receiver
[  5]   0.00-20.00  sec  2.38 MBytes  1.00 Mbits/sec  0.000 ms  0/1727 (0%)  sender
[  5]   0.00-20.03  sec  2.38 MBytes  1.00 Mbits/sec  0.240 ms  3/1727 (0.17%)  receiver
[  7]   0.00-20.00  sec  2.38 MBytes  1.00 Mbits/sec  0.000 ms  0/1727 (0%)  sender
[  7]   0.00-20.03  sec  2.38 MBytes  1.00 Mbits/sec  0.239 ms  3/1727 (0.17%)  receiver
[  9]   0.00-20.00  sec  2.38 MBytes  1.00 Mbits/sec  0.000 ms  0/1727 (0%)  sender
[  9]   0.00-20.03  sec  2.38 MBytes  1.00 Mbits/sec  0.354 ms  3/1727 (0.17%)  receiver
[SUM]   0.00-20.00  sec  7.15 MBytes  3.00 Mbits/sec  0.000 ms  0/5181 (0%)  sender
[SUM]   0.00-20.03  sec  7.14 MBytes  2.99 Mbits/sec  0.278 ms  9/5181 (0.17%)  receiver
[  5]   0.00-20.00  sec  2.38 MBytes  1.00 Mbits/sec  0.000 ms  0/1727 (0%)  sender
[  5]   0.00-20.86  sec  2.38 MBytes  0.96 Mbits/sec  51.954 ms  0/1727 (0%)  receiver
[  7]   0.00-20.00  sec  2.38 MBytes  1.00 Mbits/sec  0.000 ms  0/1727 (0%)  sender
[  7]   0.00-20.86  sec  2.38 MBytes  0.96 Mbits/sec  51.972 ms  0/1727 (0%)  receiver
[  9]   0.00-20.00  sec  2.38 MBytes  1.00 Mbits/sec  0.000 ms  0/1727 (0%)  sender
[  9]   0.00-20.86  sec  2.38 MBytes  0.96 Mbits/sec  0.682 ms  0/1726 (0%)  receiver
[SUM]   0.00-20.00  sec  7.15 MBytes  3.00 Mbits/sec  0.000 ms  0/5181 (0%)  sender
[SUM]   0.00-20.86  sec  7.15 MBytes  2.88 Mbits/sec  34.869 ms  0/5180 (0%)  receiver
[  5]   0.00-20.00  sec  2.38 MBytes  1.00 Mbits/sec  0.000 ms  0/1727 (0%)  sender
[  5]   0.00-20.03  sec  2.38 MBytes  1.00 Mbits/sec  0.244 ms  4/1727 (0.23%)  receiver
[  7]   0.00-20.00  sec  2.38 MBytes  1.00 Mbits/sec  0.000 ms  0/1727 (0%)  sender
[  7]   0.00-20.03  sec  2.38 MBytes  1.00 Mbits/sec  0.249 ms  4/1727 (0.23%)  receiver
[  9]   0.00-20.00  sec  2.38 MBytes  1.00 Mbits/sec  0.000 ms  0/1727 (0%)  sender
[  9]   0.00-20.03  sec  2.38 MBytes  1.00 Mbits/sec  0.286 ms  4/1727 (0.23%)  receiver
[SUM]   0.00-20.00  sec  7.15 MBytes  3.00 Mbits/sec  0.000 ms  0/5181 (0%)  sender
[SUM]   0.00-20.03  sec  7.14 MBytes  2.99 Mbits/sec  0.260 ms  12/5181 (0.23%)  receiver
[  5]   0.00-20.00  sec  2.38 MBytes  1.00 Mbits/sec  0.000 ms  0/1727 (0%)  sender
[  5]   0.00-20.03  sec  2.38 MBytes  1.00 Mbits/sec  0.246 ms  4/1727 (0.23%)  receiver
[  7]   0.00-20.00  sec  2.38 MBytes  1.00 Mbits/sec  0.000 ms  0/1727 (0%)  sender
[  7]   0.00-20.03  sec  2.38 MBytes  1.00 Mbits/sec  0.245 ms  4/1727 (0.23%)  receiver
[  9]   0.00-20.00  sec  2.38 MBytes  1.00 Mbits/sec  0.000 ms  0/1727 (0%)  sender
[  9]   0.00-20.03  sec  2.38 MBytes  1.00 Mbits/sec  0.381 ms  4/1727 (0.23%)  receiver
[SUM]   0.00-20.00  sec  7.15 MBytes  3.00 Mbits/sec  0.000 ms  0/5181 (0%)  sender
[SUM]   0.00-20.03  sec  7.14 MBytes  2.99 Mbits/sec  0.291 ms  12/5181 (0.23%)  receiver
[  5]   0.00-20.00  sec  2.38 MBytes  1.00 Mbits/sec  0.000 ms  0/1727 (0%)  sender
[  5]   0.00-20.04  sec  2.35 MBytes  0.98 Mbits/sec  0.362 ms  28/1727 (1.6%)  receiver
[  7]   0.00-20.00  sec  2.38 MBytes  1.00 Mbits/sec  0.000 ms  0/1727 (0%)  sender
[  7]   0.00-20.04  sec  2.35 MBytes  0.98 Mbits/sec  0.364 ms  28/1727 (1.6%)  receiver
[  9]   0.00-20.00  sec  2.38 MBytes  1.00 Mbits/sec  0.000 ms  0/1727 (0%)  sender
[  9]   0.00-20.04  sec  2.35 MBytes  0.98 Mbits/sec  0.287 ms  28/1727 (1.6%)  receiver
[SUM]   0.00-20.00  sec  7.15 MBytes  3.00 Mbits/sec  0.000 ms  0/5181 (0%)  sender
[SUM]   0.00-20.04  sec  7.04 MBytes  2.95 Mbits/sec  0.338 ms  84/5181 (1.6%)  receiver
[  5]   0.00-20.00  sec  2.38 MBytes  1.00 Mbits/sec  0.000 ms  0/1727 (0%)  sender
[  5]   0.00-20.03  sec  2.38 MBytes  1.00 Mbits/sec  0.178 ms  0/1727 (0%)  receiver
[  7]   0.00-20.00  sec  2.38 MBytes  1.00 Mbits/sec  0.000 ms  0/1727 (0%)  sender
[  7]   0.00-20.03  sec  2.38 MBytes  1.00 Mbits/sec  0.181 ms  0/1727 (0%)  receiver
[  9]   0.00-20.00  sec  2.38 MBytes  1.00 Mbits/sec  0.000 ms  0/1727 (0%)  sender
[  9]   0.00-20.03  sec  2.38 MBytes  1.00 Mbits/sec  0.359 ms  0/1727 (0%)  receiver
[SUM]   0.00-20.00  sec  7.15 MBytes  3.00 Mbits/sec  0.000 ms  0/5181 (0%)  sender
[SUM]   0.00-20.03  sec  7.15 MBytes  3.00 Mbits/sec  0.239 ms  0/5181 (0%)  receiver
[  5]   0.00-20.00  sec  2.38 MBytes  1.00 Mbits/sec  0.000 ms  0/1727 (0%)  sender
[  5]   0.00-20.03  sec  2.38 MBytes  1.00 Mbits/sec  0.275 ms  0/1727 (0%)  receiver
[  7]   0.00-20.00  sec  2.38 MBytes  1.00 Mbits/sec  0.000 ms  0/1727 (0%)  sender
[  7]   0.00-20.03  sec  2.38 MBytes  1.00 Mbits/sec  0.267 ms  0/1727 (0%)  receiver
[  9]   0.00-20.00  sec  2.38 MBytes  1.00 Mbits/sec  0.000 ms  0/1727 (0%)  sender
[  9]   0.00-20.03  sec  2.38 MBytes  1.00 Mbits/sec  0.214 ms  0/1727 (0%)  receiver
[SUM]   0.00-20.00  sec  7.15 MBytes  3.00 Mbits/sec  0.000 ms  0/5181 (0%)  sender
[SUM]   0.00-20.03  sec  7.15 MBytes  3.00 Mbits/sec  0.252 ms  0/5181 (0%)  receiver
[  5]   0.00-20.00  sec  2.38 MBytes  1.00 Mbits/sec  0.000 ms  0/1727 (0%)  sender
[  5]   0.00-20.03  sec  2.38 MBytes  1.00 Mbits/sec  0.275 ms  4/1727 (0.23%)  receiver
[  7]   0.00-20.00  sec  2.38 MBytes  1.00 Mbits/sec  0.000 ms  0/1727 (0%)  sender
[  7]   0.00-20.03  sec  2.38 MBytes  1.00 Mbits/sec  0.277 ms  4/1727 (0.23%)  receiver
[  9]   0.00-20.00  sec  2.38 MBytes  1.00 Mbits/sec  0.000 ms  0/1727 (0%)  sender
[  9]   0.00-20.03  sec  2.38 MBytes  1.00 Mbits/sec  0.360 ms  4/1727 (0.23%)  receiver
[SUM]   0.00-20.00  sec  7.15 MBytes  3.00 Mbits/sec  0.000 ms  0/5181 (0%)  sender
[SUM]   0.00-20.03  sec  7.14 MBytes  2.99 Mbits/sec  0.304 ms  12/5181 (0.23%)  receiver
[  5]   0.00-20.00  sec  2.38 MBytes  1.00 Mbits/sec  0.000 ms  0/1727 (0%)  sender
[  5]   0.00-21.46  sec  2.38 MBytes  0.93 Mbits/sec  27.620 ms  4/1727 (0.23%)  receiver
[  7]   0.00-20.00  sec  2.38 MBytes  1.00 Mbits/sec  0.000 ms  0/1727 (0%)  sender
[  7]   0.00-21.46  sec  2.38 MBytes  0.93 Mbits/sec  27.620 ms  4/1727 (0.23%)  receiver
[  9]   0.00-20.00  sec  2.38 MBytes  1.00 Mbits/sec  0.000 ms  0/1727 (0%)  sender
[  9]   0.00-21.46  sec  2.38 MBytes  0.93 Mbits/sec  1.147 ms  4/1726 (0.23%)  receiver
[SUM]   0.00-20.00  sec  7.15 MBytes  3.00 Mbits/sec  0.000 ms  0/5181 (0%)  sender
[SUM]   0.00-21.46  sec  7.14 MBytes  2.79 Mbits/sec  18.796 ms  12/5180 (0.23%)  receiver
[  5]   0.00-20.00  sec  2.38 MBytes  1.00 Mbits/sec  0.000 ms  0/1727 (0%)  sender
[  5]   0.00-20.04  sec  2.38 MBytes  1.00 Mbits/sec  0.123 ms  0/1727 (0%)  receiver
[  7]   0.00-20.00  sec  2.38 MBytes  1.00 Mbits/sec  0.000 ms  0/1727 (0%)  sender
[  7]   0.00-20.04  sec  2.38 MBytes  1.00 Mbits/sec  0.119 ms  0/1727 (0%)  receiver
[  9]   0.00-20.00  sec  2.38 MBytes  1.00 Mbits/sec  0.000 ms  0/1727 (0%)  sender
[  9]   0.00-20.04  sec  2.38 MBytes  1.00 Mbits/sec  0.388 ms  0/1727 (0%)  receiver
[SUM]   0.00-20.00  sec  7.15 MBytes  3.00 Mbits/sec  0.000 ms  0/5181 (0%)  sender
[SUM]   0.00-20.04  sec  7.15 MBytes  2.99 Mbits/sec  0.210 ms  0/5181 (0%)  receiver
[  5]   0.00-20.00  sec  2.38 MBytes  1.00 Mbits/sec  0.000 ms  0/1727 (0%)  sender
[  5]   0.00-20.03  sec  2.38 MBytes  1.00 Mbits/sec  0.431 ms  0/1727 (0%)  receiver
[  7]   0.00-20.00  sec  2.38 MBytes  1.00 Mbits/sec  0.000 ms  0/1727 (0%)  sender
[  7]   0.00-20.03  sec  2.38 MBytes  1.00 Mbits/sec  0.464 ms  0/1727 (0%)  receiver
[  9]   0.00-20.00  sec  2.38 MBytes  1.00 Mbits/sec  0.000 ms  0/1727 (0%)  sender
[  9]   0.00-20.03  sec  2.38 MBytes  1.00 Mbits/sec  0.378 ms  0/1727 (0%)  receiver
[SUM]   0.00-20.00  sec  7.15 MBytes  3.00 Mbits/sec  0.000 ms  0/5181 (0%)  sender
[SUM]   0.00-20.03  sec  7.15 MBytes  3.00 Mbits/sec  0.424 ms  0/5181 (0%)  receiver
[  5]   0.00-20.00  sec  2.38 MBytes  1.00 Mbits/sec  0.000 ms  0/1727 (0%)  sender
[  5]   0.00-20.03  sec  2.38 MBytes  1.00 Mbits/sec  0.459 ms  0/1727 (0%)  receiver
[  7]   0.00-20.00  sec  2.38 MBytes  1.00 Mbits/sec  0.000 ms  0/1727 (0%)  sender
[  7]   0.00-20.03  sec  2.38 MBytes  1.00 Mbits/sec  0.479 ms  0/1727 (0%)  receiver
[  9]   0.00-20.00  sec  2.38 MBytes  1.00 Mbits/sec  0.000 ms  0/1727 (0%)  sender
[  9]   0.00-20.03  sec  2.38 MBytes  1.00 Mbits/sec  0.316 ms  0/1727 (0%)  receiver
[SUM]   0.00-20.00  sec  7.15 MBytes  3.00 Mbits/sec  0.000 ms  0/5181 (0%)  sender
[SUM]   0.00-20.03  sec  7.15 MBytes  3.00 Mbits/sec  0.418 ms  0/5181 (0%)  receiver
[  5]   0.00-20.00  sec  2.38 MBytes  1.00 Mbits/sec  0.000 ms  0/1727 (0%)  sender
[  5]   0.00-20.03  sec  2.38 MBytes  1.00 Mbits/sec  0.334 ms  0/1727 (0%)  receiver
[  7]   0.00-20.00  sec  2.38 MBytes  1.00 Mbits/sec  0.000 ms  0/1727 (0%)  sender
[  7]   0.00-20.03  sec  2.38 MBytes  1.00 Mbits/sec  0.334 ms  0/1727 (0%)  receiver
[  9]   0.00-20.00  sec  2.38 MBytes  1.00 Mbits/sec  0.000 ms  0/1727 (0%)  sender
[  9]   0.00-20.03  sec  2.38 MBytes  1.00 Mbits/sec  0.296 ms  0/1727 (0%)  receiver
[SUM]   0.00-20.00  sec  7.15 MBytes  3.00 Mbits/sec  0.000 ms  0/5181 (0%)  sender
[SUM]   0.00-20.03  sec  7.15 MBytes  3.00 Mbits/sec  0.321 ms  0/5181 (0%)  receiver
[  5]   0.00-20.00  sec  2.38 MBytes  1.00 Mbits/sec  0.000 ms  0/1727 (0%)  sender
[  5]   0.00-20.03  sec  2.38 MBytes  1.00 Mbits/sec  0.286 ms  0/1727 (0%)  receiver
[  7]   0.00-20.00  sec  2.38 MBytes  1.00 Mbits/sec  0.000 ms  0/1727 (0%)  sender
[  7]   0.00-20.03  sec  2.38 MBytes  1.00 Mbits/sec  0.282 ms  0/1727 (0%)  receiver
[  9]   0.00-20.00  sec  2.38 MBytes  1.00 Mbits/sec  0.000 ms  0/1727 (0%)  sender
[  9]   0.00-20.03  sec  2.38 MBytes  1.00 Mbits/sec  0.313 ms  0/1727 (0%)  receiver
[SUM]   0.00-20.00  sec  7.15 MBytes  3.00 Mbits/sec  0.000 ms  0/5181 (0%)  sender
[SUM]   0.00-20.03  sec  7.15 MBytes  3.00 Mbits/sec  0.294 ms  0/5181 (0%)  receiver
[  5]   0.00-20.00  sec  2.38 MBytes  1.00 Mbits/sec  0.000 ms  0/1727 (0%)  sender
[  5]   0.00-20.03  sec  2.38 MBytes  1.00 Mbits/sec  0.236 ms  0/1727 (0%)  receiver
[  7]   0.00-20.00  sec  2.38 MBytes  1.00 Mbits/sec  0.000 ms  0/1727 (0%)  sender
[  7]   0.00-20.03  sec  2.38 MBytes  1.00 Mbits/sec  0.235 ms  0/1727 (0%)  receiver
[  9]   0.00-20.00  sec  2.38 MBytes  1.00 Mbits/sec  0.000 ms  0/1727 (0%)  sender
[  9]   0.00-20.03  sec  2.38 MBytes  1.00 Mbits/sec  0.285 ms  0/1727 (0%)  receiver
[SUM]   0.00-20.00  sec  7.15 MBytes  3.00 Mbits/sec  0.000 ms  0/5181 (0%)  sender
[SUM]   0.00-20.03  sec  7.15 MBytes  3.00 Mbits/sec  0.252 ms  0/5181 (0%)  receiver
[  5]   0.00-20.00  sec  2.38 MBytes  1.00 Mbits/sec  0.000 ms  0/1727 (0%)  sender
[  5]   0.00-20.03  sec  2.38 MBytes  1.00 Mbits/sec  0.312 ms  0/1727 (0%)  receiver
[  7]   0.00-20.00  sec  2.38 MBytes  1.00 Mbits/sec  0.000 ms  0/1727 (0%)  sender
[  7]   0.00-20.03  sec  2.38 MBytes  1.00 Mbits/sec  0.296 ms  0/1727 (0%)  receiver
[  9]   0.00-20.00  sec  2.38 MBytes  1.00 Mbits/sec  0.000 ms  0/1727 (0%)  sender
[  9]   0.00-20.03  sec  2.38 MBytes  1.00 Mbits/sec  0.452 ms  0/1727 (0%)  receiver
[SUM]   0.00-20.00  sec  7.15 MBytes  3.00 Mbits/sec  0.000 ms  0/5181 (0%)  sender
[SUM]   0.00-20.03  sec  7.15 MBytes  3.00 Mbits/sec  0.353 ms  0/5181 (0%)  receiver
[  5]   0.00-20.00  sec  2.38 MBytes  1.00 Mbits/sec  0.000 ms  0/1727 (0%)  sender
[  5]   0.00-20.03  sec  2.38 MBytes  1.00 Mbits/sec  0.304 ms  0/1727 (0%)  receiver
[  7]   0.00-20.00  sec  2.38 MBytes  1.00 Mbits/sec  0.000 ms  0/1727 (0%)  sender
[  7]   0.00-20.03  sec  2.38 MBytes  1.00 Mbits/sec  0.301 ms  0/1727 (0%)  receiver
[  9]   0.00-20.00  sec  2.38 MBytes  1.00 Mbits/sec  0.000 ms  0/1727 (0%)  sender
[  9]   0.00-20.03  sec  2.38 MBytes  1.00 Mbits/sec  0.366 ms  0/1727 (0%)  receiver
[SUM]   0.00-20.00  sec  7.15 MBytes  3.00 Mbits/sec  0.000 ms  0/5181 (0%)  sender
[SUM]   0.00-20.03  sec  7.15 MBytes  3.00 Mbits/sec  0.324 ms  0/5181 (0%)  receiver
[  5]   0.00-20.00  sec  2.38 MBytes  1.00 Mbits/sec  0.000 ms  0/1727 (0%)  sender
[  5]   0.00-20.80  sec  2.38 MBytes  0.96 Mbits/sec  0.729 ms  0/1727 (0%)  receiver
[  7]   0.00-20.00  sec  2.38 MBytes  1.00 Mbits/sec  0.000 ms  0/1727 (0%)  sender
[  7]   0.00-20.80  sec  2.38 MBytes  0.96 Mbits/sec  0.703 ms  0/1727 (0%)  receiver
[  9]   0.00-20.00  sec  2.38 MBytes  1.00 Mbits/sec  0.000 ms  0/1727 (0%)  sender
[  9]   0.00-20.80  sec  2.38 MBytes  0.96 Mbits/sec  1.207 ms  0/1726 (0%)  receiver
[SUM]   0.00-20.00  sec  7.15 MBytes  3.00 Mbits/sec  0.000 ms  0/5181 (0%)  sender
[SUM]   0.00-20.80  sec  7.15 MBytes  2.88 Mbits/sec  0.880 ms  0/5180 (0%)  receiver
