Baseline Output:
[  5]   0.00-20.00  sec  2.50 MBytes  1.05 Mbits/sec  0.000 ms  0/1811 (0%)  sender
[  5]   0.00-20.19  sec  2.50 MBytes  1.04 Mbits/sec  0.170 ms  0/1811 (0%)  receiver
[  5]   0.00-20.00  sec  2.50 MBytes  1.05 Mbits/sec  0.000 ms  0/1811 (0%)  sender
[  5]   0.00-20.08  sec  2.50 MBytes  1.04 Mbits/sec  0.663 ms  0/1811 (0%)  receiver
[  5]   0.00-20.00  sec  2.50 MBytes  1.05 Mbits/sec  0.000 ms  0/1811 (0%)  sender
[  5]   0.00-20.06  sec  2.50 MBytes  1.05 Mbits/sec  0.776 ms  0/1811 (0%)  receiver
[  5]   0.00-20.00  sec  2.50 MBytes  1.05 Mbits/sec  0.000 ms  0/1811 (0%)  sender
[  5]   0.00-20.09  sec  2.50 MBytes  1.04 Mbits/sec  1.256 ms  0/1811 (0%)  receiver
[  5]   0.00-20.00  sec  2.50 MBytes  1.05 Mbits/sec  0.000 ms  0/1811 (0%)  sender
[  5]   0.00-20.08  sec  2.50 MBytes  1.04 Mbits/sec  0.212 ms  0/1811 (0%)  receiver
[  5]   0.00-20.00  sec  2.50 MBytes  1.05 Mbits/sec  0.000 ms  0/1811 (0%)  sender
[  5]   0.00-20.09  sec  2.50 MBytes  1.04 Mbits/sec  0.474 ms  0/1811 (0%)  receiver
[  5]   0.00-20.00  sec  2.50 MBytes  1.05 Mbits/sec  0.000 ms  0/1811 (0%)  sender
[  5]   0.00-20.08  sec  2.50 MBytes  1.04 Mbits/sec  1.096 ms  0/1811 (0%)  receiver
[  5]   0.00-20.00  sec  2.50 MBytes  1.05 Mbits/sec  0.000 ms  0/1811 (0%)  sender
[  5]   0.00-22.99  sec  2.50 MBytes  0.91 Mbits/sec  0.319 ms  0/1810 (0%)  receiver
[  5]   0.00-20.00  sec  2.50 MBytes  1.05 Mbits/sec  0.000 ms  0/1811 (0%)  sender
[  5]   0.00-20.06  sec  2.50 MBytes  1.05 Mbits/sec  0.303 ms  0/1811 (0%)  receiver
[  5]   0.00-20.00  sec  2.50 MBytes  1.05 Mbits/sec  0.000 ms  0/1811 (0%)  sender
[  5]   0.00-20.06  sec  2.50 MBytes  1.05 Mbits/sec  0.252 ms  0/1811 (0%)  receiver
[  5]   0.00-20.00  sec  2.50 MBytes  1.05 Mbits/sec  0.000 ms  0/1811 (0%)  sender
[  5]   0.00-20.09  sec  2.50 MBytes  1.04 Mbits/sec  1.177 ms  0/1811 (0%)  receiver
[  5]   0.00-20.00  sec  2.50 MBytes  1.05 Mbits/sec  0.000 ms  0/1811 (0%)  sender
[  5]   0.00-20.06  sec  2.50 MBytes  1.05 Mbits/sec  0.255 ms  0/1811 (0%)  receiver
[  5]   0.00-20.00  sec  2.50 MBytes  1.05 Mbits/sec  0.000 ms  0/1811 (0%)  sender
[  5]   0.00-20.07  sec  2.50 MBytes  1.04 Mbits/sec  0.231 ms  0/1810 (0%)  receiver
[  5]   0.00-20.00  sec  2.50 MBytes  1.05 Mbits/sec  0.000 ms  0/1811 (0%)  sender
[  5]   0.00-20.09  sec  2.50 MBytes  1.04 Mbits/sec  0.955 ms  0/1811 (0%)  receiver
[  5]   0.00-20.00  sec  2.50 MBytes  1.05 Mbits/sec  0.000 ms  0/1811 (0%)  sender
[  5]   0.00-20.08  sec  2.50 MBytes  1.04 Mbits/sec  0.341 ms  0/1811 (0%)  receiver
[  5]   0.00-20.00  sec  2.50 MBytes  1.05 Mbits/sec  0.000 ms  0/1811 (0%)  sender
[  5]   0.00-20.08  sec  2.50 MBytes  1.04 Mbits/sec  0.457 ms  0/1811 (0%)  receiver
[  5]   0.00-20.00  sec  2.50 MBytes  1.05 Mbits/sec  0.000 ms  0/1811 (0%)  sender
[  5]   0.00-21.52  sec  2.50 MBytes  0.97 Mbits/sec  27.603 ms  0/1811 (0%)  receiver
[  5]   0.00-20.00  sec  2.50 MBytes  1.05 Mbits/sec  0.000 ms  0/1811 (0%)  sender
[  5]   0.00-21.26  sec  2.50 MBytes  0.99 Mbits/sec  1.040 ms  0/1811 (0%)  receiver
[  5]   0.00-20.00  sec  2.50 MBytes  1.05 Mbits/sec  0.000 ms  0/1811 (0%)  sender
[  5]   0.00-20.08  sec  2.50 MBytes  1.04 Mbits/sec  1.191 ms  0/1811 (0%)  receiver
[  5]   0.00-20.00  sec  2.50 MBytes  1.05 Mbits/sec  0.000 ms  0/1811 (0%)  sender
[  5]   0.00-20.07  sec  2.50 MBytes  1.05 Mbits/sec  0.305 ms  0/1811 (0%)  receiver
Failover Output:
[  5]   0.00-20.00  sec  2.50 MBytes  1.05 Mbits/sec  0.000 ms  0/1811 (0%)  sender
[  5]   0.00-20.72  sec  2.50 MBytes  1.01 Mbits/sec  0.620 ms  4/1811 (0.22%)  receiver
[  5]   0.00-20.00  sec  2.50 MBytes  1.05 Mbits/sec  0.000 ms  0/1811 (0%)  sender
[  5]   0.00-20.07  sec  2.50 MBytes  1.05 Mbits/sec  0.402 ms  0/1811 (0%)  receiver
[  5]   0.00-20.00  sec  2.50 MBytes  1.05 Mbits/sec  0.000 ms  0/1811 (0%)  sender
[  5]   0.00-20.08  sec  2.50 MBytes  1.04 Mbits/sec  0.312 ms  4/1811 (0.22%)  receiver
[  5]   0.00-20.00  sec  2.50 MBytes  1.05 Mbits/sec  0.000 ms  0/1811 (0%)  sender
[  5]   0.00-20.84  sec  2.50 MBytes  1.01 Mbits/sec  0.912 ms  0/1811 (0%)  receiver
[  5]   0.00-20.00  sec  2.50 MBytes  1.05 Mbits/sec  0.000 ms  0/1811 (0%)  sender
[  5]   0.00-20.07  sec  2.50 MBytes  1.05 Mbits/sec  0.288 ms  0/1811 (0%)  receiver
[  5]   0.00-20.00  sec  2.50 MBytes  1.05 Mbits/sec  0.000 ms  0/1811 (0%)  sender
[  5]   0.00-20.46  sec  2.50 MBytes  1.03 Mbits/sec  0.218 ms  0/1811 (0%)  receiver
[  5]   0.00-20.00  sec  2.50 MBytes  1.05 Mbits/sec  0.000 ms  0/1811 (0%)  sender
[  5]   0.00-20.08  sec  2.50 MBytes  1.04 Mbits/sec  0.477 ms  0/1811 (0%)  receiver
[  5]   0.00-20.00  sec  2.50 MBytes  1.05 Mbits/sec  0.000 ms  0/1811 (0%)  sender
[  5]   0.00-21.01  sec  2.50 MBytes  1.00 Mbits/sec  0.411 ms  3/1811 (0.17%)  receiver
[  5]   0.00-20.00  sec  2.50 MBytes  1.05 Mbits/sec  0.000 ms  0/1811 (0%)  sender
[  5]   0.00-20.38  sec  2.49 MBytes  1.03 Mbits/sec  19.956 ms  6/1810 (0.33%)  receiver
[  5]   0.00-20.00  sec  2.50 MBytes  1.05 Mbits/sec  0.000 ms  0/1811 (0%)  sender
[  5]   0.00-20.08  sec  2.50 MBytes  1.04 Mbits/sec  0.654 ms  4/1811 (0.22%)  receiver
[  5]   0.00-20.00  sec  2.50 MBytes  1.05 Mbits/sec  0.000 ms  0/1811 (0%)  sender
[  5]   0.00-20.07  sec  2.50 MBytes  1.05 Mbits/sec  0.229 ms  0/1811 (0%)  receiver
[  5]   0.00-20.00  sec  2.50 MBytes  1.05 Mbits/sec  0.000 ms  0/1811 (0%)  sender
[  5]   0.00-20.07  sec  2.50 MBytes  1.04 Mbits/sec  0.368 ms  4/1811 (0.22%)  receiver
[  5]   0.00-20.00  sec  2.50 MBytes  1.05 Mbits/sec  0.000 ms  0/1811 (0%)  sender
[  5]   0.00-20.33  sec  2.49 MBytes  1.03 Mbits/sec  16.370 ms  6/1810 (0.33%)  receiver
[  5]   0.00-20.00  sec  2.50 MBytes  1.05 Mbits/sec  0.000 ms  0/1811 (0%)  sender
[  5]   0.00-20.10  sec  2.50 MBytes  1.04 Mbits/sec  1.704 ms  0/1810 (0%)  receiver
[  5]   0.00-20.00  sec  2.50 MBytes  1.05 Mbits/sec  0.000 ms  0/1811 (0%)  sender
[  5]   0.00-21.48  sec  2.50 MBytes  0.98 Mbits/sec  61.358 ms  0/1811 (0%)  receiver
[  5]   0.00-20.00  sec  2.50 MBytes  1.05 Mbits/sec  0.000 ms  0/1811 (0%)  sender
[  5]   0.00-21.46  sec  2.50 MBytes  0.98 Mbits/sec  0.434 ms  0/1811 (0%)  receiver
[  5]   0.00-20.00  sec  2.50 MBytes  1.05 Mbits/sec  0.000 ms  0/1811 (0%)  sender
[  5]   0.00-20.07  sec  2.50 MBytes  1.05 Mbits/sec  0.544 ms  0/1811 (0%)  receiver
[  5]   0.00-20.00  sec  2.50 MBytes  1.05 Mbits/sec  0.000 ms  0/1811 (0%)  sender
[  5]   0.00-20.08  sec  2.50 MBytes  1.04 Mbits/sec  0.969 ms  0/1811 (0%)  receiver
[  5]   0.00-20.00  sec  2.50 MBytes  1.05 Mbits/sec  0.000 ms  0/1811 (0%)  sender
[  5]   0.00-20.07  sec  2.50 MBytes  1.05 Mbits/sec  1.189 ms  0/1811 (0%)  receiver
[  5]   0.00-20.00  sec  2.50 MBytes  1.05 Mbits/sec  0.000 ms  0/1811 (0%)  sender
[  5]   0.00-20.07  sec  2.50 MBytes  1.04 Mbits/sec  0.400 ms  3/1811 (0.17%)  receiver
