Baseline Output:
[  5]   0.00-20.00  sec   245 KBytes   100 Kbits/sec  0.000 ms  0/173 (0%)  sender
[  5]   0.00-21.75  sec   245 KBytes  92.2 Kbits/sec  0.463 ms  0/173 (0%)  receiver
[  5]   0.00-20.00  sec   245 KBytes   100 Kbits/sec  0.000 ms  0/173 (0%)  sender
[  5]   0.00-20.09  sec   245 KBytes  99.8 Kbits/sec  0.748 ms  0/173 (0%)  receiver
[  5]   0.00-20.00  sec   245 KBytes   100 Kbits/sec  0.000 ms  0/173 (0%)  sender
[  5]   0.00-26.96  sec   260 KBytes  79.1 Kbits/sec  318.633 ms  0/173 (0%)  receiver
[  5]   0.00-20.01  sec   233 KBytes  95.5 Kbits/sec  0.000 ms  0/165 (0%)  sender
[  5]   0.00-23.98  sec   157 KBytes  53.6 Kbits/sec  2207.013 ms  61/164 (37%)  receiver
[  5]   0.00-20.00  sec   245 KBytes   100 Kbits/sec  0.000 ms  0/173 (0%)  sender
[  5]   0.00-20.09  sec   245 KBytes  99.8 Kbits/sec  0.529 ms  0/173 (0%)  receiver
[  5]   0.00-20.00  sec   245 KBytes   100 Kbits/sec  0.000 ms  0/173 (0%)  sender
[  5]   0.00-20.08  sec   245 KBytes  99.8 Kbits/sec  0.368 ms  0/173 (0%)  receiver
[  5]   0.00-20.99  sec   245 KBytes  95.5 Kbits/sec  0.000 ms  0/173 (0%)  sender
[  5]   0.00-30.00  sec   245 KBytes  66.8 Kbits/sec  288.007 ms  0/173 (0%)  receiver
[  5]   0.00-20.00  sec   245 KBytes   100 Kbits/sec  0.000 ms  0/173 (0%)  sender
[  5]   0.00-20.08  sec   245 KBytes  99.8 Kbits/sec  0.851 ms  0/173 (0%)  receiver
[  5]   0.00-20.00  sec   245 KBytes   100 Kbits/sec  0.000 ms  0/173 (0%)  sender
[  5]   0.00-20.98  sec   245 KBytes  95.5 Kbits/sec  0.649 ms  0/173 (0%)  receiver
[  5]   0.00-20.00  sec   245 KBytes   100 Kbits/sec  0.000 ms  0/173 (0%)  sender
[  5]   0.00-20.08  sec   245 KBytes  99.8 Kbits/sec  0.546 ms  0/173 (0%)  receiver
[  5]   0.00-20.00  sec   245 KBytes   100 Kbits/sec  0.000 ms  0/173 (0%)  sender
[  5]   0.00-20.97  sec   245 KBytes  95.6 Kbits/sec  0.441 ms  0/173 (0%)  receiver
[  5]   0.00-20.00  sec   245 KBytes   100 Kbits/sec  0.000 ms  0/173 (0%)  sender
[  5]   0.00-20.09  sec   245 KBytes  99.7 Kbits/sec  0.446 ms  0/173 (0%)  receiver
[  5]   0.00-21.00  sec   245 KBytes  95.4 Kbits/sec  0.000 ms  0/173 (0%)  sender
[  5]   0.00-40.99  sec   344 KBytes  68.7 Kbits/sec  4096.193 ms  2033768537/2033768781 (1e+02%)  receiver
[  5]   0.00-20.00  sec   245 KBytes   100 Kbits/sec  0.000 ms  0/173 (0%)  sender
[  5]   0.00-20.95  sec   245 KBytes  95.7 Kbits/sec  0.321 ms  0/173 (0%)  receiver
[  5]   0.00-20.00  sec   245 KBytes   100 Kbits/sec  0.000 ms  0/173 (0%)  sender
[  5]   0.00-20.09  sec   245 KBytes  99.8 Kbits/sec  0.439 ms  0/173 (0%)  receiver
[  5]   0.00-21.00  sec   245 KBytes  95.4 Kbits/sec  0.000 ms  0/173 (0%)  sender
[  5]   0.00-38.05  sec   141 KBytes  30.4 Kbits/sec  1785.305 ms  73/173 (42%)  receiver
[  5]   0.00-20.98  sec   245 KBytes  95.5 Kbits/sec  0.000 ms  0/173 (0%)  sender
[  5]   0.00-25.07  sec   187 KBytes  61.0 Kbits/sec  1450.562 ms  41/173 (24%)  receiver
[  5]   0.00-20.00  sec   245 KBytes   100 Kbits/sec  0.000 ms  0/173 (0%)  sender
[  5]   0.00-40.98  sec   245 KBytes  48.9 Kbits/sec  348.476 ms  0/173 (0%)  receiver
[  5]   0.00-20.00  sec   245 KBytes   100 Kbits/sec  0.000 ms  0/173 (0%)  sender
[  5]   0.00-20.09  sec   245 KBytes  99.7 Kbits/sec  0.424 ms  0/173 (0%)  receiver
[  5]   0.00-20.00  sec   245 KBytes   100 Kbits/sec  0.000 ms  0/173 (0%)  sender
[  5]   0.00-20.09  sec   245 KBytes  99.7 Kbits/sec  0.571 ms  0/173 (0%)  receiver
Failover Output:
[  5]   0.00-20.00  sec   245 KBytes   100 Kbits/sec  0.000 ms  0/173 (0%)  sender
[  5]   0.00-20.09  sec   245 KBytes  99.7 Kbits/sec  0.327 ms  0/173 (0%)  receiver
[  5]   0.00-20.00  sec   245 KBytes   100 Kbits/sec  0.000 ms  0/173 (0%)  sender
[  5]   0.00-20.08  sec   245 KBytes  99.8 Kbits/sec  0.492 ms  0/173 (0%)  receiver
[  5]   0.00-20.99  sec   245 KBytes  95.5 Kbits/sec  0.000 ms  0/173 (0%)  sender
[  5]   0.00-44.10  sec   245 KBytes  45.4 Kbits/sec  271.078 ms  0/173 (0%)  receiver
[  5]   0.00-20.02  sec   245 KBytes   100 Kbits/sec  0.000 ms  0/173 (0%)  sender
[  5]   0.00-28.21  sec   245 KBytes  71.0 Kbits/sec  93.722 ms  0/173 (0%)  receiver
[  5]   0.00-20.00  sec   245 KBytes   100 Kbits/sec  0.000 ms  0/173 (0%)  sender
[  5]   0.00-20.09  sec   245 KBytes  99.8 Kbits/sec  0.405 ms  0/173 (0%)  receiver
[  5]   0.00-20.00  sec   245 KBytes   100 Kbits/sec  0.000 ms  0/173 (0%)  sender
[  5]   0.00-20.22  sec   245 KBytes  99.1 Kbits/sec  0.580 ms  0/173 (0%)  receiver
[  5]   0.00-20.22  sec   245 KBytes  99.1 Kbits/sec  0.000 ms  0/173 (0%)  sender
[  5]   0.00-51.99  sec   242 KBytes  38.1 Kbits/sec  326.408 ms  0/171 (0%)  receiver
[  5]   0.00-20.00  sec   245 KBytes   100 Kbits/sec  0.000 ms  0/173 (0%)  sender
[  5]   0.00-20.85  sec   245 KBytes  96.1 Kbits/sec  0.556 ms  0/173 (0%)  receiver
[  5]   0.00-20.00  sec   245 KBytes   100 Kbits/sec  0.000 ms  0/173 (0%)  sender
[  5]   0.00-20.09  sec   245 KBytes  99.8 Kbits/sec  0.375 ms  0/173 (0%)  receiver
[  5]   0.00-20.00  sec   245 KBytes   100 Kbits/sec  0.000 ms  0/173 (0%)  sender
[  5]   0.00-20.09  sec   245 KBytes  99.7 Kbits/sec  0.539 ms  0/173 (0%)  receiver
[  5]   0.00-20.00  sec   245 KBytes   100 Kbits/sec  0.000 ms  0/173 (0%)  sender
[  5]   0.00-20.09  sec   245 KBytes  99.8 Kbits/sec  0.427 ms  0/173 (0%)  receiver
[  5]   0.00-20.00  sec   245 KBytes   100 Kbits/sec  0.000 ms  0/173 (0%)  sender
[  5]   0.00-20.31  sec   245 KBytes  98.7 Kbits/sec  0.394 ms  0/173 (0%)  receiver
[  5]   0.00-20.99  sec   245 KBytes  95.5 Kbits/sec  0.000 ms  0/173 (0%)  sender
[  5]   0.00-50.99  sec   245 KBytes  39.3 Kbits/sec  367.951 ms  0/173 (0%)  receiver
[  5]   0.00-20.00  sec   245 KBytes   100 Kbits/sec  0.000 ms  0/173 (0%)  sender
[  5]   0.00-20.09  sec   245 KBytes  99.7 Kbits/sec  0.417 ms  0/173 (0%)  receiver
[  5]   0.00-20.00  sec   245 KBytes   100 Kbits/sec  0.000 ms  0/173 (0%)  sender
[  5]   0.00-21.34  sec   245 KBytes  93.9 Kbits/sec  0.281 ms  0/173 (0%)  receiver
[  5]   0.00-20.97  sec   245 KBytes  95.6 Kbits/sec  0.000 ms  0/173 (0%)  sender
[  5]   0.00-58.91  sec   243 KBytes  33.8 Kbits/sec  390.334 ms  0/172 (0%)  receiver
[  5]   0.00-20.00  sec   245 KBytes   100 Kbits/sec  0.000 ms  0/173 (0%)  sender
[  5]   0.00-59.94  sec   245 KBytes  33.4 Kbits/sec  310.264 ms  0/173 (0%)  receiver
[  5]   0.00-20.03  sec   233 KBytes  95.4 Kbits/sec  0.000 ms  0/165 (0%)  sender
[  5]   0.00-47.09  sec   233 KBytes  40.6 Kbits/sec  401.778 ms  0/165 (0%)  receiver
[  5]   0.00-20.00  sec   245 KBytes   100 Kbits/sec  0.000 ms  0/173 (0%)  sender
[  5]   0.00-20.10  sec   245 KBytes  99.7 Kbits/sec  0.302 ms  0/173 (0%)  receiver
[  5]   0.00-20.00  sec   245 KBytes   100 Kbits/sec  0.000 ms  0/173 (0%)  sender
[  5]   0.00-20.57  sec   245 KBytes  97.4 Kbits/sec  0.416 ms  0/173 (0%)  receiver
