Baseline Output:
[  5]   0.00-20.00  sec  2.38 MBytes  1.00 Mbits/sec  0.000 ms  0/1727 (0%)  sender
[  5]   0.00-21.91  sec  2.38 MBytes  0.91 Mbits/sec  1.051 ms  0/1727 (0%)  receiver
[  5]   0.00-20.00  sec  2.38 MBytes  1.00 Mbits/sec  0.000 ms  0/1727 (0%)  sender
[  5]   0.00-20.09  sec  2.38 MBytes  1.00 Mbits/sec  1.011 ms  0/1727 (0%)  receiver
[  5]   0.00-20.00  sec  2.38 MBytes  1.00 Mbits/sec  0.000 ms  0/1727 (0%)  sender
[  5]   0.00-21.66  sec  2.38 MBytes  0.92 Mbits/sec  0.530 ms  0/1727 (0%)  receiver
[  5]   0.00-20.00  sec  2.38 MBytes  1.00 Mbits/sec  0.000 ms  0/1727 (0%)  sender
[  5]   0.00-20.09  sec  2.38 MBytes  1.00 Mbits/sec  1.014 ms  0/1727 (0%)  receiver
[  5]   0.00-20.00  sec  2.38 MBytes  1.00 Mbits/sec  0.000 ms  0/1727 (0%)  sender
[  5]   0.00-20.06  sec  2.38 MBytes  1.00 Mbits/sec  1.726 ms  0/1727 (0%)  receiver
[  5]   0.00-20.00  sec  2.38 MBytes  1.00 Mbits/sec  0.000 ms  0/1727 (0%)  sender
[  5]   0.00-20.07  sec  2.38 MBytes  1.00 Mbits/sec  0.254 ms  0/1727 (0%)  receiver
[  5]   0.00-20.00  sec  2.38 MBytes  1.00 Mbits/sec  0.000 ms  0/1727 (0%)  sender
[  5]   0.00-20.08  sec  2.38 MBytes  1.00 Mbits/sec  0.537 ms  0/1727 (0%)  receiver
[  5]   0.00-20.00  sec  2.38 MBytes  1.00 Mbits/sec  0.000 ms  0/1727 (0%)  sender
[  5]   0.00-20.08  sec  2.38 MBytes  1.00 Mbits/sec  0.517 ms  0/1727 (0%)  receiver
[  5]   0.00-20.00  sec  2.38 MBytes  1.00 Mbits/sec  0.000 ms  0/1727 (0%)  sender
[  5]   0.00-20.08  sec  2.38 MBytes  1.00 Mbits/sec  0.627 ms  0/1727 (0%)  receiver
[  5]   0.00-20.00  sec  2.38 MBytes  1.00 Mbits/sec  0.000 ms  0/1727 (0%)  sender
[  5]   0.00-20.66  sec  2.38 MBytes  0.97 Mbits/sec  0.401 ms  0/1726 (0%)  receiver
[  5]   0.00-20.00  sec  2.38 MBytes  1.00 Mbits/sec  0.000 ms  0/1727 (0%)  sender
[  5]   0.00-20.09  sec  2.38 MBytes  1.00 Mbits/sec  0.369 ms  0/1727 (0%)  receiver
[  5]   0.00-20.00  sec  2.38 MBytes  1.00 Mbits/sec  0.000 ms  0/1727 (0%)  sender
[  5]   0.00-20.88  sec  2.38 MBytes  0.96 Mbits/sec  0.521 ms  0/1727 (0%)  receiver
[  5]   0.00-20.00  sec  2.38 MBytes  1.00 Mbits/sec  0.000 ms  0/1727 (0%)  sender
[  5]   0.00-20.09  sec  2.38 MBytes  1.00 Mbits/sec  1.716 ms  0/1727 (0%)  receiver
[  5]   0.00-20.00  sec  2.38 MBytes  1.00 Mbits/sec  0.000 ms  0/1727 (0%)  sender
[  5]   0.00-20.08  sec  2.38 MBytes  1.00 Mbits/sec  0.500 ms  0/1727 (0%)  receiver
[  5]   0.00-20.00  sec  2.38 MBytes  1.00 Mbits/sec  0.000 ms  0/1727 (0%)  sender
[  5]   0.00-20.09  sec  2.38 MBytes  1.00 Mbits/sec  0.562 ms  0/1727 (0%)  receiver
[  5]   0.00-20.00  sec  2.38 MBytes  1.00 Mbits/sec  0.000 ms  0/1727 (0%)  sender
[  5]   0.00-20.09  sec  2.38 MBytes  1.00 Mbits/sec  0.781 ms  0/1727 (0%)  receiver
[  5]   0.00-20.00  sec  2.38 MBytes  1.00 Mbits/sec  0.000 ms  0/1727 (0%)  sender
[  5]   0.00-21.16  sec  2.38 MBytes  0.94 Mbits/sec  6.017 ms  0/1726 (0%)  receiver
[  5]   0.00-20.00  sec  2.38 MBytes  1.00 Mbits/sec  0.000 ms  0/1727 (0%)  sender
[  5]   0.00-20.99  sec  2.38 MBytes  0.95 Mbits/sec  0.441 ms  0/1726 (0%)  receiver
[  5]   0.00-20.00  sec  2.38 MBytes  1.00 Mbits/sec  0.000 ms  0/1727 (0%)  sender
[  5]   0.00-20.08  sec  2.38 MBytes  1.00 Mbits/sec  0.391 ms  0/1727 (0%)  receiver
[  5]   0.00-20.00  sec  2.38 MBytes  1.00 Mbits/sec  0.000 ms  0/1727 (0%)  sender
[  5]   0.00-20.06  sec  2.38 MBytes  1.00 Mbits/sec  0.169 ms  0/1727 (0%)  receiver
Failover Output:
[  5]   0.00-20.00  sec  2.38 MBytes  1.00 Mbits/sec  0.000 ms  0/1727 (0%)  sender
[  5]   0.00-20.08  sec  2.38 MBytes  1.00 Mbits/sec  0.579 ms  0/1727 (0%)  receiver
[  5]   0.00-20.00  sec  2.38 MBytes  1.00 Mbits/sec  0.000 ms  0/1727 (0%)  sender
[  5]   0.00-20.08  sec  2.38 MBytes  1.00 Mbits/sec  4.662 ms  0/1727 (0%)  receiver
[  5]   0.00-20.00  sec  2.38 MBytes  1.00 Mbits/sec  0.000 ms  0/1727 (0%)  sender
[  5]   0.00-20.08  sec  2.38 MBytes  1.00 Mbits/sec  0.755 ms  0/1727 (0%)  receiver
[  5]   0.00-20.00  sec  2.38 MBytes  1.00 Mbits/sec  0.000 ms  0/1727 (0%)  sender
[  5]   0.00-20.53  sec  2.38 MBytes  0.97 Mbits/sec  0.720 ms  0/1726 (0%)  receiver
[  5]   0.00-20.00  sec  2.38 MBytes  1.00 Mbits/sec  0.000 ms  0/1727 (0%)  sender
[  5]   0.00-20.07  sec  2.38 MBytes  0.99 Mbits/sec  0.311 ms  4/1727 (0.23%)  receiver
[  5]   0.00-20.00  sec  2.38 MBytes  1.00 Mbits/sec  0.000 ms  0/1727 (0%)  sender
[  5]   0.00-22.07  sec  2.38 MBytes  0.90 Mbits/sec  0.408 ms  4/1727 (0.23%)  receiver
[  5]   0.00-20.00  sec  2.38 MBytes  1.00 Mbits/sec  0.000 ms  0/1727 (0%)  sender
[  5]   0.00-20.07  sec  2.38 MBytes  1.00 Mbits/sec  0.397 ms  0/1727 (0%)  receiver
[  5]   0.00-20.00  sec  2.38 MBytes  1.00 Mbits/sec  0.000 ms  0/1727 (0%)  sender
[  5]   0.00-20.07  sec  2.38 MBytes  1.00 Mbits/sec  0.329 ms  0/1727 (0%)  receiver
[  5]   0.00-20.00  sec  2.38 MBytes  1.00 Mbits/sec  0.000 ms  0/1727 (0%)  sender
[  5]   0.00-20.89  sec  2.38 MBytes  0.96 Mbits/sec  0.531 ms  0/1727 (0%)  receiver
[  5]   0.00-20.00  sec  2.38 MBytes  1.00 Mbits/sec  0.000 ms  0/1727 (0%)  sender
[  5]   0.00-21.67  sec  2.38 MBytes  0.92 Mbits/sec  38.245 ms  0/1727 (0%)  receiver
[  5]   0.00-20.00  sec  2.38 MBytes  1.00 Mbits/sec  0.000 ms  0/1727 (0%)  sender
[  5]   0.00-20.08  sec  2.38 MBytes  1.00 Mbits/sec  0.517 ms  0/1727 (0%)  receiver
[  5]   0.00-20.00  sec  2.38 MBytes  1.00 Mbits/sec  0.000 ms  0/1727 (0%)  sender
[  5]   0.00-20.08  sec  2.38 MBytes  1.00 Mbits/sec  0.567 ms  0/1727 (0%)  receiver
[  5]   0.00-20.00  sec  2.38 MBytes  1.00 Mbits/sec  0.000 ms  0/1727 (0%)  sender
[  5]   0.00-20.75  sec  2.38 MBytes  0.96 Mbits/sec  1.226 ms  0/1727 (0%)  receiver
[  5]   0.00-20.00  sec  2.38 MBytes  1.00 Mbits/sec  0.000 ms  0/1727 (0%)  sender
[  5]   0.00-20.07  sec  2.38 MBytes  1.00 Mbits/sec  0.637 ms  0/1727 (0%)  receiver
[  5]   0.00-20.00  sec  2.38 MBytes  1.00 Mbits/sec  0.000 ms  0/1727 (0%)  sender
[  5]   0.00-22.45  sec  2.38 MBytes  0.89 Mbits/sec  0.723 ms  0/1726 (0%)  receiver
[  5]   0.00-20.00  sec  2.38 MBytes  1.00 Mbits/sec  0.000 ms  0/1727 (0%)  sender
[  5]   0.00-20.07  sec  2.38 MBytes  1.00 Mbits/sec  0.656 ms  0/1727 (0%)  receiver
[  5]   0.00-20.02  sec  2.38 MBytes  1.00 Mbits/sec  0.000 ms  0/1726 (0%)  sender
[  5]   0.00-20.11  sec  2.38 MBytes  0.99 Mbits/sec  3.583 ms  0/1726 (0%)  receiver
[  5]   0.00-20.00  sec  2.38 MBytes  1.00 Mbits/sec  0.000 ms  0/1727 (0%)  sender
[  5]   0.00-20.08  sec  2.38 MBytes  1.00 Mbits/sec  2.817 ms  0/1727 (0%)  receiver
[  5]   0.00-20.00  sec  2.38 MBytes  1.00 Mbits/sec  0.000 ms  0/1727 (0%)  sender
[  5]   0.00-20.09  sec  2.38 MBytes  1.00 Mbits/sec  1.069 ms  0/1727 (0%)  receiver
[  5]   0.00-20.00  sec  2.38 MBytes  1.00 Mbits/sec  0.000 ms  0/1727 (0%)  sender
[  5]   0.00-21.40  sec  2.38 MBytes  0.93 Mbits/sec  20.050 ms  4/1727 (0.23%)  receiver
