Baseline Output:
[  5]   0.00-20.00  sec   245 KBytes   100 Kbits/sec  0.000 ms  0/173 (0%)  sender
[  5]   0.00-20.04  sec   245 KBytes   100 Kbits/sec  1.618 ms  0/173 (0%)  receiver
[  7]   0.00-20.00  sec   245 KBytes   100 Kbits/sec  0.000 ms  0/173 (0%)  sender
[  7]   0.00-20.04  sec   245 KBytes   100 Kbits/sec  1.560 ms  0/173 (0%)  receiver
[  9]   0.00-20.00  sec   245 KBytes   100 Kbits/sec  0.000 ms  0/173 (0%)  sender
[  9]   0.00-20.04  sec   245 KBytes   100 Kbits/sec  1.081 ms  0/173 (0%)  receiver
[SUM]   0.00-20.00  sec   734 KBytes   301 Kbits/sec  0.000 ms  0/519 (0%)  sender
[SUM]   0.00-20.04  sec   734 KBytes   300 Kbits/sec  1.420 ms  0/519 (0%)  receiver
[  5]   0.00-20.00  sec   245 KBytes   100 Kbits/sec  0.000 ms  0/173 (0%)  sender
[  5]   0.00-20.03  sec   245 KBytes   100 Kbits/sec  0.316 ms  0/173 (0%)  receiver
[  7]   0.00-20.00  sec   245 KBytes   100 Kbits/sec  0.000 ms  0/173 (0%)  sender
[  7]   0.00-20.03  sec   245 KBytes   100 Kbits/sec  0.314 ms  0/173 (0%)  receiver
[  9]   0.00-20.00  sec   245 KBytes   100 Kbits/sec  0.000 ms  0/173 (0%)  sender
[  9]   0.00-20.03  sec   245 KBytes   100 Kbits/sec  0.659 ms  0/173 (0%)  receiver
[SUM]   0.00-20.00  sec   734 KBytes   301 Kbits/sec  0.000 ms  0/519 (0%)  sender
[SUM]   0.00-20.03  sec   734 KBytes   300 Kbits/sec  0.430 ms  0/519 (0%)  receiver
[  5]   0.00-20.00  sec   245 KBytes   100 Kbits/sec  0.000 ms  0/173 (0%)  sender
[  5]   0.00-20.02  sec   245 KBytes   100 Kbits/sec  0.348 ms  0/173 (0%)  receiver
[  7]   0.00-20.00  sec   245 KBytes   100 Kbits/sec  0.000 ms  0/173 (0%)  sender
[  7]   0.00-20.02  sec   245 KBytes   100 Kbits/sec  0.352 ms  0/173 (0%)  receiver
[  9]   0.00-20.00  sec   245 KBytes   100 Kbits/sec  0.000 ms  0/173 (0%)  sender
[  9]   0.00-20.02  sec   245 KBytes   100 Kbits/sec  0.382 ms  0/173 (0%)  receiver
[SUM]   0.00-20.00  sec   734 KBytes   301 Kbits/sec  0.000 ms  0/519 (0%)  sender
[SUM]   0.00-20.02  sec   734 KBytes   300 Kbits/sec  0.361 ms  0/519 (0%)  receiver
[  5]   0.00-20.00  sec   245 KBytes   100 Kbits/sec  0.000 ms  0/173 (0%)  sender
[  5]   0.00-20.04  sec   245 KBytes   100 Kbits/sec  0.659 ms  0/173 (0%)  receiver
[  7]   0.00-20.00  sec   245 KBytes   100 Kbits/sec  0.000 ms  0/173 (0%)  sender
[  7]   0.00-20.04  sec   245 KBytes   100 Kbits/sec  0.669 ms  0/173 (0%)  receiver
[  9]   0.00-20.00  sec   245 KBytes   100 Kbits/sec  0.000 ms  0/173 (0%)  sender
[  9]   0.00-20.04  sec   245 KBytes   100 Kbits/sec  0.890 ms  0/173 (0%)  receiver
[SUM]   0.00-20.00  sec   734 KBytes   301 Kbits/sec  0.000 ms  0/519 (0%)  sender
[SUM]   0.00-20.04  sec   734 KBytes   300 Kbits/sec  0.739 ms  0/519 (0%)  receiver
[  5]   0.00-20.00  sec   245 KBytes   100 Kbits/sec  0.000 ms  0/173 (0%)  sender
[  5]   0.00-20.02  sec   245 KBytes   100 Kbits/sec  0.400 ms  0/173 (0%)  receiver
[  7]   0.00-20.00  sec   245 KBytes   100 Kbits/sec  0.000 ms  0/173 (0%)  sender
[  7]   0.00-20.02  sec   245 KBytes   100 Kbits/sec  0.398 ms  0/173 (0%)  receiver
[  9]   0.00-20.00  sec   245 KBytes   100 Kbits/sec  0.000 ms  0/173 (0%)  sender
[  9]   0.00-20.02  sec   245 KBytes   100 Kbits/sec  0.497 ms  0/173 (0%)  receiver
[SUM]   0.00-20.00  sec   734 KBytes   301 Kbits/sec  0.000 ms  0/519 (0%)  sender
[SUM]   0.00-20.02  sec   734 KBytes   300 Kbits/sec  0.432 ms  0/519 (0%)  receiver
[  5]   0.00-20.00  sec   245 KBytes   100 Kbits/sec  0.000 ms  0/173 (0%)  sender
[  5]   0.00-20.04  sec   245 KBytes   100 Kbits/sec  0.501 ms  0/173 (0%)  receiver
[  7]   0.00-20.00  sec   245 KBytes   100 Kbits/sec  0.000 ms  0/173 (0%)  sender
[  7]   0.00-20.04  sec   245 KBytes   100 Kbits/sec  0.504 ms  0/173 (0%)  receiver
[  9]   0.00-20.00  sec   245 KBytes   100 Kbits/sec  0.000 ms  0/173 (0%)  sender
[  9]   0.00-20.04  sec   245 KBytes   100 Kbits/sec  0.553 ms  0/173 (0%)  receiver
[SUM]   0.00-20.00  sec   734 KBytes   301 Kbits/sec  0.000 ms  0/519 (0%)  sender
[SUM]   0.00-20.04  sec   734 KBytes   300 Kbits/sec  0.519 ms  0/519 (0%)  receiver
[  5]   0.00-20.00  sec   245 KBytes   100 Kbits/sec  0.000 ms  0/173 (0%)  sender
[  5]   0.00-20.04  sec   245 KBytes   100 Kbits/sec  1.472 ms  0/173 (0%)  receiver
[  7]   0.00-20.00  sec   245 KBytes   100 Kbits/sec  0.000 ms  0/173 (0%)  sender
[  7]   0.00-20.04  sec   245 KBytes   100 Kbits/sec  1.482 ms  0/173 (0%)  receiver
[  9]   0.00-20.00  sec   245 KBytes   100 Kbits/sec  0.000 ms  0/173 (0%)  sender
[  9]   0.00-20.04  sec   245 KBytes   100 Kbits/sec  1.341 ms  0/173 (0%)  receiver
[SUM]   0.00-20.00  sec   734 KBytes   301 Kbits/sec  0.000 ms  0/519 (0%)  sender
[SUM]   0.00-20.04  sec   734 KBytes   300 Kbits/sec  1.431 ms  0/519 (0%)  receiver
[  5]   0.00-20.00  sec   245 KBytes   100 Kbits/sec  0.000 ms  0/173 (0%)  sender
[  5]   0.00-20.04  sec   245 KBytes   100 Kbits/sec  0.494 ms  0/173 (0%)  receiver
[  7]   0.00-20.00  sec   245 KBytes   100 Kbits/sec  0.000 ms  0/173 (0%)  sender
[  7]   0.00-20.04  sec   245 KBytes   100 Kbits/sec  0.505 ms  0/173 (0%)  receiver
[  9]   0.00-20.00  sec   245 KBytes   100 Kbits/sec  0.000 ms  0/173 (0%)  sender
[  9]   0.00-20.04  sec   245 KBytes   100 Kbits/sec  0.538 ms  0/173 (0%)  receiver
[SUM]   0.00-20.00  sec   734 KBytes   301 Kbits/sec  0.000 ms  0/519 (0%)  sender
[SUM]   0.00-20.04  sec   734 KBytes   300 Kbits/sec  0.512 ms  0/519 (0%)  receiver
[  5]   0.00-20.00  sec   245 KBytes   100 Kbits/sec  0.000 ms  0/173 (0%)  sender
[  5]   0.00-20.03  sec   245 KBytes   100 Kbits/sec  0.710 ms  0/173 (0%)  receiver
[  7]   0.00-20.00  sec   245 KBytes   100 Kbits/sec  0.000 ms  0/173 (0%)  sender
[  7]   0.00-20.03  sec   245 KBytes   100 Kbits/sec  0.737 ms  0/173 (0%)  receiver
[  9]   0.00-20.00  sec   245 KBytes   100 Kbits/sec  0.000 ms  0/173 (0%)  sender
[  9]   0.00-20.03  sec   245 KBytes   100 Kbits/sec  0.963 ms  0/173 (0%)  receiver
[SUM]   0.00-20.00  sec   734 KBytes   301 Kbits/sec  0.000 ms  0/519 (0%)  sender
[SUM]   0.00-20.03  sec   734 KBytes   300 Kbits/sec  0.803 ms  0/519 (0%)  receiver
[  5]   0.00-20.00  sec   245 KBytes   100 Kbits/sec  0.000 ms  0/173 (0%)  sender
[  5]   0.00-20.03  sec   245 KBytes   100 Kbits/sec  0.426 ms  0/173 (0%)  receiver
[  7]   0.00-20.00  sec   245 KBytes   100 Kbits/sec  0.000 ms  0/173 (0%)  sender
[  7]   0.00-20.03  sec   245 KBytes   100 Kbits/sec  0.440 ms  0/173 (0%)  receiver
[  9]   0.00-20.00  sec   245 KBytes   100 Kbits/sec  0.000 ms  0/173 (0%)  sender
[  9]   0.00-20.03  sec   245 KBytes   100 Kbits/sec  0.661 ms  0/173 (0%)  receiver
[SUM]   0.00-20.00  sec   734 KBytes   301 Kbits/sec  0.000 ms  0/519 (0%)  sender
[SUM]   0.00-20.03  sec   734 KBytes   300 Kbits/sec  0.509 ms  0/519 (0%)  receiver
[  5]   0.00-20.00  sec   245 KBytes   100 Kbits/sec  0.000 ms  0/173 (0%)  sender
[  5]   0.00-20.04  sec   245 KBytes   100 Kbits/sec  0.360 ms  0/173 (0%)  receiver
[  7]   0.00-20.00  sec   245 KBytes   100 Kbits/sec  0.000 ms  0/173 (0%)  sender
[  7]   0.00-20.04  sec   245 KBytes   100 Kbits/sec  0.362 ms  0/173 (0%)  receiver
[  9]   0.00-20.00  sec   245 KBytes   100 Kbits/sec  0.000 ms  0/173 (0%)  sender
[  9]   0.00-20.04  sec   245 KBytes   100 Kbits/sec  0.406 ms  0/173 (0%)  receiver
[SUM]   0.00-20.00  sec   734 KBytes   301 Kbits/sec  0.000 ms  0/519 (0%)  sender
[SUM]   0.00-20.04  sec   734 KBytes   300 Kbits/sec  0.376 ms  0/519 (0%)  receiver
[  5]   0.00-20.00  sec   245 KBytes   100 Kbits/sec  0.000 ms  0/173 (0%)  sender
[  5]   0.00-20.02  sec   245 KBytes   100 Kbits/sec  0.423 ms  0/173 (0%)  receiver
[  7]   0.00-20.00  sec   245 KBytes   100 Kbits/sec  0.000 ms  0/173 (0%)  sender
[  7]   0.00-20.02  sec   245 KBytes   100 Kbits/sec  0.415 ms  0/173 (0%)  receiver
[  9]   0.00-20.00  sec   245 KBytes   100 Kbits/sec  0.000 ms  0/173 (0%)  sender
[  9]   0.00-20.02  sec   245 KBytes   100 Kbits/sec  0.519 ms  0/173 (0%)  receiver
[SUM]   0.00-20.00  sec   734 KBytes   301 Kbits/sec  0.000 ms  0/519 (0%)  sender
[SUM]   0.00-20.02  sec   734 KBytes   300 Kbits/sec  0.452 ms  0/519 (0%)  receiver
[  5]   0.00-20.00  sec   245 KBytes   100 Kbits/sec  0.000 ms  0/173 (0%)  sender
[  5]   0.00-20.04  sec   245 KBytes   100 Kbits/sec  1.393 ms  0/173 (0%)  receiver
[  7]   0.00-20.00  sec   245 KBytes   100 Kbits/sec  0.000 ms  0/173 (0%)  sender
[  7]   0.00-20.04  sec   245 KBytes   100 Kbits/sec  1.352 ms  0/173 (0%)  receiver
[  9]   0.00-20.00  sec   245 KBytes   100 Kbits/sec  0.000 ms  0/173 (0%)  sender
[  9]   0.00-20.04  sec   245 KBytes   100 Kbits/sec  1.850 ms  0/173 (0%)  receiver
[SUM]   0.00-20.00  sec   734 KBytes   301 Kbits/sec  0.000 ms  0/519 (0%)  sender
[SUM]   0.00-20.04  sec   734 KBytes   300 Kbits/sec  1.531 ms  0/519 (0%)  receiver
[  5]   0.00-20.00  sec   245 KBytes   100 Kbits/sec  0.000 ms  0/173 (0%)  sender
[  5]   0.00-20.02  sec   245 KBytes   100 Kbits/sec  0.210 ms  0/173 (0%)  receiver
[  7]   0.00-20.00  sec   245 KBytes   100 Kbits/sec  0.000 ms  0/173 (0%)  sender
[  7]   0.00-20.02  sec   245 KBytes   100 Kbits/sec  0.226 ms  0/173 (0%)  receiver
[  9]   0.00-20.00  sec   245 KBytes   100 Kbits/sec  0.000 ms  0/173 (0%)  sender
[  9]   0.00-20.02  sec   245 KBytes   100 Kbits/sec  0.265 ms  0/173 (0%)  receiver
[SUM]   0.00-20.00  sec   734 KBytes   301 Kbits/sec  0.000 ms  0/519 (0%)  sender
[SUM]   0.00-20.02  sec   734 KBytes   300 Kbits/sec  0.234 ms  0/519 (0%)  receiver
[  5]   0.00-20.00  sec   245 KBytes   100 Kbits/sec  0.000 ms  0/173 (0%)  sender
[  5]   0.00-20.73  sec   245 KBytes  96.7 Kbits/sec  0.685 ms  0/173 (0%)  receiver
[  7]   0.00-20.00  sec   245 KBytes   100 Kbits/sec  0.000 ms  0/173 (0%)  sender
[  7]   0.00-20.73  sec   245 KBytes  96.7 Kbits/sec  0.706 ms  0/173 (0%)  receiver
[  9]   0.00-20.00  sec   245 KBytes   100 Kbits/sec  0.000 ms  0/173 (0%)  sender
[  9]   0.00-20.73  sec   245 KBytes  96.7 Kbits/sec  0.787 ms  0/173 (0%)  receiver
[SUM]   0.00-20.00  sec   734 KBytes   301 Kbits/sec  0.000 ms  0/519 (0%)  sender
[SUM]   0.00-20.73  sec   734 KBytes   290 Kbits/sec  0.726 ms  0/519 (0%)  receiver
[  5]   0.00-20.00  sec   245 KBytes   100 Kbits/sec  0.000 ms  0/173 (0%)  sender
[  5]   0.00-20.02  sec   245 KBytes   100 Kbits/sec  0.377 ms  0/173 (0%)  receiver
[  7]   0.00-20.00  sec   245 KBytes   100 Kbits/sec  0.000 ms  0/173 (0%)  sender
[  7]   0.00-20.02  sec   245 KBytes   100 Kbits/sec  0.377 ms  0/173 (0%)  receiver
[  9]   0.00-20.00  sec   245 KBytes   100 Kbits/sec  0.000 ms  0/173 (0%)  sender
[  9]   0.00-20.02  sec   245 KBytes   100 Kbits/sec  0.516 ms  0/173 (0%)  receiver
[SUM]   0.00-20.00  sec   734 KBytes   301 Kbits/sec  0.000 ms  0/519 (0%)  sender
[SUM]   0.00-20.02  sec   734 KBytes   300 Kbits/sec  0.423 ms  0/519 (0%)  receiver
[  5]   0.00-20.00  sec   245 KBytes   100 Kbits/sec  0.000 ms  0/173 (0%)  sender
[  5]   0.00-20.04  sec   245 KBytes   100 Kbits/sec  0.500 ms  0/173 (0%)  receiver
[  7]   0.00-20.00  sec   245 KBytes   100 Kbits/sec  0.000 ms  0/173 (0%)  sender
[  7]   0.00-20.04  sec   245 KBytes   100 Kbits/sec  0.497 ms  0/173 (0%)  receiver
[  9]   0.00-20.00  sec   245 KBytes   100 Kbits/sec  0.000 ms  0/173 (0%)  sender
[  9]   0.00-20.04  sec   245 KBytes   100 Kbits/sec  0.532 ms  0/173 (0%)  receiver
[SUM]   0.00-20.00  sec   734 KBytes   301 Kbits/sec  0.000 ms  0/519 (0%)  sender
[SUM]   0.00-20.04  sec   734 KBytes   300 Kbits/sec  0.510 ms  0/519 (0%)  receiver
[  5]   0.00-20.00  sec   245 KBytes   100 Kbits/sec  0.000 ms  0/173 (0%)  sender
[  5]   0.00-20.02  sec   245 KBytes   100 Kbits/sec  0.244 ms  0/173 (0%)  receiver
[  7]   0.00-20.00  sec   245 KBytes   100 Kbits/sec  0.000 ms  0/173 (0%)  sender
[  7]   0.00-20.02  sec   245 KBytes   100 Kbits/sec  0.248 ms  0/173 (0%)  receiver
[  9]   0.00-20.00  sec   245 KBytes   100 Kbits/sec  0.000 ms  0/173 (0%)  sender
[  9]   0.00-20.02  sec   245 KBytes   100 Kbits/sec  0.379 ms  0/173 (0%)  receiver
[SUM]   0.00-20.00  sec   734 KBytes   301 Kbits/sec  0.000 ms  0/519 (0%)  sender
[SUM]   0.00-20.02  sec   734 KBytes   300 Kbits/sec  0.290 ms  0/519 (0%)  receiver
[  5]   0.00-20.00  sec   245 KBytes   100 Kbits/sec  0.000 ms  0/173 (0%)  sender
[  5]   0.00-20.02  sec   245 KBytes   100 Kbits/sec  0.386 ms  0/173 (0%)  receiver
[  7]   0.00-20.00  sec   245 KBytes   100 Kbits/sec  0.000 ms  0/173 (0%)  sender
[  7]   0.00-20.02  sec   245 KBytes   100 Kbits/sec  0.386 ms  0/173 (0%)  receiver
[  9]   0.00-20.00  sec   245 KBytes   100 Kbits/sec  0.000 ms  0/173 (0%)  sender
[  9]   0.00-20.02  sec   245 KBytes   100 Kbits/sec  0.446 ms  0/173 (0%)  receiver
[SUM]   0.00-20.00  sec   734 KBytes   301 Kbits/sec  0.000 ms  0/519 (0%)  sender
[SUM]   0.00-20.02  sec   734 KBytes   300 Kbits/sec  0.406 ms  0/519 (0%)  receiver
[  5]   0.00-20.00  sec   245 KBytes   100 Kbits/sec  0.000 ms  0/173 (0%)  sender
[  5]   0.00-20.02  sec   245 KBytes   100 Kbits/sec  0.884 ms  0/173 (0%)  receiver
[  7]   0.00-20.00  sec   245 KBytes   100 Kbits/sec  0.000 ms  0/173 (0%)  sender
[  7]   0.00-20.02  sec   245 KBytes   100 Kbits/sec  0.890 ms  0/173 (0%)  receiver
[  9]   0.00-20.00  sec   245 KBytes   100 Kbits/sec  0.000 ms  0/173 (0%)  sender
[  9]   0.00-20.02  sec   245 KBytes   100 Kbits/sec  0.871 ms  0/173 (0%)  receiver
[SUM]   0.00-20.00  sec   734 KBytes   301 Kbits/sec  0.000 ms  0/519 (0%)  sender
[SUM]   0.00-20.02  sec   734 KBytes   300 Kbits/sec  0.882 ms  0/519 (0%)  receiver
Failover Output:
[  5]   0.00-20.00  sec   245 KBytes   100 Kbits/sec  0.000 ms  0/173 (0%)  sender
[  5]   0.00-20.03  sec   245 KBytes   100 Kbits/sec  0.607 ms  0/173 (0%)  receiver
[  7]   0.00-20.00  sec   245 KBytes   100 Kbits/sec  0.000 ms  0/173 (0%)  sender
[  7]   0.00-20.03  sec   245 KBytes   100 Kbits/sec  0.607 ms  0/173 (0%)  receiver
[  9]   0.00-20.00  sec   245 KBytes   100 Kbits/sec  0.000 ms  0/173 (0%)  sender
[  9]   0.00-20.03  sec   245 KBytes   100 Kbits/sec  1.246 ms  0/173 (0%)  receiver
[SUM]   0.00-20.00  sec   734 KBytes   301 Kbits/sec  0.000 ms  0/519 (0%)  sender
[SUM]   0.00-20.03  sec   734 KBytes   300 Kbits/sec  0.820 ms  0/519 (0%)  receiver
[  5]   0.00-20.00  sec   245 KBytes   100 Kbits/sec  0.000 ms  0/173 (0%)  sender
[  5]   0.00-20.03  sec   245 KBytes   100 Kbits/sec  0.836 ms  0/173 (0%)  receiver
[  7]   0.00-20.00  sec   245 KBytes   100 Kbits/sec  0.000 ms  0/173 (0%)  sender
[  7]   0.00-20.03  sec   245 KBytes   100 Kbits/sec  0.834 ms  0/173 (0%)  receiver
[  9]   0.00-20.00  sec   245 KBytes   100 Kbits/sec  0.000 ms  0/173 (0%)  sender
[  9]   0.00-20.03  sec   245 KBytes   100 Kbits/sec  0.828 ms  0/173 (0%)  receiver
[SUM]   0.00-20.00  sec   734 KBytes   301 Kbits/sec  0.000 ms  0/519 (0%)  sender
[SUM]   0.00-20.03  sec   734 KBytes   300 Kbits/sec  0.833 ms  0/519 (0%)  receiver
[  5]   0.00-20.00  sec   245 KBytes   100 Kbits/sec  0.000 ms  0/173 (0%)  sender
[  5]   0.00-20.87  sec   245 KBytes  96.0 Kbits/sec  0.504 ms  0/173 (0%)  receiver
[  7]   0.00-20.00  sec   245 KBytes   100 Kbits/sec  0.000 ms  0/173 (0%)  sender
[  7]   0.00-20.87  sec   245 KBytes  96.0 Kbits/sec  0.503 ms  0/173 (0%)  receiver
[  9]   0.00-20.00  sec   245 KBytes   100 Kbits/sec  0.000 ms  0/173 (0%)  sender
[  9]   0.00-20.87  sec   245 KBytes  96.0 Kbits/sec  0.505 ms  0/173 (0%)  receiver
[SUM]   0.00-20.00  sec   734 KBytes   301 Kbits/sec  0.000 ms  0/519 (0%)  sender
[SUM]   0.00-20.87  sec   734 KBytes   288 Kbits/sec  0.504 ms  0/519 (0%)  receiver
[  5]   0.00-20.00  sec   245 KBytes   100 Kbits/sec  0.000 ms  0/173 (0%)  sender
[  5]   0.00-20.04  sec   245 KBytes   100 Kbits/sec  0.701 ms  0/173 (0%)  receiver
[  7]   0.00-20.00  sec   245 KBytes   100 Kbits/sec  0.000 ms  0/173 (0%)  sender
[  7]   0.00-20.04  sec   245 KBytes   100 Kbits/sec  0.713 ms  0/173 (0%)  receiver
[  9]   0.00-20.00  sec   245 KBytes   100 Kbits/sec  0.000 ms  0/173 (0%)  sender
[  9]   0.00-20.04  sec   245 KBytes   100 Kbits/sec  1.101 ms  0/173 (0%)  receiver
[SUM]   0.00-20.00  sec   734 KBytes   301 Kbits/sec  0.000 ms  0/519 (0%)  sender
[SUM]   0.00-20.04  sec   734 KBytes   300 Kbits/sec  0.838 ms  0/519 (0%)  receiver
[  5]   0.00-20.00  sec   245 KBytes   100 Kbits/sec  0.000 ms  0/173 (0%)  sender
[  5]   0.00-20.03  sec   245 KBytes   100 Kbits/sec  0.672 ms  0/173 (0%)  receiver
[  7]   0.00-20.00  sec   245 KBytes   100 Kbits/sec  0.000 ms  0/173 (0%)  sender
[  7]   0.00-20.03  sec   245 KBytes   100 Kbits/sec  0.669 ms  0/173 (0%)  receiver
[  9]   0.00-20.00  sec   245 KBytes   100 Kbits/sec  0.000 ms  0/173 (0%)  sender
[  9]   0.00-20.03  sec   243 KBytes  99.5 Kbits/sec  0.675 ms  1/173 (0.58%)  receiver
[SUM]   0.00-20.00  sec   734 KBytes   301 Kbits/sec  0.000 ms  0/519 (0%)  sender
[SUM]   0.00-20.03  sec   732 KBytes   300 Kbits/sec  0.672 ms  1/519 (0.19%)  receiver
[  5]   0.00-20.00  sec   245 KBytes   100 Kbits/sec  0.000 ms  0/173 (0%)  sender
[  5]   0.00-20.03  sec   245 KBytes   100 Kbits/sec  0.455 ms  0/173 (0%)  receiver
[  7]   0.00-20.00  sec   245 KBytes   100 Kbits/sec  0.000 ms  0/173 (0%)  sender
[  7]   0.00-20.03  sec   245 KBytes   100 Kbits/sec  0.461 ms  0/173 (0%)  receiver
[  9]   0.00-20.00  sec   245 KBytes   100 Kbits/sec  0.000 ms  0/173 (0%)  sender
[  9]   0.00-20.03  sec   245 KBytes   100 Kbits/sec  0.635 ms  0/173 (0%)  receiver
[SUM]   0.00-20.00  sec   734 KBytes   301 Kbits/sec  0.000 ms  0/519 (0%)  sender
[SUM]   0.00-20.03  sec   734 KBytes   300 Kbits/sec  0.517 ms  0/519 (0%)  receiver
[  5]   0.00-20.00  sec   245 KBytes   100 Kbits/sec  0.000 ms  0/173 (0%)  sender
[  5]   0.00-20.19  sec   245 KBytes  99.2 Kbits/sec  0.777 ms  0/173 (0%)  receiver
[  7]   0.00-20.00  sec   245 KBytes   100 Kbits/sec  0.000 ms  0/173 (0%)  sender
[  7]   0.00-20.19  sec   245 KBytes  99.2 Kbits/sec  0.779 ms  0/173 (0%)  receiver
[  9]   0.00-20.00  sec   245 KBytes   100 Kbits/sec  0.000 ms  0/173 (0%)  sender
[  9]   0.00-20.19  sec   245 KBytes  99.2 Kbits/sec  1.037 ms  0/173 (0%)  receiver
[SUM]   0.00-20.00  sec   734 KBytes   301 Kbits/sec  0.000 ms  0/519 (0%)  sender
[SUM]   0.00-20.19  sec   734 KBytes   298 Kbits/sec  0.864 ms  0/519 (0%)  receiver
[  5]   0.00-20.00  sec   245 KBytes   100 Kbits/sec  0.000 ms  0/173 (0%)  sender
[  5]   0.00-20.03  sec   245 KBytes   100 Kbits/sec  0.775 ms  0/173 (0%)  receiver
[  7]   0.00-20.00  sec   245 KBytes   100 Kbits/sec  0.000 ms  0/173 (0%)  sender
[  7]   0.00-20.03  sec   245 KBytes   100 Kbits/sec  0.771 ms  0/173 (0%)  receiver
[  9]   0.00-20.00  sec   245 KBytes   100 Kbits/sec  0.000 ms  0/173 (0%)  sender
[  9]   0.00-20.03  sec   245 KBytes   100 Kbits/sec  0.757 ms  0/173 (0%)  receiver
[SUM]   0.00-20.00  sec   734 KBytes   301 Kbits/sec  0.000 ms  0/519 (0%)  sender
[SUM]   0.00-20.03  sec   734 KBytes   300 Kbits/sec  0.768 ms  0/519 (0%)  receiver
[  5]   0.00-20.00  sec   245 KBytes   100 Kbits/sec  0.000 ms  0/173 (0%)  sender
[  5]   0.00-20.03  sec   245 KBytes   100 Kbits/sec  0.649 ms  0/173 (0%)  receiver
[  7]   0.00-20.00  sec   245 KBytes   100 Kbits/sec  0.000 ms  0/173 (0%)  sender
[  7]   0.00-20.03  sec   245 KBytes   100 Kbits/sec  0.697 ms  0/173 (0%)  receiver
[  9]   0.00-20.00  sec   245 KBytes   100 Kbits/sec  0.000 ms  0/173 (0%)  sender
[  9]   0.00-20.03  sec   245 KBytes   100 Kbits/sec  0.607 ms  0/173 (0%)  receiver
[SUM]   0.00-20.00  sec   734 KBytes   301 Kbits/sec  0.000 ms  0/519 (0%)  sender
[SUM]   0.00-20.03  sec   734 KBytes   300 Kbits/sec  0.651 ms  0/519 (0%)  receiver
[  5]   0.00-20.00  sec   245 KBytes   100 Kbits/sec  0.000 ms  0/173 (0%)  sender
[  5]   0.00-20.03  sec   245 KBytes   100 Kbits/sec  0.320 ms  0/173 (0%)  receiver
[  7]   0.00-20.00  sec   245 KBytes   100 Kbits/sec  0.000 ms  0/173 (0%)  sender
[  7]   0.00-20.03  sec   245 KBytes   100 Kbits/sec  0.311 ms  0/173 (0%)  receiver
[  9]   0.00-20.00  sec   245 KBytes   100 Kbits/sec  0.000 ms  0/173 (0%)  sender
[  9]   0.00-20.03  sec   245 KBytes   100 Kbits/sec  0.485 ms  0/173 (0%)  receiver
[SUM]   0.00-20.00  sec   734 KBytes   301 Kbits/sec  0.000 ms  0/519 (0%)  sender
[SUM]   0.00-20.03  sec   734 KBytes   300 Kbits/sec  0.372 ms  0/519 (0%)  receiver
[  5]   0.00-20.00  sec   245 KBytes   100 Kbits/sec  0.000 ms  0/173 (0%)  sender
[  5]   0.00-20.78  sec   245 KBytes  96.4 Kbits/sec  0.365 ms  0/173 (0%)  receiver
[  7]   0.00-20.00  sec   245 KBytes   100 Kbits/sec  0.000 ms  0/173 (0%)  sender
[  7]   0.00-20.78  sec   245 KBytes  96.4 Kbits/sec  0.386 ms  0/173 (0%)  receiver
[  9]   0.00-20.00  sec   245 KBytes   100 Kbits/sec  0.000 ms  0/173 (0%)  sender
[  9]   0.00-20.78  sec   245 KBytes  96.4 Kbits/sec  0.353 ms  0/173 (0%)  receiver
[SUM]   0.00-20.00  sec   734 KBytes   301 Kbits/sec  0.000 ms  0/519 (0%)  sender
[SUM]   0.00-20.78  sec   734 KBytes   289 Kbits/sec  0.368 ms  0/519 (0%)  receiver
[  5]   0.00-20.00  sec   245 KBytes   100 Kbits/sec  0.000 ms  0/173 (0%)  sender
[  5]   0.00-20.03  sec   245 KBytes   100 Kbits/sec  0.447 ms  0/173 (0%)  receiver
[  7]   0.00-20.00  sec   245 KBytes   100 Kbits/sec  0.000 ms  0/173 (0%)  sender
[  7]   0.00-20.03  sec   245 KBytes   100 Kbits/sec  0.440 ms  0/173 (0%)  receiver
[  9]   0.00-20.00  sec   245 KBytes   100 Kbits/sec  0.000 ms  0/173 (0%)  sender
[  9]   0.00-20.03  sec   245 KBytes   100 Kbits/sec  0.514 ms  0/173 (0%)  receiver
[SUM]   0.00-20.00  sec   734 KBytes   301 Kbits/sec  0.000 ms  0/519 (0%)  sender
[SUM]   0.00-20.03  sec   734 KBytes   300 Kbits/sec  0.467 ms  0/519 (0%)  receiver
[  5]   0.00-20.00  sec   245 KBytes   100 Kbits/sec  0.000 ms  0/173 (0%)  sender
[  5]   0.00-20.03  sec   245 KBytes   100 Kbits/sec  0.425 ms  0/173 (0%)  receiver
[  7]   0.00-20.00  sec   245 KBytes   100 Kbits/sec  0.000 ms  0/173 (0%)  sender
[  7]   0.00-20.03  sec   245 KBytes   100 Kbits/sec  0.434 ms  0/173 (0%)  receiver
[  9]   0.00-20.00  sec   245 KBytes   100 Kbits/sec  0.000 ms  0/173 (0%)  sender
[  9]   0.00-20.03  sec   245 KBytes   100 Kbits/sec  0.694 ms  0/173 (0%)  receiver
[SUM]   0.00-20.00  sec   734 KBytes   301 Kbits/sec  0.000 ms  0/519 (0%)  sender
[SUM]   0.00-20.03  sec   734 KBytes   300 Kbits/sec  0.518 ms  0/519 (0%)  receiver
[  5]   0.00-20.00  sec   245 KBytes   100 Kbits/sec  0.000 ms  0/173 (0%)  sender
[  5]   0.00-20.03  sec   245 KBytes   100 Kbits/sec  0.698 ms  0/173 (0%)  receiver
[  7]   0.00-20.00  sec   245 KBytes   100 Kbits/sec  0.000 ms  0/173 (0%)  sender
[  7]   0.00-20.03  sec   245 KBytes   100 Kbits/sec  0.706 ms  0/173 (0%)  receiver
[  9]   0.00-20.00  sec   245 KBytes   100 Kbits/sec  0.000 ms  0/173 (0%)  sender
[  9]   0.00-20.03  sec   245 KBytes   100 Kbits/sec  0.702 ms  0/173 (0%)  receiver
[SUM]   0.00-20.00  sec   734 KBytes   301 Kbits/sec  0.000 ms  0/519 (0%)  sender
[SUM]   0.00-20.03  sec   734 KBytes   300 Kbits/sec  0.702 ms  0/519 (0%)  receiver
[  5]   0.00-20.00  sec   245 KBytes   100 Kbits/sec  0.000 ms  0/173 (0%)  sender
[  5]   0.00-20.03  sec   245 KBytes   100 Kbits/sec  0.553 ms  0/173 (0%)  receiver
[  7]   0.00-20.00  sec   245 KBytes   100 Kbits/sec  0.000 ms  0/173 (0%)  sender
[  7]   0.00-20.03  sec   245 KBytes   100 Kbits/sec  0.562 ms  0/173 (0%)  receiver
[  9]   0.00-20.00  sec   245 KBytes   100 Kbits/sec  0.000 ms  0/173 (0%)  sender
[  9]   0.00-20.03  sec   245 KBytes   100 Kbits/sec  0.510 ms  0/173 (0%)  receiver
[SUM]   0.00-20.00  sec   734 KBytes   301 Kbits/sec  0.000 ms  0/519 (0%)  sender
[SUM]   0.00-20.03  sec   734 KBytes   300 Kbits/sec  0.542 ms  0/519 (0%)  receiver
[  5]   0.00-20.00  sec   245 KBytes   100 Kbits/sec  0.000 ms  0/173 (0%)  sender
[  5]   0.00-20.03  sec   245 KBytes   100 Kbits/sec  0.333 ms  0/173 (0%)  receiver
[  7]   0.00-20.00  sec   245 KBytes   100 Kbits/sec  0.000 ms  0/173 (0%)  sender
[  7]   0.00-20.03  sec   245 KBytes   100 Kbits/sec  0.334 ms  0/173 (0%)  receiver
[  9]   0.00-20.00  sec   245 KBytes   100 Kbits/sec  0.000 ms  0/173 (0%)  sender
[  9]   0.00-20.03  sec   245 KBytes   100 Kbits/sec  0.574 ms  0/173 (0%)  receiver
[SUM]   0.00-20.00  sec   734 KBytes   301 Kbits/sec  0.000 ms  0/519 (0%)  sender
[SUM]   0.00-20.03  sec   734 KBytes   300 Kbits/sec  0.414 ms  0/519 (0%)  receiver
[  5]   0.00-20.00  sec   245 KBytes   100 Kbits/sec  0.000 ms  0/173 (0%)  sender
[  5]   0.00-20.03  sec   245 KBytes   100 Kbits/sec  0.378 ms  0/173 (0%)  receiver
[  7]   0.00-20.00  sec   245 KBytes   100 Kbits/sec  0.000 ms  0/173 (0%)  sender
[  7]   0.00-20.03  sec   245 KBytes   100 Kbits/sec  0.376 ms  0/173 (0%)  receiver
[  9]   0.00-20.00  sec   245 KBytes   100 Kbits/sec  0.000 ms  0/173 (0%)  sender
[  9]   0.00-20.03  sec   245 KBytes   100 Kbits/sec  0.446 ms  0/173 (0%)  receiver
[SUM]   0.00-20.00  sec   734 KBytes   301 Kbits/sec  0.000 ms  0/519 (0%)  sender
[SUM]   0.00-20.03  sec   734 KBytes   300 Kbits/sec  0.400 ms  0/519 (0%)  receiver
[  5]   0.00-20.00  sec   245 KBytes   100 Kbits/sec  0.000 ms  0/173 (0%)  sender
[  5]   0.00-20.03  sec   245 KBytes   100 Kbits/sec  0.746 ms  0/173 (0%)  receiver
[  7]   0.00-20.00  sec   245 KBytes   100 Kbits/sec  0.000 ms  0/173 (0%)  sender
[  7]   0.00-20.03  sec   245 KBytes   100 Kbits/sec  0.746 ms  0/173 (0%)  receiver
[  9]   0.00-20.00  sec   245 KBytes   100 Kbits/sec  0.000 ms  0/173 (0%)  sender
[  9]   0.00-20.03  sec   245 KBytes   100 Kbits/sec  0.647 ms  0/173 (0%)  receiver
[SUM]   0.00-20.00  sec   734 KBytes   301 Kbits/sec  0.000 ms  0/519 (0%)  sender
[SUM]   0.00-20.03  sec   734 KBytes   300 Kbits/sec  0.713 ms  0/519 (0%)  receiver
[  5]   0.00-20.00  sec   245 KBytes   100 Kbits/sec  0.000 ms  0/173 (0%)  sender
[  5]   0.00-20.03  sec   245 KBytes   100 Kbits/sec  0.476 ms  0/173 (0%)  receiver
[  7]   0.00-20.00  sec   245 KBytes   100 Kbits/sec  0.000 ms  0/173 (0%)  sender
[  7]   0.00-20.03  sec   245 KBytes   100 Kbits/sec  0.490 ms  0/173 (0%)  receiver
[  9]   0.00-20.00  sec   245 KBytes   100 Kbits/sec  0.000 ms  0/173 (0%)  sender
[  9]   0.00-20.03  sec   245 KBytes   100 Kbits/sec  0.835 ms  0/173 (0%)  receiver
[SUM]   0.00-20.00  sec   734 KBytes   301 Kbits/sec  0.000 ms  0/519 (0%)  sender
[SUM]   0.00-20.03  sec   734 KBytes   300 Kbits/sec  0.600 ms  0/519 (0%)  receiver
[  5]   0.00-20.00  sec   245 KBytes   100 Kbits/sec  0.000 ms  0/173 (0%)  sender
[  5]   0.00-20.04  sec   245 KBytes   100 Kbits/sec  0.559 ms  0/173 (0%)  receiver
[  7]   0.00-20.00  sec   245 KBytes   100 Kbits/sec  0.000 ms  0/173 (0%)  sender
[  7]   0.00-20.04  sec   245 KBytes   100 Kbits/sec  0.666 ms  0/173 (0%)  receiver
[  9]   0.00-20.00  sec   245 KBytes   100 Kbits/sec  0.000 ms  0/173 (0%)  sender
[  9]   0.00-20.04  sec   245 KBytes   100 Kbits/sec  0.670 ms  0/173 (0%)  receiver
[SUM]   0.00-20.00  sec   734 KBytes   301 Kbits/sec  0.000 ms  0/519 (0%)  sender
[SUM]   0.00-20.04  sec   734 KBytes   300 Kbits/sec  0.632 ms  0/519 (0%)  receiver
