Baseline Output:
[  5]   0.00-20.00  sec  23.8 MBytes  10.0 Mbits/sec  0.000 ms  0/17265 (0%)  sender
[  5]   0.00-21.24  sec  23.5 MBytes  9.29 Mbits/sec  0.422 ms  227/17265 (1.3%)  receiver
[  5]   0.00-20.00  sec  23.8 MBytes  10.0 Mbits/sec  0.000 ms  0/17266 (0%)  sender
[  5]   0.00-20.58  sec  18.2 MBytes  7.40 Mbits/sec  0.818 ms  4117/17266 (24%)  receiver
[  5]   0.00-20.00  sec  23.8 MBytes  10.0 Mbits/sec  0.000 ms  0/17265 (0%)  sender
[  5]   0.00-23.48  sec  23.8 MBytes  8.52 Mbits/sec  1.035 ms  8/17265 (0.046%)  receiver
[  5]   0.00-20.00  sec  23.8 MBytes  10.0 Mbits/sec  0.000 ms  0/17265 (0%)  sender
[  5]   0.00-20.52  sec  17.4 MBytes  7.11 Mbits/sec  0.524 ms  4678/17265 (27%)  receiver
[  5]   0.00-20.00  sec  23.8 MBytes  10.0 Mbits/sec  0.000 ms  0/17265 (0%)  sender
[  5]   0.00-20.44  sec  16.8 MBytes  6.89 Mbits/sec  0.441 ms  5108/17265 (30%)  receiver
[  5]   0.00-20.00  sec  23.8 MBytes  10.0 Mbits/sec  0.000 ms  0/17265 (0%)  sender
[  5]   0.00-20.69  sec  18.3 MBytes  7.42 Mbits/sec  0.511 ms  4018/17265 (23%)  receiver
[  5]   0.00-20.00  sec  23.8 MBytes  10.0 Mbits/sec  0.000 ms  0/17265 (0%)  sender
[  5]   0.00-20.81  sec  23.2 MBytes  9.36 Mbits/sec  4.241 ms  446/17265 (2.6%)  receiver
[  5]   0.00-20.00  sec  23.8 MBytes  10.0 Mbits/sec  0.000 ms  0/17265 (0%)  sender
[  5]   0.00-20.86  sec  18.4 MBytes  7.41 Mbits/sec  0.453 ms  3914/17265 (23%)  receiver
[  5]   0.00-20.00  sec  23.8 MBytes  10.0 Mbits/sec  0.000 ms  0/17265 (0%)  sender
[  5]   0.00-21.29  sec  23.7 MBytes  9.32 Mbits/sec  0.747 ms  135/17265 (0.78%)  receiver
[  5]   0.00-20.00  sec  23.8 MBytes  10.0 Mbits/sec  0.000 ms  0/17265 (0%)  sender
[  5]   0.00-22.54  sec  20.5 MBytes  7.61 Mbits/sec  1.168 ms  2446/17263 (14%)  receiver
[  5]   0.00-20.00  sec  23.8 MBytes  10.0 Mbits/sec  0.000 ms  0/17265 (0%)  sender
[  5]   0.00-22.47  sec  20.7 MBytes  7.73 Mbits/sec  0.988 ms  2270/17264 (13%)  receiver
[  5]   0.00-20.00  sec  23.8 MBytes  10.0 Mbits/sec  0.000 ms  0/17265 (0%)  sender
[  5]   0.00-21.53  sec  18.4 MBytes  7.16 Mbits/sec  0.647 ms  3956/17265 (23%)  receiver
[  5]   0.00-20.00  sec  23.8 MBytes  10.0 Mbits/sec  0.000 ms  0/17265 (0%)  sender
[  5]   0.00-22.94  sec  23.4 MBytes  8.57 Mbits/sec  0.496 ms  303/17265 (1.8%)  receiver
[  5]   0.00-20.00  sec  23.8 MBytes  10.0 Mbits/sec  0.000 ms  0/17265 (0%)  sender
[  5]   0.00-20.46  sec  17.4 MBytes  7.15 Mbits/sec  0.440 ms  4629/17265 (27%)  receiver
[  5]   0.00-20.00  sec  23.8 MBytes  10.0 Mbits/sec  0.000 ms  0/17265 (0%)  sender
[  5]   0.00-22.38  sec  23.8 MBytes  8.94 Mbits/sec  0.436 ms  0/17265 (0%)  receiver
[  5]   0.00-20.00  sec  23.8 MBytes  10.0 Mbits/sec  0.000 ms  0/17265 (0%)  sender
[  5]   0.00-21.35  sec  18.4 MBytes  7.21 Mbits/sec  0.459 ms  3972/17265 (23%)  receiver
[  5]   0.00-20.00  sec  23.8 MBytes  10.0 Mbits/sec  0.000 ms  0/17265 (0%)  sender
[  5]   0.00-20.70  sec  17.2 MBytes  6.98 Mbits/sec  0.447 ms  4781/17265 (28%)  receiver
[  5]   0.00-20.00  sec  23.8 MBytes  10.0 Mbits/sec  0.000 ms  0/17265 (0%)  sender
[  5]   0.00-20.60  sec  18.9 MBytes  7.69 Mbits/sec  0.456 ms  3592/17265 (21%)  receiver
[  5]   0.00-20.00  sec  23.8 MBytes  10.0 Mbits/sec  0.000 ms  0/17265 (0%)  sender
[  5]   0.00-21.29  sec  23.8 MBytes  9.38 Mbits/sec  0.421 ms  27/17265 (0.16%)  receiver
[  5]   0.00-20.00  sec  23.8 MBytes  10.0 Mbits/sec  0.000 ms  0/17265 (0%)  sender
[  5]   0.00-20.40  sec  17.7 MBytes  7.28 Mbits/sec  0.507 ms  4449/17265 (26%)  receiver
Failover Output:
[  5]   0.00-20.00  sec  23.8 MBytes  10.0 Mbits/sec  0.000 ms  0/17265 (0%)  sender
[  5]   0.00-23.12  sec  20.9 MBytes  7.60 Mbits/sec  0.893 ms  2097/17264 (12%)  receiver
[  5]   0.00-20.00  sec  23.8 MBytes  10.0 Mbits/sec  0.000 ms  0/17265 (0%)  sender
[  5]   0.00-22.45  sec  21.3 MBytes  7.94 Mbits/sec  1.205 ms  1863/17263 (11%)  receiver
[  5]   0.00-20.00  sec  23.8 MBytes  10.0 Mbits/sec  0.000 ms  0/17265 (0%)  sender
[  5]   0.00-24.53  sec  20.0 MBytes  6.84 Mbits/sec  0.730 ms  2783/17264 (16%)  receiver
[  5]   0.00-20.00  sec  23.8 MBytes  10.0 Mbits/sec  0.000 ms  0/17265 (0%)  sender
[  5]   0.00-22.46  sec  21.1 MBytes  7.87 Mbits/sec  1.500 ms  1996/17264 (12%)  receiver
[  5]   0.00-20.00  sec  23.8 MBytes  10.0 Mbits/sec  0.000 ms  0/17265 (0%)  sender
[  5]   0.00-22.46  sec  20.8 MBytes  7.77 Mbits/sec  0.752 ms  2195/17264 (13%)  receiver
[  5]   0.00-20.00  sec  23.8 MBytes  10.0 Mbits/sec  0.000 ms  0/17264 (0%)  sender
[  5]   0.00-23.61  sec  20.3 MBytes  7.20 Mbits/sec  0.630 ms  2581/17263 (15%)  receiver
[  5]   0.00-20.00  sec  23.8 MBytes  10.0 Mbits/sec  0.000 ms  0/17265 (0%)  sender
[  5]   0.00-22.53  sec  16.6 MBytes  6.16 Mbits/sec  0.866 ms  5277/17265 (31%)  receiver
[  5]   0.00-20.00  sec  23.8 MBytes  10.0 Mbits/sec  0.000 ms  0/17265 (0%)  sender
[  5]   0.00-26.45  sec  21.0 MBytes  6.65 Mbits/sec  1.124 ms  2079/17263 (12%)  receiver
[  5]   0.00-20.00  sec  23.8 MBytes  10.0 Mbits/sec  0.000 ms  0/17266 (0%)  sender
[  5]   0.00-26.20  sec  20.9 MBytes  6.69 Mbits/sec  0.914 ms  2137/17266 (12%)  receiver
[  5]   0.00-20.00  sec  23.8 MBytes  10.0 Mbits/sec  0.000 ms  0/17265 (0%)  sender
[  5]   0.00-25.76  sec  13.1 MBytes  4.26 Mbits/sec  1.092 ms  7786/17263 (45%)  receiver
[  5]   0.00-20.00  sec  23.8 MBytes  10.0 Mbits/sec  0.000 ms  0/17265 (0%)  sender
[  5]   0.00-22.48  sec  17.4 MBytes  6.48 Mbits/sec  2.612 ms  4684/17265 (27%)  receiver
[  5]   0.00-20.00  sec  23.8 MBytes  10.0 Mbits/sec  0.000 ms  0/17265 (0%)  sender
[  5]   0.00-24.33  sec  21.0 MBytes  7.24 Mbits/sec  0.752 ms  2068/17263 (12%)  receiver
[  5]   0.00-20.00  sec  23.8 MBytes  10.0 Mbits/sec  0.000 ms  0/17265 (0%)  sender
[  5]   0.00-22.45  sec  21.0 MBytes  7.86 Mbits/sec  0.436 ms  2023/17264 (12%)  receiver
[  5]   0.00-20.00  sec  23.8 MBytes  10.0 Mbits/sec  0.000 ms  0/17265 (0%)  sender
[  5]   0.00-22.46  sec  21.1 MBytes  7.90 Mbits/sec  0.952 ms  1955/17265 (11%)  receiver
[  5]   0.00-20.00  sec  23.8 MBytes  10.0 Mbits/sec  0.000 ms  0/17265 (0%)  sender
[  5]   0.00-22.48  sec  21.3 MBytes  7.96 Mbits/sec  0.712 ms  1829/17264 (11%)  receiver
[  5]   0.00-20.00  sec  23.8 MBytes  10.0 Mbits/sec  0.000 ms  0/17265 (0%)  sender
[  5]   0.00-22.45  sec  21.3 MBytes  7.95 Mbits/sec  0.739 ms  1859/17265 (11%)  receiver
[  5]   0.00-20.00  sec  23.8 MBytes  10.0 Mbits/sec  0.000 ms  0/17265 (0%)  sender
[  5]   0.00-23.18  sec  20.8 MBytes  7.54 Mbits/sec  0.900 ms  2171/17265 (13%)  receiver
[  5]   0.00-20.00  sec  23.8 MBytes  10.0 Mbits/sec  0.000 ms  0/17265 (0%)  sender
[  5]   0.00-24.95  sec  21.4 MBytes  7.18 Mbits/sec  0.799 ms  1791/17263 (10%)  receiver
[  5]   0.00-20.00  sec  23.8 MBytes  10.0 Mbits/sec  0.000 ms  0/17265 (0%)  sender
[  5]   0.00-22.46  sec  21.1 MBytes  7.89 Mbits/sec  0.442 ms  1964/17264 (11%)  receiver
[  5]   0.00-20.00  sec  23.8 MBytes  10.0 Mbits/sec  0.000 ms  0/17265 (0%)  sender
[  5]   0.00-22.45  sec  21.4 MBytes  7.98 Mbits/sec  0.478 ms  1800/17265 (10%)  receiver
