Baseline Output:
[  5]   0.00-20.00  sec  12.5 MBytes  5.24 Mbits/sec  430             sender
[  5]   0.00-21.23  sec  7.24 MBytes  2.86 Mbits/sec                  receiver
[  7]   0.00-20.00  sec  12.7 MBytes  5.35 Mbits/sec  493             sender
[  7]   0.00-21.23  sec  7.55 MBytes  2.98 Mbits/sec                  receiver
[  9]   0.00-20.00  sec  11.6 MBytes  4.85 Mbits/sec  405             sender
[  9]   0.00-21.23  sec  6.73 MBytes  2.66 Mbits/sec                  receiver
[SUM]   0.00-20.00  sec  36.8 MBytes  15.4 Mbits/sec  1328             sender
[SUM]   0.00-21.23  sec  21.5 MBytes  8.50 Mbits/sec                  receiver
[  5]   0.00-20.00  sec  12.2 MBytes  5.11 Mbits/sec  491             sender
[  5]   0.00-21.84  sec  7.82 MBytes  3.00 Mbits/sec                  receiver
[  7]   0.00-20.00  sec  12.7 MBytes  5.32 Mbits/sec  499             sender
[  7]   0.00-21.84  sec  7.70 MBytes  2.96 Mbits/sec                  receiver
[  9]   0.00-20.00  sec  10.2 MBytes  4.27 Mbits/sec  410             sender
[  9]   0.00-21.84  sec  6.99 MBytes  2.68 Mbits/sec                  receiver
[SUM]   0.00-20.00  sec  35.0 MBytes  14.7 Mbits/sec  1400             sender
[SUM]   0.00-21.84  sec  22.5 MBytes  8.65 Mbits/sec                  receiver
[  5]   0.00-20.00  sec  12.2 MBytes  5.11 Mbits/sec  472             sender
[  5]   0.00-21.85  sec  7.29 MBytes  2.80 Mbits/sec                  receiver
[  7]   0.00-20.00  sec  12.7 MBytes  5.32 Mbits/sec  525             sender
[  7]   0.00-21.85  sec  7.78 MBytes  2.99 Mbits/sec                  receiver
[  9]   0.00-20.00  sec  10.3 MBytes  4.33 Mbits/sec  389             sender
[  9]   0.00-21.85  sec  6.46 MBytes  2.48 Mbits/sec                  receiver
[SUM]   0.00-20.00  sec  35.2 MBytes  14.8 Mbits/sec  1386             sender
[SUM]   0.00-21.85  sec  21.5 MBytes  8.27 Mbits/sec                  receiver
[  5]   0.00-20.00  sec  9.07 MBytes  3.80 Mbits/sec    0             sender
[  5]   0.00-20.95  sec  3.59 MBytes  1.44 Mbits/sec                  receiver
[  7]   0.00-20.00  sec  9.07 MBytes  3.81 Mbits/sec   41             sender
[  7]   0.00-20.95  sec  3.61 MBytes  1.45 Mbits/sec                  receiver
[  9]   0.00-20.00  sec  7.88 MBytes  3.31 Mbits/sec    2             sender
[  9]   0.00-20.95  sec  4.07 MBytes  1.63 Mbits/sec                  receiver
[SUM]   0.00-20.00  sec  26.0 MBytes  10.9 Mbits/sec   43             sender
[SUM]   0.00-20.95  sec  11.3 MBytes  4.51 Mbits/sec                  receiver
[  5]   0.00-20.01  sec  9.07 MBytes  3.80 Mbits/sec  162             sender
[  5]   0.00-23.31  sec  3.86 MBytes  1.39 Mbits/sec                  receiver
[  7]   0.00-20.01  sec  9.13 MBytes  3.83 Mbits/sec    2             sender
[  7]   0.00-23.31  sec  4.12 MBytes  1.48 Mbits/sec                  receiver
[  9]   0.00-20.01  sec  7.94 MBytes  3.33 Mbits/sec    1             sender
[  9]   0.00-23.31  sec  3.47 MBytes  1.25 Mbits/sec                  receiver
[SUM]   0.00-20.01  sec  26.1 MBytes  11.0 Mbits/sec  165             sender
[SUM]   0.00-23.31  sec  11.5 MBytes  4.12 Mbits/sec                  receiver
[  5]   0.00-20.00  sec  7.84 MBytes  3.29 Mbits/sec   83             sender
[  5]   0.00-20.88  sec  3.67 MBytes  1.47 Mbits/sec                  receiver
[  7]   0.00-20.00  sec  7.88 MBytes  3.30 Mbits/sec    0             sender
[  7]   0.00-20.88  sec  3.24 MBytes  1.30 Mbits/sec                  receiver
[  9]   0.00-20.00  sec  7.94 MBytes  3.33 Mbits/sec    1             sender
[  9]   0.00-20.88  sec  3.42 MBytes  1.37 Mbits/sec                  receiver
[SUM]   0.00-20.00  sec  23.7 MBytes  9.92 Mbits/sec   84             sender
[SUM]   0.00-20.88  sec  10.3 MBytes  4.15 Mbits/sec                  receiver
[  5]   0.00-20.00  sec  9.07 MBytes  3.80 Mbits/sec   57             sender
[  5]   0.00-22.56  sec  3.63 MBytes  1.35 Mbits/sec                  receiver
[  7]   0.00-20.00  sec  9.13 MBytes  3.83 Mbits/sec    2             sender
[  7]   0.00-22.56  sec  4.11 MBytes  1.53 Mbits/sec                  receiver
[  9]   0.00-20.00  sec  7.94 MBytes  3.33 Mbits/sec    1             sender
[  9]   0.00-22.56  sec  3.45 MBytes  1.28 Mbits/sec                  receiver
[SUM]   0.00-20.00  sec  26.1 MBytes  11.0 Mbits/sec   60             sender
[SUM]   0.00-22.56  sec  11.2 MBytes  4.16 Mbits/sec                  receiver
[  5]   0.00-20.00  sec  12.7 MBytes  5.33 Mbits/sec  519             sender
[  5]   0.00-21.87  sec  8.69 MBytes  3.33 Mbits/sec                  receiver
[  7]   0.00-20.00  sec  11.4 MBytes  4.79 Mbits/sec  436             sender
[  7]   0.00-21.87  sec  8.17 MBytes  3.13 Mbits/sec                  receiver
[  9]   0.00-20.00  sec  10.4 MBytes  4.35 Mbits/sec  440             sender
[  9]   0.00-21.87  sec  7.82 MBytes  3.00 Mbits/sec                  receiver
[SUM]   0.00-20.00  sec  34.5 MBytes  14.5 Mbits/sec  1395             sender
[SUM]   0.00-21.87  sec  24.7 MBytes  9.46 Mbits/sec                  receiver
[  5]   0.00-20.00  sec  12.7 MBytes  5.32 Mbits/sec  336             sender
[  5]   0.00-22.57  sec  6.46 MBytes  2.40 Mbits/sec                  receiver
[  7]   0.00-20.00  sec  11.4 MBytes  4.77 Mbits/sec  470             sender
[  7]   0.00-22.57  sec  7.20 MBytes  2.68 Mbits/sec                  receiver
[  9]   0.00-20.00  sec  11.4 MBytes  4.79 Mbits/sec  609             sender
[  9]   0.00-22.57  sec  7.17 MBytes  2.67 Mbits/sec                  receiver
[SUM]   0.00-20.00  sec  35.5 MBytes  14.9 Mbits/sec  1415             sender
[SUM]   0.00-22.57  sec  20.8 MBytes  7.74 Mbits/sec                  receiver
[  5]   0.00-20.00  sec  11.4 MBytes  4.77 Mbits/sec  494             sender
[  5]   0.00-20.46  sec  6.05 MBytes  2.48 Mbits/sec                  receiver
[  7]   0.00-20.00  sec  12.6 MBytes  5.29 Mbits/sec  387             sender
[  7]   0.00-20.46  sec  6.42 MBytes  2.63 Mbits/sec                  receiver
[  9]   0.00-20.00  sec  11.4 MBytes  4.76 Mbits/sec  410             sender
[  9]   0.00-20.46  sec  7.06 MBytes  2.89 Mbits/sec                  receiver
[SUM]   0.00-20.00  sec  35.3 MBytes  14.8 Mbits/sec  1291             sender
[SUM]   0.00-20.46  sec  19.5 MBytes  8.01 Mbits/sec                  receiver
[  5]   0.00-20.00  sec  12.2 MBytes  5.11 Mbits/sec  470             sender
[  5]   0.00-20.29  sec  6.05 MBytes  2.50 Mbits/sec                  receiver
[  7]   0.00-20.00  sec  12.7 MBytes  5.35 Mbits/sec  419             sender
[  7]   0.00-20.29  sec  6.44 MBytes  2.66 Mbits/sec                  receiver
[  9]   0.00-20.00  sec  11.0 MBytes  4.61 Mbits/sec  380             sender
[  9]   0.00-20.29  sec  6.11 MBytes  2.53 Mbits/sec                  receiver
[SUM]   0.00-20.00  sec  35.9 MBytes  15.1 Mbits/sec  1269             sender
[SUM]   0.00-20.29  sec  18.6 MBytes  7.69 Mbits/sec                  receiver
[  5]   0.00-20.00  sec  12.4 MBytes  5.21 Mbits/sec  611             sender
[  5]   0.00-22.79  sec  7.67 MBytes  2.82 Mbits/sec                  receiver
[  7]   0.00-20.00  sec  12.2 MBytes  5.13 Mbits/sec  489             sender
[  7]   0.00-22.79  sec  8.64 MBytes  3.18 Mbits/sec                  receiver
[  9]   0.00-20.00  sec  10.2 MBytes  4.27 Mbits/sec  356             sender
[  9]   0.00-22.79  sec  6.50 MBytes  2.39 Mbits/sec                  receiver
[SUM]   0.00-20.00  sec  34.8 MBytes  14.6 Mbits/sec  1456             sender
[SUM]   0.00-22.79  sec  22.8 MBytes  8.39 Mbits/sec                  receiver
[  5]   0.00-20.00  sec  13.4 MBytes  5.63 Mbits/sec  597             sender
[  5]   0.00-22.01  sec  7.41 MBytes  2.82 Mbits/sec                  receiver
[  7]   0.00-20.00  sec  12.6 MBytes  5.29 Mbits/sec  513             sender
[  7]   0.00-22.01  sec  7.45 MBytes  2.84 Mbits/sec                  receiver
[  9]   0.00-20.00  sec  11.4 MBytes  4.76 Mbits/sec  396             sender
[  9]   0.00-22.01  sec  6.65 MBytes  2.53 Mbits/sec                  receiver
[SUM]   0.00-20.00  sec  37.4 MBytes  15.7 Mbits/sec  1506             sender
[SUM]   0.00-22.01  sec  21.5 MBytes  8.20 Mbits/sec                  receiver
[  5]   0.00-20.00  sec  12.2 MBytes  5.11 Mbits/sec  533             sender
[  5]   0.00-22.57  sec  8.56 MBytes  3.18 Mbits/sec                  receiver
[  7]   0.00-20.00  sec  12.7 MBytes  5.32 Mbits/sec  466             sender
[  7]   0.00-22.57  sec  7.82 MBytes  2.91 Mbits/sec                  receiver
[  9]   0.00-20.00  sec  11.4 MBytes  4.76 Mbits/sec  299             sender
[  9]   0.00-22.57  sec  6.10 MBytes  2.27 Mbits/sec                  receiver
[SUM]   0.00-20.00  sec  36.2 MBytes  15.2 Mbits/sec  1298             sender
[SUM]   0.00-22.57  sec  22.5 MBytes  8.35 Mbits/sec                  receiver
[  5]   0.00-20.00  sec  11.8 MBytes  4.93 Mbits/sec  387             sender
[  5]   0.00-22.89  sec  7.24 MBytes  2.65 Mbits/sec                  receiver
[  7]   0.00-20.00  sec  11.9 MBytes  4.99 Mbits/sec  338             sender
[  7]   0.00-22.89  sec  6.68 MBytes  2.45 Mbits/sec                  receiver
[  9]   0.00-20.00  sec  10.8 MBytes  4.55 Mbits/sec  405             sender
[  9]   0.00-22.89  sec  6.25 MBytes  2.29 Mbits/sec                  receiver
[SUM]   0.00-20.00  sec  34.5 MBytes  14.5 Mbits/sec  1130             sender
[SUM]   0.00-22.89  sec  20.2 MBytes  7.39 Mbits/sec                  receiver
[  5]   0.00-20.00  sec  12.6 MBytes  5.29 Mbits/sec  533             sender
[  5]   0.00-22.37  sec  7.55 MBytes  2.83 Mbits/sec                  receiver
[  7]   0.00-20.00  sec  11.6 MBytes  4.85 Mbits/sec  437             sender
[  7]   0.00-22.37  sec  8.19 MBytes  3.07 Mbits/sec                  receiver
[  9]   0.00-20.00  sec  11.4 MBytes  4.79 Mbits/sec  389             sender
[  9]   0.00-22.37  sec  6.68 MBytes  2.50 Mbits/sec                  receiver
[SUM]   0.00-20.00  sec  35.6 MBytes  14.9 Mbits/sec  1359             sender
[SUM]   0.00-22.37  sec  22.4 MBytes  8.41 Mbits/sec                  receiver
[  5]   0.00-20.00  sec  12.4 MBytes  5.21 Mbits/sec  479             sender
[  5]   0.00-23.57  sec  8.99 MBytes  3.20 Mbits/sec                  receiver
[  7]   0.00-20.00  sec  11.4 MBytes  4.76 Mbits/sec   25             sender
[  7]   0.00-23.57  sec  8.47 MBytes  3.01 Mbits/sec                  receiver
[  9]   0.00-20.00  sec  11.5 MBytes  4.82 Mbits/sec  398             sender
[  9]   0.00-23.57  sec  6.78 MBytes  2.41 Mbits/sec                  receiver
[SUM]   0.00-20.00  sec  35.3 MBytes  14.8 Mbits/sec  902             sender
[SUM]   0.00-23.57  sec  24.2 MBytes  8.63 Mbits/sec                  receiver
[  5]   0.00-20.00  sec  12.4 MBytes  5.21 Mbits/sec  473             sender
[  5]   0.00-21.41  sec  7.43 MBytes  2.91 Mbits/sec                  receiver
[  7]   0.00-20.00  sec  11.5 MBytes  4.82 Mbits/sec  387             sender
[  7]   0.00-21.41  sec  6.93 MBytes  2.72 Mbits/sec                  receiver
[  9]   0.00-20.00  sec  10.3 MBytes  4.33 Mbits/sec  416             sender
[  9]   0.00-21.41  sec  7.74 MBytes  3.03 Mbits/sec                  receiver
[SUM]   0.00-20.00  sec  34.2 MBytes  14.4 Mbits/sec  1276             sender
[SUM]   0.00-21.41  sec  22.1 MBytes  8.66 Mbits/sec                  receiver
[  5]   0.00-20.00  sec  12.6 MBytes  5.29 Mbits/sec  520             sender
[  5]   0.00-23.31  sec  7.93 MBytes  2.85 Mbits/sec                  receiver
[  7]   0.00-20.00  sec  12.6 MBytes  5.29 Mbits/sec  430             sender
[  7]   0.00-23.31  sec  8.63 MBytes  3.10 Mbits/sec                  receiver
[  9]   0.00-20.00  sec  10.3 MBytes  4.33 Mbits/sec  544             sender
[  9]   0.00-23.31  sec  6.90 MBytes  2.48 Mbits/sec                  receiver
[SUM]   0.00-20.00  sec  35.5 MBytes  14.9 Mbits/sec  1494             sender
[SUM]   0.00-23.31  sec  23.5 MBytes  8.44 Mbits/sec                  receiver
[  5]   0.00-20.00  sec  12.5 MBytes  5.24 Mbits/sec  488             sender
[  5]   0.00-21.91  sec  7.44 MBytes  2.85 Mbits/sec                  receiver
[  7]   0.00-20.00  sec  12.7 MBytes  5.35 Mbits/sec  486             sender
[  7]   0.00-21.91  sec  7.84 MBytes  3.00 Mbits/sec                  receiver
[  9]   0.00-20.00  sec  10.2 MBytes  4.28 Mbits/sec  394             sender
[  9]   0.00-21.91  sec  7.07 MBytes  2.71 Mbits/sec                  receiver
[SUM]   0.00-20.00  sec  35.4 MBytes  14.9 Mbits/sec  1368             sender
[SUM]   0.00-21.91  sec  22.4 MBytes  8.56 Mbits/sec                  receiver
Failover Output:
[  5]   0.00-20.00  sec  9.07 MBytes  3.81 Mbits/sec    0             sender
[  5]   0.00-23.85  sec  3.64 MBytes  1.28 Mbits/sec                  receiver
[  7]   0.00-20.00  sec  9.06 MBytes  3.80 Mbits/sec    0             sender
[  7]   0.00-23.85  sec  3.90 MBytes  1.37 Mbits/sec                  receiver
[  9]   0.00-20.00  sec  9.19 MBytes  3.85 Mbits/sec    0             sender
[  9]   0.00-23.85  sec  3.95 MBytes  1.39 Mbits/sec                  receiver
[SUM]   0.00-20.00  sec  27.3 MBytes  11.5 Mbits/sec    0             sender
[SUM]   0.00-23.85  sec  11.5 MBytes  4.04 Mbits/sec                  receiver
[  5]   0.00-20.00  sec  9.07 MBytes  3.80 Mbits/sec    0             sender
[  5]   0.00-24.21  sec  3.59 MBytes  1.25 Mbits/sec                  receiver
[  7]   0.00-20.00  sec  9.07 MBytes  3.81 Mbits/sec    0             sender
[  7]   0.00-24.21  sec  3.83 MBytes  1.33 Mbits/sec                  receiver
[  9]   0.00-20.00  sec  10.4 MBytes  4.36 Mbits/sec    0             sender
[  9]   0.00-24.21  sec  4.07 MBytes  1.41 Mbits/sec                  receiver
[SUM]   0.00-20.00  sec  28.5 MBytes  12.0 Mbits/sec    0             sender
[SUM]   0.00-24.21  sec  11.5 MBytes  3.98 Mbits/sec                  receiver
[  5]   0.00-20.00  sec  9.07 MBytes  3.80 Mbits/sec    0             sender
[  5]   0.00-23.61  sec  3.65 MBytes  1.30 Mbits/sec                  receiver
[  7]   0.00-20.00  sec  9.07 MBytes  3.80 Mbits/sec    0             sender
[  7]   0.00-23.61  sec  3.80 MBytes  1.35 Mbits/sec                  receiver
[  9]   0.00-20.00  sec  10.4 MBytes  4.35 Mbits/sec    0             sender
[  9]   0.00-23.61  sec  4.04 MBytes  1.44 Mbits/sec                  receiver
[SUM]   0.00-20.00  sec  28.5 MBytes  12.0 Mbits/sec    0             sender
[SUM]   0.00-23.61  sec  11.5 MBytes  4.08 Mbits/sec                  receiver
[  5]   0.00-20.00  sec  11.5 MBytes  4.82 Mbits/sec  743             sender
[  5]   0.00-21.56  sec  8.43 MBytes  3.28 Mbits/sec                  receiver
[  7]   0.00-20.00  sec  9.43 MBytes  3.96 Mbits/sec   31             sender
[  7]   0.00-21.56  sec  5.20 MBytes  2.02 Mbits/sec                  receiver
[  9]   0.00-20.00  sec  9.31 MBytes  3.90 Mbits/sec    7             sender
[  9]   0.00-21.56  sec  4.94 MBytes  1.92 Mbits/sec                  receiver
[SUM]   0.00-20.00  sec  30.2 MBytes  12.7 Mbits/sec  781             sender
[SUM]   0.00-21.56  sec  18.6 MBytes  7.22 Mbits/sec                  receiver
[  5]   0.00-20.00  sec  10.6 MBytes  4.43 Mbits/sec   15             sender
[  5]   0.00-22.36  sec  5.37 MBytes  2.01 Mbits/sec                  receiver
[  7]   0.00-20.00  sec  10.6 MBytes  4.43 Mbits/sec  579             sender
[  7]   0.00-22.36  sec  5.72 MBytes  2.15 Mbits/sec                  receiver
[  9]   0.00-20.00  sec  11.9 MBytes  5.00 Mbits/sec  816             sender
[  9]   0.00-22.36  sec  7.81 MBytes  2.93 Mbits/sec                  receiver
[SUM]   0.00-20.00  sec  33.0 MBytes  13.9 Mbits/sec  1410             sender
[SUM]   0.00-22.36  sec  18.9 MBytes  7.09 Mbits/sec                  receiver
[  5]   0.00-20.00  sec  10.9 MBytes  4.58 Mbits/sec   56             sender
[  5]   0.00-21.61  sec  5.74 MBytes  2.23 Mbits/sec                  receiver
[  7]   0.00-20.00  sec  12.7 MBytes  5.32 Mbits/sec  761             sender
[  7]   0.00-21.61  sec  8.72 MBytes  3.39 Mbits/sec                  receiver
[  9]   0.00-20.00  sec  10.1 MBytes  4.24 Mbits/sec    7             sender
[  9]   0.00-21.61  sec  5.50 MBytes  2.14 Mbits/sec                  receiver
[SUM]   0.00-20.00  sec  33.7 MBytes  14.1 Mbits/sec  824             sender
[SUM]   0.00-21.61  sec  20.0 MBytes  7.75 Mbits/sec                  receiver
[  5]   0.00-20.00  sec  9.79 MBytes  4.11 Mbits/sec  426             sender
[  5]   0.00-26.90  sec  7.30 MBytes  2.28 Mbits/sec                  receiver
[  7]   0.00-20.00  sec  6.50 MBytes  2.73 Mbits/sec  457             sender
[  7]   0.00-26.90  sec  4.47 MBytes  1.39 Mbits/sec                  receiver
[  9]   0.00-20.00  sec  7.75 MBytes  3.25 Mbits/sec  465             sender
[  9]   0.00-26.90  sec  5.05 MBytes  1.57 Mbits/sec                  receiver
[SUM]   0.00-20.00  sec  24.0 MBytes  10.1 Mbits/sec  1348             sender
[SUM]   0.00-26.90  sec  16.8 MBytes  5.24 Mbits/sec                  receiver
[  5]   0.00-20.00  sec  9.07 MBytes  3.80 Mbits/sec    0             sender
[  5]   0.00-24.43  sec  3.67 MBytes  1.26 Mbits/sec                  receiver
[  7]   0.00-20.00  sec  9.06 MBytes  3.80 Mbits/sec    0             sender
[  7]   0.00-24.43  sec  3.86 MBytes  1.33 Mbits/sec                  receiver
[  9]   0.00-20.00  sec  9.21 MBytes  3.86 Mbits/sec    0             sender
[  9]   0.00-24.43  sec  3.91 MBytes  1.34 Mbits/sec                  receiver
[SUM]   0.00-20.00  sec  27.3 MBytes  11.5 Mbits/sec    0             sender
[SUM]   0.00-24.43  sec  11.4 MBytes  3.93 Mbits/sec                  receiver
[  5]   0.00-20.00  sec  9.07 MBytes  3.81 Mbits/sec    0             sender
[  5]   0.00-24.80  sec  3.64 MBytes  1.23 Mbits/sec                  receiver
[  7]   0.00-20.00  sec  9.07 MBytes  3.81 Mbits/sec    0             sender
[  7]   0.00-24.80  sec  3.83 MBytes  1.30 Mbits/sec                  receiver
[  9]   0.00-20.00  sec  9.28 MBytes  3.89 Mbits/sec    0             sender
[  9]   0.00-24.80  sec  3.99 MBytes  1.35 Mbits/sec                  receiver
[SUM]   0.00-20.00  sec  27.4 MBytes  11.5 Mbits/sec    0             sender
[SUM]   0.00-24.80  sec  11.5 MBytes  3.88 Mbits/sec                  receiver
[  5]   0.00-20.00  sec  9.07 MBytes  3.81 Mbits/sec    0             sender
[  5]   0.00-23.99  sec  3.66 MBytes  1.28 Mbits/sec                  receiver
[  7]   0.00-20.00  sec  9.06 MBytes  3.80 Mbits/sec    0             sender
[  7]   0.00-23.99  sec  3.86 MBytes  1.35 Mbits/sec                  receiver
[  9]   0.00-20.00  sec  9.28 MBytes  3.89 Mbits/sec    0             sender
[  9]   0.00-23.99  sec  3.97 MBytes  1.39 Mbits/sec                  receiver
[SUM]   0.00-20.00  sec  27.4 MBytes  11.5 Mbits/sec    0             sender
[SUM]   0.00-23.99  sec  11.5 MBytes  4.02 Mbits/sec                  receiver
[  5]   0.00-20.00  sec  9.60 MBytes  4.03 Mbits/sec  419             sender
[  5]   0.00-23.36  sec  7.71 MBytes  2.77 Mbits/sec                  receiver
[  7]   0.00-20.00  sec  6.87 MBytes  2.88 Mbits/sec  168             sender
[  7]   0.00-23.36  sec  3.89 MBytes  1.40 Mbits/sec                  receiver
[  9]   0.00-20.00  sec  7.06 MBytes  2.96 Mbits/sec  258             sender
[  9]   0.00-23.36  sec  4.15 MBytes  1.49 Mbits/sec                  receiver
[SUM]   0.00-20.00  sec  23.5 MBytes  9.87 Mbits/sec  845             sender
[SUM]   0.00-23.36  sec  15.7 MBytes  5.65 Mbits/sec                  receiver
[  5]   0.00-20.00  sec  9.07 MBytes  3.81 Mbits/sec    0             sender
[  5]   0.00-25.05  sec  3.69 MBytes  1.24 Mbits/sec                  receiver
[  7]   0.00-20.00  sec  9.21 MBytes  3.86 Mbits/sec    0             sender
[  7]   0.00-25.05  sec  3.93 MBytes  1.32 Mbits/sec                  receiver
[  9]   0.00-20.00  sec  9.19 MBytes  3.85 Mbits/sec    0             sender
[  9]   0.00-25.05  sec  3.81 MBytes  1.27 Mbits/sec                  receiver
[SUM]   0.00-20.00  sec  27.5 MBytes  11.5 Mbits/sec    0             sender
[SUM]   0.00-25.05  sec  11.4 MBytes  3.83 Mbits/sec                  receiver
[  5]   0.00-20.00  sec  9.25 MBytes  3.88 Mbits/sec    0             sender
[  5]   0.00-24.79  sec  3.67 MBytes  1.24 Mbits/sec                  receiver
[  7]   0.00-20.00  sec  9.37 MBytes  3.93 Mbits/sec    0             sender
[  7]   0.00-24.79  sec  3.94 MBytes  1.33 Mbits/sec                  receiver
[  9]   0.00-20.00  sec  7.53 MBytes  3.16 Mbits/sec    0             sender
[  9]   0.00-24.79  sec  3.33 MBytes  1.13 Mbits/sec                  receiver
[SUM]   0.00-20.00  sec  26.2 MBytes  11.0 Mbits/sec    0             sender
[SUM]   0.00-24.79  sec  10.9 MBytes  3.70 Mbits/sec                  receiver
[  5]   0.00-20.00  sec  10.4 MBytes  4.35 Mbits/sec    0             sender
[  5]   0.00-23.60  sec  4.16 MBytes  1.48 Mbits/sec                  receiver
[  7]   0.00-20.00  sec  8.00 MBytes  3.36 Mbits/sec    0             sender
[  7]   0.00-23.60  sec  3.49 MBytes  1.24 Mbits/sec                  receiver
[  9]   0.00-20.00  sec  9.26 MBytes  3.88 Mbits/sec    0             sender
[  9]   0.00-23.60  sec  3.59 MBytes  1.28 Mbits/sec                  receiver
[SUM]   0.00-20.00  sec  27.6 MBytes  11.6 Mbits/sec    0             sender
[SUM]   0.00-23.60  sec  11.2 MBytes  3.99 Mbits/sec                  receiver
[  5]   0.00-20.00  sec  11.6 MBytes  4.85 Mbits/sec  816             sender
[  5]   0.00-23.18  sec  7.34 MBytes  2.66 Mbits/sec                  receiver
[  7]   0.00-20.00  sec  10.3 MBytes  4.32 Mbits/sec   63             sender
[  7]   0.00-23.18  sec  5.35 MBytes  1.93 Mbits/sec                  receiver
[  9]   0.00-20.00  sec  11.8 MBytes  4.96 Mbits/sec  933             sender
[  9]   0.00-23.18  sec  7.53 MBytes  2.72 Mbits/sec                  receiver
[SUM]   0.00-20.00  sec  33.7 MBytes  14.1 Mbits/sec  1812             sender
[SUM]   0.00-23.18  sec  20.2 MBytes  7.31 Mbits/sec                  receiver
[  5]   0.00-20.00  sec  10.3 MBytes  4.32 Mbits/sec  532             sender
[  5]   0.00-21.28  sec  7.27 MBytes  2.87 Mbits/sec                  receiver
[  7]   0.00-20.00  sec  7.81 MBytes  3.28 Mbits/sec   29             sender
[  7]   0.00-21.28  sec  3.85 MBytes  1.52 Mbits/sec                  receiver
[  9]   0.00-20.00  sec  7.81 MBytes  3.28 Mbits/sec   31             sender
[  9]   0.00-21.28  sec  4.00 MBytes  1.58 Mbits/sec                  receiver
[SUM]   0.00-20.00  sec  25.9 MBytes  10.9 Mbits/sec  592             sender
[SUM]   0.00-21.28  sec  15.1 MBytes  5.96 Mbits/sec                  receiver
[  5]   0.00-20.00  sec  12.7 MBytes  5.35 Mbits/sec  919             sender
[  5]   0.00-22.21  sec  8.68 MBytes  3.28 Mbits/sec                  receiver
[  7]   0.00-20.00  sec  10.2 MBytes  4.29 Mbits/sec  485             sender
[  7]   0.00-22.21  sec  5.78 MBytes  2.18 Mbits/sec                  receiver
[  9]   0.00-20.00  sec  10.5 MBytes  4.41 Mbits/sec    7             sender
[  9]   0.00-22.21  sec  5.29 MBytes  2.00 Mbits/sec                  receiver
[SUM]   0.00-20.00  sec  33.5 MBytes  14.1 Mbits/sec  1411             sender
[SUM]   0.00-22.21  sec  19.7 MBytes  7.45 Mbits/sec                  receiver
[  5]   0.00-20.00  sec  8.69 MBytes  3.64 Mbits/sec  130             sender
[  5]   0.00-21.63  sec  4.78 MBytes  1.85 Mbits/sec                  receiver
[  7]   0.00-20.00  sec  11.2 MBytes  4.72 Mbits/sec  750             sender
[  7]   0.00-21.63  sec  7.72 MBytes  3.00 Mbits/sec                  receiver
[  9]   0.00-20.00  sec  9.00 MBytes  3.77 Mbits/sec    7             sender
[  9]   0.00-21.63  sec  4.71 MBytes  1.83 Mbits/sec                  receiver
[SUM]   0.00-20.00  sec  28.9 MBytes  12.1 Mbits/sec  887             sender
[SUM]   0.00-21.63  sec  17.2 MBytes  6.67 Mbits/sec                  receiver
[  5]   0.00-20.00  sec  12.3 MBytes  5.16 Mbits/sec  869             sender
[  5]   0.00-21.88  sec  8.35 MBytes  3.20 Mbits/sec                  receiver
[  7]   0.00-20.00  sec  9.62 MBytes  4.03 Mbits/sec  148             sender
[  7]   0.00-21.88  sec  5.14 MBytes  1.97 Mbits/sec                  receiver
[  9]   0.00-20.00  sec  8.75 MBytes  3.67 Mbits/sec   31             sender
[  9]   0.00-21.88  sec  4.64 MBytes  1.78 Mbits/sec                  receiver
[SUM]   0.00-20.00  sec  30.7 MBytes  12.9 Mbits/sec  1048             sender
[SUM]   0.00-21.88  sec  18.1 MBytes  6.95 Mbits/sec                  receiver
[  5]   0.00-20.00  sec  9.13 MBytes  3.83 Mbits/sec    0             sender
[  5]   0.00-22.68  sec  3.81 MBytes  1.41 Mbits/sec                  receiver
[  7]   0.00-20.00  sec  10.4 MBytes  4.38 Mbits/sec    0             sender
[  7]   0.00-22.68  sec  4.04 MBytes  1.50 Mbits/sec                  receiver
[  9]   0.00-20.00  sec  8.02 MBytes  3.36 Mbits/sec    0             sender
[  9]   0.00-22.68  sec  3.34 MBytes  1.23 Mbits/sec                  receiver
[SUM]   0.00-20.00  sec  27.6 MBytes  11.6 Mbits/sec    0             sender
[SUM]   0.00-22.68  sec  11.2 MBytes  4.14 Mbits/sec                  receiver
