Baseline Output:
[  5]   0.00-20.00  sec  7.15 MBytes  3.00 Mbits/sec  0.000 ms  0/5180 (0%)  sender
[  5]   0.00-20.16  sec  7.15 MBytes  2.98 Mbits/sec  0.934 ms  0/5180 (0%)  receiver
[  5]   0.00-20.00  sec  7.15 MBytes  3.00 Mbits/sec  0.000 ms  0/5180 (0%)  sender
[  5]   0.00-20.07  sec  7.15 MBytes  2.99 Mbits/sec  1.175 ms  0/5179 (0%)  receiver
[  5]   0.00-20.00  sec  7.15 MBytes  3.00 Mbits/sec  0.000 ms  0/5180 (0%)  sender
[  5]   0.00-20.08  sec  7.15 MBytes  2.99 Mbits/sec  1.442 ms  0/5179 (0%)  receiver
[  5]   0.00-20.00  sec  7.15 MBytes  3.00 Mbits/sec  0.000 ms  0/5180 (0%)  sender
[  5]   0.00-20.07  sec  7.15 MBytes  2.99 Mbits/sec  0.769 ms  0/5180 (0%)  receiver
[  5]   0.00-20.00  sec  7.15 MBytes  3.00 Mbits/sec  0.000 ms  0/5180 (0%)  sender
[  5]   0.00-21.16  sec  7.15 MBytes  2.83 Mbits/sec  2.062 ms  0/5178 (0%)  receiver
[  5]   0.00-20.00  sec  7.15 MBytes  3.00 Mbits/sec  0.000 ms  0/5180 (0%)  sender
[  5]   0.00-20.06  sec  7.15 MBytes  2.99 Mbits/sec  0.891 ms  0/5180 (0%)  receiver
[  5]   0.00-20.00  sec  7.15 MBytes  3.00 Mbits/sec  0.000 ms  0/5179 (0%)  sender
[  5]   0.00-20.08  sec  7.15 MBytes  2.99 Mbits/sec  2.261 ms  0/5179 (0%)  receiver
[  5]   0.00-20.00  sec  7.15 MBytes  3.00 Mbits/sec  0.000 ms  0/5179 (0%)  sender
[  5]   0.00-20.06  sec  7.15 MBytes  2.99 Mbits/sec  1.427 ms  0/5179 (0%)  receiver
[  5]   0.00-20.00  sec  7.15 MBytes  3.00 Mbits/sec  0.000 ms  0/5180 (0%)  sender
[  5]   0.00-20.06  sec  7.15 MBytes  2.99 Mbits/sec  1.253 ms  0/5180 (0%)  receiver
[  5]   0.00-20.00  sec  7.15 MBytes  3.00 Mbits/sec  0.000 ms  0/5180 (0%)  sender
[  5]   0.00-20.08  sec  7.15 MBytes  2.99 Mbits/sec  2.215 ms  0/5180 (0%)  receiver
[  5]   0.00-20.00  sec  7.15 MBytes  3.00 Mbits/sec  0.000 ms  0/5180 (0%)  sender
[  5]   0.00-20.07  sec  7.15 MBytes  2.99 Mbits/sec  1.069 ms  0/5180 (0%)  receiver
[  5]   0.00-20.01  sec  7.15 MBytes  3.00 Mbits/sec  0.000 ms  0/5180 (0%)  sender
[  5]   0.00-20.07  sec  7.15 MBytes  2.99 Mbits/sec  1.251 ms  0/5180 (0%)  receiver
[  5]   0.00-20.00  sec  7.15 MBytes  3.00 Mbits/sec  0.000 ms  0/5180 (0%)  sender
[  5]   0.00-20.06  sec  7.15 MBytes  2.99 Mbits/sec  0.843 ms  0/5180 (0%)  receiver
[  5]   0.00-20.00  sec  7.15 MBytes  3.00 Mbits/sec  0.000 ms  0/5180 (0%)  sender
[  5]   0.00-20.09  sec  7.15 MBytes  2.99 Mbits/sec  1.298 ms  0/5180 (0%)  receiver
[  5]   0.00-20.01  sec  7.15 MBytes  3.00 Mbits/sec  0.000 ms  0/5179 (0%)  sender
[  5]   0.00-20.09  sec  7.15 MBytes  2.99 Mbits/sec  2.849 ms  0/5179 (0%)  receiver
[  5]   0.00-20.00  sec  7.15 MBytes  3.00 Mbits/sec  0.000 ms  0/5180 (0%)  sender
[  5]   0.00-20.07  sec  7.15 MBytes  2.99 Mbits/sec  0.475 ms  0/5180 (0%)  receiver
[  5]   0.00-20.00  sec  7.15 MBytes  3.00 Mbits/sec  0.000 ms  0/5180 (0%)  sender
[  5]   0.00-20.06  sec  7.15 MBytes  2.99 Mbits/sec  1.307 ms  0/5180 (0%)  receiver
[  5]   0.00-20.00  sec  7.15 MBytes  3.00 Mbits/sec  0.000 ms  0/5180 (0%)  sender
[  5]   0.00-20.06  sec  7.15 MBytes  2.99 Mbits/sec  1.063 ms  0/5180 (0%)  receiver
[  5]   0.00-20.00  sec  7.15 MBytes  3.00 Mbits/sec  0.000 ms  0/5180 (0%)  sender
[  5]   0.00-20.87  sec  7.15 MBytes  2.87 Mbits/sec  0.501 ms  0/5180 (0%)  receiver
[  5]   0.00-20.00  sec  7.15 MBytes  3.00 Mbits/sec  0.000 ms  0/5180 (0%)  sender
[  5]   0.00-20.06  sec  7.15 MBytes  2.99 Mbits/sec  0.484 ms  0/5180 (0%)  receiver
Failover Output:
[  5]   0.00-20.00  sec  7.15 MBytes  3.00 Mbits/sec  0.000 ms  0/5180 (0%)  sender
[  5]   0.00-20.08  sec  7.09 MBytes  2.96 Mbits/sec  1.895 ms  46/5180 (0.89%)  receiver
[  5]   0.00-20.00  sec  7.15 MBytes  3.00 Mbits/sec  0.000 ms  0/5180 (0%)  sender
[  5]   0.00-20.86  sec  7.11 MBytes  2.86 Mbits/sec  0.954 ms  32/5180 (0.62%)  receiver
[  5]   0.00-20.00  sec  7.15 MBytes  3.00 Mbits/sec  0.000 ms  0/5180 (0%)  sender
[  5]   0.00-20.08  sec  7.15 MBytes  2.99 Mbits/sec  2.021 ms  0/5180 (0%)  receiver
[  5]   0.00-20.00  sec  7.15 MBytes  3.00 Mbits/sec  0.000 ms  0/5180 (0%)  sender
[  5]   0.00-21.56  sec  7.11 MBytes  2.77 Mbits/sec  0.674 ms  31/5179 (0.6%)  receiver
[  5]   0.00-20.00  sec  7.15 MBytes  3.00 Mbits/sec  0.000 ms  0/5180 (0%)  sender
[  5]   0.00-20.08  sec  7.12 MBytes  2.98 Mbits/sec  1.258 ms  24/5180 (0.46%)  receiver
[  5]   0.00-20.00  sec  7.15 MBytes  3.00 Mbits/sec  0.000 ms  0/5180 (0%)  sender
[  5]   0.00-20.85  sec  7.11 MBytes  2.86 Mbits/sec  1.220 ms  31/5180 (0.6%)  receiver
[  5]   0.00-20.00  sec  7.15 MBytes  3.00 Mbits/sec  0.000 ms  0/5180 (0%)  sender
[  5]   0.00-20.07  sec  7.15 MBytes  2.99 Mbits/sec  0.924 ms  0/5180 (0%)  receiver
[  5]   0.00-20.00  sec  7.15 MBytes  3.00 Mbits/sec  0.000 ms  0/5180 (0%)  sender
[  5]   0.00-20.07  sec  7.10 MBytes  2.96 Mbits/sec  2.008 ms  42/5180 (0.81%)  receiver
[  5]   0.00-20.00  sec  7.15 MBytes  3.00 Mbits/sec  0.000 ms  0/5180 (0%)  sender
[  5]   0.00-20.08  sec  7.10 MBytes  2.96 Mbits/sec  2.310 ms  41/5179 (0.79%)  receiver
[  5]   0.00-20.00  sec  7.15 MBytes  3.00 Mbits/sec  0.000 ms  0/5180 (0%)  sender
[  5]   0.00-20.07  sec  7.15 MBytes  2.99 Mbits/sec  1.418 ms  0/5180 (0%)  receiver
[  5]   0.00-20.00  sec  7.15 MBytes  3.00 Mbits/sec  0.000 ms  0/5180 (0%)  sender
[  5]   0.00-20.09  sec  7.11 MBytes  2.97 Mbits/sec  2.008 ms  33/5179 (0.64%)  receiver
[  5]   0.00-20.00  sec  7.15 MBytes  3.00 Mbits/sec  0.000 ms  0/5180 (0%)  sender
[  5]   0.00-20.08  sec  7.09 MBytes  2.96 Mbits/sec  2.486 ms  47/5180 (0.91%)  receiver
[  5]   0.00-20.00  sec  7.15 MBytes  3.00 Mbits/sec  0.000 ms  0/5180 (0%)  sender
[  5]   0.00-20.08  sec  7.13 MBytes  2.98 Mbits/sec  2.095 ms  14/5180 (0.27%)  receiver
[  5]   0.00-20.00  sec  7.15 MBytes  3.00 Mbits/sec  0.000 ms  0/5180 (0%)  sender
[  5]   0.00-20.07  sec  7.15 MBytes  2.99 Mbits/sec  0.905 ms  0/5180 (0%)  receiver
[  5]   0.00-20.00  sec  7.15 MBytes  3.00 Mbits/sec  0.000 ms  0/5180 (0%)  sender
[  5]   0.00-20.93  sec  7.15 MBytes  2.87 Mbits/sec  48.935 ms  0/5180 (0%)  receiver
[  5]   0.00-20.00  sec  7.15 MBytes  3.00 Mbits/sec  0.000 ms  0/5180 (0%)  sender
[  5]   0.00-20.08  sec  7.14 MBytes  2.98 Mbits/sec  0.380 ms  12/5180 (0.23%)  receiver
[  5]   0.00-20.00  sec  7.15 MBytes  3.00 Mbits/sec  0.000 ms  0/5180 (0%)  sender
[  5]   0.00-20.86  sec  7.13 MBytes  2.87 Mbits/sec  0.989 ms  15/5180 (0.29%)  receiver
[  5]   0.00-20.00  sec  7.15 MBytes  3.00 Mbits/sec  0.000 ms  0/5180 (0%)  sender
[  5]   0.00-21.35  sec  7.13 MBytes  2.80 Mbits/sec  0.382 ms  17/5180 (0.33%)  receiver
[  5]   0.00-20.00  sec  7.15 MBytes  3.00 Mbits/sec  0.000 ms  0/5180 (0%)  sender
[  5]   0.00-20.88  sec  7.14 MBytes  2.87 Mbits/sec  0.734 ms  12/5180 (0.23%)  receiver
[  5]   0.00-20.00  sec  7.15 MBytes  3.00 Mbits/sec  0.000 ms  0/5180 (0%)  sender
[  5]   0.00-20.07  sec  7.13 MBytes  2.98 Mbits/sec  0.368 ms  16/5180 (0.31%)  receiver
