Baseline Output:
[  5]   0.00-10.00  sec  5.39 MBytes  4.52 Mbits/sec    0             sender
[  5]   0.00-12.57  sec  3.54 MBytes  2.36 Mbits/sec                  receiver
[  7]   0.00-10.00  sec  4.54 MBytes  3.81 Mbits/sec    0             sender
[  7]   0.00-12.57  sec  3.37 MBytes  2.25 Mbits/sec                  receiver
[  9]   0.00-10.00  sec  4.67 MBytes  3.91 Mbits/sec    0             sender
[  9]   0.00-12.57  sec  3.31 MBytes  2.21 Mbits/sec                  receiver
[SUM]   0.00-10.00  sec  14.6 MBytes  12.2 Mbits/sec    0             sender
[SUM]   0.00-12.57  sec  10.2 MBytes  6.82 Mbits/sec                  receiver
[  5]   0.00-10.00  sec  3.39 MBytes  2.84 Mbits/sec    0             sender
[  5]   0.00-12.06  sec  2.24 MBytes  1.56 Mbits/sec                  receiver
[  7]   0.00-10.00  sec  4.20 MBytes  3.53 Mbits/sec    0             sender
[  7]   0.00-12.06  sec  2.32 MBytes  1.61 Mbits/sec                  receiver
[  9]   0.00-10.00  sec  3.38 MBytes  2.84 Mbits/sec    0             sender
[  9]   0.00-12.06  sec  2.23 MBytes  1.55 Mbits/sec                  receiver
[SUM]   0.00-10.00  sec  11.0 MBytes  9.21 Mbits/sec    0             sender
[SUM]   0.00-12.06  sec  6.79 MBytes  4.72 Mbits/sec                  receiver
Failover Output:
[  5]   0.00-10.00  sec  4.94 MBytes  4.15 Mbits/sec    0             sender
[  5]   0.00-10.04  sec  3.21 MBytes  2.69 Mbits/sec                  receiver
[  7]   0.00-10.00  sec  4.38 MBytes  3.68 Mbits/sec    0             sender
[  7]   0.00-10.04  sec  2.73 MBytes  2.28 Mbits/sec                  receiver
[  9]   0.00-10.00  sec  4.88 MBytes  4.09 Mbits/sec    0             sender
[  9]   0.00-10.04  sec  2.79 MBytes  2.33 Mbits/sec                  receiver
[SUM]   0.00-10.00  sec  14.2 MBytes  11.9 Mbits/sec    0             sender
[SUM]   0.00-10.04  sec  8.74 MBytes  7.30 Mbits/sec                  receiver
[  5]   0.00-10.00  sec  3.39 MBytes  2.84 Mbits/sec    0             sender
[  5]   0.00-17.02  sec  2.29 MBytes  1.13 Mbits/sec                  receiver
[  7]   0.00-10.00  sec  4.27 MBytes  3.58 Mbits/sec    0             sender
[  7]   0.00-17.02  sec  2.33 MBytes  1.15 Mbits/sec                  receiver
[  9]   0.00-10.00  sec  3.40 MBytes  2.85 Mbits/sec    0             sender
[  9]   0.00-17.02  sec  2.04 MBytes  1.01 Mbits/sec                  receiver
[SUM]   0.00-10.00  sec  11.1 MBytes  9.27 Mbits/sec    0             sender
[SUM]   0.00-17.02  sec  6.66 MBytes  3.28 Mbits/sec                  receiver
