Baseline Output:
[  5]   0.00-20.00  sec  12.6 MBytes  5.29 Mbits/sec  399             sender
[  5]   0.00-21.92  sec  6.99 MBytes  2.68 Mbits/sec                  receiver
[  7]   0.00-20.00  sec  12.8 MBytes  5.35 Mbits/sec  485             sender
[  7]   0.00-21.92  sec  7.93 MBytes  3.04 Mbits/sec                  receiver
[  9]   0.00-20.00  sec  10.3 MBytes  4.30 Mbits/sec  394             sender
[  9]   0.00-21.92  sec  7.69 MBytes  2.94 Mbits/sec                  receiver
[SUM]   0.00-20.00  sec  35.6 MBytes  14.9 Mbits/sec  1278             sender
[SUM]   0.00-21.92  sec  22.6 MBytes  8.66 Mbits/sec                  receiver
[  5]   0.00-20.00  sec  12.2 MBytes  5.11 Mbits/sec  381             sender
[  5]   0.00-23.01  sec  6.75 MBytes  2.46 Mbits/sec                  receiver
[  7]   0.00-20.00  sec  11.2 MBytes  4.71 Mbits/sec  320             sender
[  7]   0.00-23.01  sec  6.67 MBytes  2.43 Mbits/sec                  receiver
[  9]   0.00-20.00  sec  11.6 MBytes  4.85 Mbits/sec  429             sender
[  9]   0.00-23.01  sec  7.85 MBytes  2.86 Mbits/sec                  receiver
[SUM]   0.00-20.00  sec  35.0 MBytes  14.7 Mbits/sec  1130             sender
[SUM]   0.00-23.01  sec  21.3 MBytes  7.75 Mbits/sec                  receiver
[  5]   0.00-20.00  sec  12.7 MBytes  5.32 Mbits/sec  510             sender
[  5]   0.00-23.73  sec  8.62 MBytes  3.05 Mbits/sec                  receiver
[  7]   0.00-20.00  sec  11.0 MBytes  4.61 Mbits/sec  453             sender
[  7]   0.00-23.73  sec  8.22 MBytes  2.91 Mbits/sec                  receiver
[  9]   0.00-20.00  sec  11.4 MBytes  4.77 Mbits/sec  430             sender
[  9]   0.00-23.73  sec  6.93 MBytes  2.45 Mbits/sec                  receiver
[SUM]   0.00-20.00  sec  35.0 MBytes  14.7 Mbits/sec  1393             sender
[SUM]   0.00-23.73  sec  23.8 MBytes  8.40 Mbits/sec                  receiver
[  5]   0.00-20.00  sec  11.4 MBytes  4.77 Mbits/sec  474             sender
[  5]   0.00-21.89  sec  7.40 MBytes  2.84 Mbits/sec                  receiver
[  7]   0.00-20.00  sec  12.6 MBytes  5.29 Mbits/sec  470             sender
[  7]   0.00-21.89  sec  7.66 MBytes  2.94 Mbits/sec                  receiver
[  9]   0.00-20.00  sec  10.3 MBytes  4.30 Mbits/sec  393             sender
[  9]   0.00-21.89  sec  5.63 MBytes  2.16 Mbits/sec                  receiver
[SUM]   0.00-20.00  sec  34.2 MBytes  14.4 Mbits/sec  1337             sender
[SUM]   0.00-21.89  sec  20.7 MBytes  7.93 Mbits/sec                  receiver
[  5]   0.00-20.00  sec  12.2 MBytes  5.11 Mbits/sec  466             sender
[  5]   0.00-21.89  sec  7.90 MBytes  3.03 Mbits/sec                  receiver
[  7]   0.00-20.00  sec  12.2 MBytes  5.13 Mbits/sec  488             sender
[  7]   0.00-21.89  sec  8.00 MBytes  3.07 Mbits/sec                  receiver
[  9]   0.00-20.00  sec  11.4 MBytes  4.80 Mbits/sec  398             sender
[  9]   0.00-21.89  sec  6.95 MBytes  2.66 Mbits/sec                  receiver
[SUM]   0.00-20.00  sec  35.9 MBytes  15.0 Mbits/sec  1352             sender
[SUM]   0.00-21.89  sec  22.8 MBytes  8.75 Mbits/sec                  receiver
[  5]   0.00-20.00  sec  10.9 MBytes  4.58 Mbits/sec  438             sender
[  5]   0.00-21.89  sec  8.08 MBytes  3.10 Mbits/sec                  receiver
[  7]   0.00-20.00  sec  12.4 MBytes  5.21 Mbits/sec  710             sender
[  7]   0.00-21.89  sec  6.87 MBytes  2.63 Mbits/sec                  receiver
[  9]   0.00-20.00  sec  11.4 MBytes  4.79 Mbits/sec  425             sender
[  9]   0.00-21.89  sec  6.44 MBytes  2.47 Mbits/sec                  receiver
[SUM]   0.00-20.00  sec  34.8 MBytes  14.6 Mbits/sec  1573             sender
[SUM]   0.00-21.89  sec  21.4 MBytes  8.20 Mbits/sec                  receiver
[  5]   0.00-20.00  sec  12.2 MBytes  5.11 Mbits/sec  461             sender
[  5]   0.00-21.81  sec  7.38 MBytes  2.84 Mbits/sec                  receiver
[  7]   0.00-20.00  sec  12.7 MBytes  5.35 Mbits/sec  621             sender
[  7]   0.00-21.81  sec  7.00 MBytes  2.69 Mbits/sec                  receiver
[  9]   0.00-20.00  sec  11.5 MBytes  4.82 Mbits/sec  383             sender
[  9]   0.00-21.81  sec  6.91 MBytes  2.66 Mbits/sec                  receiver
[SUM]   0.00-20.00  sec  36.4 MBytes  15.3 Mbits/sec  1465             sender
[SUM]   0.00-21.81  sec  21.3 MBytes  8.19 Mbits/sec                  receiver
[  5]   0.00-20.00  sec  12.2 MBytes  5.11 Mbits/sec  465             sender
[  5]   0.00-21.88  sec  7.34 MBytes  2.81 Mbits/sec                  receiver
[  7]   0.00-20.00  sec  12.6 MBytes  5.29 Mbits/sec  524             sender
[  7]   0.00-21.88  sec  8.05 MBytes  3.09 Mbits/sec                  receiver
[  9]   0.00-20.00  sec  10.3 MBytes  4.30 Mbits/sec  389             sender
[  9]   0.00-21.88  sec  6.65 MBytes  2.55 Mbits/sec                  receiver
[SUM]   0.00-20.00  sec  35.0 MBytes  14.7 Mbits/sec  1378             sender
[SUM]   0.00-21.88  sec  22.0 MBytes  8.45 Mbits/sec                  receiver
[  5]   0.00-20.00  sec  12.4 MBytes  5.21 Mbits/sec  496             sender
[  5]   0.00-21.88  sec  8.42 MBytes  3.23 Mbits/sec                  receiver
[  7]   0.00-20.00  sec  12.6 MBytes  5.29 Mbits/sec  483             sender
[  7]   0.00-21.88  sec  8.58 MBytes  3.29 Mbits/sec                  receiver
[  9]   0.00-20.00  sec  11.4 MBytes  4.79 Mbits/sec  403             sender
[  9]   0.00-21.88  sec  7.78 MBytes  2.98 Mbits/sec                  receiver
[SUM]   0.00-20.00  sec  36.5 MBytes  15.3 Mbits/sec  1382             sender
[SUM]   0.00-21.88  sec  24.8 MBytes  9.50 Mbits/sec                  receiver
[  5]   0.00-20.00  sec   373 KBytes  0.15 Mbits/sec    0             sender
[  5]   0.00-23.99  sec  99.0 KBytes  0.03 Mbits/sec                  receiver
[  7]   0.00-20.00  sec   247 KBytes  0.10 Mbits/sec    0             sender
[  7]   0.00-23.99  sec  59.4 KBytes  0.02 Mbits/sec                  receiver
[  9]   0.00-20.00  sec   290 KBytes  0.12 Mbits/sec    1             sender
[  9]   0.00-23.99  sec  45.2 KBytes  0.02 Mbits/sec                  receiver
[SUM]   0.00-20.00  sec   911 KBytes  0.37 Mbits/sec    1             sender
[SUM]   0.00-23.99  sec   204 KBytes  0.07 Mbits/sec                  receiver
[  5]   0.00-20.00  sec  12.3 MBytes  5.16 Mbits/sec  454             sender
[  5]   0.00-21.84  sec  7.26 MBytes  2.79 Mbits/sec                  receiver
[  7]   0.00-20.00  sec  10.4 MBytes  4.35 Mbits/sec  426             sender
[  7]   0.00-21.84  sec  7.10 MBytes  2.73 Mbits/sec                  receiver
[  9]   0.00-20.00  sec  11.5 MBytes  4.80 Mbits/sec  498             sender
[  9]   0.00-21.84  sec  6.53 MBytes  2.51 Mbits/sec                  receiver
[SUM]   0.00-20.00  sec  34.1 MBytes  14.3 Mbits/sec  1378             sender
[SUM]   0.00-21.84  sec  20.9 MBytes  8.02 Mbits/sec                  receiver
[  5]   0.00-20.00  sec  9.13 MBytes  3.83 Mbits/sec    1             sender
[  5]   0.00-24.33  sec  3.81 MBytes  1.31 Mbits/sec                  receiver
[  7]   0.00-20.00  sec  8.86 MBytes  3.72 Mbits/sec    0             sender
[  7]   0.00-24.33  sec  4.23 MBytes  1.46 Mbits/sec                  receiver
[  9]   0.00-20.00  sec  7.85 MBytes  3.29 Mbits/sec    1             sender
[  9]   0.00-24.33  sec  3.37 MBytes  1.16 Mbits/sec                  receiver
[SUM]   0.00-20.00  sec  25.8 MBytes  10.8 Mbits/sec    2             sender
[SUM]   0.00-24.33  sec  11.4 MBytes  3.93 Mbits/sec                  receiver
[  5]   0.00-20.00  sec  12.2 MBytes  5.11 Mbits/sec  482             sender
[  5]   0.00-21.89  sec  7.94 MBytes  3.04 Mbits/sec                  receiver
[  7]   0.00-20.00  sec  11.5 MBytes  4.82 Mbits/sec  469             sender
[  7]   0.00-21.89  sec  8.59 MBytes  3.29 Mbits/sec                  receiver
[  9]   0.00-20.00  sec  11.4 MBytes  4.76 Mbits/sec  414             sender
[  9]   0.00-21.89  sec  6.93 MBytes  2.66 Mbits/sec                  receiver
[SUM]   0.00-20.00  sec  35.0 MBytes  14.7 Mbits/sec  1365             sender
[SUM]   0.00-21.89  sec  23.5 MBytes  8.99 Mbits/sec                  receiver
[  5]   0.00-20.00  sec  12.2 MBytes  5.11 Mbits/sec  481             sender
[  5]   0.00-21.89  sec  8.38 MBytes  3.21 Mbits/sec                  receiver
[  7]   0.00-20.00  sec  12.6 MBytes  5.29 Mbits/sec  505             sender
[  7]   0.00-21.89  sec  8.71 MBytes  3.34 Mbits/sec                  receiver
[  9]   0.00-20.00  sec  11.5 MBytes  4.82 Mbits/sec  384             sender
[  9]   0.00-21.89  sec  7.71 MBytes  2.96 Mbits/sec                  receiver
[SUM]   0.00-20.00  sec  36.3 MBytes  15.2 Mbits/sec  1370             sender
[SUM]   0.00-21.89  sec  24.8 MBytes  9.51 Mbits/sec                  receiver
[  5]   0.00-20.00  sec  18.5 MBytes  7.78 Mbits/sec    2             sender
[  5]   0.00-24.15  sec  11.2 MBytes  3.91 Mbits/sec                  receiver
[  7]   0.00-20.00  sec  8.73 MBytes  3.66 Mbits/sec   57             sender
[  7]   0.00-24.15  sec  5.93 MBytes  2.06 Mbits/sec                  receiver
[  9]   0.00-20.00  sec  8.06 MBytes  3.38 Mbits/sec   57             sender
[  9]   0.00-24.15  sec  4.89 MBytes  1.70 Mbits/sec                  receiver
[SUM]   0.00-20.00  sec  35.3 MBytes  14.8 Mbits/sec  116             sender
[SUM]   0.00-24.15  sec  22.1 MBytes  7.67 Mbits/sec                  receiver
[  5]   0.00-20.00  sec  12.2 MBytes  5.11 Mbits/sec  462             sender
[  5]   0.00-21.86  sec  7.36 MBytes  2.83 Mbits/sec                  receiver
[  7]   0.00-20.00  sec  12.2 MBytes  5.13 Mbits/sec  522             sender
[  7]   0.00-21.86  sec  8.79 MBytes  3.37 Mbits/sec                  receiver
[  9]   0.00-20.00  sec  11.4 MBytes  4.79 Mbits/sec  395             sender
[  9]   0.00-21.86  sec  7.59 MBytes  2.91 Mbits/sec                  receiver
[SUM]   0.00-20.00  sec  35.8 MBytes  15.0 Mbits/sec  1379             sender
[SUM]   0.00-21.86  sec  23.7 MBytes  9.11 Mbits/sec                  receiver
[  5]   0.00-20.00  sec  12.2 MBytes  5.11 Mbits/sec  459             sender
[  5]   0.00-20.96  sec  6.88 MBytes  2.75 Mbits/sec                  receiver
[  7]   0.00-20.00  sec  11.4 MBytes  4.79 Mbits/sec  332             sender
[  7]   0.00-20.96  sec  6.46 MBytes  2.58 Mbits/sec                  receiver
[  9]   0.00-20.00  sec  10.3 MBytes  4.33 Mbits/sec  421             sender
[  9]   0.00-20.96  sec  6.75 MBytes  2.70 Mbits/sec                  receiver
[SUM]   0.00-20.00  sec  33.9 MBytes  14.2 Mbits/sec  1212             sender
[SUM]   0.00-20.96  sec  20.1 MBytes  8.04 Mbits/sec                  receiver
[  5]   0.00-20.00  sec  12.4 MBytes  5.21 Mbits/sec  499             sender
[  5]   0.00-21.81  sec  7.40 MBytes  2.85 Mbits/sec                  receiver
[  7]   0.00-20.00  sec  12.6 MBytes  5.29 Mbits/sec  343             sender
[  7]   0.00-21.81  sec  6.79 MBytes  2.61 Mbits/sec                  receiver
[  9]   0.00-20.00  sec  10.1 MBytes  4.24 Mbits/sec  406             sender
[  9]   0.00-21.81  sec  6.74 MBytes  2.59 Mbits/sec                  receiver
[SUM]   0.00-20.00  sec  35.1 MBytes  14.7 Mbits/sec  1248             sender
[SUM]   0.00-21.81  sec  20.9 MBytes  8.05 Mbits/sec                  receiver
[  5]   0.00-20.00  sec  11.7 MBytes  4.93 Mbits/sec  449             sender
[  5]   0.00-21.74  sec  6.59 MBytes  2.54 Mbits/sec                  receiver
[  7]   0.00-20.00  sec  10.6 MBytes  4.43 Mbits/sec  430             sender
[  7]   0.00-21.74  sec  7.18 MBytes  2.77 Mbits/sec                  receiver
[  9]   0.00-20.00  sec  11.8 MBytes  4.96 Mbits/sec  489             sender
[  9]   0.00-21.74  sec  7.32 MBytes  2.83 Mbits/sec                  receiver
[SUM]   0.00-20.00  sec  34.1 MBytes  14.3 Mbits/sec  1368             sender
[SUM]   0.00-21.74  sec  21.1 MBytes  8.14 Mbits/sec                  receiver
Failover Output:
[  5]   0.00-20.00  sec  12.2 MBytes  5.11 Mbits/sec  935             sender
[  5]   0.00-22.98  sec  8.22 MBytes  3.00 Mbits/sec                  receiver
[  7]   0.00-20.00  sec  11.4 MBytes  4.77 Mbits/sec  837             sender
[  7]   0.00-22.98  sec  7.31 MBytes  2.67 Mbits/sec                  receiver
[  9]   0.00-20.00  sec  10.3 MBytes  4.33 Mbits/sec   63             sender
[  9]   0.00-22.98  sec  5.54 MBytes  2.02 Mbits/sec                  receiver
[SUM]   0.00-20.00  sec  33.9 MBytes  14.2 Mbits/sec  1835             sender
[SUM]   0.00-22.98  sec  21.1 MBytes  7.69 Mbits/sec                  receiver
[  5]   0.00-20.00  sec  11.5 MBytes  4.82 Mbits/sec  610             sender
[  5]   0.00-24.51  sec  7.90 MBytes  2.70 Mbits/sec                  receiver
[  7]   0.00-20.00  sec  10.1 MBytes  4.24 Mbits/sec  594             sender
[  7]   0.00-24.51  sec  6.86 MBytes  2.35 Mbits/sec                  receiver
[  9]   0.00-20.00  sec  8.49 MBytes  3.56 Mbits/sec   32             sender
[  9]   0.00-24.51  sec  5.08 MBytes  1.74 Mbits/sec                  receiver
[SUM]   0.00-20.00  sec  30.1 MBytes  12.6 Mbits/sec  1236             sender
[SUM]   0.00-24.51  sec  19.8 MBytes  6.79 Mbits/sec                  receiver
[  5]   0.00-20.00  sec  12.2 MBytes  5.11 Mbits/sec  431             sender
[  5]   0.00-22.17  sec  6.52 MBytes  2.47 Mbits/sec                  receiver
[  7]   0.00-20.00  sec  12.5 MBytes  5.24 Mbits/sec  793             sender
[  7]   0.00-22.17  sec  8.28 MBytes  3.13 Mbits/sec                  receiver
[  9]   0.00-20.00  sec  10.1 MBytes  4.24 Mbits/sec  241             sender
[  9]   0.00-22.17  sec  5.81 MBytes  2.20 Mbits/sec                  receiver
[SUM]   0.00-20.00  sec  34.8 MBytes  14.6 Mbits/sec  1465             sender
[SUM]   0.00-22.17  sec  20.6 MBytes  7.80 Mbits/sec                  receiver
[  5]   0.00-20.00  sec  12.2 MBytes  5.11 Mbits/sec  763             sender
[  5]   0.00-22.45  sec  6.91 MBytes  2.58 Mbits/sec                  receiver
[  7]   0.00-20.00  sec  10.2 MBytes  4.30 Mbits/sec  161             sender
[  7]   0.00-22.45  sec  5.79 MBytes  2.16 Mbits/sec                  receiver
[  9]   0.00-20.00  sec  11.4 MBytes  4.80 Mbits/sec  812             sender
[  9]   0.00-22.45  sec  8.10 MBytes  3.03 Mbits/sec                  receiver
[SUM]   0.00-20.00  sec  33.9 MBytes  14.2 Mbits/sec  1736             sender
[SUM]   0.00-22.45  sec  20.8 MBytes  7.77 Mbits/sec                  receiver
[  5]   0.00-20.00  sec  10.9 MBytes  4.58 Mbits/sec  140             sender
[  5]   0.00-22.90  sec  6.06 MBytes  2.22 Mbits/sec                  receiver
[  7]   0.00-20.00  sec  12.2 MBytes  5.11 Mbits/sec  853             sender
[  7]   0.00-22.90  sec  7.46 MBytes  2.73 Mbits/sec                  receiver
[  9]   0.00-20.00  sec  11.4 MBytes  4.79 Mbits/sec  808             sender
[  9]   0.00-22.90  sec  7.54 MBytes  2.76 Mbits/sec                  receiver
[SUM]   0.00-20.00  sec  34.5 MBytes  14.5 Mbits/sec  1801             sender
[SUM]   0.00-22.90  sec  21.1 MBytes  7.72 Mbits/sec                  receiver
[  5]   0.00-20.00  sec  12.5 MBytes  5.24 Mbits/sec  978             sender
[  5]   0.00-22.62  sec  7.69 MBytes  2.85 Mbits/sec                  receiver
[  7]   0.00-20.00  sec  11.4 MBytes  4.77 Mbits/sec  768             sender
[  7]   0.00-22.62  sec  7.56 MBytes  2.80 Mbits/sec                  receiver
[  9]   0.00-20.00  sec  10.2 MBytes  4.30 Mbits/sec   15             sender
[  9]   0.00-22.62  sec  5.53 MBytes  2.05 Mbits/sec                  receiver
[SUM]   0.00-20.00  sec  34.1 MBytes  14.3 Mbits/sec  1761             sender
[SUM]   0.00-22.62  sec  20.8 MBytes  7.71 Mbits/sec                  receiver
[  5]   0.00-20.00  sec  9.68 MBytes  4.06 Mbits/sec  448             sender
[  5]   0.00-22.14  sec  5.95 MBytes  2.25 Mbits/sec                  receiver
[  7]   0.00-20.00  sec  11.0 MBytes  4.61 Mbits/sec  195             sender
[  7]   0.00-22.14  sec  5.72 MBytes  2.17 Mbits/sec                  receiver
[  9]   0.00-20.00  sec  11.4 MBytes  4.80 Mbits/sec  780             sender
[  9]   0.00-22.14  sec  8.15 MBytes  3.09 Mbits/sec                  receiver
[SUM]   0.00-20.00  sec  32.1 MBytes  13.5 Mbits/sec  1423             sender
[SUM]   0.00-22.14  sec  19.8 MBytes  7.51 Mbits/sec                  receiver
[  5]   0.00-20.00  sec  12.2 MBytes  5.11 Mbits/sec  879             sender
[  5]   0.00-22.41  sec  7.07 MBytes  2.64 Mbits/sec                  receiver
[  7]   0.00-20.00  sec  12.6 MBytes  5.29 Mbits/sec  828             sender
[  7]   0.00-22.41  sec  8.19 MBytes  3.06 Mbits/sec                  receiver
[  9]   0.00-20.00  sec  10.3 MBytes  4.30 Mbits/sec   31             sender
[  9]   0.00-22.41  sec  5.49 MBytes  2.06 Mbits/sec                  receiver
[SUM]   0.00-20.00  sec  35.0 MBytes  14.7 Mbits/sec  1738             sender
[SUM]   0.00-22.41  sec  20.7 MBytes  7.76 Mbits/sec                  receiver
[  5]   0.00-20.00  sec  12.2 MBytes  5.11 Mbits/sec  669             sender
[  5]   0.00-22.75  sec  6.75 MBytes  2.49 Mbits/sec                  receiver
[  7]   0.00-20.00  sec  12.6 MBytes  5.29 Mbits/sec  858             sender
[  7]   0.00-22.75  sec  8.05 MBytes  2.97 Mbits/sec                  receiver
[  9]   0.00-20.00  sec  11.0 MBytes  4.61 Mbits/sec  558             sender
[  9]   0.00-22.75  sec  6.20 MBytes  2.29 Mbits/sec                  receiver
[SUM]   0.00-20.00  sec  35.8 MBytes  15.0 Mbits/sec  2085             sender
[SUM]   0.00-22.75  sec  21.0 MBytes  7.75 Mbits/sec                  receiver
[  5]   0.00-20.00  sec   163 KBytes  0.07 Mbits/sec   12             sender
[  5]   0.00-21.99  sec  52.3 KBytes  0.02 Mbits/sec                  receiver
[  7]   0.00-20.00  sec  99.0 KBytes  0.04 Mbits/sec    7             sender
[  7]   0.00-21.99  sec  9.90 KBytes  0.00 Mbits/sec                  receiver
[  9]   0.00-20.00  sec  99.0 KBytes  0.04 Mbits/sec   10             sender
[  9]   0.00-21.99  sec  18.4 KBytes  0.01 Mbits/sec                  receiver
[SUM]   0.00-20.00  sec   361 KBytes  0.15 Mbits/sec   29             sender
[SUM]   0.00-21.99  sec  80.6 KBytes  0.03 Mbits/sec                  receiver
[  5]   0.00-20.00  sec  12.2 MBytes  5.11 Mbits/sec  933             sender
[  5]   0.00-23.13  sec  7.95 MBytes  2.88 Mbits/sec                  receiver
[  7]   0.00-20.00  sec  11.5 MBytes  4.82 Mbits/sec  788             sender
[  7]   0.00-23.13  sec  6.67 MBytes  2.42 Mbits/sec                  receiver
[  9]   0.00-20.00  sec  11.4 MBytes  4.80 Mbits/sec  765             sender
[  9]   0.00-23.13  sec  6.49 MBytes  2.35 Mbits/sec                  receiver
[SUM]   0.00-20.00  sec  35.1 MBytes  14.7 Mbits/sec  2486             sender
[SUM]   0.00-23.13  sec  21.1 MBytes  7.66 Mbits/sec                  receiver
[  5]   0.00-20.00  sec  10.9 MBytes  4.58 Mbits/sec  195             sender
[  5]   0.00-21.82  sec  6.16 MBytes  2.37 Mbits/sec                  receiver
[  7]   0.00-20.00  sec  12.2 MBytes  5.13 Mbits/sec  808             sender
[  7]   0.00-21.82  sec  8.78 MBytes  3.38 Mbits/sec                  receiver
[  9]   0.00-20.00  sec  10.3 MBytes  4.30 Mbits/sec   31             sender
[  9]   0.00-21.82  sec  5.52 MBytes  2.12 Mbits/sec                  receiver
[SUM]   0.00-20.00  sec  33.4 MBytes  14.0 Mbits/sec  1034             sender
[SUM]   0.00-21.82  sec  20.5 MBytes  7.86 Mbits/sec                  receiver
[  5]   0.00-20.00  sec  10.9 MBytes  4.58 Mbits/sec    7             sender
[  5]   0.00-22.07  sec  5.88 MBytes  2.24 Mbits/sec                  receiver
[  7]   0.00-20.00  sec  12.6 MBytes  5.29 Mbits/sec  804             sender
[  7]   0.00-22.07  sec  8.01 MBytes  3.04 Mbits/sec                  receiver
[  9]   0.00-20.00  sec  10.3 MBytes  4.33 Mbits/sec  603             sender
[  9]   0.00-22.07  sec  6.29 MBytes  2.39 Mbits/sec                  receiver
[SUM]   0.00-20.00  sec  33.9 MBytes  14.2 Mbits/sec  1414             sender
[SUM]   0.00-22.07  sec  20.2 MBytes  7.67 Mbits/sec                  receiver
[  5]   0.00-20.00  sec  12.2 MBytes  5.11 Mbits/sec  941             sender
[  5]   0.00-23.02  sec  8.07 MBytes  2.94 Mbits/sec                  receiver
[  7]   0.00-20.00  sec  11.5 MBytes  4.82 Mbits/sec  820             sender
[  7]   0.00-23.02  sec  7.34 MBytes  2.68 Mbits/sec                  receiver
[  9]   0.00-20.00  sec  10.3 MBytes  4.33 Mbits/sec  113             sender
[  9]   0.00-23.02  sec  5.61 MBytes  2.04 Mbits/sec                  receiver
[SUM]   0.00-20.00  sec  34.0 MBytes  14.3 Mbits/sec  1874             sender
[SUM]   0.00-23.02  sec  21.0 MBytes  7.66 Mbits/sec                  receiver
[  5]   0.00-20.00  sec  10.9 MBytes  4.58 Mbits/sec  205             sender
[  5]   0.00-21.90  sec  6.16 MBytes  2.36 Mbits/sec                  receiver
[  7]   0.00-20.00  sec  12.7 MBytes  5.35 Mbits/sec  828             sender
[  7]   0.00-21.90  sec  8.77 MBytes  3.36 Mbits/sec                  receiver
[  9]   0.00-20.00  sec  10.2 MBytes  4.30 Mbits/sec   63             sender
[  9]   0.00-21.90  sec  5.53 MBytes  2.12 Mbits/sec                  receiver
[SUM]   0.00-20.00  sec  33.9 MBytes  14.2 Mbits/sec  1096             sender
[SUM]   0.00-21.90  sec  20.5 MBytes  7.84 Mbits/sec                  receiver
[  5]   0.00-20.00  sec  12.2 MBytes  5.11 Mbits/sec  935             sender
[  5]   0.00-23.30  sec  7.86 MBytes  2.83 Mbits/sec                  receiver
[  7]   0.00-20.00  sec  11.4 MBytes  4.77 Mbits/sec  833             sender
[  7]   0.00-23.30  sec  7.35 MBytes  2.65 Mbits/sec                  receiver
[  9]   0.00-20.00  sec  10.2 MBytes  4.30 Mbits/sec  348             sender
[  9]   0.00-23.30  sec  5.80 MBytes  2.09 Mbits/sec                  receiver
[SUM]   0.00-20.00  sec  33.8 MBytes  14.2 Mbits/sec  2116             sender
[SUM]   0.00-23.30  sec  21.0 MBytes  7.57 Mbits/sec                  receiver
[  5]   0.00-20.00  sec  12.3 MBytes  5.16 Mbits/sec  786             sender
[  5]   0.00-22.07  sec  8.16 MBytes  3.10 Mbits/sec                  receiver
[  7]   0.00-20.00  sec  10.2 MBytes  4.27 Mbits/sec   14             sender
[  7]   0.00-22.07  sec  5.45 MBytes  2.07 Mbits/sec                  receiver
[  9]   0.00-20.00  sec  11.5 MBytes  4.82 Mbits/sec  543             sender
[  9]   0.00-22.07  sec  6.27 MBytes  2.38 Mbits/sec                  receiver
[SUM]   0.00-20.00  sec  34.0 MBytes  14.3 Mbits/sec  1343             sender
[SUM]   0.00-22.07  sec  19.9 MBytes  7.56 Mbits/sec                  receiver
[  5]   0.00-20.00  sec  11.2 MBytes  4.71 Mbits/sec   15             sender
[  5]   0.00-21.68  sec  5.99 MBytes  2.32 Mbits/sec                  receiver
[  7]   0.00-20.00  sec  12.6 MBytes  5.29 Mbits/sec  763             sender
[  7]   0.00-21.68  sec  8.77 MBytes  3.39 Mbits/sec                  receiver
[  9]   0.00-20.00  sec  9.86 MBytes  4.13 Mbits/sec   15             sender
[  9]   0.00-21.68  sec  5.52 MBytes  2.13 Mbits/sec                  receiver
[SUM]   0.00-20.00  sec  33.7 MBytes  14.1 Mbits/sec  793             sender
[SUM]   0.00-21.68  sec  20.3 MBytes  7.84 Mbits/sec                  receiver
[  5]   0.00-20.00  sec  12.2 MBytes  5.11 Mbits/sec  945             sender
[  5]   0.00-22.79  sec  7.64 MBytes  2.81 Mbits/sec                  receiver
[  7]   0.00-20.00  sec  11.4 MBytes  4.77 Mbits/sec  828             sender
[  7]   0.00-22.79  sec  7.82 MBytes  2.88 Mbits/sec                  receiver
[  9]   0.00-20.00  sec  10.2 MBytes  4.27 Mbits/sec   31             sender
[  9]   0.00-22.79  sec  5.49 MBytes  2.02 Mbits/sec                  receiver
[SUM]   0.00-20.00  sec  33.7 MBytes  14.1 Mbits/sec  1804             sender
[SUM]   0.00-22.79  sec  21.0 MBytes  7.71 Mbits/sec                  receiver
