Baseline Output:
[  5]   0.00-20.00  sec   245 KBytes   100 Kbits/sec  0.000 ms  0/173 (0%)  sender
[  5]   0.00-20.07  sec   245 KBytes  99.9 Kbits/sec  0.836 ms  0/173 (0%)  receiver
[  5]   0.00-20.00  sec   245 KBytes   100 Kbits/sec  0.000 ms  0/173 (0%)  sender
[  5]   0.00-20.06  sec   245 KBytes  99.9 Kbits/sec  0.811 ms  0/173 (0%)  receiver
[  5]   0.00-20.00  sec   245 KBytes   100 Kbits/sec  0.000 ms  0/173 (0%)  sender
[  5]   0.00-20.07  sec   245 KBytes  99.9 Kbits/sec  0.868 ms  0/173 (0%)  receiver
[  5]   0.00-20.00  sec   245 KBytes   100 Kbits/sec  0.000 ms  0/173 (0%)  sender
[  5]   0.00-20.07  sec   245 KBytes  99.9 Kbits/sec  0.949 ms  0/173 (0%)  receiver
[  5]   0.00-20.00  sec   245 KBytes   100 Kbits/sec  0.000 ms  0/173 (0%)  sender
[  5]   0.00-20.07  sec   245 KBytes  99.9 Kbits/sec  3.966 ms  0/173 (0%)  receiver
[  5]   0.00-20.00  sec   245 KBytes   100 Kbits/sec  0.000 ms  0/173 (0%)  sender
[  5]   0.00-20.08  sec   245 KBytes  99.8 Kbits/sec  0.874 ms  0/173 (0%)  receiver
[  5]   0.00-20.00  sec   245 KBytes   100 Kbits/sec  0.000 ms  0/173 (0%)  sender
[  5]   0.00-20.06  sec   245 KBytes  99.9 Kbits/sec  0.472 ms  0/173 (0%)  receiver
[  5]   0.00-20.00  sec   245 KBytes   100 Kbits/sec  0.000 ms  0/173 (0%)  sender
[  5]   0.00-20.08  sec   245 KBytes  99.8 Kbits/sec  0.807 ms  0/173 (0%)  receiver
[  5]   0.00-20.00  sec   245 KBytes   100 Kbits/sec  0.000 ms  0/173 (0%)  sender
[  5]   0.00-20.06  sec   245 KBytes  99.9 Kbits/sec  0.744 ms  0/173 (0%)  receiver
[  5]   0.00-20.00  sec   245 KBytes   100 Kbits/sec  0.000 ms  0/173 (0%)  sender
[  5]   0.00-20.06  sec   245 KBytes  99.9 Kbits/sec  0.698 ms  0/173 (0%)  receiver
[  5]   0.00-20.00  sec   245 KBytes   100 Kbits/sec  0.000 ms  0/173 (0%)  sender
[  5]   0.00-20.07  sec   245 KBytes  99.9 Kbits/sec  0.518 ms  0/173 (0%)  receiver
[  5]   0.00-20.00  sec   245 KBytes   100 Kbits/sec  0.000 ms  0/173 (0%)  sender
[  5]   0.00-20.07  sec   245 KBytes  99.9 Kbits/sec  0.927 ms  0/173 (0%)  receiver
[  5]   0.00-20.00  sec   245 KBytes   100 Kbits/sec  0.000 ms  0/173 (0%)  sender
[  5]   0.00-20.06  sec   245 KBytes  99.9 Kbits/sec  0.649 ms  0/173 (0%)  receiver
[  5]   0.00-20.00  sec   245 KBytes   100 Kbits/sec  0.000 ms  0/173 (0%)  sender
[  5]   0.00-21.19  sec   245 KBytes  94.6 Kbits/sec  1.017 ms  0/173 (0%)  receiver
[  5]   0.00-20.00  sec   245 KBytes   100 Kbits/sec  0.000 ms  0/173 (0%)  sender
[  5]   0.00-21.36  sec   245 KBytes  93.8 Kbits/sec  0.877 ms  0/173 (0%)  receiver
[  5]   0.00-20.00  sec   245 KBytes   100 Kbits/sec  0.000 ms  0/173 (0%)  sender
[  5]   0.00-20.06  sec   245 KBytes  99.9 Kbits/sec  0.630 ms  0/173 (0%)  receiver
[  5]   0.00-20.00  sec   245 KBytes   100 Kbits/sec  0.000 ms  0/173 (0%)  sender
[  5]   0.00-20.06  sec   245 KBytes  99.9 Kbits/sec  0.958 ms  0/173 (0%)  receiver
[  5]   0.00-20.00  sec   245 KBytes   100 Kbits/sec  0.000 ms  0/173 (0%)  sender
[  5]   0.00-20.07  sec   245 KBytes  99.9 Kbits/sec  0.717 ms  0/173 (0%)  receiver
[  5]   0.00-20.00  sec   245 KBytes   100 Kbits/sec  0.000 ms  0/173 (0%)  sender
[  5]   0.00-20.06  sec   245 KBytes  99.9 Kbits/sec  1.519 ms  0/173 (0%)  receiver
[  5]   0.00-20.00  sec   245 KBytes   100 Kbits/sec  0.000 ms  0/173 (0%)  sender
[  5]   0.00-20.06  sec   245 KBytes  99.9 Kbits/sec  0.604 ms  0/173 (0%)  receiver
Failover Output:
[  5]   0.00-20.00  sec   245 KBytes   100 Kbits/sec  0.000 ms  0/173 (0%)  sender
[  5]   0.00-20.07  sec   243 KBytes  99.3 Kbits/sec  1.459 ms  1/173 (0.58%)  receiver
[  5]   0.00-20.00  sec   245 KBytes   100 Kbits/sec  0.000 ms  0/173 (0%)  sender
[  5]   0.00-20.09  sec   243 KBytes  99.2 Kbits/sec  0.770 ms  1/173 (0.58%)  receiver
[  5]   0.00-20.00  sec   245 KBytes   100 Kbits/sec  0.000 ms  0/173 (0%)  sender
[  5]   0.00-20.07  sec   243 KBytes  99.3 Kbits/sec  1.809 ms  1/173 (0.58%)  receiver
[  5]   0.00-20.00  sec   245 KBytes   100 Kbits/sec  0.000 ms  0/173 (0%)  sender
[  5]   0.00-20.08  sec   243 KBytes  99.2 Kbits/sec  1.000 ms  1/173 (0.58%)  receiver
[  5]   0.00-20.00  sec   245 KBytes   100 Kbits/sec  0.000 ms  0/173 (0%)  sender
[  5]   0.00-20.87  sec   243 KBytes  95.5 Kbits/sec  0.968 ms  1/173 (0.58%)  receiver
[  5]   0.00-20.00  sec   245 KBytes   100 Kbits/sec  0.000 ms  0/173 (0%)  sender
[  5]   0.00-20.08  sec   243 KBytes  99.2 Kbits/sec  0.937 ms  1/173 (0.58%)  receiver
[  5]   0.00-20.00  sec   245 KBytes   100 Kbits/sec  0.000 ms  0/173 (0%)  sender
[  5]   0.00-20.10  sec   243 KBytes  99.1 Kbits/sec  0.847 ms  1/173 (0.58%)  receiver
[  5]   0.00-20.00  sec   245 KBytes   100 Kbits/sec  0.000 ms  0/173 (0%)  sender
[  5]   0.00-22.08  sec   245 KBytes  90.8 Kbits/sec  0.801 ms  0/173 (0%)  receiver
[  5]   0.00-20.00  sec   245 KBytes   100 Kbits/sec  0.000 ms  0/173 (0%)  sender
[  5]   0.00-21.08  sec   243 KBytes  94.5 Kbits/sec  1.000 ms  1/173 (0.58%)  receiver
[  5]   0.00-20.00  sec   245 KBytes   100 Kbits/sec  0.000 ms  0/173 (0%)  sender
[  5]   0.00-20.08  sec   243 KBytes  99.2 Kbits/sec  0.772 ms  1/173 (0.58%)  receiver
[  5]   0.00-20.00  sec   245 KBytes   100 Kbits/sec  0.000 ms  0/173 (0%)  sender
[  5]   0.00-20.85  sec   245 KBytes  96.1 Kbits/sec  1.133 ms  0/173 (0%)  receiver
[  5]   0.00-20.00  sec   245 KBytes   100 Kbits/sec  0.000 ms  0/173 (0%)  sender
[  5]   0.00-20.07  sec   245 KBytes  99.8 Kbits/sec  1.096 ms  0/173 (0%)  receiver
[  5]   0.00-20.00  sec   245 KBytes   100 Kbits/sec  0.000 ms  0/173 (0%)  sender
[  5]   0.00-20.09  sec   245 KBytes  99.8 Kbits/sec  1.074 ms  0/173 (0%)  receiver
[  5]   0.00-20.00  sec   245 KBytes   100 Kbits/sec  0.000 ms  0/173 (0%)  sender
[  5]   0.00-20.07  sec   243 KBytes  99.3 Kbits/sec  0.956 ms  1/173 (0.58%)  receiver
[  5]   0.00-20.00  sec   245 KBytes   100 Kbits/sec  0.000 ms  0/173 (0%)  sender
[  5]   0.00-20.09  sec   245 KBytes  99.7 Kbits/sec  0.965 ms  0/173 (0%)  receiver
[  5]   0.00-20.00  sec   245 KBytes   100 Kbits/sec  0.000 ms  0/173 (0%)  sender
[  5]   0.00-21.42  sec   243 KBytes  93.0 Kbits/sec  1.306 ms  1/173 (0.58%)  receiver
[  5]   0.00-20.00  sec   245 KBytes   100 Kbits/sec  0.000 ms  0/173 (0%)  sender
[  5]   0.00-20.08  sec   243 KBytes  99.2 Kbits/sec  0.964 ms  1/173 (0.58%)  receiver
[  5]   0.00-20.00  sec   245 KBytes   100 Kbits/sec  0.000 ms  0/173 (0%)  sender
[  5]   0.00-20.73  sec   245 KBytes  96.7 Kbits/sec  1.450 ms  0/173 (0%)  receiver
[  5]   0.00-20.00  sec   245 KBytes   100 Kbits/sec  0.000 ms  0/173 (0%)  sender
[  5]   0.00-20.09  sec   245 KBytes  99.8 Kbits/sec  1.130 ms  0/173 (0%)  receiver
[  5]   0.00-20.00  sec   245 KBytes   100 Kbits/sec  0.000 ms  0/173 (0%)  sender
[  5]   0.00-20.08  sec   245 KBytes  99.8 Kbits/sec  1.516 ms  0/173 (0%)  receiver
