Baseline Output:
[  5]   0.00-20.00  sec   245 KBytes   100 Kbits/sec  0.000 ms  0/173 (0%)  sender
[  5]   0.00-20.07  sec   245 KBytes  99.9 Kbits/sec  1.609 ms  0/173 (0%)  receiver
[  5]   0.00-20.00  sec   245 KBytes   100 Kbits/sec  0.000 ms  0/173 (0%)  sender
[  5]   0.00-20.08  sec   245 KBytes  99.8 Kbits/sec  0.215 ms  0/173 (0%)  receiver
[  5]   0.00-20.00  sec   245 KBytes   100 Kbits/sec  0.000 ms  0/173 (0%)  sender
[  5]   0.00-20.06  sec   245 KBytes  99.9 Kbits/sec  0.526 ms  0/173 (0%)  receiver
[  5]   0.00-20.00  sec   245 KBytes   100 Kbits/sec  0.000 ms  0/173 (0%)  sender
[  5]   0.00-20.08  sec   245 KBytes  99.8 Kbits/sec  0.986 ms  0/173 (0%)  receiver
[  5]   0.00-20.00  sec   245 KBytes   100 Kbits/sec  0.000 ms  0/173 (0%)  sender
[  5]   0.00-20.07  sec   245 KBytes  99.8 Kbits/sec  0.613 ms  0/173 (0%)  receiver
[  5]   0.00-20.00  sec   245 KBytes   100 Kbits/sec  0.000 ms  0/173 (0%)  sender
[  5]   0.00-20.07  sec   245 KBytes  99.8 Kbits/sec  0.663 ms  0/173 (0%)  receiver
[  5]   0.00-20.00  sec   245 KBytes   100 Kbits/sec  0.000 ms  0/173 (0%)  sender
[  5]   0.00-20.06  sec   245 KBytes  99.9 Kbits/sec  0.346 ms  0/173 (0%)  receiver
[  5]   0.00-20.00  sec   245 KBytes   100 Kbits/sec  0.000 ms  0/173 (0%)  sender
[  5]   0.00-20.75  sec   245 KBytes  96.6 Kbits/sec  3.780 ms  0/173 (0%)  receiver
[  5]   0.00-20.00  sec   245 KBytes   100 Kbits/sec  0.000 ms  0/173 (0%)  sender
[  5]   0.00-20.06  sec   245 KBytes  99.9 Kbits/sec  0.407 ms  0/173 (0%)  receiver
[  5]   0.00-20.00  sec   245 KBytes   100 Kbits/sec  0.000 ms  0/173 (0%)  sender
[  5]   0.00-20.09  sec   245 KBytes  99.8 Kbits/sec  0.555 ms  0/173 (0%)  receiver
[  5]   0.00-20.00  sec   245 KBytes   100 Kbits/sec  0.000 ms  0/173 (0%)  sender
[  5]   0.00-21.05  sec   245 KBytes  95.2 Kbits/sec  1.291 ms  0/173 (0%)  receiver
[  5]   0.00-20.00  sec   245 KBytes   100 Kbits/sec  0.000 ms  0/173 (0%)  sender
[  5]   0.00-20.06  sec   245 KBytes  99.9 Kbits/sec  0.499 ms  0/173 (0%)  receiver
[  5]   0.00-20.00  sec   245 KBytes   100 Kbits/sec  0.000 ms  0/173 (0%)  sender
[  5]   0.00-20.08  sec   245 KBytes  99.8 Kbits/sec  0.661 ms  0/173 (0%)  receiver
[  5]   0.00-20.00  sec   245 KBytes   100 Kbits/sec  0.000 ms  0/173 (0%)  sender
[  5]   0.00-20.07  sec   245 KBytes  99.9 Kbits/sec  0.791 ms  0/173 (0%)  receiver
[  5]   0.00-20.00  sec   245 KBytes   100 Kbits/sec  0.000 ms  0/173 (0%)  sender
[  5]   0.00-20.09  sec   245 KBytes  99.8 Kbits/sec  0.678 ms  0/173 (0%)  receiver
[  5]   0.00-20.00  sec   245 KBytes   100 Kbits/sec  0.000 ms  0/173 (0%)  sender
[  5]   0.00-20.69  sec   245 KBytes  96.9 Kbits/sec  0.217 ms  0/173 (0%)  receiver
[  5]   0.00-20.00  sec   245 KBytes   100 Kbits/sec  0.000 ms  0/173 (0%)  sender
[  5]   0.00-21.09  sec   245 KBytes  95.0 Kbits/sec  0.489 ms  0/173 (0%)  receiver
[  5]   0.00-20.00  sec   245 KBytes   100 Kbits/sec  0.000 ms  0/173 (0%)  sender
[  5]   0.00-20.08  sec   245 KBytes  99.8 Kbits/sec  0.753 ms  0/173 (0%)  receiver
[  5]   0.00-20.00  sec   245 KBytes   100 Kbits/sec  0.000 ms  0/173 (0%)  sender
[  5]   0.00-20.87  sec   245 KBytes  96.0 Kbits/sec  0.425 ms  0/173 (0%)  receiver
[  5]   0.00-20.00  sec   245 KBytes   100 Kbits/sec  0.000 ms  0/173 (0%)  sender
[  5]   0.00-20.07  sec   245 KBytes  99.8 Kbits/sec  0.375 ms  0/173 (0%)  receiver
Failover Output:
[  5]   0.00-20.00  sec   245 KBytes   100 Kbits/sec  0.000 ms  0/173 (0%)  sender
[  5]   0.00-20.09  sec   245 KBytes  99.8 Kbits/sec  0.768 ms  0/173 (0%)  receiver
[  5]   0.00-20.00  sec   245 KBytes   100 Kbits/sec  0.000 ms  0/173 (0%)  sender
[  5]   0.00-20.09  sec   243 KBytes  99.2 Kbits/sec  0.683 ms  1/173 (0.58%)  receiver
[  5]   0.00-20.00  sec   245 KBytes   100 Kbits/sec  0.000 ms  0/173 (0%)  sender
[  5]   0.00-20.07  sec   245 KBytes  99.8 Kbits/sec  0.521 ms  0/173 (0%)  receiver
[  5]   0.00-20.00  sec   245 KBytes   100 Kbits/sec  0.000 ms  0/173 (0%)  sender
[  5]   0.00-20.62  sec   245 KBytes  97.2 Kbits/sec  0.688 ms  0/173 (0%)  receiver
[  5]   0.00-20.00  sec   245 KBytes   100 Kbits/sec  0.000 ms  0/173 (0%)  sender
[  5]   0.00-20.07  sec   245 KBytes  99.8 Kbits/sec  0.545 ms  0/173 (0%)  receiver
[  5]   0.00-20.00  sec   245 KBytes   100 Kbits/sec  0.000 ms  0/173 (0%)  sender
[  5]   0.00-22.04  sec   245 KBytes  90.9 Kbits/sec  0.332 ms  0/173 (0%)  receiver
[  5]   0.00-20.00  sec   245 KBytes   100 Kbits/sec  0.000 ms  0/173 (0%)  sender
[  5]   0.00-20.07  sec   245 KBytes  99.8 Kbits/sec  0.481 ms  0/173 (0%)  receiver
[  5]   0.00-20.00  sec   245 KBytes   100 Kbits/sec  0.000 ms  0/173 (0%)  sender
[  5]   0.00-20.67  sec   245 KBytes  97.0 Kbits/sec  0.647 ms  0/173 (0%)  receiver
[  5]   0.00-20.00  sec   245 KBytes   100 Kbits/sec  0.000 ms  0/173 (0%)  sender
[  5]   0.00-20.08  sec   245 KBytes  99.8 Kbits/sec  0.911 ms  0/173 (0%)  receiver
[  5]   0.00-20.00  sec   245 KBytes   100 Kbits/sec  0.000 ms  0/173 (0%)  sender
[  5]   0.00-20.09  sec   245 KBytes  99.7 Kbits/sec  0.435 ms  0/173 (0%)  receiver
[  5]   0.00-20.00  sec   245 KBytes   100 Kbits/sec  0.000 ms  0/173 (0%)  sender
[  5]   0.00-20.07  sec   245 KBytes  99.8 Kbits/sec  0.395 ms  0/173 (0%)  receiver
[  5]   0.00-20.00  sec   245 KBytes   100 Kbits/sec  0.000 ms  0/173 (0%)  sender
[  5]   0.00-20.08  sec   243 KBytes  99.2 Kbits/sec  0.638 ms  1/173 (0.58%)  receiver
[  5]   0.00-20.00  sec   245 KBytes   100 Kbits/sec  0.000 ms  0/173 (0%)  sender
[  5]   0.00-20.08  sec   245 KBytes  99.8 Kbits/sec  0.712 ms  0/173 (0%)  receiver
[  5]   0.00-20.00  sec   245 KBytes   100 Kbits/sec  0.000 ms  0/173 (0%)  sender
[  5]   0.00-20.07  sec   245 KBytes  99.8 Kbits/sec  0.646 ms  0/173 (0%)  receiver
[  5]   0.00-20.00  sec   245 KBytes   100 Kbits/sec  0.000 ms  0/173 (0%)  sender
[  5]   0.00-20.07  sec   245 KBytes  99.8 Kbits/sec  0.683 ms  0/173 (0%)  receiver
[  5]   0.00-20.00  sec   245 KBytes   100 Kbits/sec  0.000 ms  0/173 (0%)  sender
[  5]   0.00-20.66  sec   245 KBytes  97.0 Kbits/sec  0.580 ms  0/173 (0%)  receiver
[  5]   0.00-20.00  sec   245 KBytes   100 Kbits/sec  0.000 ms  0/173 (0%)  sender
[  5]   0.00-22.05  sec   245 KBytes  90.9 Kbits/sec  0.360 ms  0/173 (0%)  receiver
[  5]   0.00-20.00  sec   245 KBytes   100 Kbits/sec  0.000 ms  0/173 (0%)  sender
[  5]   0.00-20.07  sec   245 KBytes  99.8 Kbits/sec  0.768 ms  0/173 (0%)  receiver
[  5]   0.00-20.00  sec   245 KBytes   100 Kbits/sec  0.000 ms  0/173 (0%)  sender
[  5]   0.00-20.08  sec   245 KBytes  99.8 Kbits/sec  0.871 ms  0/173 (0%)  receiver
[  5]   0.00-20.00  sec   245 KBytes   100 Kbits/sec  0.000 ms  0/173 (0%)  sender
[  5]   0.00-20.08  sec   245 KBytes  99.8 Kbits/sec  0.439 ms  0/173 (0%)  receiver
