Baseline Output:
[  5]   0.00-20.00  sec  12.6 MBytes  5.29 Mbits/sec  508             sender
[  5]   0.00-23.68  sec  7.60 MBytes  2.69 Mbits/sec                  receiver
[  7]   0.00-20.00  sec  11.4 MBytes  4.76 Mbits/sec  435             sender
[  7]   0.00-23.68  sec  6.93 MBytes  2.46 Mbits/sec                  receiver
[  9]   0.00-20.00  sec  11.4 MBytes  4.80 Mbits/sec  422             sender
[  9]   0.00-23.68  sec  7.27 MBytes  2.58 Mbits/sec                  receiver
[SUM]   0.00-20.00  sec  35.4 MBytes  14.9 Mbits/sec  1365             sender
[SUM]   0.00-23.68  sec  21.8 MBytes  7.73 Mbits/sec                  receiver
[  5]   0.00-20.00  sec  11.4 MBytes  4.77 Mbits/sec  485             sender
[  5]   0.00-21.88  sec  7.96 MBytes  3.05 Mbits/sec                  receiver
[  7]   0.00-20.00  sec  12.6 MBytes  5.29 Mbits/sec  499             sender
[  7]   0.00-21.88  sec  8.11 MBytes  3.11 Mbits/sec                  receiver
[  9]   0.00-20.00  sec  11.4 MBytes  4.80 Mbits/sec  410             sender
[  9]   0.00-21.88  sec  6.76 MBytes  2.59 Mbits/sec                  receiver
[SUM]   0.00-20.00  sec  35.4 MBytes  14.9 Mbits/sec  1394             sender
[SUM]   0.00-21.88  sec  22.8 MBytes  8.75 Mbits/sec                  receiver
[  5]   0.00-20.00  sec  14.7 MBytes  6.16 Mbits/sec  461             sender
[  5]   0.00-23.10  sec  7.45 MBytes  2.71 Mbits/sec                  receiver
[  7]   0.00-20.00  sec  12.6 MBytes  5.29 Mbits/sec  471             sender
[  7]   0.00-23.10  sec  7.69 MBytes  2.79 Mbits/sec                  receiver
[  9]   0.00-20.00  sec  8.24 MBytes  3.46 Mbits/sec   63             sender
[  9]   0.00-23.10  sec  6.41 MBytes  2.33 Mbits/sec                  receiver
[SUM]   0.00-20.00  sec  35.5 MBytes  14.9 Mbits/sec  995             sender
[SUM]   0.00-23.10  sec  21.6 MBytes  7.83 Mbits/sec                  receiver
[  5]   0.00-20.00  sec  10.8 MBytes  4.53 Mbits/sec  163             sender
[  5]   0.00-22.15  sec  7.24 MBytes  2.74 Mbits/sec                  receiver
[  7]   0.00-20.00  sec  12.7 MBytes  5.32 Mbits/sec  339             sender
[  7]   0.00-22.15  sec  6.39 MBytes  2.42 Mbits/sec                  receiver
[  9]   0.00-20.00  sec  11.0 MBytes  4.61 Mbits/sec  316             sender
[  9]   0.00-22.15  sec  6.54 MBytes  2.48 Mbits/sec                  receiver
[SUM]   0.00-20.00  sec  34.5 MBytes  14.5 Mbits/sec  818             sender
[SUM]   0.00-22.15  sec  20.2 MBytes  7.64 Mbits/sec                  receiver
[  5]   0.00-20.00  sec  12.2 MBytes  5.11 Mbits/sec  480             sender
[  5]   0.00-21.88  sec  8.32 MBytes  3.19 Mbits/sec                  receiver
[  7]   0.00-20.00  sec  12.7 MBytes  5.32 Mbits/sec  506             sender
[  7]   0.00-21.88  sec  8.70 MBytes  3.33 Mbits/sec                  receiver
[  9]   0.00-20.00  sec  11.0 MBytes  4.63 Mbits/sec  391             sender
[  9]   0.00-21.88  sec  7.05 MBytes  2.70 Mbits/sec                  receiver
[SUM]   0.00-20.00  sec  35.9 MBytes  15.1 Mbits/sec  1377             sender
[SUM]   0.00-21.88  sec  24.1 MBytes  9.23 Mbits/sec                  receiver
[  5]   0.00-20.00  sec  12.4 MBytes  5.21 Mbits/sec  483             sender
[  5]   0.00-21.80  sec  8.33 MBytes  3.21 Mbits/sec                  receiver
[  7]   0.00-20.00  sec  12.5 MBytes  5.24 Mbits/sec  485             sender
[  7]   0.00-21.80  sec  8.61 MBytes  3.31 Mbits/sec                  receiver
[  9]   0.00-20.00  sec  10.3 MBytes  4.30 Mbits/sec  401             sender
[  9]   0.00-21.80  sec  7.71 MBytes  2.97 Mbits/sec                  receiver
[SUM]   0.00-20.00  sec  35.2 MBytes  14.7 Mbits/sec  1369             sender
[SUM]   0.00-21.80  sec  24.7 MBytes  9.49 Mbits/sec                  receiver
[  5]   0.00-20.00  sec  12.6 MBytes  5.29 Mbits/sec  506             sender
[  5]   0.00-21.88  sec  7.81 MBytes  2.99 Mbits/sec                  receiver
[  7]   0.00-20.00  sec  11.4 MBytes  4.76 Mbits/sec  447             sender
[  7]   0.00-21.88  sec  7.43 MBytes  2.85 Mbits/sec                  receiver
[  9]   0.00-20.00  sec  11.6 MBytes  4.85 Mbits/sec  421             sender
[  9]   0.00-21.88  sec  7.16 MBytes  2.75 Mbits/sec                  receiver
[SUM]   0.00-20.00  sec  35.5 MBytes  14.9 Mbits/sec  1374             sender
[SUM]   0.00-21.88  sec  22.4 MBytes  8.59 Mbits/sec                  receiver
[  5]   0.00-20.00  sec  12.5 MBytes  5.24 Mbits/sec  482             sender
[  5]   0.00-21.90  sec  8.04 MBytes  3.08 Mbits/sec                  receiver
[  7]   0.00-20.00  sec  12.6 MBytes  5.29 Mbits/sec  472             sender
[  7]   0.00-21.90  sec  8.52 MBytes  3.26 Mbits/sec                  receiver
[  9]   0.00-20.00  sec  10.3 MBytes  4.33 Mbits/sec  410             sender
[  9]   0.00-21.90  sec  7.05 MBytes  2.70 Mbits/sec                  receiver
[SUM]   0.00-20.00  sec  35.4 MBytes  14.9 Mbits/sec  1364             sender
[SUM]   0.00-21.90  sec  23.6 MBytes  9.04 Mbits/sec                  receiver
[  5]   0.00-20.00  sec  12.2 MBytes  5.13 Mbits/sec  487             sender
[  5]   0.00-21.85  sec  7.70 MBytes  2.95 Mbits/sec                  receiver
[  7]   0.00-20.00  sec  12.5 MBytes  5.24 Mbits/sec  478             sender
[  7]   0.00-21.85  sec  7.79 MBytes  2.99 Mbits/sec                  receiver
[  9]   0.00-20.00  sec  10.3 MBytes  4.33 Mbits/sec  400             sender
[  9]   0.00-21.85  sec  7.64 MBytes  2.93 Mbits/sec                  receiver
[SUM]   0.00-20.00  sec  35.0 MBytes  14.7 Mbits/sec  1365             sender
[SUM]   0.00-21.85  sec  23.1 MBytes  8.88 Mbits/sec                  receiver
[  5]   0.00-20.00  sec  12.6 MBytes  5.29 Mbits/sec  504             sender
[  5]   0.00-21.86  sec  8.48 MBytes  3.26 Mbits/sec                  receiver
[  7]   0.00-20.00  sec  11.5 MBytes  4.83 Mbits/sec  449             sender
[  7]   0.00-21.86  sec  8.34 MBytes  3.20 Mbits/sec                  receiver
[  9]   0.00-20.00  sec  11.4 MBytes  4.80 Mbits/sec  414             sender
[  9]   0.00-21.86  sec  7.80 MBytes  2.99 Mbits/sec                  receiver
[SUM]   0.00-20.00  sec  35.6 MBytes  14.9 Mbits/sec  1367             sender
[SUM]   0.00-21.86  sec  24.6 MBytes  9.45 Mbits/sec                  receiver
[  5]   0.00-20.00  sec  14.9 MBytes  6.26 Mbits/sec  429             sender
[  5]   0.00-21.87  sec  7.60 MBytes  2.91 Mbits/sec                  receiver
[  7]   0.00-20.00  sec  12.7 MBytes  5.32 Mbits/sec  525             sender
[  7]   0.00-21.87  sec  7.90 MBytes  3.03 Mbits/sec                  receiver
[  9]   0.00-20.00  sec  7.31 MBytes  3.07 Mbits/sec   60             sender
[  9]   0.00-21.87  sec  6.07 MBytes  2.33 Mbits/sec                  receiver
[SUM]   0.00-20.00  sec  34.9 MBytes  14.6 Mbits/sec  1014             sender
[SUM]   0.00-21.87  sec  21.6 MBytes  8.27 Mbits/sec                  receiver
[  5]   0.00-20.00  sec  12.7 MBytes  5.32 Mbits/sec  365             sender
[  5]   0.00-22.83  sec  6.55 MBytes  2.41 Mbits/sec                  receiver
[  7]   0.00-20.00  sec  11.2 MBytes  4.71 Mbits/sec  346             sender
[  7]   0.00-22.83  sec  5.67 MBytes  2.08 Mbits/sec                  receiver
[  9]   0.00-20.00  sec  11.5 MBytes  4.82 Mbits/sec  437             sender
[  9]   0.00-22.83  sec  6.99 MBytes  2.57 Mbits/sec                  receiver
[SUM]   0.00-20.00  sec  35.4 MBytes  14.9 Mbits/sec  1148             sender
[SUM]   0.00-22.83  sec  19.2 MBytes  7.06 Mbits/sec                  receiver
[  5]   0.00-20.00  sec  12.4 MBytes  5.19 Mbits/sec  504             sender
[  5]   0.00-21.89  sec  8.58 MBytes  3.29 Mbits/sec                  receiver
[  7]   0.00-20.00  sec  11.6 MBytes  4.85 Mbits/sec  433             sender
[  7]   0.00-21.89  sec  8.28 MBytes  3.17 Mbits/sec                  receiver
[  9]   0.00-20.00  sec  10.5 MBytes  4.39 Mbits/sec  415             sender
[  9]   0.00-21.89  sec  7.84 MBytes  3.01 Mbits/sec                  receiver
[SUM]   0.00-20.00  sec  34.4 MBytes  14.4 Mbits/sec  1352             sender
[SUM]   0.00-21.89  sec  24.7 MBytes  9.46 Mbits/sec                  receiver
[  5]   0.00-20.00  sec  12.7 MBytes  5.32 Mbits/sec  512             sender
[  5]   0.00-22.86  sec  7.37 MBytes  2.70 Mbits/sec                  receiver
[  7]   0.00-20.00  sec  11.2 MBytes  4.69 Mbits/sec  397             sender
[  7]   0.00-22.86  sec  7.00 MBytes  2.57 Mbits/sec                  receiver
[  9]   0.00-20.00  sec  11.6 MBytes  4.85 Mbits/sec  467             sender
[  9]   0.00-22.86  sec  7.13 MBytes  2.61 Mbits/sec                  receiver
[SUM]   0.00-20.00  sec  35.4 MBytes  14.9 Mbits/sec  1376             sender
[SUM]   0.00-22.86  sec  21.5 MBytes  7.89 Mbits/sec                  receiver
Failover Output:
[  5]   0.00-20.00  sec  11.5 MBytes  4.80 Mbits/sec  675             sender
[  5]   0.00-23.87  sec  7.57 MBytes  2.66 Mbits/sec                  receiver
[  7]   0.00-20.00  sec  8.89 MBytes  3.73 Mbits/sec  579             sender
[  7]   0.00-23.87  sec  5.59 MBytes  1.97 Mbits/sec                  receiver
[  9]   0.00-20.00  sec  10.2 MBytes  4.28 Mbits/sec  665             sender
[  9]   0.00-23.87  sec  6.34 MBytes  2.23 Mbits/sec                  receiver
[SUM]   0.00-20.00  sec  30.5 MBytes  12.8 Mbits/sec  1919             sender
[SUM]   0.00-23.87  sec  19.5 MBytes  6.86 Mbits/sec                  receiver
[  5]   0.00-20.00  sec  10.9 MBytes  4.58 Mbits/sec  520             sender
[  5]   0.00-23.26  sec  7.88 MBytes  2.84 Mbits/sec                  receiver
[  7]   0.00-20.00  sec  8.87 MBytes  3.72 Mbits/sec  554             sender
[  7]   0.00-23.26  sec  5.43 MBytes  1.96 Mbits/sec                  receiver
[  9]   0.00-20.00  sec  8.99 MBytes  3.77 Mbits/sec  504             sender
[  9]   0.00-23.26  sec  5.48 MBytes  1.98 Mbits/sec                  receiver
[SUM]   0.00-20.00  sec  28.8 MBytes  12.1 Mbits/sec  1578             sender
[SUM]   0.00-23.26  sec  18.8 MBytes  6.78 Mbits/sec                  receiver
[  5]   0.00-20.00  sec  12.2 MBytes  5.11 Mbits/sec  953             sender
[  5]   0.00-22.81  sec  7.32 MBytes  2.69 Mbits/sec                  receiver
[  7]   0.00-20.00  sec  12.7 MBytes  5.35 Mbits/sec  912             sender
[  7]   0.00-22.81  sec  8.07 MBytes  2.97 Mbits/sec                  receiver
[  9]   0.00-20.00  sec  10.3 MBytes  4.30 Mbits/sec  203             sender
[  9]   0.00-22.81  sec  5.73 MBytes  2.11 Mbits/sec                  receiver
[SUM]   0.00-20.00  sec  35.2 MBytes  14.8 Mbits/sec  2068             sender
[SUM]   0.00-22.81  sec  21.1 MBytes  7.77 Mbits/sec                  receiver
[  5]   0.00-20.00  sec  11.0 MBytes  4.62 Mbits/sec  595             sender
[  5]   0.00-23.43  sec  7.76 MBytes  2.78 Mbits/sec                  receiver
[  7]   0.00-20.00  sec  8.89 MBytes  3.73 Mbits/sec   63             sender
[  7]   0.00-23.43  sec  4.93 MBytes  1.77 Mbits/sec                  receiver
[  9]   0.00-20.00  sec  10.3 MBytes  4.32 Mbits/sec  678             sender
[  9]   0.00-23.43  sec  6.46 MBytes  2.31 Mbits/sec                  receiver
[SUM]   0.00-20.00  sec  30.2 MBytes  12.7 Mbits/sec  1336             sender
[SUM]   0.00-23.43  sec  19.2 MBytes  6.86 Mbits/sec                  receiver
[  5]   0.00-20.00  sec  10.2 MBytes  4.27 Mbits/sec  348             sender
[  5]   0.00-25.48  sec  5.81 MBytes  1.91 Mbits/sec                  receiver
[  7]   0.00-20.00  sec  9.74 MBytes  4.09 Mbits/sec   55             sender
[  7]   0.00-25.48  sec  5.56 MBytes  1.83 Mbits/sec                  receiver
[  9]   0.00-20.00  sec  12.7 MBytes  5.32 Mbits/sec  792             sender
[  9]   0.00-25.48  sec  8.35 MBytes  2.75 Mbits/sec                  receiver
[SUM]   0.00-20.00  sec  32.6 MBytes  13.7 Mbits/sec  1195             sender
[SUM]   0.00-25.48  sec  19.7 MBytes  6.49 Mbits/sec                  receiver
[  5]   0.00-20.00  sec  10.2 MBytes  4.27 Mbits/sec  250             sender
[  5]   0.00-23.69  sec  5.60 MBytes  1.98 Mbits/sec                  receiver
[  7]   0.00-20.00  sec  9.93 MBytes  4.16 Mbits/sec  581             sender
[  7]   0.00-23.69  sec  7.01 MBytes  2.48 Mbits/sec                  receiver
[  9]   0.00-20.00  sec  10.2 MBytes  4.30 Mbits/sec  653             sender
[  9]   0.00-23.69  sec  7.39 MBytes  2.62 Mbits/sec                  receiver
[SUM]   0.00-20.00  sec  30.4 MBytes  12.7 Mbits/sec  1484             sender
[SUM]   0.00-23.69  sec  20.0 MBytes  7.08 Mbits/sec                  receiver
[  5]   0.00-20.00  sec  9.68 MBytes  4.06 Mbits/sec  326             sender
[  5]   0.00-23.13  sec  5.66 MBytes  2.05 Mbits/sec                  receiver
[  7]   0.00-20.00  sec  10.1 MBytes  4.24 Mbits/sec  582             sender
[  7]   0.00-23.13  sec  7.77 MBytes  2.82 Mbits/sec                  receiver
[  9]   0.00-20.00  sec  8.99 MBytes  3.77 Mbits/sec  567             sender
[  9]   0.00-23.13  sec  5.62 MBytes  2.04 Mbits/sec                  receiver
[SUM]   0.00-20.00  sec  28.8 MBytes  12.1 Mbits/sec  1475             sender
[SUM]   0.00-23.13  sec  19.1 MBytes  6.91 Mbits/sec                  receiver
[  5]   0.00-20.00  sec  11.2 MBytes  4.71 Mbits/sec  249             sender
[  5]   0.00-22.74  sec  6.27 MBytes  2.31 Mbits/sec                  receiver
[  7]   0.00-20.00  sec  11.4 MBytes  4.77 Mbits/sec  855             sender
[  7]   0.00-22.74  sec  7.05 MBytes  2.60 Mbits/sec                  receiver
[  9]   0.00-20.00  sec  11.4 MBytes  4.76 Mbits/sec  851             sender
[  9]   0.00-22.74  sec  7.72 MBytes  2.85 Mbits/sec                  receiver
[SUM]   0.00-20.00  sec  34.0 MBytes  14.2 Mbits/sec  1955             sender
[SUM]   0.00-22.74  sec  21.0 MBytes  7.76 Mbits/sec                  receiver
[  5]   0.00-20.00  sec  12.7 MBytes  5.32 Mbits/sec  701             sender
[  5]   0.00-23.11  sec  8.83 MBytes  3.20 Mbits/sec                  receiver
[  7]   0.00-20.00  sec  9.74 MBytes  4.09 Mbits/sec   63             sender
[  7]   0.00-23.11  sec  5.48 MBytes  1.99 Mbits/sec                  receiver
[  9]   0.00-20.00  sec  8.99 MBytes  3.77 Mbits/sec  558             sender
[  9]   0.00-23.11  sec  5.73 MBytes  2.08 Mbits/sec                  receiver
[SUM]   0.00-20.00  sec  31.4 MBytes  13.2 Mbits/sec  1322             sender
[SUM]   0.00-23.11  sec  20.0 MBytes  7.28 Mbits/sec                  receiver
[  5]   0.00-20.00  sec  12.2 MBytes  5.11 Mbits/sec  249             sender
[  5]   0.00-21.99  sec  6.27 MBytes  2.39 Mbits/sec                  receiver
[  7]   0.00-20.00  sec  12.5 MBytes  5.24 Mbits/sec  869             sender
[  7]   0.00-21.99  sec  8.68 MBytes  3.31 Mbits/sec                  receiver
[  9]   0.00-20.00  sec  10.2 MBytes  4.30 Mbits/sec   95             sender
[  9]   0.00-21.99  sec  5.62 MBytes  2.14 Mbits/sec                  receiver
[SUM]   0.00-20.00  sec  34.9 MBytes  14.6 Mbits/sec  1213             sender
[SUM]   0.00-21.99  sec  20.6 MBytes  7.85 Mbits/sec                  receiver
[  5]   0.00-20.00  sec  13.4 MBytes  5.63 Mbits/sec  976             sender
[  5]   0.00-22.84  sec  8.31 MBytes  3.05 Mbits/sec                  receiver
[  7]   0.00-20.00  sec  11.2 MBytes  4.71 Mbits/sec  854             sender
[  7]   0.00-22.84  sec  7.09 MBytes  2.60 Mbits/sec                  receiver
[  9]   0.00-20.00  sec  10.2 MBytes  4.30 Mbits/sec   97             sender
[  9]   0.00-22.84  sec  5.62 MBytes  2.06 Mbits/sec                  receiver
[SUM]   0.00-20.00  sec  34.9 MBytes  14.6 Mbits/sec  1927             sender
[SUM]   0.00-22.84  sec  21.0 MBytes  7.72 Mbits/sec                  receiver
[  5]   0.00-20.00  sec  12.3 MBytes  5.16 Mbits/sec  111             sender
[  5]   0.00-22.36  sec  6.11 MBytes  2.29 Mbits/sec                  receiver
[  7]   0.00-20.00  sec  9.98 MBytes  4.19 Mbits/sec   31             sender
[  7]   0.00-22.36  sec  5.54 MBytes  2.08 Mbits/sec                  receiver
[  9]   0.00-20.00  sec  12.8 MBytes  5.37 Mbits/sec  853             sender
[  9]   0.00-22.36  sec  8.95 MBytes  3.36 Mbits/sec                  receiver
[SUM]   0.00-20.00  sec  35.1 MBytes  14.7 Mbits/sec  995             sender
[SUM]   0.00-22.36  sec  20.6 MBytes  7.73 Mbits/sec                  receiver
[  5]   0.00-20.00  sec  10.9 MBytes  4.58 Mbits/sec   28             sender
[  5]   0.00-21.87  sec  5.96 MBytes  2.29 Mbits/sec                  receiver
[  7]   0.00-20.00  sec  10.2 MBytes  4.30 Mbits/sec  111             sender
[  7]   0.00-21.87  sec  5.80 MBytes  2.22 Mbits/sec                  receiver
[  9]   0.00-20.00  sec  12.7 MBytes  5.33 Mbits/sec  827             sender
[  9]   0.00-21.87  sec  8.75 MBytes  3.36 Mbits/sec                  receiver
[SUM]   0.00-20.00  sec  33.9 MBytes  14.2 Mbits/sec  966             sender
[SUM]   0.00-21.87  sec  20.5 MBytes  7.87 Mbits/sec                  receiver
[  5]   0.00-20.00  sec  9.99 MBytes  4.19 Mbits/sec  573             sender
[  5]   0.00-23.54  sec  7.34 MBytes  2.62 Mbits/sec                  receiver
[  7]   0.00-20.00  sec  9.93 MBytes  4.16 Mbits/sec  561             sender
[  7]   0.00-23.54  sec  6.37 MBytes  2.27 Mbits/sec                  receiver
[  9]   0.00-20.00  sec  9.06 MBytes  3.80 Mbits/sec  376             sender
[  9]   0.00-23.54  sec  5.33 MBytes  1.90 Mbits/sec                  receiver
[SUM]   0.00-20.00  sec  29.0 MBytes  12.2 Mbits/sec  1510             sender
[SUM]   0.00-23.54  sec  19.0 MBytes  6.79 Mbits/sec                  receiver
Baseline Output:
[  5]   0.00-20.00  sec  11.6 MBytes  4.85 Mbits/sec  468             sender
[  5]   0.00-21.98  sec  6.93 MBytes  2.64 Mbits/sec                  receiver
[  7]   0.00-20.00  sec  11.6 MBytes  4.85 Mbits/sec  377             sender
[  7]   0.00-21.98  sec  6.63 MBytes  2.53 Mbits/sec                  receiver
[  9]   0.00-20.00  sec  10.6 MBytes  4.43 Mbits/sec  394             sender
[  9]   0.00-21.98  sec  6.33 MBytes  2.42 Mbits/sec                  receiver
[SUM]   0.00-20.00  sec  33.7 MBytes  14.1 Mbits/sec  1239             sender
[SUM]   0.00-21.98  sec  19.9 MBytes  7.59 Mbits/sec                  receiver
[  5]   0.00-20.00  sec  12.7 MBytes  5.32 Mbits/sec  521             sender
[  5]   0.00-21.91  sec  8.13 MBytes  3.11 Mbits/sec                  receiver
[  7]   0.00-20.00  sec  11.4 MBytes  4.79 Mbits/sec  416             sender
[  7]   0.00-21.91  sec  7.14 MBytes  2.73 Mbits/sec                  receiver
[  9]   0.00-20.00  sec  11.4 MBytes  4.79 Mbits/sec  463             sender
[  9]   0.00-21.91  sec  7.99 MBytes  3.06 Mbits/sec                  receiver
[SUM]   0.00-20.00  sec  35.5 MBytes  14.9 Mbits/sec  1400             sender
[SUM]   0.00-21.91  sec  23.3 MBytes  8.90 Mbits/sec                  receiver
[  5]   0.00-20.00  sec  12.4 MBytes  5.21 Mbits/sec  505             sender
[  5]   0.00-21.87  sec  8.00 MBytes  3.07 Mbits/sec                  receiver
[  7]   0.00-20.00  sec  11.6 MBytes  4.85 Mbits/sec  428             sender
[  7]   0.00-21.87  sec  6.72 MBytes  2.58 Mbits/sec                  receiver
[  9]   0.00-20.00  sec  11.4 MBytes  4.76 Mbits/sec  450             sender
[  9]   0.00-21.87  sec  7.86 MBytes  3.01 Mbits/sec                  receiver
[SUM]   0.00-20.00  sec  35.4 MBytes  14.8 Mbits/sec  1383             sender
[SUM]   0.00-21.87  sec  22.6 MBytes  8.66 Mbits/sec                  receiver
[  5]   0.00-20.00  sec  11.4 MBytes  4.79 Mbits/sec  469             sender
[  5]   0.00-22.60  sec  8.05 MBytes  2.99 Mbits/sec                  receiver
[  7]   0.00-20.00  sec  12.7 MBytes  5.32 Mbits/sec  523             sender
[  7]   0.00-22.60  sec  7.56 MBytes  2.81 Mbits/sec                  receiver
[  9]   0.00-20.00  sec  10.6 MBytes  4.45 Mbits/sec  410             sender
[  9]   0.00-22.60  sec  6.50 MBytes  2.41 Mbits/sec                  receiver
[SUM]   0.00-20.00  sec  34.7 MBytes  14.6 Mbits/sec  1402             sender
[SUM]   0.00-22.60  sec  22.1 MBytes  8.21 Mbits/sec                  receiver
[  5]   0.00-20.00  sec  11.4 MBytes  4.79 Mbits/sec  488             sender
[  5]   0.00-21.90  sec  7.30 MBytes  2.80 Mbits/sec                  receiver
[  7]   0.00-20.00  sec  10.3 MBytes  4.33 Mbits/sec  425             sender
[  7]   0.00-21.90  sec  7.70 MBytes  2.95 Mbits/sec                  receiver
[  9]   0.00-20.00  sec  11.4 MBytes  4.79 Mbits/sec  484             sender
[  9]   0.00-21.90  sec  8.17 MBytes  3.13 Mbits/sec                  receiver
[SUM]   0.00-20.00  sec  33.2 MBytes  13.9 Mbits/sec  1397             sender
[SUM]   0.00-21.90  sec  23.2 MBytes  8.87 Mbits/sec                  receiver
[  5]   0.00-20.00  sec  11.5 MBytes  4.82 Mbits/sec  282             sender
[  5]   0.00-22.04  sec  5.86 MBytes  2.23 Mbits/sec                  receiver
[  7]   0.00-20.00  sec  11.4 MBytes  4.80 Mbits/sec  304             sender
[  7]   0.00-22.04  sec  5.78 MBytes  2.20 Mbits/sec                  receiver
[  9]   0.00-20.00  sec  11.5 MBytes  4.82 Mbits/sec  353             sender
[  9]   0.00-22.04  sec  6.00 MBytes  2.28 Mbits/sec                  receiver
[SUM]   0.00-20.00  sec  34.4 MBytes  14.4 Mbits/sec  939             sender
[SUM]   0.00-22.04  sec  17.6 MBytes  6.72 Mbits/sec                  receiver
Failover Output:
[  5]   0.00-20.00  sec  9.81 MBytes  4.12 Mbits/sec  202             sender
[  5]   0.00-22.45  sec  5.36 MBytes  2.00 Mbits/sec                  receiver
[  7]   0.00-20.00  sec  10.7 MBytes  4.51 Mbits/sec    7             sender
[  7]   0.00-22.45  sec  5.29 MBytes  1.98 Mbits/sec                  receiver
[  9]   0.00-20.00  sec  13.2 MBytes  5.53 Mbits/sec  912             sender
[  9]   0.00-22.45  sec  8.11 MBytes  3.03 Mbits/sec                  receiver
[SUM]   0.00-20.00  sec  33.7 MBytes  14.2 Mbits/sec  1121             sender
[SUM]   0.00-22.45  sec  18.8 MBytes  7.01 Mbits/sec                  receiver
[  5]   0.00-20.00  sec  13.7 MBytes  5.76 Mbits/sec  980             sender
[  5]   0.00-22.54  sec  8.52 MBytes  3.17 Mbits/sec                  receiver
[  7]   0.00-20.00  sec  11.5 MBytes  4.82 Mbits/sec  768             sender
[  7]   0.00-22.54  sec  6.66 MBytes  2.48 Mbits/sec                  receiver
[  9]   0.00-20.00  sec  10.3 MBytes  4.33 Mbits/sec   63             sender
[  9]   0.00-22.54  sec  5.61 MBytes  2.09 Mbits/sec                  receiver
[SUM]   0.00-20.00  sec  35.6 MBytes  14.9 Mbits/sec  1811             sender
[SUM]   0.00-22.54  sec  20.8 MBytes  7.74 Mbits/sec                  receiver
[  5]   0.00-20.00  sec  11.2 MBytes  4.69 Mbits/sec   11             sender
[  5]   0.00-21.55  sec  6.03 MBytes  2.35 Mbits/sec                  receiver
[  7]   0.00-20.00  sec  12.9 MBytes  5.39 Mbits/sec  765             sender
[  7]   0.00-21.55  sec  8.57 MBytes  3.34 Mbits/sec                  receiver
[  9]   0.00-20.00  sec  10.3 MBytes  4.33 Mbits/sec   15             sender
[  9]   0.00-21.55  sec  5.61 MBytes  2.18 Mbits/sec                  receiver
[SUM]   0.00-20.00  sec  34.4 MBytes  14.4 Mbits/sec  791             sender
[SUM]   0.00-21.55  sec  20.2 MBytes  7.87 Mbits/sec                  receiver
[  5]   0.00-20.00  sec  11.5 MBytes  4.82 Mbits/sec  773             sender
[  5]   0.00-22.84  sec  7.88 MBytes  2.89 Mbits/sec                  receiver
[  7]   0.00-20.00  sec  10.1 MBytes  4.24 Mbits/sec   68             sender
[  7]   0.00-22.84  sec  5.25 MBytes  1.93 Mbits/sec                  receiver
[  9]   0.00-20.00  sec  10.2 MBytes  4.30 Mbits/sec  684             sender
[  9]   0.00-22.84  sec  6.54 MBytes  2.40 Mbits/sec                  receiver
[SUM]   0.00-20.00  sec  31.9 MBytes  13.4 Mbits/sec  1525             sender
[SUM]   0.00-22.84  sec  19.7 MBytes  7.22 Mbits/sec                  receiver
[  5]   0.00-20.00  sec  12.7 MBytes  5.32 Mbits/sec  806             sender
[  5]   0.00-21.68  sec  8.80 MBytes  3.41 Mbits/sec                  receiver
[  7]   0.00-20.00  sec  10.3 MBytes  4.33 Mbits/sec    7             sender
[  7]   0.00-21.68  sec  5.61 MBytes  2.17 Mbits/sec                  receiver
[  9]   0.00-20.00  sec  10.3 MBytes  4.31 Mbits/sec   60             sender
[  9]   0.00-21.68  sec  5.53 MBytes  2.14 Mbits/sec                  receiver
[SUM]   0.00-20.00  sec  33.3 MBytes  13.9 Mbits/sec  873             sender
[SUM]   0.00-21.68  sec  19.9 MBytes  7.72 Mbits/sec                  receiver
[  5]   0.00-20.00  sec  12.7 MBytes  5.32 Mbits/sec  780             sender
[  5]   0.00-21.62  sec  8.60 MBytes  3.34 Mbits/sec                  receiver
[  7]   0.00-20.00  sec  10.2 MBytes  4.27 Mbits/sec   63             sender
[  7]   0.00-21.62  sec  5.65 MBytes  2.19 Mbits/sec                  receiver
[  9]   0.00-20.00  sec  11.6 MBytes  4.85 Mbits/sec    7             sender
[  9]   0.00-21.62  sec  5.83 MBytes  2.26 Mbits/sec                  receiver
[SUM]   0.00-20.00  sec  34.4 MBytes  14.4 Mbits/sec  850             sender
[SUM]   0.00-21.62  sec  20.1 MBytes  7.80 Mbits/sec                  receiver
