Baseline Output:
[  5]   0.00-20.00  sec  29.5 MBytes  12.4 Mbits/sec    0             sender
[  5]   0.00-24.03  sec  20.1 MBytes  7.01 Mbits/sec                  receiver
[  5]   0.00-20.00  sec  21.6 MBytes  9.07 Mbits/sec    0             sender
[  5]   0.00-25.07  sec  13.6 MBytes  4.56 Mbits/sec                  receiver
[  5]   0.00-20.01  sec  31.7 MBytes  13.3 Mbits/sec    0             sender
[  5]   0.00-22.97  sec  22.9 MBytes  8.36 Mbits/sec                  receiver
[  5]   0.00-20.00  sec  29.9 MBytes  12.5 Mbits/sec    2             sender
[  5]   0.00-21.90  sec  23.8 MBytes  9.13 Mbits/sec                  receiver
[  5]   0.00-20.00  sec  21.2 MBytes  8.90 Mbits/sec    0             sender
[  5]   0.00-26.50  sec  13.6 MBytes  4.32 Mbits/sec                  receiver
[  5]   0.00-20.00  sec  28.5 MBytes  12.0 Mbits/sec    2             sender
[  5]   0.00-23.75  sec  19.9 MBytes  7.04 Mbits/sec                  receiver
[  5]   0.00-20.00  sec  14.1 MBytes  5.91 Mbits/sec    4             sender
[  5]   0.00-22.37  sec  10.9 MBytes  4.10 Mbits/sec                  receiver
[  5]   0.00-20.00  sec  23.3 MBytes  9.77 Mbits/sec    4             sender
[  5]   0.00-21.17  sec  19.7 MBytes  7.82 Mbits/sec                  receiver
[  5]   0.00-20.00  sec  26.0 MBytes  10.9 Mbits/sec    2             sender
[  5]   0.00-22.13  sec  19.8 MBytes  7.49 Mbits/sec                  receiver
[  5]   0.00-20.00  sec  20.6 MBytes  8.63 Mbits/sec    1             sender
[  5]   0.00-20.91  sec  16.9 MBytes  6.78 Mbits/sec                  receiver
[  5]   0.00-20.00  sec  20.4 MBytes  8.56 Mbits/sec    0             sender
[  5]   0.00-25.11  sec  12.8 MBytes  4.29 Mbits/sec                  receiver
[  5]   0.00-20.00  sec  17.2 MBytes  7.21 Mbits/sec    2             sender
[  5]   0.00-23.73  sec  11.3 MBytes  4.01 Mbits/sec                  receiver
[  5]   0.00-20.00  sec  14.2 MBytes  5.96 Mbits/sec    2             sender
[  5]   0.00-25.43  sec  10.5 MBytes  3.45 Mbits/sec                  receiver
[  5]   0.00-20.00  sec  24.5 MBytes  10.3 Mbits/sec    4             sender
[  5]   0.00-23.06  sec  18.8 MBytes  6.85 Mbits/sec                  receiver
[  5]   0.00-20.00  sec  20.6 MBytes  8.64 Mbits/sec    1             sender
[  5]   0.00-25.05  sec  12.5 MBytes  4.17 Mbits/sec                  receiver
[  5]   0.00-20.00  sec  27.9 MBytes  11.7 Mbits/sec    0             sender
[  5]   0.00-28.07  sec  19.5 MBytes  5.83 Mbits/sec                  receiver
[  5]   0.00-20.00  sec  20.3 MBytes  8.53 Mbits/sec    2             sender
[  5]   0.00-20.58  sec  18.6 MBytes  7.57 Mbits/sec                  receiver
[  5]   0.00-20.00  sec  23.6 MBytes  9.90 Mbits/sec    2             sender
[  5]   0.00-21.77  sec  18.7 MBytes  7.20 Mbits/sec                  receiver
[  5]   0.00-20.01  sec  27.5 MBytes  11.5 Mbits/sec    2             sender
[  5]   0.00-36.74  sec  20.2 MBytes  4.61 Mbits/sec                  receiver
[  5]   0.00-20.00  sec  14.1 MBytes  5.93 Mbits/sec    2             sender
[  5]   0.00-21.95  sec  10.4 MBytes  3.97 Mbits/sec                  receiver
Failover Output:
[  5]   0.00-20.00  sec  19.8 MBytes  8.29 Mbits/sec    0             sender
[  5]   0.00-25.12  sec  12.4 MBytes  4.13 Mbits/sec                  receiver
[  5]   0.00-20.00  sec  25.4 MBytes  10.6 Mbits/sec  1087             sender
[  5]   0.00-22.12  sec  19.9 MBytes  7.56 Mbits/sec                  receiver
[  5]   0.00-20.00  sec  21.4 MBytes  8.97 Mbits/sec    0             sender
[  5]   0.00-26.88  sec  13.7 MBytes  4.28 Mbits/sec                  receiver
[  5]   0.00-20.00  sec  24.0 MBytes  10.1 Mbits/sec  831             sender
[  5]   0.00-22.67  sec  20.0 MBytes  7.40 Mbits/sec                  receiver
[  5]   0.00-20.00  sec  21.3 MBytes  8.93 Mbits/sec  998             sender
[  5]   0.00-22.02  sec  16.4 MBytes  6.24 Mbits/sec                  receiver
[  5]   0.00-20.00  sec  15.9 MBytes  6.67 Mbits/sec    2             sender
[  5]   0.00-22.64  sec  11.6 MBytes  4.29 Mbits/sec                  receiver
[  5]   0.00-20.00  sec  14.1 MBytes  5.89 Mbits/sec    2             sender
[  5]   0.00-21.58  sec  10.8 MBytes  4.21 Mbits/sec                  receiver
[  5]   0.00-20.00  sec  20.8 MBytes  8.72 Mbits/sec  710             sender
[  5]   0.00-20.63  sec  16.5 MBytes  6.71 Mbits/sec                  receiver
[  5]   0.00-20.02  sec  22.1 MBytes  9.24 Mbits/sec  1113             sender
[  5]   0.00-21.54  sec  15.7 MBytes  6.13 Mbits/sec                  receiver
[  5]   0.00-20.00  sec  21.8 MBytes  9.13 Mbits/sec  969             sender
[  5]   0.00-21.94  sec  17.1 MBytes  6.56 Mbits/sec                  receiver
[  5]   0.00-20.00  sec  19.9 MBytes  8.35 Mbits/sec  611             sender
[  5]   0.00-21.59  sec  16.8 MBytes  6.54 Mbits/sec                  receiver
[  5]   0.00-20.00  sec  20.8 MBytes  8.73 Mbits/sec  747             sender
[  5]   0.00-20.61  sec  16.6 MBytes  6.75 Mbits/sec                  receiver
[  5]   0.00-20.00  sec  21.2 MBytes  8.91 Mbits/sec    2             sender
[  5]   0.00-27.04  sec  13.1 MBytes  4.07 Mbits/sec                  receiver
[  5]   0.00-20.00  sec  20.9 MBytes  8.77 Mbits/sec  1039             sender
[  5]   0.00-44.45  sec  15.9 MBytes  2.99 Mbits/sec                  receiver
[  5]   0.00-20.00  sec  18.2 MBytes  7.65 Mbits/sec  323             sender
[  5]   0.00-21.89  sec  16.1 MBytes  6.18 Mbits/sec                  receiver
[  5]   0.00-20.00  sec  14.8 MBytes  6.22 Mbits/sec    4             sender
[  5]   0.00-23.28  sec  11.1 MBytes  4.02 Mbits/sec                  receiver
[  5]   0.00-20.00  sec  22.8 MBytes  9.55 Mbits/sec  1076             sender
[  5]   0.00-29.70  sec  17.3 MBytes  4.89 Mbits/sec                  receiver
[  5]   0.00-20.00  sec  21.1 MBytes  8.83 Mbits/sec  1049             sender
[  5]   0.00-32.10  sec  16.7 MBytes  4.36 Mbits/sec                  receiver
[  5]   0.00-20.00  sec  17.6 MBytes  7.40 Mbits/sec  675             sender
[  5]   0.00-22.38  sec  14.8 MBytes  5.54 Mbits/sec                  receiver
[  5]   0.00-20.00  sec  20.1 MBytes  8.43 Mbits/sec  764             sender
[  5]   0.00-21.66  sec  16.3 MBytes  6.33 Mbits/sec                  receiver
