Baseline Output:
[  5]   0.00-20.00  sec  4.77 MBytes  2.00 Mbits/sec  0.000 ms  0/3453 (0%)  sender
[  5]   0.00-20.05  sec  4.77 MBytes  1.99 Mbits/sec  0.975 ms  0/3453 (0%)  receiver
[  7]   0.00-20.00  sec  4.77 MBytes  2.00 Mbits/sec  0.000 ms  0/3453 (0%)  sender
[  7]   0.00-20.05  sec  4.77 MBytes  1.99 Mbits/sec  1.018 ms  0/3453 (0%)  receiver
[SUM]   0.00-20.00  sec  9.54 MBytes  4.00 Mbits/sec  0.000 ms  0/6906 (0%)  sender
[SUM]   0.00-20.05  sec  9.54 MBytes  3.99 Mbits/sec  0.996 ms  0/6906 (0%)  receiver
[  5]   0.00-20.00  sec  4.77 MBytes  2.00 Mbits/sec  0.000 ms  0/3453 (0%)  sender
[  5]   0.00-20.04  sec  4.77 MBytes  2.00 Mbits/sec  0.191 ms  0/3453 (0%)  receiver
[  7]   0.00-20.00  sec  4.77 MBytes  2.00 Mbits/sec  0.000 ms  0/3453 (0%)  sender
[  7]   0.00-20.04  sec  4.77 MBytes  2.00 Mbits/sec  0.189 ms  0/3453 (0%)  receiver
[SUM]   0.00-20.00  sec  9.54 MBytes  4.00 Mbits/sec  0.000 ms  0/6906 (0%)  sender
[SUM]   0.00-20.04  sec  9.54 MBytes  3.99 Mbits/sec  0.190 ms  0/6906 (0%)  receiver
[  5]   0.00-20.00  sec  4.77 MBytes  2.00 Mbits/sec  0.000 ms  0/3453 (0%)  sender
[  5]   0.00-20.83  sec  4.77 MBytes  1.92 Mbits/sec  0.564 ms  0/3453 (0%)  receiver
[  7]   0.00-20.00  sec  4.77 MBytes  2.00 Mbits/sec  0.000 ms  0/3453 (0%)  sender
[  7]   0.00-20.83  sec  4.77 MBytes  1.92 Mbits/sec  0.578 ms  0/3453 (0%)  receiver
[SUM]   0.00-20.00  sec  9.54 MBytes  4.00 Mbits/sec  0.000 ms  0/6906 (0%)  sender
[SUM]   0.00-20.83  sec  9.54 MBytes  3.84 Mbits/sec  0.571 ms  0/6906 (0%)  receiver
[  5]   0.00-20.00  sec  4.77 MBytes  2.00 Mbits/sec  0.000 ms  0/3453 (0%)  sender
[  5]   0.00-20.04  sec  4.77 MBytes  2.00 Mbits/sec  0.128 ms  0/3453 (0%)  receiver
[  7]   0.00-20.00  sec  4.77 MBytes  2.00 Mbits/sec  0.000 ms  0/3453 (0%)  sender
[  7]   0.00-20.04  sec  4.77 MBytes  2.00 Mbits/sec  0.135 ms  0/3453 (0%)  receiver
[SUM]   0.00-20.00  sec  9.54 MBytes  4.00 Mbits/sec  0.000 ms  0/6906 (0%)  sender
[SUM]   0.00-20.04  sec  9.54 MBytes  3.99 Mbits/sec  0.132 ms  0/6906 (0%)  receiver
[  5]   0.00-20.00  sec  4.77 MBytes  2.00 Mbits/sec  0.000 ms  0/3453 (0%)  sender
[  5]   0.00-20.04  sec  4.77 MBytes  2.00 Mbits/sec  0.177 ms  0/3453 (0%)  receiver
[  7]   0.00-20.00  sec  4.77 MBytes  2.00 Mbits/sec  0.000 ms  0/3453 (0%)  sender
[  7]   0.00-20.04  sec  4.77 MBytes  2.00 Mbits/sec  0.177 ms  0/3453 (0%)  receiver
[SUM]   0.00-20.00  sec  9.54 MBytes  4.00 Mbits/sec  0.000 ms  0/6906 (0%)  sender
[SUM]   0.00-20.04  sec  9.54 MBytes  3.99 Mbits/sec  0.177 ms  0/6906 (0%)  receiver
[  5]   0.00-20.00  sec  4.77 MBytes  2.00 Mbits/sec  0.000 ms  0/3453 (0%)  sender
[  5]   0.00-20.05  sec  4.77 MBytes  2.00 Mbits/sec  0.254 ms  0/3453 (0%)  receiver
[  7]   0.00-20.00  sec  4.77 MBytes  2.00 Mbits/sec  0.000 ms  0/3453 (0%)  sender
[  7]   0.00-20.05  sec  4.77 MBytes  2.00 Mbits/sec  0.258 ms  0/3453 (0%)  receiver
[SUM]   0.00-20.00  sec  9.54 MBytes  4.00 Mbits/sec  0.000 ms  0/6906 (0%)  sender
[SUM]   0.00-20.05  sec  9.54 MBytes  3.99 Mbits/sec  0.256 ms  0/6906 (0%)  receiver
[  5]   0.00-20.00  sec  4.77 MBytes  2.00 Mbits/sec  0.000 ms  0/3453 (0%)  sender
[  5]   0.00-20.82  sec  4.77 MBytes  1.92 Mbits/sec  0.348 ms  0/3453 (0%)  receiver
[  7]   0.00-20.00  sec  4.77 MBytes  2.00 Mbits/sec  0.000 ms  0/3453 (0%)  sender
[  7]   0.00-20.82  sec  4.77 MBytes  1.92 Mbits/sec  0.343 ms  0/3453 (0%)  receiver
[SUM]   0.00-20.00  sec  9.54 MBytes  4.00 Mbits/sec  0.000 ms  0/6906 (0%)  sender
[SUM]   0.00-20.82  sec  9.54 MBytes  3.84 Mbits/sec  0.346 ms  0/6906 (0%)  receiver
[  5]   0.00-20.00  sec  4.77 MBytes  2.00 Mbits/sec  0.000 ms  0/3453 (0%)  sender
[  5]   0.00-21.07  sec  4.77 MBytes  1.90 Mbits/sec  0.254 ms  0/3453 (0%)  receiver
[  7]   0.00-20.00  sec  4.77 MBytes  2.00 Mbits/sec  0.000 ms  0/3453 (0%)  sender
[  7]   0.00-21.07  sec  4.77 MBytes  1.90 Mbits/sec  0.256 ms  0/3453 (0%)  receiver
[SUM]   0.00-20.00  sec  9.54 MBytes  4.00 Mbits/sec  0.000 ms  0/6906 (0%)  sender
[SUM]   0.00-21.07  sec  9.54 MBytes  3.80 Mbits/sec  0.255 ms  0/6906 (0%)  receiver
[  5]   0.00-20.00  sec  4.77 MBytes  2.00 Mbits/sec  0.000 ms  0/3452 (0%)  sender
[  5]   0.00-20.04  sec  4.77 MBytes  2.00 Mbits/sec  3.987 ms  0/3452 (0%)  receiver
[  7]   0.00-20.00  sec  4.77 MBytes  2.00 Mbits/sec  0.000 ms  0/3452 (0%)  sender
[  7]   0.00-20.04  sec  4.77 MBytes  1.99 Mbits/sec  3.993 ms  0/3451 (0%)  receiver
[SUM]   0.00-20.00  sec  9.53 MBytes  4.00 Mbits/sec  0.000 ms  0/6904 (0%)  sender
[SUM]   0.00-20.04  sec  9.53 MBytes  3.99 Mbits/sec  3.990 ms  0/6903 (0%)  receiver
[  5]   0.00-20.00  sec  4.77 MBytes  2.00 Mbits/sec  0.000 ms  0/3453 (0%)  sender
[  5]   0.00-20.04  sec  4.77 MBytes  2.00 Mbits/sec  1.932 ms  0/3453 (0%)  receiver
[  7]   0.00-20.00  sec  4.77 MBytes  2.00 Mbits/sec  0.000 ms  0/3453 (0%)  sender
[  7]   0.00-20.04  sec  4.77 MBytes  2.00 Mbits/sec  2.038 ms  0/3453 (0%)  receiver
[SUM]   0.00-20.00  sec  9.54 MBytes  4.00 Mbits/sec  0.000 ms  0/6906 (0%)  sender
[SUM]   0.00-20.04  sec  9.54 MBytes  3.99 Mbits/sec  1.985 ms  0/6906 (0%)  receiver
[  5]   0.00-20.00  sec  4.77 MBytes  2.00 Mbits/sec  0.000 ms  0/3452 (0%)  sender
[  5]   0.00-20.04  sec  4.77 MBytes  1.99 Mbits/sec  2.535 ms  0/3452 (0%)  receiver
[  7]   0.00-20.00  sec  4.77 MBytes  2.00 Mbits/sec  0.000 ms  0/3452 (0%)  sender
[  7]   0.00-20.04  sec  4.77 MBytes  1.99 Mbits/sec  2.805 ms  0/3452 (0%)  receiver
[SUM]   0.00-20.00  sec  9.53 MBytes  4.00 Mbits/sec  0.000 ms  0/6904 (0%)  sender
[SUM]   0.00-20.04  sec  9.53 MBytes  3.99 Mbits/sec  2.670 ms  0/6904 (0%)  receiver
[  5]   0.00-20.00  sec  4.77 MBytes  2.00 Mbits/sec  0.000 ms  0/3453 (0%)  sender
[  5]   0.00-20.05  sec  4.77 MBytes  2.00 Mbits/sec  1.742 ms  0/3453 (0%)  receiver
[  7]   0.00-20.00  sec  4.77 MBytes  2.00 Mbits/sec  0.000 ms  0/3453 (0%)  sender
[  7]   0.00-20.05  sec  4.77 MBytes  2.00 Mbits/sec  1.676 ms  0/3453 (0%)  receiver
[SUM]   0.00-20.00  sec  9.54 MBytes  4.00 Mbits/sec  0.000 ms  0/6906 (0%)  sender
[SUM]   0.00-20.05  sec  9.54 MBytes  3.99 Mbits/sec  1.709 ms  0/6906 (0%)  receiver
[  5]   0.00-20.00  sec  4.77 MBytes  2.00 Mbits/sec  0.000 ms  0/3453 (0%)  sender
[  5]   0.00-20.05  sec  4.77 MBytes  2.00 Mbits/sec  2.701 ms  0/3453 (0%)  receiver
[  7]   0.00-20.00  sec  4.77 MBytes  2.00 Mbits/sec  0.000 ms  0/3453 (0%)  sender
[  7]   0.00-20.05  sec  4.77 MBytes  2.00 Mbits/sec  2.679 ms  0/3453 (0%)  receiver
[SUM]   0.00-20.00  sec  9.54 MBytes  4.00 Mbits/sec  0.000 ms  0/6906 (0%)  sender
[SUM]   0.00-20.05  sec  9.54 MBytes  3.99 Mbits/sec  2.690 ms  0/6906 (0%)  receiver
[  5]   0.00-20.00  sec  4.77 MBytes  2.00 Mbits/sec  0.000 ms  0/3453 (0%)  sender
[  5]   0.00-20.04  sec  4.77 MBytes  2.00 Mbits/sec  1.598 ms  0/3453 (0%)  receiver
[  7]   0.00-20.00  sec  4.77 MBytes  2.00 Mbits/sec  0.000 ms  0/3453 (0%)  sender
[  7]   0.00-20.04  sec  4.77 MBytes  2.00 Mbits/sec  1.649 ms  0/3453 (0%)  receiver
[SUM]   0.00-20.00  sec  9.54 MBytes  4.00 Mbits/sec  0.000 ms  0/6906 (0%)  sender
[SUM]   0.00-20.04  sec  9.54 MBytes  3.99 Mbits/sec  1.623 ms  0/6906 (0%)  receiver
[  5]   0.00-20.00  sec  4.77 MBytes  2.00 Mbits/sec  0.000 ms  0/3453 (0%)  sender
[  5]   0.00-20.07  sec  4.77 MBytes  1.99 Mbits/sec  5.585 ms  0/3453 (0%)  receiver
[  7]   0.00-20.00  sec  4.77 MBytes  2.00 Mbits/sec  0.000 ms  0/3453 (0%)  sender
[  7]   0.00-20.07  sec  4.77 MBytes  1.99 Mbits/sec  5.877 ms  0/3452 (0%)  receiver
[SUM]   0.00-20.00  sec  9.54 MBytes  4.00 Mbits/sec  0.000 ms  0/6906 (0%)  sender
[SUM]   0.00-20.07  sec  9.54 MBytes  3.98 Mbits/sec  5.731 ms  0/6905 (0%)  receiver
[  5]   0.00-20.00  sec  4.77 MBytes  2.00 Mbits/sec  0.000 ms  0/3453 (0%)  sender
[  5]   0.00-20.04  sec  4.77 MBytes  2.00 Mbits/sec  0.242 ms  0/3453 (0%)  receiver
[  7]   0.00-20.00  sec  4.77 MBytes  2.00 Mbits/sec  0.000 ms  0/3453 (0%)  sender
[  7]   0.00-20.04  sec  4.77 MBytes  2.00 Mbits/sec  0.244 ms  0/3453 (0%)  receiver
[SUM]   0.00-20.00  sec  9.54 MBytes  4.00 Mbits/sec  0.000 ms  0/6906 (0%)  sender
[SUM]   0.00-20.04  sec  9.54 MBytes  3.99 Mbits/sec  0.243 ms  0/6906 (0%)  receiver
[  5]   0.00-20.00  sec  4.77 MBytes  2.00 Mbits/sec  0.000 ms  0/3453 (0%)  sender
[  5]   0.00-21.90  sec  4.77 MBytes  1.83 Mbits/sec  0.781 ms  0/3453 (0%)  receiver
[  7]   0.00-20.00  sec  4.77 MBytes  2.00 Mbits/sec  0.000 ms  0/3453 (0%)  sender
[  7]   0.00-21.90  sec  4.77 MBytes  1.83 Mbits/sec  0.801 ms  0/3453 (0%)  receiver
[SUM]   0.00-20.00  sec  9.54 MBytes  4.00 Mbits/sec  0.000 ms  0/6906 (0%)  sender
[SUM]   0.00-21.90  sec  9.54 MBytes  3.65 Mbits/sec  0.791 ms  0/6906 (0%)  receiver
[  5]   0.00-20.00  sec  4.77 MBytes  2.00 Mbits/sec  0.000 ms  0/3453 (0%)  sender
[  5]   0.00-20.04  sec  4.77 MBytes  2.00 Mbits/sec  0.403 ms  0/3453 (0%)  receiver
[  7]   0.00-20.00  sec  4.77 MBytes  2.00 Mbits/sec  0.000 ms  0/3453 (0%)  sender
[  7]   0.00-20.04  sec  4.77 MBytes  2.00 Mbits/sec  0.411 ms  0/3453 (0%)  receiver
[SUM]   0.00-20.00  sec  9.54 MBytes  4.00 Mbits/sec  0.000 ms  0/6906 (0%)  sender
[SUM]   0.00-20.04  sec  9.54 MBytes  3.99 Mbits/sec  0.407 ms  0/6906 (0%)  receiver
[  5]   0.00-20.00  sec  4.77 MBytes  2.00 Mbits/sec  0.000 ms  0/3453 (0%)  sender
[  5]   0.00-20.04  sec  4.77 MBytes  2.00 Mbits/sec  0.177 ms  0/3453 (0%)  receiver
[  7]   0.00-20.00  sec  4.77 MBytes  2.00 Mbits/sec  0.000 ms  0/3453 (0%)  sender
[  7]   0.00-20.04  sec  4.77 MBytes  2.00 Mbits/sec  0.180 ms  0/3453 (0%)  receiver
[SUM]   0.00-20.00  sec  9.54 MBytes  4.00 Mbits/sec  0.000 ms  0/6906 (0%)  sender
[SUM]   0.00-20.04  sec  9.54 MBytes  3.99 Mbits/sec  0.178 ms  0/6906 (0%)  receiver
[  5]   0.00-20.00  sec  4.77 MBytes  2.00 Mbits/sec  0.000 ms  0/3453 (0%)  sender
[  5]   0.00-20.04  sec  4.77 MBytes  2.00 Mbits/sec  1.036 ms  0/3453 (0%)  receiver
[  7]   0.00-20.00  sec  4.77 MBytes  2.00 Mbits/sec  0.000 ms  0/3453 (0%)  sender
[  7]   0.00-20.04  sec  4.77 MBytes  2.00 Mbits/sec  1.017 ms  0/3453 (0%)  receiver
[SUM]   0.00-20.00  sec  9.54 MBytes  4.00 Mbits/sec  0.000 ms  0/6906 (0%)  sender
[SUM]   0.00-20.04  sec  9.54 MBytes  3.99 Mbits/sec  1.027 ms  0/6906 (0%)  receiver
Failover Output:
[  5]   0.00-20.00  sec  4.77 MBytes  2.00 Mbits/sec  0.000 ms  0/3454 (0%)  sender
[  5]   0.00-20.05  sec  4.75 MBytes  1.99 Mbits/sec  1.834 ms  14/3454 (0.41%)  receiver
[  7]   0.00-20.00  sec  4.77 MBytes  2.00 Mbits/sec  0.000 ms  0/3454 (0%)  sender
[  7]   0.00-20.05  sec  4.75 MBytes  1.99 Mbits/sec  2.090 ms  14/3454 (0.41%)  receiver
[SUM]   0.00-20.00  sec  9.54 MBytes  4.00 Mbits/sec  0.000 ms  0/6908 (0%)  sender
[SUM]   0.00-20.05  sec  9.50 MBytes  3.98 Mbits/sec  1.962 ms  28/6908 (0.41%)  receiver
[  5]   0.00-20.00  sec  4.77 MBytes  2.00 Mbits/sec  0.000 ms  0/3453 (0%)  sender
[  5]   0.00-20.06  sec  4.74 MBytes  1.98 Mbits/sec  0.420 ms  17/3453 (0.49%)  receiver
[  7]   0.00-20.00  sec  4.77 MBytes  2.00 Mbits/sec  0.000 ms  0/3453 (0%)  sender
[  7]   0.00-20.06  sec  4.74 MBytes  1.98 Mbits/sec  0.420 ms  17/3453 (0.49%)  receiver
[SUM]   0.00-20.00  sec  9.54 MBytes  4.00 Mbits/sec  0.000 ms  0/6906 (0%)  sender
[SUM]   0.00-20.06  sec  9.49 MBytes  3.97 Mbits/sec  0.420 ms  34/6906 (0.49%)  receiver
[  5]   0.00-20.00  sec  4.77 MBytes  2.00 Mbits/sec  0.000 ms  0/3453 (0%)  sender
[  5]   0.00-20.64  sec  4.75 MBytes  1.93 Mbits/sec  0.255 ms  13/3453 (0.38%)  receiver
[  7]   0.00-20.00  sec  4.77 MBytes  2.00 Mbits/sec  0.000 ms  0/3453 (0%)  sender
[  7]   0.00-20.64  sec  4.75 MBytes  1.93 Mbits/sec  0.285 ms  13/3453 (0.38%)  receiver
[SUM]   0.00-20.00  sec  9.54 MBytes  4.00 Mbits/sec  0.000 ms  0/6906 (0%)  sender
[SUM]   0.00-20.64  sec  9.50 MBytes  3.86 Mbits/sec  0.270 ms  26/6906 (0.38%)  receiver
[  5]   0.00-20.00  sec  4.77 MBytes  2.00 Mbits/sec  0.000 ms  0/3453 (0%)  sender
[  5]   0.00-20.05  sec  4.76 MBytes  1.99 Mbits/sec  0.390 ms  9/3453 (0.26%)  receiver
[  7]   0.00-20.00  sec  4.77 MBytes  2.00 Mbits/sec  0.000 ms  0/3453 (0%)  sender
[  7]   0.00-20.05  sec  4.76 MBytes  1.99 Mbits/sec  0.387 ms  9/3453 (0.26%)  receiver
[SUM]   0.00-20.00  sec  9.54 MBytes  4.00 Mbits/sec  0.000 ms  0/6906 (0%)  sender
[SUM]   0.00-20.05  sec  9.51 MBytes  3.98 Mbits/sec  0.388 ms  18/6906 (0.26%)  receiver
[  5]   0.00-20.00  sec  4.77 MBytes  2.00 Mbits/sec  0.000 ms  0/3453 (0%)  sender
[  5]   0.00-20.05  sec  4.75 MBytes  1.99 Mbits/sec  0.303 ms  11/3453 (0.32%)  receiver
[  7]   0.00-20.00  sec  4.77 MBytes  2.00 Mbits/sec  0.000 ms  0/3453 (0%)  sender
[  7]   0.00-20.05  sec  4.75 MBytes  1.99 Mbits/sec  0.304 ms  11/3453 (0.32%)  receiver
[SUM]   0.00-20.00  sec  9.54 MBytes  4.00 Mbits/sec  0.000 ms  0/6906 (0%)  sender
[SUM]   0.00-20.05  sec  9.51 MBytes  3.98 Mbits/sec  0.303 ms  22/6906 (0.32%)  receiver
[  5]   0.00-20.00  sec  4.77 MBytes  2.00 Mbits/sec  0.000 ms  0/3453 (0%)  sender
[  5]   0.00-20.05  sec  4.75 MBytes  1.99 Mbits/sec  0.222 ms  11/3453 (0.32%)  receiver
[  7]   0.00-20.00  sec  4.77 MBytes  2.00 Mbits/sec  0.000 ms  0/3453 (0%)  sender
[  7]   0.00-20.05  sec  4.75 MBytes  1.99 Mbits/sec  0.220 ms  11/3453 (0.32%)  receiver
[SUM]   0.00-20.00  sec  9.54 MBytes  4.00 Mbits/sec  0.000 ms  0/6906 (0%)  sender
[SUM]   0.00-20.05  sec  9.51 MBytes  3.98 Mbits/sec  0.221 ms  22/6906 (0.32%)  receiver
[  5]   0.00-20.00  sec  4.77 MBytes  2.00 Mbits/sec  0.000 ms  0/3453 (0%)  sender
[  5]   0.00-22.68  sec  4.75 MBytes  1.76 Mbits/sec  0.558 ms  13/3453 (0.38%)  receiver
[  7]   0.00-20.00  sec  4.77 MBytes  2.00 Mbits/sec  0.000 ms  0/3453 (0%)  sender
[  7]   0.00-22.68  sec  4.75 MBytes  1.76 Mbits/sec  0.549 ms  13/3453 (0.38%)  receiver
[SUM]   0.00-20.00  sec  9.54 MBytes  4.00 Mbits/sec  0.000 ms  0/6906 (0%)  sender
[SUM]   0.00-22.68  sec  9.50 MBytes  3.51 Mbits/sec  0.553 ms  26/6906 (0.38%)  receiver
[  5]   0.00-20.00  sec  4.77 MBytes  2.00 Mbits/sec  0.000 ms  0/3453 (0%)  sender
[  5]   0.00-21.98  sec  4.75 MBytes  1.81 Mbits/sec  0.568 ms  12/3453 (0.35%)  receiver
[  7]   0.00-20.00  sec  4.77 MBytes  2.00 Mbits/sec  0.000 ms  0/3453 (0%)  sender
[  7]   0.00-21.98  sec  4.75 MBytes  1.81 Mbits/sec  0.614 ms  13/3453 (0.38%)  receiver
[SUM]   0.00-20.00  sec  9.54 MBytes  4.00 Mbits/sec  0.000 ms  0/6906 (0%)  sender
[SUM]   0.00-21.98  sec  9.50 MBytes  3.63 Mbits/sec  0.591 ms  25/6906 (0.36%)  receiver
[  5]   0.00-20.00  sec  4.77 MBytes  2.00 Mbits/sec  0.000 ms  0/3453 (0%)  sender
[  5]   0.00-20.06  sec  4.75 MBytes  1.99 Mbits/sec  0.651 ms  11/3453 (0.32%)  receiver
[  7]   0.00-20.00  sec  4.77 MBytes  2.00 Mbits/sec  0.000 ms  0/3453 (0%)  sender
[  7]   0.00-20.06  sec  4.75 MBytes  1.99 Mbits/sec  0.651 ms  11/3453 (0.32%)  receiver
[SUM]   0.00-20.00  sec  9.54 MBytes  4.00 Mbits/sec  0.000 ms  0/6906 (0%)  sender
[SUM]   0.00-20.06  sec  9.51 MBytes  3.98 Mbits/sec  0.651 ms  22/6906 (0.32%)  receiver
[  5]   0.00-20.00  sec  4.77 MBytes  2.00 Mbits/sec  0.000 ms  0/3453 (0%)  sender
[  5]   0.00-20.08  sec  4.75 MBytes  1.99 Mbits/sec  0.846 ms  12/3453 (0.35%)  receiver
[  7]   0.00-20.00  sec  4.77 MBytes  2.00 Mbits/sec  0.000 ms  0/3453 (0%)  sender
[  7]   0.00-20.08  sec  4.75 MBytes  1.99 Mbits/sec  0.846 ms  12/3453 (0.35%)  receiver
[SUM]   0.00-20.00  sec  9.54 MBytes  4.00 Mbits/sec  0.000 ms  0/6906 (0%)  sender
[SUM]   0.00-20.08  sec  9.50 MBytes  3.97 Mbits/sec  0.846 ms  24/6906 (0.35%)  receiver
[  5]   0.00-20.00  sec  4.77 MBytes  2.00 Mbits/sec  0.000 ms  0/3453 (0%)  sender
[  5]   0.00-20.09  sec  4.73 MBytes  1.97 Mbits/sec  3.963 ms  30/3453 (0.87%)  receiver
[  7]   0.00-20.00  sec  4.77 MBytes  2.00 Mbits/sec  0.000 ms  0/3453 (0%)  sender
[  7]   0.00-20.09  sec  4.73 MBytes  1.97 Mbits/sec  4.497 ms  30/3453 (0.87%)  receiver
[SUM]   0.00-20.00  sec  9.54 MBytes  4.00 Mbits/sec  0.000 ms  0/6906 (0%)  sender
[SUM]   0.00-20.09  sec  9.45 MBytes  3.95 Mbits/sec  4.230 ms  60/6906 (0.87%)  receiver
[  5]   0.00-20.00  sec  4.77 MBytes  2.00 Mbits/sec  0.000 ms  0/3453 (0%)  sender
[  5]   0.00-20.85  sec  4.74 MBytes  1.91 Mbits/sec  44.872 ms  18/3453 (0.52%)  receiver
[  7]   0.00-20.00  sec  4.77 MBytes  2.00 Mbits/sec  0.000 ms  0/3453 (0%)  sender
[  7]   0.00-20.85  sec  4.74 MBytes  1.91 Mbits/sec  44.872 ms  18/3453 (0.52%)  receiver
[SUM]   0.00-20.00  sec  9.54 MBytes  4.00 Mbits/sec  0.000 ms  0/6906 (0%)  sender
[SUM]   0.00-20.85  sec  9.49 MBytes  3.82 Mbits/sec  44.872 ms  36/6906 (0.52%)  receiver
[  5]   0.00-20.00  sec  4.77 MBytes  2.00 Mbits/sec  0.000 ms  0/3453 (0%)  sender
[  5]   0.00-20.03  sec  4.75 MBytes  1.99 Mbits/sec  0.649 ms  12/3453 (0.35%)  receiver
[  7]   0.00-20.00  sec  4.77 MBytes  2.00 Mbits/sec  0.000 ms  0/3453 (0%)  sender
[  7]   0.00-20.03  sec  4.75 MBytes  1.99 Mbits/sec  0.739 ms  12/3453 (0.35%)  receiver
[SUM]   0.00-20.00  sec  9.54 MBytes  4.00 Mbits/sec  0.000 ms  0/6906 (0%)  sender
[SUM]   0.00-20.03  sec  9.50 MBytes  3.98 Mbits/sec  0.694 ms  24/6906 (0.35%)  receiver
[  5]   0.00-20.00  sec  4.77 MBytes  2.00 Mbits/sec  0.000 ms  0/3453 (0%)  sender
[  5]   0.00-20.03  sec  4.76 MBytes  1.99 Mbits/sec  0.267 ms  9/3453 (0.26%)  receiver
[  7]   0.00-20.00  sec  4.77 MBytes  2.00 Mbits/sec  0.000 ms  0/3453 (0%)  sender
[  7]   0.00-20.03  sec  4.76 MBytes  1.99 Mbits/sec  0.349 ms  9/3453 (0.26%)  receiver
[SUM]   0.00-20.00  sec  9.54 MBytes  4.00 Mbits/sec  0.000 ms  0/6906 (0%)  sender
[SUM]   0.00-20.03  sec  9.51 MBytes  3.98 Mbits/sec  0.308 ms  18/6906 (0.26%)  receiver
[  5]   0.00-20.00  sec  4.77 MBytes  2.00 Mbits/sec  0.000 ms  0/3453 (0%)  sender
[  5]   0.00-20.05  sec  4.75 MBytes  1.99 Mbits/sec  0.343 ms  16/3453 (0.46%)  receiver
[  7]   0.00-20.00  sec  4.77 MBytes  2.00 Mbits/sec  0.000 ms  0/3453 (0%)  sender
[  7]   0.00-20.05  sec  4.75 MBytes  1.99 Mbits/sec  0.341 ms  16/3453 (0.46%)  receiver
[SUM]   0.00-20.00  sec  9.54 MBytes  4.00 Mbits/sec  0.000 ms  0/6906 (0%)  sender
[SUM]   0.00-20.05  sec  9.49 MBytes  3.97 Mbits/sec  0.342 ms  32/6906 (0.46%)  receiver
[  5]   0.00-20.00  sec  4.77 MBytes  2.00 Mbits/sec  0.000 ms  0/3453 (0%)  sender
[  5]   0.00-20.05  sec  4.75 MBytes  1.99 Mbits/sec  0.478 ms  10/3453 (0.29%)  receiver
[  7]   0.00-20.00  sec  4.77 MBytes  2.00 Mbits/sec  0.000 ms  0/3453 (0%)  sender
[  7]   0.00-20.05  sec  4.75 MBytes  1.99 Mbits/sec  0.464 ms  10/3453 (0.29%)  receiver
[SUM]   0.00-20.00  sec  9.54 MBytes  4.00 Mbits/sec  0.000 ms  0/6906 (0%)  sender
[SUM]   0.00-20.05  sec  9.51 MBytes  3.98 Mbits/sec  0.471 ms  20/6906 (0.29%)  receiver
[  5]   0.00-20.03  sec  4.76 MBytes  2.00 Mbits/sec  0.000 ms  0/3450 (0%)  sender
[  5]   0.00-20.08  sec  4.74 MBytes  1.98 Mbits/sec  4.439 ms  15/3450 (0.43%)  receiver
[  7]   0.00-20.03  sec  4.76 MBytes  2.00 Mbits/sec  0.000 ms  0/3450 (0%)  sender
[  7]   0.00-20.08  sec  4.74 MBytes  1.98 Mbits/sec  4.486 ms  16/3450 (0.46%)  receiver
[SUM]   0.00-20.03  sec  9.53 MBytes  3.99 Mbits/sec  0.000 ms  0/6900 (0%)  sender
[SUM]   0.00-20.08  sec  9.49 MBytes  3.96 Mbits/sec  4.462 ms  31/6900 (0.45%)  receiver
[  5]   0.00-20.00  sec  4.77 MBytes  2.00 Mbits/sec  0.000 ms  0/3453 (0%)  sender
[  5]   0.00-20.38  sec  4.75 MBytes  1.96 Mbits/sec  1.410 ms  9/3452 (0.26%)  receiver
[  7]   0.00-20.00  sec  4.77 MBytes  2.00 Mbits/sec  0.000 ms  0/3453 (0%)  sender
[  7]   0.00-20.38  sec  4.75 MBytes  1.96 Mbits/sec  1.402 ms  9/3452 (0.26%)  receiver
[SUM]   0.00-20.00  sec  9.54 MBytes  4.00 Mbits/sec  0.000 ms  0/6906 (0%)  sender
[SUM]   0.00-20.38  sec  9.51 MBytes  3.91 Mbits/sec  1.406 ms  18/6904 (0.26%)  receiver
[  5]   0.00-20.00  sec  4.77 MBytes  2.00 Mbits/sec  0.000 ms  0/3453 (0%)  sender
[  5]   0.00-20.05  sec  4.75 MBytes  1.99 Mbits/sec  0.483 ms  10/3453 (0.29%)  receiver
[  7]   0.00-20.00  sec  4.77 MBytes  2.00 Mbits/sec  0.000 ms  0/3453 (0%)  sender
[  7]   0.00-20.05  sec  4.75 MBytes  1.99 Mbits/sec  0.509 ms  10/3453 (0.29%)  receiver
[SUM]   0.00-20.00  sec  9.54 MBytes  4.00 Mbits/sec  0.000 ms  0/6906 (0%)  sender
[SUM]   0.00-20.05  sec  9.51 MBytes  3.98 Mbits/sec  0.496 ms  20/6906 (0.29%)  receiver
[  5]   0.00-20.00  sec  4.77 MBytes  2.00 Mbits/sec  0.000 ms  0/3453 (0%)  sender
[  5]   0.00-20.04  sec  4.75 MBytes  1.99 Mbits/sec  1.324 ms  11/3453 (0.32%)  receiver
[  7]   0.00-20.00  sec  4.77 MBytes  2.00 Mbits/sec  0.000 ms  0/3453 (0%)  sender
[  7]   0.00-20.04  sec  4.75 MBytes  1.99 Mbits/sec  1.378 ms  11/3453 (0.32%)  receiver
[SUM]   0.00-20.00  sec  9.54 MBytes  4.00 Mbits/sec  0.000 ms  0/6906 (0%)  sender
[SUM]   0.00-20.04  sec  9.51 MBytes  3.98 Mbits/sec  1.351 ms  22/6906 (0.32%)  receiver
