Baseline Output:
[  5]   0.00-20.00  sec  4.76 MBytes  2.00 Mbits/sec  0.000 ms  0/3450 (0%)  sender
[  5]   0.00-20.07  sec  4.76 MBytes  1.99 Mbits/sec  2.474 ms  0/3450 (0%)  receiver
[  5]   0.00-20.00  sec  4.77 MBytes  2.00 Mbits/sec  0.000 ms  0/3453 (0%)  sender
[  5]   0.00-20.37  sec  4.77 MBytes  1.96 Mbits/sec  1.460 ms  0/3453 (0%)  receiver
[  5]   0.00-20.02  sec  4.76 MBytes  2.00 Mbits/sec  0.000 ms  0/3449 (0%)  sender
[  5]   0.00-20.17  sec  4.76 MBytes  1.98 Mbits/sec  5.835 ms  0/3446 (0%)  receiver
[  5]   0.00-20.00  sec  4.77 MBytes  2.00 Mbits/sec  0.000 ms  0/3453 (0%)  sender
[  5]   0.00-20.07  sec  4.77 MBytes  1.99 Mbits/sec  2.847 ms  0/3453 (0%)  receiver
[  5]   0.00-20.02  sec  4.77 MBytes  2.00 Mbits/sec  0.000 ms  0/3452 (0%)  sender
[  5]   0.00-20.09  sec  4.77 MBytes  1.99 Mbits/sec  5.836 ms  0/3452 (0%)  receiver
[  5]   0.00-20.00  sec  4.77 MBytes  2.00 Mbits/sec  0.000 ms  0/3451 (0%)  sender
[  5]   0.00-20.11  sec  4.77 MBytes  1.99 Mbits/sec  4.705 ms  0/3451 (0%)  receiver
[  5]   0.00-20.00  sec  4.77 MBytes  2.00 Mbits/sec  0.000 ms  0/3453 (0%)  sender
[  5]   0.00-20.06  sec  4.77 MBytes  1.99 Mbits/sec  0.804 ms  0/3453 (0%)  receiver
[  5]   0.00-20.03  sec  4.77 MBytes  2.00 Mbits/sec  0.000 ms  0/3453 (0%)  sender
[  5]   0.00-20.20  sec  4.77 MBytes  1.98 Mbits/sec  4.558 ms  0/3452 (0%)  receiver
[  5]   0.00-20.01  sec  4.77 MBytes  2.00 Mbits/sec  0.000 ms  0/3452 (0%)  sender
[  5]   0.00-20.64  sec  4.77 MBytes  1.94 Mbits/sec  1.940 ms  0/3452 (0%)  receiver
[  5]   0.00-20.00  sec  4.77 MBytes  2.00 Mbits/sec  0.000 ms  0/3453 (0%)  sender
[  5]   0.00-21.04  sec  4.77 MBytes  1.90 Mbits/sec  3.471 ms  0/3452 (0%)  receiver
[  5]   0.00-20.00  sec  4.77 MBytes  2.00 Mbits/sec  0.000 ms  0/3453 (0%)  sender
[  5]   0.00-20.57  sec  4.77 MBytes  1.94 Mbits/sec  2.865 ms  0/3453 (0%)  receiver
[  5]   0.00-20.00  sec  4.77 MBytes  2.00 Mbits/sec  0.000 ms  0/3454 (0%)  sender
[  5]   0.00-20.04  sec  4.77 MBytes  2.00 Mbits/sec  1.501 ms  0/3454 (0%)  receiver
[  5]   0.00-20.00  sec  4.77 MBytes  2.00 Mbits/sec  0.000 ms  0/3453 (0%)  sender
[  5]   0.00-20.06  sec  4.77 MBytes  1.99 Mbits/sec  4.586 ms  0/3453 (0%)  receiver
[  5]   0.00-20.00  sec  4.77 MBytes  2.00 Mbits/sec  0.000 ms  0/3452 (0%)  sender
[  5]   0.00-20.06  sec  4.77 MBytes  1.99 Mbits/sec  3.395 ms  0/3452 (0%)  receiver
[  5]   0.00-20.00  sec  4.77 MBytes  2.00 Mbits/sec  0.000 ms  0/3454 (0%)  sender
[  5]   0.00-20.08  sec  4.77 MBytes  1.99 Mbits/sec  4.175 ms  0/3454 (0%)  receiver
[  5]   0.00-20.00  sec  4.77 MBytes  2.00 Mbits/sec  0.000 ms  0/3453 (0%)  sender
[  5]   0.00-21.14  sec  4.77 MBytes  1.89 Mbits/sec  4.292 ms  0/3453 (0%)  receiver
[  5]   0.00-20.00  sec  4.77 MBytes  2.00 Mbits/sec  0.000 ms  0/3453 (0%)  sender
[  5]   0.00-20.08  sec  4.77 MBytes  1.99 Mbits/sec  2.511 ms  0/3452 (0%)  receiver
[  5]   0.00-20.04  sec  4.77 MBytes  2.00 Mbits/sec  0.000 ms  0/3453 (0%)  sender
[  5]   0.00-20.12  sec  4.77 MBytes  1.99 Mbits/sec  5.628 ms  0/3453 (0%)  receiver
[  5]   0.00-20.00  sec  4.77 MBytes  2.00 Mbits/sec  0.000 ms  0/3453 (0%)  sender
[  5]   0.00-20.41  sec  4.77 MBytes  1.96 Mbits/sec  2.196 ms  0/3453 (0%)  receiver
[  5]   0.00-20.08  sec  4.77 MBytes  1.99 Mbits/sec  0.000 ms  0/3453 (0%)  sender
[  5]   0.00-20.15  sec  4.77 MBytes  1.98 Mbits/sec  5.889 ms  0/3453 (0%)  receiver
Failover Output:
[  5]   0.00-20.00  sec  4.77 MBytes  2.00 Mbits/sec  0.000 ms  0/3453 (0%)  sender
[  5]   0.00-20.07  sec  4.73 MBytes  1.98 Mbits/sec  1.240 ms  30/3453 (0.87%)  receiver
[  5]   0.00-20.00  sec  4.77 MBytes  2.00 Mbits/sec  0.000 ms  0/3453 (0%)  sender
[  5]   0.00-20.28  sec  4.72 MBytes  1.95 Mbits/sec  13.681 ms  34/3453 (0.98%)  receiver
[  5]   0.00-20.00  sec  4.77 MBytes  2.00 Mbits/sec  0.000 ms  0/3451 (0%)  sender
[  5]   0.00-20.11  sec  4.66 MBytes  1.94 Mbits/sec  9.667 ms  75/3451 (2.2%)  receiver
[  5]   0.00-20.01  sec  4.77 MBytes  2.00 Mbits/sec  0.000 ms  0/3453 (0%)  sender
[  5]   0.00-20.10  sec  4.67 MBytes  1.95 Mbits/sec  3.373 ms  71/3453 (2.1%)  receiver
[  5]   0.00-20.00  sec  4.77 MBytes  2.00 Mbits/sec  0.000 ms  0/3452 (0%)  sender
[  5]   0.00-20.09  sec  4.67 MBytes  1.95 Mbits/sec  4.732 ms  67/3452 (1.9%)  receiver
[  5]   0.00-20.00  sec  4.77 MBytes  2.00 Mbits/sec  0.000 ms  0/3453 (0%)  sender
[  5]   0.00-20.05  sec  4.62 MBytes  1.93 Mbits/sec  3.319 ms  105/3453 (3%)  receiver
[  5]   0.00-20.00  sec  4.77 MBytes  2.00 Mbits/sec  0.000 ms  0/3453 (0%)  sender
[  5]   0.00-20.99  sec  4.73 MBytes  1.89 Mbits/sec  1.142 ms  27/3453 (0.78%)  receiver
[  5]   0.00-20.00  sec  4.77 MBytes  2.00 Mbits/sec  0.000 ms  0/3454 (0%)  sender
[  5]   0.00-20.08  sec  4.70 MBytes  1.97 Mbits/sec  3.642 ms  46/3453 (1.3%)  receiver
[  5]   0.00-20.00  sec  4.77 MBytes  2.00 Mbits/sec  0.000 ms  0/3453 (0%)  sender
[  5]   0.00-20.08  sec  4.70 MBytes  1.96 Mbits/sec  5.306 ms  53/3453 (1.5%)  receiver
[  5]   0.00-20.00  sec  4.77 MBytes  2.00 Mbits/sec  0.000 ms  0/3453 (0%)  sender
[  5]   0.00-20.04  sec  4.67 MBytes  1.96 Mbits/sec  4.496 ms  67/3451 (1.9%)  receiver
[  5]   0.00-20.00  sec  4.77 MBytes  2.00 Mbits/sec  0.000 ms  0/3453 (0%)  sender
[  5]   0.00-20.58  sec  4.73 MBytes  1.93 Mbits/sec  2.121 ms  27/3453 (0.78%)  receiver
[  5]   0.00-20.02  sec  4.77 MBytes  2.00 Mbits/sec  0.000 ms  0/3452 (0%)  sender
[  5]   0.00-20.09  sec  4.69 MBytes  1.96 Mbits/sec  4.983 ms  59/3452 (1.7%)  receiver
[  5]   0.00-20.00  sec  4.77 MBytes  2.00 Mbits/sec  0.000 ms  0/3451 (0%)  sender
[  5]   0.00-20.09  sec  4.67 MBytes  1.95 Mbits/sec  5.097 ms  71/3451 (2.1%)  receiver
[  5]   0.00-20.00  sec  4.77 MBytes  2.00 Mbits/sec  0.000 ms  0/3453 (0%)  sender
[  5]   0.00-20.07  sec  4.64 MBytes  1.94 Mbits/sec  3.401 ms  95/3453 (2.8%)  receiver
[  5]   0.00-20.00  sec  4.77 MBytes  2.00 Mbits/sec  0.000 ms  0/3453 (0%)  sender
[  5]   0.00-21.38  sec  4.71 MBytes  1.85 Mbits/sec  24.853 ms  42/3452 (1.2%)  receiver
[  5]   0.00-20.00  sec  4.77 MBytes  2.00 Mbits/sec  0.000 ms  0/3453 (0%)  sender
[  5]   0.00-20.75  sec  4.69 MBytes  1.90 Mbits/sec  44.692 ms  53/3452 (1.5%)  receiver
[  5]   0.00-20.00  sec  4.77 MBytes  2.00 Mbits/sec  0.000 ms  0/3453 (0%)  sender
[  5]   0.00-21.10  sec  4.68 MBytes  1.86 Mbits/sec  4.687 ms  67/3453 (1.9%)  receiver
[  5]   0.00-20.01  sec  4.76 MBytes  2.00 Mbits/sec  0.000 ms  0/3450 (0%)  sender
[  5]   0.00-20.09  sec  4.64 MBytes  1.94 Mbits/sec  5.178 ms  88/3450 (2.6%)  receiver
[  5]   0.00-20.00  sec  4.77 MBytes  2.00 Mbits/sec  0.000 ms  0/3453 (0%)  sender
[  5]   0.00-20.17  sec  4.69 MBytes  1.95 Mbits/sec  2.963 ms  58/3453 (1.7%)  receiver
[  5]   0.00-20.00  sec  4.77 MBytes  2.00 Mbits/sec  0.000 ms  0/3453 (0%)  sender
[  5]   0.00-20.07  sec  4.71 MBytes  1.97 Mbits/sec  5.587 ms  38/3452 (1.1%)  receiver
