Baseline Output:
[  5]   0.00-20.00  sec  12.6 MBytes  5.29 Mbits/sec  507             sender
[  5]   0.00-21.93  sec  8.62 MBytes  3.30 Mbits/sec                  receiver
[  7]   0.00-20.00  sec  11.6 MBytes  4.85 Mbits/sec  435             sender
[  7]   0.00-21.93  sec  8.16 MBytes  3.12 Mbits/sec                  receiver
[  9]   0.00-20.00  sec  11.4 MBytes  4.79 Mbits/sec  445             sender
[  9]   0.00-21.93  sec  7.39 MBytes  2.83 Mbits/sec                  receiver
[SUM]   0.00-20.00  sec  35.6 MBytes  14.9 Mbits/sec  1387             sender
[SUM]   0.00-21.93  sec  24.2 MBytes  9.24 Mbits/sec                  receiver
[  5]   0.00-20.00  sec  12.9 MBytes  5.39 Mbits/sec  512             sender
[  5]   0.00-21.84  sec  7.65 MBytes  2.94 Mbits/sec                  receiver
[  7]   0.00-20.00  sec  11.6 MBytes  4.85 Mbits/sec  409             sender
[  7]   0.00-21.84  sec  6.64 MBytes  2.55 Mbits/sec                  receiver
[  9]   0.00-20.00  sec  11.4 MBytes  4.77 Mbits/sec  448             sender
[  9]   0.00-21.84  sec  7.90 MBytes  3.03 Mbits/sec                  receiver
[SUM]   0.00-20.00  sec  35.8 MBytes  15.0 Mbits/sec  1369             sender
[SUM]   0.00-21.84  sec  22.2 MBytes  8.52 Mbits/sec                  receiver
[  5]   0.00-20.00  sec  10.9 MBytes  4.58 Mbits/sec  309             sender
[  5]   0.00-21.87  sec  6.09 MBytes  2.34 Mbits/sec                  receiver
[  7]   0.00-20.00  sec  11.1 MBytes  4.64 Mbits/sec  288             sender
[  7]   0.00-21.87  sec  5.76 MBytes  2.21 Mbits/sec                  receiver
[  9]   0.00-20.00  sec  11.5 MBytes  4.82 Mbits/sec  339             sender
[  9]   0.00-21.87  sec  5.93 MBytes  2.27 Mbits/sec                  receiver
[SUM]   0.00-20.00  sec  33.5 MBytes  14.0 Mbits/sec  936             sender
[SUM]   0.00-21.87  sec  17.8 MBytes  6.82 Mbits/sec                  receiver
[  5]   0.00-20.00  sec  11.9 MBytes  4.98 Mbits/sec  369             sender
[  5]   0.00-22.92  sec  6.66 MBytes  2.44 Mbits/sec                  receiver
[  7]   0.00-20.00  sec  10.7 MBytes  4.48 Mbits/sec  307             sender
[  7]   0.00-22.92  sec  6.71 MBytes  2.45 Mbits/sec                  receiver
[  9]   0.00-20.00  sec  10.3 MBytes  4.31 Mbits/sec  439             sender
[  9]   0.00-22.92  sec  7.32 MBytes  2.68 Mbits/sec                  receiver
[SUM]   0.00-20.00  sec  32.8 MBytes  13.8 Mbits/sec  1115             sender
[SUM]   0.00-22.92  sec  20.7 MBytes  7.57 Mbits/sec                  receiver
[  5]   0.00-20.00  sec  12.6 MBytes  5.29 Mbits/sec  499             sender
[  5]   0.00-21.91  sec  8.55 MBytes  3.27 Mbits/sec                  receiver
[  7]   0.00-20.00  sec  11.4 MBytes  4.76 Mbits/sec  459             sender
[  7]   0.00-21.91  sec  8.33 MBytes  3.19 Mbits/sec                  receiver
[  9]   0.00-20.00  sec  11.6 MBytes  4.85 Mbits/sec  422             sender
[  9]   0.00-21.91  sec  7.39 MBytes  2.83 Mbits/sec                  receiver
[SUM]   0.00-20.00  sec  35.5 MBytes  14.9 Mbits/sec  1380             sender
[SUM]   0.00-21.91  sec  24.3 MBytes  9.30 Mbits/sec                  receiver
[  5]   0.00-20.00  sec  12.4 MBytes  5.21 Mbits/sec  498             sender
[  5]   0.00-22.75  sec  8.59 MBytes  3.17 Mbits/sec                  receiver
[  7]   0.00-20.00  sec  11.5 MBytes  4.83 Mbits/sec  451             sender
[  7]   0.00-22.75  sec  8.33 MBytes  3.07 Mbits/sec                  receiver
[  9]   0.00-20.00  sec  10.3 MBytes  4.33 Mbits/sec  424             sender
[  9]   0.00-22.75  sec  7.70 MBytes  2.84 Mbits/sec                  receiver
[SUM]   0.00-20.00  sec  34.2 MBytes  14.4 Mbits/sec  1373             sender
[SUM]   0.00-22.75  sec  24.6 MBytes  9.08 Mbits/sec                  receiver
[  5]   0.00-20.00  sec  12.4 MBytes  5.21 Mbits/sec  479             sender
[  5]   0.00-21.82  sec  8.35 MBytes  3.21 Mbits/sec                  receiver
[  7]   0.00-20.00  sec  12.6 MBytes  5.29 Mbits/sec  467             sender
[  7]   0.00-21.82  sec  8.50 MBytes  3.27 Mbits/sec                  receiver
[  9]   0.00-20.00  sec  11.4 MBytes  4.79 Mbits/sec  419             sender
[  9]   0.00-21.82  sec  6.81 MBytes  2.62 Mbits/sec                  receiver
[SUM]   0.00-20.00  sec  36.5 MBytes  15.3 Mbits/sec  1365             sender
[SUM]   0.00-21.82  sec  23.7 MBytes  9.10 Mbits/sec                  receiver
[  5]   0.00-20.00  sec  12.5 MBytes  5.24 Mbits/sec  488             sender
[  5]   0.00-21.88  sec  8.43 MBytes  3.23 Mbits/sec                  receiver
[  7]   0.00-20.00  sec  12.7 MBytes  5.32 Mbits/sec  487             sender
[  7]   0.00-21.88  sec  8.56 MBytes  3.28 Mbits/sec                  receiver
[  9]   0.00-20.00  sec  10.2 MBytes  4.30 Mbits/sec  411             sender
[  9]   0.00-21.88  sec  7.22 MBytes  2.77 Mbits/sec                  receiver
[SUM]   0.00-20.00  sec  35.4 MBytes  14.9 Mbits/sec  1386             sender
[SUM]   0.00-21.88  sec  24.2 MBytes  9.28 Mbits/sec                  receiver
[  5]   0.00-20.00  sec  12.4 MBytes  5.21 Mbits/sec  480             sender
[  5]   0.00-21.91  sec  8.47 MBytes  3.24 Mbits/sec                  receiver
[  7]   0.00-20.00  sec  12.6 MBytes  5.29 Mbits/sec  482             sender
[  7]   0.00-21.91  sec  8.57 MBytes  3.28 Mbits/sec                  receiver
[  9]   0.00-20.00  sec  10.2 MBytes  4.28 Mbits/sec  404             sender
[  9]   0.00-21.91  sec  7.67 MBytes  2.94 Mbits/sec                  receiver
[SUM]   0.00-20.00  sec  35.2 MBytes  14.8 Mbits/sec  1366             sender
[SUM]   0.00-21.91  sec  24.7 MBytes  9.46 Mbits/sec                  receiver
[  5]   0.00-20.00  sec  12.2 MBytes  5.13 Mbits/sec  507             sender
[  5]   0.00-22.76  sec  8.62 MBytes  3.18 Mbits/sec                  receiver
[  7]   0.00-20.00  sec  10.2 MBytes  4.29 Mbits/sec  398             sender
[  7]   0.00-22.76  sec  6.31 MBytes  2.33 Mbits/sec                  receiver
[  9]   0.00-20.00  sec  11.5 MBytes  4.82 Mbits/sec  479             sender
[  9]   0.00-22.76  sec  5.87 MBytes  2.17 Mbits/sec                  receiver
[SUM]   0.00-20.00  sec  34.0 MBytes  14.2 Mbits/sec  1384             sender
[SUM]   0.00-22.76  sec  20.8 MBytes  7.67 Mbits/sec                  receiver
[  5]   0.00-20.00  sec  12.4 MBytes  5.21 Mbits/sec  502             sender
[  5]   0.00-21.89  sec  8.50 MBytes  3.26 Mbits/sec                  receiver
[  7]   0.00-20.00  sec  11.4 MBytes  4.76 Mbits/sec  442             sender
[  7]   0.00-21.89  sec  7.60 MBytes  2.91 Mbits/sec                  receiver
[  9]   0.00-20.00  sec  11.4 MBytes  4.76 Mbits/sec  436             sender
[  9]   0.00-21.89  sec  7.82 MBytes  3.00 Mbits/sec                  receiver
[SUM]   0.00-20.00  sec  35.1 MBytes  14.7 Mbits/sec  1380             sender
[SUM]   0.00-21.89  sec  23.9 MBytes  9.17 Mbits/sec                  receiver
[  5]   0.00-20.00  sec  11.4 MBytes  4.80 Mbits/sec  457             sender
[  5]   0.00-21.96  sec  8.34 MBytes  3.19 Mbits/sec                  receiver
[  7]   0.00-20.00  sec  10.3 MBytes  4.33 Mbits/sec  427             sender
[  7]   0.00-21.96  sec  7.73 MBytes  2.95 Mbits/sec                  receiver
[  9]   0.00-20.00  sec  11.5 MBytes  4.83 Mbits/sec  479             sender
[  9]   0.00-21.96  sec  8.30 MBytes  3.17 Mbits/sec                  receiver
[SUM]   0.00-20.00  sec  33.3 MBytes  14.0 Mbits/sec  1363             sender
[SUM]   0.00-21.96  sec  24.4 MBytes  9.31 Mbits/sec                  receiver
[  5]   0.00-20.00  sec  12.4 MBytes  5.19 Mbits/sec  506             sender
[  5]   0.00-21.86  sec  7.59 MBytes  2.91 Mbits/sec                  receiver
[  7]   0.00-20.00  sec  11.4 MBytes  4.76 Mbits/sec  451             sender
[  7]   0.00-21.86  sec  7.41 MBytes  2.84 Mbits/sec                  receiver
[  9]   0.00-20.00  sec  11.4 MBytes  4.76 Mbits/sec  407             sender
[  9]   0.00-21.86  sec  7.82 MBytes  3.00 Mbits/sec                  receiver
[SUM]   0.00-20.00  sec  35.1 MBytes  14.7 Mbits/sec  1364             sender
[SUM]   0.00-21.86  sec  22.8 MBytes  8.76 Mbits/sec                  receiver
[  5]   0.00-20.00  sec  12.6 MBytes  5.29 Mbits/sec  504             sender
[  5]   0.00-21.88  sec  8.54 MBytes  3.27 Mbits/sec                  receiver
[  7]   0.00-20.00  sec  11.4 MBytes  4.76 Mbits/sec  444             sender
[  7]   0.00-21.88  sec  7.43 MBytes  2.85 Mbits/sec                  receiver
[  9]   0.00-20.00  sec  11.4 MBytes  4.76 Mbits/sec  437             sender
[  9]   0.00-21.88  sec  7.81 MBytes  2.99 Mbits/sec                  receiver
[SUM]   0.00-20.00  sec  35.3 MBytes  14.8 Mbits/sec  1385             sender
[SUM]   0.00-21.88  sec  23.8 MBytes  9.11 Mbits/sec                  receiver
[  5]   0.00-20.00  sec  12.4 MBytes  5.21 Mbits/sec  496             sender
[  5]   0.00-21.93  sec  8.49 MBytes  3.25 Mbits/sec                  receiver
[  7]   0.00-20.00  sec  11.5 MBytes  4.82 Mbits/sec  459             sender
[  7]   0.00-21.93  sec  7.15 MBytes  2.73 Mbits/sec                  receiver
[  9]   0.00-20.00  sec  10.3 MBytes  4.33 Mbits/sec  420             sender
[  9]   0.00-21.93  sec  7.76 MBytes  2.97 Mbits/sec                  receiver
[SUM]   0.00-20.00  sec  34.2 MBytes  14.4 Mbits/sec  1375             sender
[SUM]   0.00-21.93  sec  23.4 MBytes  8.95 Mbits/sec                  receiver
[  5]   0.00-20.00  sec  12.6 MBytes  5.29 Mbits/sec  509             sender
[  5]   0.00-21.92  sec  6.46 MBytes  2.47 Mbits/sec                  receiver
[  7]   0.00-20.00  sec  11.6 MBytes  4.85 Mbits/sec  391             sender
[  7]   0.00-21.92  sec  7.12 MBytes  2.72 Mbits/sec                  receiver
[  9]   0.00-20.00  sec  11.4 MBytes  4.79 Mbits/sec  447             sender
[  9]   0.00-21.92  sec  7.01 MBytes  2.68 Mbits/sec                  receiver
[SUM]   0.00-20.00  sec  35.6 MBytes  14.9 Mbits/sec  1347             sender
[SUM]   0.00-21.92  sec  20.6 MBytes  7.88 Mbits/sec                  receiver
[  5]   0.00-20.00  sec  12.7 MBytes  5.32 Mbits/sec  360             sender
[  5]   0.00-21.98  sec  6.36 MBytes  2.43 Mbits/sec                  receiver
[  7]   0.00-20.00  sec  10.2 MBytes  4.29 Mbits/sec  374             sender
[  7]   0.00-21.98  sec  6.65 MBytes  2.54 Mbits/sec                  receiver
[  9]   0.00-20.00  sec  11.5 MBytes  4.82 Mbits/sec  418             sender
[  9]   0.00-21.98  sec  6.91 MBytes  2.64 Mbits/sec                  receiver
[SUM]   0.00-20.00  sec  34.4 MBytes  14.4 Mbits/sec  1152             sender
[SUM]   0.00-21.98  sec  19.9 MBytes  7.60 Mbits/sec                  receiver
[  5]   0.00-20.00  sec  12.7 MBytes  5.34 Mbits/sec  500             sender
[  5]   0.00-22.47  sec  8.11 MBytes  3.03 Mbits/sec                  receiver
[  7]   0.00-20.00  sec  11.5 MBytes  4.82 Mbits/sec  413             sender
[  7]   0.00-22.47  sec  7.80 MBytes  2.91 Mbits/sec                  receiver
[  9]   0.00-20.00  sec  11.4 MBytes  4.77 Mbits/sec  479             sender
[  9]   0.00-22.47  sec  8.19 MBytes  3.06 Mbits/sec                  receiver
[SUM]   0.00-20.00  sec  35.6 MBytes  14.9 Mbits/sec  1392             sender
[SUM]   0.00-22.47  sec  24.1 MBytes  9.00 Mbits/sec                  receiver
[  5]   0.00-20.00  sec  10.9 MBytes  4.58 Mbits/sec  464             sender
[  5]   0.00-21.91  sec  8.24 MBytes  3.15 Mbits/sec                  receiver
[  7]   0.00-20.00  sec  12.6 MBytes  5.29 Mbits/sec  506             sender
[  7]   0.00-21.91  sec  8.64 MBytes  3.31 Mbits/sec                  receiver
[  9]   0.00-20.00  sec  10.2 MBytes  4.27 Mbits/sec  396             sender
[  9]   0.00-21.91  sec  7.24 MBytes  2.77 Mbits/sec                  receiver
[SUM]   0.00-20.00  sec  33.7 MBytes  14.1 Mbits/sec  1366             sender
[SUM]   0.00-21.91  sec  24.1 MBytes  9.24 Mbits/sec                  receiver
[  5]   0.00-20.00  sec  12.4 MBytes  5.21 Mbits/sec  494             sender
[  5]   0.00-21.89  sec  8.55 MBytes  3.28 Mbits/sec                  receiver
[  7]   0.00-20.00  sec  11.4 MBytes  4.79 Mbits/sec  453             sender
[  7]   0.00-21.89  sec  8.27 MBytes  3.17 Mbits/sec                  receiver
[  9]   0.00-20.00  sec  11.4 MBytes  4.80 Mbits/sec  425             sender
[  9]   0.00-21.89  sec  7.82 MBytes  2.99 Mbits/sec                  receiver
[SUM]   0.00-20.00  sec  35.3 MBytes  14.8 Mbits/sec  1372             sender
[SUM]   0.00-21.89  sec  24.6 MBytes  9.44 Mbits/sec                  receiver
Failover Output:
[  5]   0.00-20.00  sec  11.4 MBytes  4.77 Mbits/sec  208             sender
[  5]   0.00-22.01  sec  6.20 MBytes  2.36 Mbits/sec                  receiver
[  7]   0.00-20.00  sec  12.7 MBytes  5.32 Mbits/sec  826             sender
[  7]   0.00-22.01  sec  8.48 MBytes  3.23 Mbits/sec                  receiver
[  9]   0.00-20.00  sec  11.6 MBytes  4.85 Mbits/sec  200             sender
[  9]   0.00-22.01  sec  5.92 MBytes  2.26 Mbits/sec                  receiver
[SUM]   0.00-20.00  sec  35.6 MBytes  14.9 Mbits/sec  1234             sender
[SUM]   0.00-22.01  sec  20.6 MBytes  7.85 Mbits/sec                  receiver
[  5]   0.00-20.00  sec  11.4 MBytes  4.77 Mbits/sec  113             sender
[  5]   0.00-22.29  sec  6.14 MBytes  2.31 Mbits/sec                  receiver
[  7]   0.00-20.00  sec  10.3 MBytes  4.33 Mbits/sec  523             sender
[  7]   0.00-22.29  sec  6.14 MBytes  2.31 Mbits/sec                  receiver
[  9]   0.00-20.00  sec  12.8 MBytes  5.35 Mbits/sec  918             sender
[  9]   0.00-22.29  sec  8.49 MBytes  3.19 Mbits/sec                  receiver
[SUM]   0.00-20.00  sec  34.4 MBytes  14.4 Mbits/sec  1554             sender
[SUM]   0.00-22.29  sec  20.8 MBytes  7.81 Mbits/sec                  receiver
[  5]   0.00-20.00  sec  12.2 MBytes  5.13 Mbits/sec  720             sender
[  5]   0.00-26.72  sec  8.63 MBytes  2.71 Mbits/sec                  receiver
[  7]   0.00-20.00  sec  9.06 MBytes  3.80 Mbits/sec  375             sender
[  7]   0.00-26.72  sec  5.39 MBytes  1.69 Mbits/sec                  receiver
[  9]   0.00-20.00  sec  8.93 MBytes  3.74 Mbits/sec   60             sender
[  9]   0.00-26.72  sec  4.99 MBytes  1.57 Mbits/sec                  receiver
[SUM]   0.00-20.00  sec  30.2 MBytes  12.7 Mbits/sec  1155             sender
[SUM]   0.00-26.72  sec  19.0 MBytes  5.97 Mbits/sec                  receiver
[  5]   0.00-20.00  sec  8.93 MBytes  3.74 Mbits/sec  165             sender
[  5]   0.00-21.58  sec  5.30 MBytes  2.06 Mbits/sec                  receiver
[  7]   0.00-20.00  sec  11.2 MBytes  4.69 Mbits/sec  570             sender
[  7]   0.00-21.58  sec  7.81 MBytes  3.04 Mbits/sec                  receiver
[  9]   0.00-20.00  sec  8.93 MBytes  3.74 Mbits/sec  182             sender
[  9]   0.00-21.58  sec  5.10 MBytes  1.98 Mbits/sec                  receiver
[SUM]   0.00-20.00  sec  29.0 MBytes  12.2 Mbits/sec  917             sender
[SUM]   0.00-21.58  sec  18.2 MBytes  7.08 Mbits/sec                  receiver
[  5]   0.00-20.00  sec  13.6 MBytes  5.68 Mbits/sec  992             sender
[  5]   0.00-22.88  sec  8.41 MBytes  3.08 Mbits/sec                  receiver
[  7]   0.00-20.00  sec  10.2 MBytes  4.27 Mbits/sec  263             sender
[  7]   0.00-22.88  sec  5.76 MBytes  2.11 Mbits/sec                  receiver
[  9]   0.00-20.00  sec  11.6 MBytes  4.85 Mbits/sec  868             sender
[  9]   0.00-22.88  sec  6.78 MBytes  2.49 Mbits/sec                  receiver
[SUM]   0.00-20.00  sec  35.3 MBytes  14.8 Mbits/sec  2123             sender
[SUM]   0.00-22.88  sec  21.0 MBytes  7.68 Mbits/sec                  receiver
[  5]   0.00-20.00  sec  13.7 MBytes  5.76 Mbits/sec  988             sender
[  5]   0.00-22.04  sec  9.17 MBytes  3.49 Mbits/sec                  receiver
[  7]   0.00-20.00  sec  10.3 MBytes  4.30 Mbits/sec  226             sender
[  7]   0.00-22.04  sec  5.84 MBytes  2.22 Mbits/sec                  receiver
[  9]   0.00-20.00  sec  10.1 MBytes  4.24 Mbits/sec   15             sender
[  9]   0.00-22.04  sec  5.55 MBytes  2.11 Mbits/sec                  receiver
[SUM]   0.00-20.00  sec  34.1 MBytes  14.3 Mbits/sec  1229             sender
[SUM]   0.00-22.04  sec  20.6 MBytes  7.82 Mbits/sec                  receiver
[  5]   0.00-20.00  sec  9.97 MBytes  4.18 Mbits/sec  587             sender
[  5]   0.00-22.07  sec  7.25 MBytes  2.75 Mbits/sec                  receiver
[  7]   0.00-20.00  sec  8.89 MBytes  3.73 Mbits/sec  644             sender
[  7]   0.00-22.07  sec  5.97 MBytes  2.27 Mbits/sec                  receiver
[  9]   0.00-20.00  sec  9.02 MBytes  3.78 Mbits/sec   62             sender
[  9]   0.00-22.07  sec  5.07 MBytes  1.93 Mbits/sec                  receiver
[SUM]   0.00-20.00  sec  27.9 MBytes  11.7 Mbits/sec  1293             sender
[SUM]   0.00-22.07  sec  18.3 MBytes  6.95 Mbits/sec                  receiver
[  5]   0.00-20.00  sec  13.7 MBytes  5.74 Mbits/sec  974             sender
[  5]   0.00-22.36  sec  8.84 MBytes  3.32 Mbits/sec                  receiver
[  7]   0.00-20.00  sec  10.2 MBytes  4.27 Mbits/sec   63             sender
[  7]   0.00-22.36  sec  5.48 MBytes  2.06 Mbits/sec                  receiver
[  9]   0.00-20.00  sec  11.4 MBytes  4.79 Mbits/sec  558             sender
[  9]   0.00-22.36  sec  6.40 MBytes  2.40 Mbits/sec                  receiver
[SUM]   0.00-20.00  sec  35.3 MBytes  14.8 Mbits/sec  1595             sender
[SUM]   0.00-22.36  sec  20.7 MBytes  7.77 Mbits/sec                  receiver
[  5]   0.00-20.02  sec  9.93 MBytes  4.16 Mbits/sec  177             sender
[  5]   0.00-22.15  sec  5.72 MBytes  2.17 Mbits/sec                  receiver
[  7]   0.00-20.02  sec  11.2 MBytes  4.68 Mbits/sec   23             sender
[  7]   0.00-22.15  sec  5.78 MBytes  2.19 Mbits/sec                  receiver
[  9]   0.00-20.02  sec  12.7 MBytes  5.31 Mbits/sec  788             sender
[  9]   0.00-22.15  sec  8.61 MBytes  3.26 Mbits/sec                  receiver
[SUM]   0.00-20.02  sec  33.8 MBytes  14.2 Mbits/sec  988             sender
[SUM]   0.00-22.15  sec  20.1 MBytes  7.62 Mbits/sec                  receiver
[  5]   0.00-20.00  sec  13.7 MBytes  5.74 Mbits/sec  994             sender
[  5]   0.00-22.31  sec  9.04 MBytes  3.40 Mbits/sec                  receiver
[  7]   0.00-20.00  sec  10.2 MBytes  4.27 Mbits/sec  485             sender
[  7]   0.00-22.31  sec  6.02 MBytes  2.26 Mbits/sec                  receiver
[  9]   0.00-20.00  sec  10.2 MBytes  4.28 Mbits/sec   31             sender
[  9]   0.00-22.31  sec  5.63 MBytes  2.12 Mbits/sec                  receiver
[SUM]   0.00-20.00  sec  34.1 MBytes  14.3 Mbits/sec  1510             sender
[SUM]   0.00-22.31  sec  20.7 MBytes  7.78 Mbits/sec                  receiver
[  5]   0.00-20.00  sec  12.6 MBytes  5.29 Mbits/sec  902             sender
[  5]   0.00-22.95  sec  7.08 MBytes  2.59 Mbits/sec                  receiver
[  7]   0.00-20.00  sec  11.4 MBytes  4.79 Mbits/sec  817             sender
[  7]   0.00-22.95  sec  7.37 MBytes  2.69 Mbits/sec                  receiver
[  9]   0.00-20.00  sec  11.4 MBytes  4.80 Mbits/sec  672             sender
[  9]   0.00-22.95  sec  6.56 MBytes  2.40 Mbits/sec                  receiver
[SUM]   0.00-20.00  sec  35.5 MBytes  14.9 Mbits/sec  2391             sender
[SUM]   0.00-22.95  sec  21.0 MBytes  7.68 Mbits/sec                  receiver
[  5]   0.00-20.00  sec  12.2 MBytes  5.10 Mbits/sec   53             sender
[  5]   0.00-21.97  sec  6.01 MBytes  2.29 Mbits/sec                  receiver
[  7]   0.00-20.00  sec  10.1 MBytes  4.24 Mbits/sec  278             sender
[  7]   0.00-21.97  sec  5.87 MBytes  2.24 Mbits/sec                  receiver
[  9]   0.00-20.00  sec  12.8 MBytes  5.37 Mbits/sec  861             sender
[  9]   0.00-21.97  sec  8.69 MBytes  3.32 Mbits/sec                  receiver
[SUM]   0.00-20.00  sec  35.1 MBytes  14.7 Mbits/sec  1192             sender
[SUM]   0.00-21.97  sec  20.6 MBytes  7.85 Mbits/sec                  receiver
[  5]   0.00-20.01  sec  12.4 MBytes  5.21 Mbits/sec  754             sender
[  5]   0.00-22.76  sec  6.99 MBytes  2.58 Mbits/sec                  receiver
[  7]   0.00-20.01  sec  11.4 MBytes  4.79 Mbits/sec  798             sender
[  7]   0.00-22.76  sec  7.47 MBytes  2.75 Mbits/sec                  receiver
[  9]   0.00-20.01  sec  11.6 MBytes  4.85 Mbits/sec  549             sender
[  9]   0.00-22.76  sec  6.35 MBytes  2.34 Mbits/sec                  receiver
[SUM]   0.00-20.01  sec  35.4 MBytes  14.8 Mbits/sec  2101             sender
[SUM]   0.00-22.76  sec  20.8 MBytes  7.67 Mbits/sec                  receiver
[  5]   0.00-20.00  sec  10.2 MBytes  4.29 Mbits/sec   31             sender
[  5]   0.00-21.76  sec  5.55 MBytes  2.14 Mbits/sec                  receiver
[  7]   0.00-20.00  sec  12.7 MBytes  5.32 Mbits/sec  711             sender
[  7]   0.00-21.76  sec  8.71 MBytes  3.36 Mbits/sec                  receiver
[  9]   0.00-20.00  sec  9.67 MBytes  4.06 Mbits/sec  204             sender
[  9]   0.00-21.76  sec  5.54 MBytes  2.13 Mbits/sec                  receiver
[SUM]   0.00-20.00  sec  32.6 MBytes  13.7 Mbits/sec  946             sender
[SUM]   0.00-21.76  sec  19.8 MBytes  7.63 Mbits/sec                  receiver
[  5]   0.00-20.00  sec  11.4 MBytes  4.77 Mbits/sec  206             sender
[  5]   0.00-22.78  sec  6.15 MBytes  2.26 Mbits/sec                  receiver
[  7]   0.00-20.00  sec  11.6 MBytes  4.85 Mbits/sec  814             sender
[  7]   0.00-22.78  sec  7.56 MBytes  2.78 Mbits/sec                  receiver
[  9]   0.00-20.00  sec  11.6 MBytes  4.85 Mbits/sec  926             sender
[  9]   0.00-22.78  sec  7.26 MBytes  2.67 Mbits/sec                  receiver
[SUM]   0.00-20.00  sec  34.5 MBytes  14.5 Mbits/sec  1946             sender
[SUM]   0.00-22.78  sec  21.0 MBytes  7.72 Mbits/sec                  receiver
[  5]   0.00-20.00  sec  13.6 MBytes  5.69 Mbits/sec  982             sender
[  5]   0.00-23.19  sec  8.17 MBytes  2.95 Mbits/sec                  receiver
[  7]   0.00-20.00  sec  11.4 MBytes  4.79 Mbits/sec  780             sender
[  7]   0.00-23.19  sec  6.86 MBytes  2.48 Mbits/sec                  receiver
[  9]   0.00-20.00  sec  11.4 MBytes  4.76 Mbits/sec  398             sender
[  9]   0.00-23.19  sec  6.14 MBytes  2.22 Mbits/sec                  receiver
[SUM]   0.00-20.00  sec  36.3 MBytes  15.2 Mbits/sec  2160             sender
[SUM]   0.00-23.19  sec  21.2 MBytes  7.66 Mbits/sec                  receiver
[  5]   0.00-20.00  sec  11.5 MBytes  4.82 Mbits/sec   83             sender
[  5]   0.00-22.93  sec  5.69 MBytes  2.08 Mbits/sec                  receiver
[  7]   0.00-20.00  sec  12.8 MBytes  5.35 Mbits/sec  818             sender
[  7]   0.00-22.93  sec  8.35 MBytes  3.06 Mbits/sec                  receiver
[  9]   0.00-20.00  sec  11.5 MBytes  4.83 Mbits/sec  314             sender
[  9]   0.00-22.93  sec  6.11 MBytes  2.23 Mbits/sec                  receiver
[SUM]   0.00-20.00  sec  35.8 MBytes  15.0 Mbits/sec  1215             sender
[SUM]   0.00-22.93  sec  20.1 MBytes  7.37 Mbits/sec                  receiver
[  5]   0.00-20.00  sec  14.0 MBytes  5.87 Mbits/sec  998             sender
[  5]   0.00-22.29  sec  8.95 MBytes  3.37 Mbits/sec                  receiver
[  7]   0.00-20.00  sec  10.2 MBytes  4.27 Mbits/sec  462             sender
[  7]   0.00-22.29  sec  6.00 MBytes  2.26 Mbits/sec                  receiver
[  9]   0.00-20.00  sec  10.2 MBytes  4.27 Mbits/sec   31             sender
[  9]   0.00-22.29  sec  5.65 MBytes  2.12 Mbits/sec                  receiver
[SUM]   0.00-20.00  sec  34.3 MBytes  14.4 Mbits/sec  1491             sender
[SUM]   0.00-22.29  sec  20.6 MBytes  7.75 Mbits/sec                  receiver
[  5]   0.00-20.00  sec  13.9 MBytes  5.82 Mbits/sec  953             sender
[  5]   0.00-21.91  sec  9.20 MBytes  3.52 Mbits/sec                  receiver
[  7]   0.00-20.00  sec  10.3 MBytes  4.33 Mbits/sec  103             sender
[  7]   0.00-21.91  sec  5.54 MBytes  2.12 Mbits/sec                  receiver
[  9]   0.00-20.00  sec  11.4 MBytes  4.80 Mbits/sec   15             sender
[  9]   0.00-21.91  sec  5.63 MBytes  2.15 Mbits/sec                  receiver
[SUM]   0.00-20.00  sec  35.6 MBytes  14.9 Mbits/sec  1071             sender
[SUM]   0.00-21.91  sec  20.4 MBytes  7.80 Mbits/sec                  receiver
[  5]   0.00-20.00  sec  11.4 MBytes  4.79 Mbits/sec  739             sender
[  5]   0.00-23.18  sec  8.26 MBytes  2.99 Mbits/sec                  receiver
[  7]   0.00-20.00  sec  8.87 MBytes  3.72 Mbits/sec  612             sender
[  7]   0.00-23.18  sec  6.04 MBytes  2.19 Mbits/sec                  receiver
[  9]   0.00-20.00  sec  8.93 MBytes  3.74 Mbits/sec   64             sender
[  9]   0.00-23.18  sec  4.98 MBytes  1.80 Mbits/sec                  receiver
[SUM]   0.00-20.00  sec  29.2 MBytes  12.3 Mbits/sec  1415             sender
[SUM]   0.00-23.18  sec  19.3 MBytes  6.98 Mbits/sec                  receiver
